[1.439s] Invoking command in '/home/yahboom/Desktop/dogzillaS2/ros_ws/src/webcam': PYTHONPATH=/home/yahboom/Desktop/dogzillaS2/ros_ws/build/webcam/prefix_override:/home/yahboom/Desktop/dogzillaS2/ros_ws/install/webcam/lib/python3.10/site-packages:${PYTHONPATH} /usr/bin/python3 -W ignore:setup.py install is deprecated setup.py egg_info --egg-base ../../build/webcam build --build-base /home/yahboom/Desktop/dogzillaS2/ros_ws/build/webcam/build install --record /home/yahboom/Desktop/dogzillaS2/ros_ws/build/webcam/install.log --single-version-externally-managed install_data
[1.815s] running egg_info
[1.815s] writing ../../build/webcam/webcam.egg-info/PKG-INFO
[1.816s] writing dependency_links to ../../build/webcam/webcam.egg-info/dependency_links.txt
[1.816s] writing entry points to ../../build/webcam/webcam.egg-info/entry_points.txt
[1.816s] writing requirements to ../../build/webcam/webcam.egg-info/requires.txt
[1.817s] writing top-level names to ../../build/webcam/webcam.egg-info/top_level.txt
[1.820s] reading manifest file '../../build/webcam/webcam.egg-info/SOURCES.txt'
[1.821s] writing manifest file '../../build/webcam/webcam.egg-info/SOURCES.txt'
[1.822s] running build
[1.822s] running build_py
[1.823s] running install
[1.823s] running install_lib
[1.828s] running install_data
[1.828s] running install_egg_info
[1.831s] removing '/home/yahboom/Desktop/dogzillaS2/ros_ws/install/webcam/lib/python3.10/site-packages/webcam-0.0.0-py3.10.egg-info' (and everything under it)
[1.831s] Copying ../../build/webcam/webcam.egg-info to /home/yahboom/Desktop/dogzillaS2/ros_ws/install/webcam/lib/python3.10/site-packages/webcam-0.0.0-py3.10.egg-info
[1.832s] running install_scripts
[1.861s] Installing pub_demo script to /home/yahboom/Desktop/dogzillaS2/ros_ws/install/webcam/lib/webcam
[1.861s] Installing sub_demo script to /home/yahboom/Desktop/dogzillaS2/ros_ws/install/webcam/lib/webcam
[1.861s] writing list of installed files to '/home/yahboom/Desktop/dogzillaS2/ros_ws/build/webcam/install.log'
[1.909s] Invoked command in '/home/yahboom/Desktop/dogzillaS2/ros_ws/src/webcam' returned '0': PYTHONPATH=/home/yahboom/Desktop/dogzillaS2/ros_ws/build/webcam/prefix_override:/home/yahboom/Desktop/dogzillaS2/ros_ws/install/webcam/lib/python3.10/site-packages:${PYTHONPATH} /usr/bin/python3 -W ignore:setup.py install is deprecated setup.py egg_info --egg-base ../../build/webcam build --build-base /home/yahboom/Desktop/dogzillaS2/ros_ws/build/webcam/build install --record /home/yahboom/Desktop/dogzillaS2/ros_ws/build/webcam/install.log --single-version-externally-managed install_data
