[0.231s] DEBUG:colcon:Command line arguments: ['/usr/bin/colcon', 'build']
[0.231s] DEBUG:colcon:Parsed command line arguments: Namespace(log_base=None, log_level=None, verb_name='build', build_base='build', install_base='install', merge_install=False, symlink_install=False, test_result_base=None, continue_on_error=False, executor='parallel', parallel_workers=4, event_handlers=None, ignore_user_meta=False, metas=['./colcon.meta'], base_paths=['.'], packages_ignore=None, packages_ignore_regex=None, paths=None, packages_up_to=None, packages_up_to_regex=None, packages_above=None, packages_above_and_dependencies=None, packages_above_depth=None, packages_select_by_dep=None, packages_skip_by_dep=None, packages_skip_up_to=None, packages_select_build_failed=False, packages_skip_build_finished=False, packages_select_test_failures=False, packages_skip_test_passed=False, packages_select=None, packages_skip=None, packages_select_regex=None, packages_skip_regex=None, packages_start=None, packages_end=None, allow_overriding=[], cmake_args=None, cmake_target=None, cmake_target_skip_unavailable=False, cmake_clean_cache=False, cmake_clean_first=False, cmake_force_configure=False, ament_cmake_args=None, catkin_cmake_args=None, catkin_skip_building_tests=False, verb_parser=<colcon_defaults.argument_parser.defaults.DefaultArgumentsDecorator object at 0x7ab10fc4dd50>, verb_extension=<colcon_core.verb.build.BuildVerb object at 0x7ab10fc4d840>, main=<bound method BuildVerb.main of <colcon_core.verb.build.BuildVerb object at 0x7ab10fc4d840>>)
[0.637s] Level 1:colcon.colcon_core.package_discovery:discover_packages(colcon_meta) check parameters
[0.637s] Level 1:colcon.colcon_core.package_discovery:discover_packages(recursive) check parameters
[0.637s] Level 1:colcon.colcon_core.package_discovery:discover_packages(ignore) check parameters
[0.637s] Level 1:colcon.colcon_core.package_discovery:discover_packages(path) check parameters
[0.637s] Level 1:colcon.colcon_core.package_discovery:discover_packages(colcon_meta) discover
[0.638s] Level 1:colcon.colcon_core.package_discovery:discover_packages(recursive) discover
[0.638s] INFO:colcon.colcon_core.package_discovery:Crawling recursively for packages in '/home/yahboom/Desktop/dogzillaS2/ros_ws'
[0.638s] Level 1:colcon.colcon_core.package_identification:_identify(.) by extensions ['ignore', 'ignore_ament_install']
[0.638s] Level 1:colcon.colcon_core.package_identification:_identify(.) by extension 'ignore'
[0.639s] Level 1:colcon.colcon_core.package_identification:_identify(.) by extension 'ignore_ament_install'
[0.639s] Level 1:colcon.colcon_core.package_identification:_identify(.) by extensions ['colcon_pkg']
[0.639s] Level 1:colcon.colcon_core.package_identification:_identify(.) by extension 'colcon_pkg'
[0.639s] Level 1:colcon.colcon_core.package_identification:_identify(.) by extensions ['colcon_meta']
[0.639s] Level 1:colcon.colcon_core.package_identification:_identify(.) by extension 'colcon_meta'
[0.639s] Level 1:colcon.colcon_core.package_identification:_identify(.) by extensions ['ros']
[0.639s] Level 1:colcon.colcon_core.package_identification:_identify(.) by extension 'ros'
[0.671s] Level 1:colcon.colcon_core.package_identification:_identify(.) by extensions ['cmake', 'python']
[0.671s] Level 1:colcon.colcon_core.package_identification:_identify(.) by extension 'cmake'
[0.671s] Level 1:colcon.colcon_core.package_identification:_identify(.) by extension 'python'
[0.671s] Level 1:colcon.colcon_core.package_identification:_identify(.) by extensions ['python_setup_py']
[0.671s] Level 1:colcon.colcon_core.package_identification:_identify(.) by extension 'python_setup_py'
[0.672s] Level 1:colcon.colcon_core.package_identification:_identify(build) by extensions ['ignore', 'ignore_ament_install']
[0.672s] Level 1:colcon.colcon_core.package_identification:_identify(build) by extension 'ignore'
[0.672s] Level 1:colcon.colcon_core.package_identification:_identify(build) ignored
[0.672s] Level 1:colcon.colcon_core.package_identification:_identify(install) by extensions ['ignore', 'ignore_ament_install']
[0.673s] Level 1:colcon.colcon_core.package_identification:_identify(install) by extension 'ignore'
[0.673s] Level 1:colcon.colcon_core.package_identification:_identify(install) ignored
[0.673s] Level 1:colcon.colcon_core.package_identification:_identify(log) by extensions ['ignore', 'ignore_ament_install']
[0.673s] Level 1:colcon.colcon_core.package_identification:_identify(log) by extension 'ignore'
[0.673s] Level 1:colcon.colcon_core.package_identification:_identify(log) ignored
[0.673s] Level 1:colcon.colcon_core.package_identification:_identify(src) by extensions ['ignore', 'ignore_ament_install']
[0.674s] Level 1:colcon.colcon_core.package_identification:_identify(src) by extension 'ignore'
[0.674s] Level 1:colcon.colcon_core.package_identification:_identify(src) by extension 'ignore_ament_install'
[0.674s] Level 1:colcon.colcon_core.package_identification:_identify(src) by extensions ['colcon_pkg']
[0.674s] Level 1:colcon.colcon_core.package_identification:_identify(src) by extension 'colcon_pkg'
[0.674s] Level 1:colcon.colcon_core.package_identification:_identify(src) by extensions ['colcon_meta']
[0.674s] Level 1:colcon.colcon_core.package_identification:_identify(src) by extension 'colcon_meta'
[0.675s] Level 1:colcon.colcon_core.package_identification:_identify(src) by extensions ['ros']
[0.675s] Level 1:colcon.colcon_core.package_identification:_identify(src) by extension 'ros'
[0.675s] Level 1:colcon.colcon_core.package_identification:_identify(src) by extensions ['cmake', 'python']
[0.675s] Level 1:colcon.colcon_core.package_identification:_identify(src) by extension 'cmake'
[0.675s] Level 1:colcon.colcon_core.package_identification:_identify(src) by extension 'python'
[0.675s] Level 1:colcon.colcon_core.package_identification:_identify(src) by extensions ['python_setup_py']
[0.675s] Level 1:colcon.colcon_core.package_identification:_identify(src) by extension 'python_setup_py'
[0.676s] Level 1:colcon.colcon_core.package_identification:_identify(src/dog_joint_interfaces) by extensions ['ignore', 'ignore_ament_install']
[0.676s] Level 1:colcon.colcon_core.package_identification:_identify(src/dog_joint_interfaces) by extension 'ignore'
[0.676s] Level 1:colcon.colcon_core.package_identification:_identify(src/dog_joint_interfaces) by extension 'ignore_ament_install'
[0.676s] Level 1:colcon.colcon_core.package_identification:_identify(src/dog_joint_interfaces) by extensions ['colcon_pkg']
[0.676s] Level 1:colcon.colcon_core.package_identification:_identify(src/dog_joint_interfaces) by extension 'colcon_pkg'
[0.676s] Level 1:colcon.colcon_core.package_identification:_identify(src/dog_joint_interfaces) by extensions ['colcon_meta']
[0.676s] Level 1:colcon.colcon_core.package_identification:_identify(src/dog_joint_interfaces) by extension 'colcon_meta'
[0.676s] Level 1:colcon.colcon_core.package_identification:_identify(src/dog_joint_interfaces) by extensions ['ros']
[0.677s] Level 1:colcon.colcon_core.package_identification:_identify(src/dog_joint_interfaces) by extension 'ros'
[0.683s] DEBUG:colcon.colcon_core.package_identification:Package 'src/dog_joint_interfaces' with type 'ros.ament_cmake' and name 'dog_joint_interfaces'
[0.683s] Level 1:colcon.colcon_core.package_identification:_identify(src/dogzilla_joints) by extensions ['ignore', 'ignore_ament_install']
[0.683s] Level 1:colcon.colcon_core.package_identification:_identify(src/dogzilla_joints) by extension 'ignore'
[0.683s] Level 1:colcon.colcon_core.package_identification:_identify(src/dogzilla_joints) by extension 'ignore_ament_install'
[0.683s] Level 1:colcon.colcon_core.package_identification:_identify(src/dogzilla_joints) by extensions ['colcon_pkg']
[0.683s] Level 1:colcon.colcon_core.package_identification:_identify(src/dogzilla_joints) by extension 'colcon_pkg'
[0.683s] Level 1:colcon.colcon_core.package_identification:_identify(src/dogzilla_joints) by extensions ['colcon_meta']
[0.683s] Level 1:colcon.colcon_core.package_identification:_identify(src/dogzilla_joints) by extension 'colcon_meta'
[0.683s] Level 1:colcon.colcon_core.package_identification:_identify(src/dogzilla_joints) by extensions ['ros']
[0.683s] Level 1:colcon.colcon_core.package_identification:_identify(src/dogzilla_joints) by extension 'ros'
[0.684s] DEBUG:colcon.colcon_core.package_identification:Package 'src/dogzilla_joints' with type 'ros.ament_python' and name 'dogzilla_joints'
[0.685s] Level 1:colcon.colcon_core.package_identification:_identify(src/webcam) by extensions ['ignore', 'ignore_ament_install']
[0.685s] Level 1:colcon.colcon_core.package_identification:_identify(src/webcam) by extension 'ignore'
[0.685s] Level 1:colcon.colcon_core.package_identification:_identify(src/webcam) by extension 'ignore_ament_install'
[0.685s] Level 1:colcon.colcon_core.package_identification:_identify(src/webcam) by extensions ['colcon_pkg']
[0.685s] Level 1:colcon.colcon_core.package_identification:_identify(src/webcam) by extension 'colcon_pkg'
[0.685s] Level 1:colcon.colcon_core.package_identification:_identify(src/webcam) by extensions ['colcon_meta']
[0.685s] Level 1:colcon.colcon_core.package_identification:_identify(src/webcam) by extension 'colcon_meta'
[0.686s] Level 1:colcon.colcon_core.package_identification:_identify(src/webcam) by extensions ['ros']
[0.686s] Level 1:colcon.colcon_core.package_identification:_identify(src/webcam) by extension 'ros'
[0.687s] DEBUG:colcon.colcon_core.package_identification:Package 'src/webcam' with type 'ros.ament_python' and name 'webcam'
[0.687s] Level 1:colcon.colcon_core.package_discovery:discover_packages(recursive) using defaults
[0.687s] Level 1:colcon.colcon_core.package_discovery:discover_packages(ignore) discover
[0.687s] Level 1:colcon.colcon_core.package_discovery:discover_packages(ignore) using defaults
[0.687s] Level 1:colcon.colcon_core.package_discovery:discover_packages(path) discover
[0.687s] Level 1:colcon.colcon_core.package_discovery:discover_packages(path) using defaults
[0.759s] Level 1:colcon.colcon_core.package_discovery:discover_packages(prefix_path) check parameters
[0.759s] Level 1:colcon.colcon_core.package_discovery:discover_packages(prefix_path) discover
[0.772s] DEBUG:colcon.colcon_installed_package_information.package_discovery:Found 3 installed packages in /home/yahboom/Desktop/dogzillaS2/ros_ws/install
[0.775s] DEBUG:colcon.colcon_installed_package_information.package_discovery:Found 19 installed packages in /home/yahboom/yahboomcar_ws/install
[0.777s] DEBUG:colcon.colcon_installed_package_information.package_discovery:Found 2 installed packages in /home/yahboom/gmapping_ws/install
[0.785s] DEBUG:colcon.colcon_installed_package_information.package_discovery:Found 76 installed packages in /home/yahboom/cartoros2/install
[0.794s] DEBUG:colcon.colcon_installed_package_information.package_discovery:Found 346 installed packages in /opt/ros/humble
[0.804s] Level 1:colcon.colcon_core.package_discovery:discover_packages(prefix_path) using defaults
[0.980s] Level 5:colcon.colcon_core.verb:set package 'dog_joint_interfaces' build argument 'cmake_args' from command line to 'None'
[0.980s] Level 5:colcon.colcon_core.verb:set package 'dog_joint_interfaces' build argument 'cmake_target' from command line to 'None'
[0.980s] Level 5:colcon.colcon_core.verb:set package 'dog_joint_interfaces' build argument 'cmake_target_skip_unavailable' from command line to 'False'
[0.980s] Level 5:colcon.colcon_core.verb:set package 'dog_joint_interfaces' build argument 'cmake_clean_cache' from command line to 'False'
[0.980s] Level 5:colcon.colcon_core.verb:set package 'dog_joint_interfaces' build argument 'cmake_clean_first' from command line to 'False'
[0.980s] Level 5:colcon.colcon_core.verb:set package 'dog_joint_interfaces' build argument 'cmake_force_configure' from command line to 'False'
[0.980s] Level 5:colcon.colcon_core.verb:set package 'dog_joint_interfaces' build argument 'ament_cmake_args' from command line to 'None'
[0.980s] Level 5:colcon.colcon_core.verb:set package 'dog_joint_interfaces' build argument 'catkin_cmake_args' from command line to 'None'
[0.980s] Level 5:colcon.colcon_core.verb:set package 'dog_joint_interfaces' build argument 'catkin_skip_building_tests' from command line to 'False'
[0.980s] DEBUG:colcon.colcon_core.verb:Building package 'dog_joint_interfaces' with the following arguments: {'ament_cmake_args': None, 'build_base': '/home/yahboom/Desktop/dogzillaS2/ros_ws/build/dog_joint_interfaces', 'catkin_cmake_args': None, 'catkin_skip_building_tests': False, 'cmake_args': None, 'cmake_clean_cache': False, 'cmake_clean_first': False, 'cmake_force_configure': False, 'cmake_target': None, 'cmake_target_skip_unavailable': False, 'install_base': '/home/yahboom/Desktop/dogzillaS2/ros_ws/install/dog_joint_interfaces', 'merge_install': False, 'path': '/home/yahboom/Desktop/dogzillaS2/ros_ws/src/dog_joint_interfaces', 'symlink_install': False, 'test_result_base': None}
[0.981s] Level 5:colcon.colcon_core.verb:set package 'dogzilla_joints' build argument 'cmake_args' from command line to 'None'
[0.981s] Level 5:colcon.colcon_core.verb:set package 'dogzilla_joints' build argument 'cmake_target' from command line to 'None'
[0.981s] Level 5:colcon.colcon_core.verb:set package 'dogzilla_joints' build argument 'cmake_target_skip_unavailable' from command line to 'False'
[0.981s] Level 5:colcon.colcon_core.verb:set package 'dogzilla_joints' build argument 'cmake_clean_cache' from command line to 'False'
[0.981s] Level 5:colcon.colcon_core.verb:set package 'dogzilla_joints' build argument 'cmake_clean_first' from command line to 'False'
[0.981s] Level 5:colcon.colcon_core.verb:set package 'dogzilla_joints' build argument 'cmake_force_configure' from command line to 'False'
[0.981s] Level 5:colcon.colcon_core.verb:set package 'dogzilla_joints' build argument 'ament_cmake_args' from command line to 'None'
[0.981s] Level 5:colcon.colcon_core.verb:set package 'dogzilla_joints' build argument 'catkin_cmake_args' from command line to 'None'
[0.981s] Level 5:colcon.colcon_core.verb:set package 'dogzilla_joints' build argument 'catkin_skip_building_tests' from command line to 'False'
[0.981s] DEBUG:colcon.colcon_core.verb:Building package 'dogzilla_joints' with the following arguments: {'ament_cmake_args': None, 'build_base': '/home/yahboom/Desktop/dogzillaS2/ros_ws/build/dogzilla_joints', 'catkin_cmake_args': None, 'catkin_skip_building_tests': False, 'cmake_args': None, 'cmake_clean_cache': False, 'cmake_clean_first': False, 'cmake_force_configure': False, 'cmake_target': None, 'cmake_target_skip_unavailable': False, 'install_base': '/home/yahboom/Desktop/dogzillaS2/ros_ws/install/dogzilla_joints', 'merge_install': False, 'path': '/home/yahboom/Desktop/dogzillaS2/ros_ws/src/dogzilla_joints', 'symlink_install': False, 'test_result_base': None}
[0.981s] Level 5:colcon.colcon_core.verb:set package 'webcam' build argument 'cmake_args' from command line to 'None'
[0.982s] Level 5:colcon.colcon_core.verb:set package 'webcam' build argument 'cmake_target' from command line to 'None'
[0.982s] Level 5:colcon.colcon_core.verb:set package 'webcam' build argument 'cmake_target_skip_unavailable' from command line to 'False'
[0.982s] Level 5:colcon.colcon_core.verb:set package 'webcam' build argument 'cmake_clean_cache' from command line to 'False'
[0.982s] Level 5:colcon.colcon_core.verb:set package 'webcam' build argument 'cmake_clean_first' from command line to 'False'
[0.982s] Level 5:colcon.colcon_core.verb:set package 'webcam' build argument 'cmake_force_configure' from command line to 'False'
[0.982s] Level 5:colcon.colcon_core.verb:set package 'webcam' build argument 'ament_cmake_args' from command line to 'None'
[0.982s] Level 5:colcon.colcon_core.verb:set package 'webcam' build argument 'catkin_cmake_args' from command line to 'None'
[0.982s] Level 5:colcon.colcon_core.verb:set package 'webcam' build argument 'catkin_skip_building_tests' from command line to 'False'
[0.982s] DEBUG:colcon.colcon_core.verb:Building package 'webcam' with the following arguments: {'ament_cmake_args': None, 'build_base': '/home/yahboom/Desktop/dogzillaS2/ros_ws/build/webcam', 'catkin_cmake_args': None, 'catkin_skip_building_tests': False, 'cmake_args': None, 'cmake_clean_cache': False, 'cmake_clean_first': False, 'cmake_force_configure': False, 'cmake_target': None, 'cmake_target_skip_unavailable': False, 'install_base': '/home/yahboom/Desktop/dogzillaS2/ros_ws/install/webcam', 'merge_install': False, 'path': '/home/yahboom/Desktop/dogzillaS2/ros_ws/src/webcam', 'symlink_install': False, 'test_result_base': None}
[0.982s] INFO:colcon.colcon_core.executor:Executing jobs using 'parallel' executor
[0.984s] DEBUG:colcon.colcon_parallel_executor.executor.parallel:run_until_complete
[0.985s] INFO:colcon.colcon_ros.task.ament_cmake.build:Building ROS package in '/home/yahboom/Desktop/dogzillaS2/ros_ws/src/dog_joint_interfaces' with build type 'ament_cmake'
[0.986s] INFO:colcon.colcon_cmake.task.cmake.build:Building CMake package in '/home/yahboom/Desktop/dogzillaS2/ros_ws/src/dog_joint_interfaces'
[0.991s] INFO:colcon.colcon_core.plugin_system:Skipping extension 'colcon_core.shell.bat': Not used on non-Windows systems
[0.992s] INFO:colcon.colcon_core.shell:Skip shell extension 'powershell' for command environment: Not usable outside of PowerShell
[0.992s] DEBUG:colcon.colcon_core.shell:Skip shell extension 'dsv' for command environment
[1.015s] INFO:colcon.colcon_ros.task.ament_python.build:Building ROS package in '/home/yahboom/Desktop/dogzillaS2/ros_ws/src/dogzilla_joints' with build type 'ament_python'
[1.016s] Level 1:colcon.colcon_core.shell:create_environment_hook('dogzilla_joints', 'ament_prefix_path')
[1.018s] INFO:colcon.colcon_core.shell:Creating environment hook '/home/yahboom/Desktop/dogzillaS2/ros_ws/install/dogzilla_joints/share/dogzilla_joints/hook/ament_prefix_path.ps1'
[1.021s] INFO:colcon.colcon_core.shell:Creating environment descriptor '/home/yahboom/Desktop/dogzillaS2/ros_ws/install/dogzilla_joints/share/dogzilla_joints/hook/ament_prefix_path.dsv'
[1.024s] INFO:colcon.colcon_core.shell:Creating environment hook '/home/yahboom/Desktop/dogzillaS2/ros_ws/install/dogzilla_joints/share/dogzilla_joints/hook/ament_prefix_path.sh'
[1.029s] INFO:colcon.colcon_core.shell:Skip shell extension 'powershell' for command environment: Not usable outside of PowerShell
[1.030s] DEBUG:colcon.colcon_core.shell:Skip shell extension 'dsv' for command environment
[1.052s] INFO:colcon.colcon_ros.task.ament_python.build:Building ROS package in '/home/yahboom/Desktop/dogzillaS2/ros_ws/src/webcam' with build type 'ament_python'
[1.052s] Level 1:colcon.colcon_core.shell:create_environment_hook('webcam', 'ament_prefix_path')
[1.054s] INFO:colcon.colcon_core.shell:Creating environment hook '/home/yahboom/Desktop/dogzillaS2/ros_ws/install/webcam/share/webcam/hook/ament_prefix_path.ps1'
[1.056s] INFO:colcon.colcon_core.shell:Creating environment descriptor '/home/yahboom/Desktop/dogzillaS2/ros_ws/install/webcam/share/webcam/hook/ament_prefix_path.dsv'
[1.058s] INFO:colcon.colcon_core.shell:Creating environment hook '/home/yahboom/Desktop/dogzillaS2/ros_ws/install/webcam/share/webcam/hook/ament_prefix_path.sh'
[1.060s] INFO:colcon.colcon_core.shell:Skip shell extension 'powershell' for command environment: Not usable outside of PowerShell
[1.060s] DEBUG:colcon.colcon_core.shell:Skip shell extension 'dsv' for command environment
[1.095s] DEBUG:colcon.colcon_core.event_handler.log_command:Invoking command in '/home/yahboom/Desktop/dogzillaS2/ros_ws/build/dog_joint_interfaces': CMAKE_PREFIX_PATH=${CMAKE_PREFIX_PATH}:/home/yahboom/Desktop/dogzillaS2/ros_ws/install/webcam:/home/yahboom/Desktop/dogzillaS2/ros_ws/install/dogzilla_joints:/home/yahboom/cartoros2/install/yahboomcar_nav:/home/yahboom/cartoros2/install/yahboomcar_ctrl:/home/yahboom/cartoros2/install/yahboom_visual:/home/yahboom/cartoros2/install/yahboom_dog_joint_state:/home/yahboom/cartoros2/install/yahboom_description:/home/yahboom/cartoros2/install/yahboom_color_identify_server:/home/yahboom/cartoros2/install/yahboom_bringup:/home/yahboom/cartoros2/install/yahboom_base:/home/yahboom/cartoros2/install/yahboom_app_save_map:/home/yahboom/cartoros2/install/update_map:/home/yahboom/cartoros2/install/rosboard:/home/yahboom/cartoros2/install/path_planner_server:/home/yahboom/cartoros2/install/nav2_simple_commander:/home/yahboom/cartoros2/install/nav2_gazebo_spawner:/home/yahboom/cartoros2/install/localization_server:/home/yahboom/cartoros2/install/laserscan_to_point_pulisher:/home/yahboom/yahboomcar_ws/install/yahboom_dog_example:/opt/ros/humble /usr/bin/cmake --build /home/yahboom/Desktop/dogzillaS2/ros_ws/build/dog_joint_interfaces -- -j4 -l4
[1.772s] INFO:colcon.colcon_core.task.python.build:Building Python package in '/home/yahboom/Desktop/dogzillaS2/ros_ws/src/dogzilla_joints'
[1.774s] INFO:colcon.colcon_core.shell:Skip shell extension 'powershell' for command environment: Not usable outside of PowerShell
[1.774s] DEBUG:colcon.colcon_core.shell:Skip shell extension 'dsv' for command environment
[2.397s] INFO:colcon.colcon_core.task.python.build:Building Python package in '/home/yahboom/Desktop/dogzillaS2/ros_ws/src/webcam'
[2.397s] INFO:colcon.colcon_core.shell:Skip shell extension 'powershell' for command environment: Not usable outside of PowerShell
[2.398s] DEBUG:colcon.colcon_core.shell:Skip shell extension 'dsv' for command environment
[3.245s] DEBUG:colcon.colcon_core.event_handler.log_command:Invoking command in '/home/yahboom/Desktop/dogzillaS2/ros_ws/src/dogzilla_joints': PYTHONPATH=/home/yahboom/Desktop/dogzillaS2/ros_ws/build/dogzilla_joints/prefix_override:/home/yahboom/Desktop/dogzillaS2/ros_ws/install/dogzilla_joints/lib/python3.10/site-packages:${PYTHONPATH} /usr/bin/python3 -W ignore:setup.py install is deprecated setup.py egg_info --egg-base ../../build/dogzilla_joints build --build-base /home/yahboom/Desktop/dogzillaS2/ros_ws/build/dogzilla_joints/build install --record /home/yahboom/Desktop/dogzillaS2/ros_ws/build/dogzilla_joints/install.log --single-version-externally-managed install_data
[3.251s] DEBUG:colcon.colcon_core.event_handler.log_command:Invoking command in '/home/yahboom/Desktop/dogzillaS2/ros_ws/src/webcam': PYTHONPATH=/home/yahboom/Desktop/dogzillaS2/ros_ws/build/webcam/prefix_override:/home/yahboom/Desktop/dogzillaS2/ros_ws/install/webcam/lib/python3.10/site-packages:${PYTHONPATH} /usr/bin/python3 -W ignore:setup.py install is deprecated setup.py egg_info --egg-base ../../build/webcam build --build-base /home/yahboom/Desktop/dogzillaS2/ros_ws/build/webcam/build install --record /home/yahboom/Desktop/dogzillaS2/ros_ws/build/webcam/install.log --single-version-externally-managed install_data
[3.991s] DEBUG:colcon.colcon_core.event_handler.log_command:Invoked command in '/home/yahboom/Desktop/dogzillaS2/ros_ws/src/dogzilla_joints' returned '0': PYTHONPATH=/home/yahboom/Desktop/dogzillaS2/ros_ws/build/dogzilla_joints/prefix_override:/home/yahboom/Desktop/dogzillaS2/ros_ws/install/dogzilla_joints/lib/python3.10/site-packages:${PYTHONPATH} /usr/bin/python3 -W ignore:setup.py install is deprecated setup.py egg_info --egg-base ../../build/dogzilla_joints build --build-base /home/yahboom/Desktop/dogzillaS2/ros_ws/build/dogzilla_joints/build install --record /home/yahboom/Desktop/dogzillaS2/ros_ws/build/dogzilla_joints/install.log --single-version-externally-managed install_data
[3.996s] Level 1:colcon.colcon_core.environment:checking '/home/yahboom/Desktop/dogzillaS2/ros_ws/install/dogzilla_joints' for CMake module files
[3.997s] Level 1:colcon.colcon_core.environment:checking '/home/yahboom/Desktop/dogzillaS2/ros_ws/install/dogzilla_joints' for CMake config files
[3.998s] Level 1:colcon.colcon_core.environment:checking '/home/yahboom/Desktop/dogzillaS2/ros_ws/install/dogzilla_joints/lib'
[3.998s] Level 1:colcon.colcon_core.environment:checking '/home/yahboom/Desktop/dogzillaS2/ros_ws/install/dogzilla_joints/bin'
[3.998s] Level 1:colcon.colcon_core.environment:checking '/home/yahboom/Desktop/dogzillaS2/ros_ws/install/dogzilla_joints/lib/pkgconfig/dogzilla_joints.pc'
[3.999s] Level 1:colcon.colcon_core.environment:checking '/home/yahboom/Desktop/dogzillaS2/ros_ws/install/dogzilla_joints/lib/python3.10/site-packages'
[3.999s] Level 1:colcon.colcon_core.shell:create_environment_hook('dogzilla_joints', 'pythonpath')
[3.999s] INFO:colcon.colcon_core.shell:Creating environment hook '/home/yahboom/Desktop/dogzillaS2/ros_ws/install/dogzilla_joints/share/dogzilla_joints/hook/pythonpath.ps1'
[4.000s] INFO:colcon.colcon_core.shell:Creating environment descriptor '/home/yahboom/Desktop/dogzillaS2/ros_ws/install/dogzilla_joints/share/dogzilla_joints/hook/pythonpath.dsv'
[4.001s] INFO:colcon.colcon_core.shell:Creating environment hook '/home/yahboom/Desktop/dogzillaS2/ros_ws/install/dogzilla_joints/share/dogzilla_joints/hook/pythonpath.sh'
[4.003s] Level 1:colcon.colcon_core.environment:checking '/home/yahboom/Desktop/dogzillaS2/ros_ws/install/dogzilla_joints/bin'
[4.003s] Level 1:colcon.colcon_core.environment:create_environment_scripts_only(dogzilla_joints)
[4.004s] INFO:colcon.colcon_core.shell:Creating package script '/home/yahboom/Desktop/dogzillaS2/ros_ws/install/dogzilla_joints/share/dogzilla_joints/package.ps1'
[4.006s] INFO:colcon.colcon_core.shell:Creating package descriptor '/home/yahboom/Desktop/dogzillaS2/ros_ws/install/dogzilla_joints/share/dogzilla_joints/package.dsv'
[4.007s] INFO:colcon.colcon_core.shell:Creating package script '/home/yahboom/Desktop/dogzillaS2/ros_ws/install/dogzilla_joints/share/dogzilla_joints/package.sh'
[4.009s] INFO:colcon.colcon_core.shell:Creating package script '/home/yahboom/Desktop/dogzillaS2/ros_ws/install/dogzilla_joints/share/dogzilla_joints/package.bash'
[4.012s] INFO:colcon.colcon_core.shell:Creating package script '/home/yahboom/Desktop/dogzillaS2/ros_ws/install/dogzilla_joints/share/dogzilla_joints/package.zsh'
[4.013s] Level 1:colcon.colcon_core.environment:create_file_with_runtime_dependencies(/home/yahboom/Desktop/dogzillaS2/ros_ws/install/dogzilla_joints/share/colcon-core/packages/dogzilla_joints)
[4.017s] Level 1:colcon.colcon_core.environment:checking '/home/yahboom/Desktop/dogzillaS2/ros_ws/install/webcam' for CMake module files
[4.018s] DEBUG:colcon.colcon_core.event_handler.log_command:Invoked command in '/home/yahboom/Desktop/dogzillaS2/ros_ws/src/webcam' returned '0': PYTHONPATH=/home/yahboom/Desktop/dogzillaS2/ros_ws/build/webcam/prefix_override:/home/yahboom/Desktop/dogzillaS2/ros_ws/install/webcam/lib/python3.10/site-packages:${PYTHONPATH} /usr/bin/python3 -W ignore:setup.py install is deprecated setup.py egg_info --egg-base ../../build/webcam build --build-base /home/yahboom/Desktop/dogzillaS2/ros_ws/build/webcam/build install --record /home/yahboom/Desktop/dogzillaS2/ros_ws/build/webcam/install.log --single-version-externally-managed install_data
[4.019s] Level 1:colcon.colcon_core.environment:checking '/home/yahboom/Desktop/dogzillaS2/ros_ws/install/webcam' for CMake config files
[4.020s] Level 1:colcon.colcon_core.environment:checking '/home/yahboom/Desktop/dogzillaS2/ros_ws/install/webcam/lib'
[4.020s] Level 1:colcon.colcon_core.environment:checking '/home/yahboom/Desktop/dogzillaS2/ros_ws/install/webcam/bin'
[4.020s] Level 1:colcon.colcon_core.environment:checking '/home/yahboom/Desktop/dogzillaS2/ros_ws/install/webcam/lib/pkgconfig/webcam.pc'
[4.020s] Level 1:colcon.colcon_core.environment:checking '/home/yahboom/Desktop/dogzillaS2/ros_ws/install/webcam/lib/python3.10/site-packages'
[4.020s] Level 1:colcon.colcon_core.shell:create_environment_hook('webcam', 'pythonpath')
[4.021s] INFO:colcon.colcon_core.shell:Creating environment hook '/home/yahboom/Desktop/dogzillaS2/ros_ws/install/webcam/share/webcam/hook/pythonpath.ps1'
[4.022s] INFO:colcon.colcon_core.shell:Creating environment descriptor '/home/yahboom/Desktop/dogzillaS2/ros_ws/install/webcam/share/webcam/hook/pythonpath.dsv'
[4.023s] INFO:colcon.colcon_core.shell:Creating environment hook '/home/yahboom/Desktop/dogzillaS2/ros_ws/install/webcam/share/webcam/hook/pythonpath.sh'
[4.024s] Level 1:colcon.colcon_core.environment:checking '/home/yahboom/Desktop/dogzillaS2/ros_ws/install/webcam/bin'
[4.024s] Level 1:colcon.colcon_core.environment:create_environment_scripts_only(webcam)
[4.025s] INFO:colcon.colcon_core.shell:Creating package script '/home/yahboom/Desktop/dogzillaS2/ros_ws/install/webcam/share/webcam/package.ps1'
[4.026s] INFO:colcon.colcon_core.shell:Creating package descriptor '/home/yahboom/Desktop/dogzillaS2/ros_ws/install/webcam/share/webcam/package.dsv'
[4.027s] INFO:colcon.colcon_core.shell:Creating package script '/home/yahboom/Desktop/dogzillaS2/ros_ws/install/webcam/share/webcam/package.sh'
[4.028s] INFO:colcon.colcon_core.shell:Creating package script '/home/yahboom/Desktop/dogzillaS2/ros_ws/install/webcam/share/webcam/package.bash'
[4.028s] INFO:colcon.colcon_core.shell:Creating package script '/home/yahboom/Desktop/dogzillaS2/ros_ws/install/webcam/share/webcam/package.zsh'
[4.029s] Level 1:colcon.colcon_core.environment:create_file_with_runtime_dependencies(/home/yahboom/Desktop/dogzillaS2/ros_ws/install/webcam/share/colcon-core/packages/webcam)
[6.596s] DEBUG:colcon.colcon_core.event_handler.log_command:Invoked command in '/home/yahboom/Desktop/dogzillaS2/ros_ws/build/dog_joint_interfaces' returned '0': CMAKE_PREFIX_PATH=${CMAKE_PREFIX_PATH}:/home/yahboom/Desktop/dogzillaS2/ros_ws/install/webcam:/home/yahboom/Desktop/dogzillaS2/ros_ws/install/dogzilla_joints:/home/yahboom/cartoros2/install/yahboomcar_nav:/home/yahboom/cartoros2/install/yahboomcar_ctrl:/home/yahboom/cartoros2/install/yahboom_visual:/home/yahboom/cartoros2/install/yahboom_dog_joint_state:/home/yahboom/cartoros2/install/yahboom_description:/home/yahboom/cartoros2/install/yahboom_color_identify_server:/home/yahboom/cartoros2/install/yahboom_bringup:/home/yahboom/cartoros2/install/yahboom_base:/home/yahboom/cartoros2/install/yahboom_app_save_map:/home/yahboom/cartoros2/install/update_map:/home/yahboom/cartoros2/install/rosboard:/home/yahboom/cartoros2/install/path_planner_server:/home/yahboom/cartoros2/install/nav2_simple_commander:/home/yahboom/cartoros2/install/nav2_gazebo_spawner:/home/yahboom/cartoros2/install/localization_server:/home/yahboom/cartoros2/install/laserscan_to_point_pulisher:/home/yahboom/yahboomcar_ws/install/yahboom_dog_example:/opt/ros/humble /usr/bin/cmake --build /home/yahboom/Desktop/dogzillaS2/ros_ws/build/dog_joint_interfaces -- -j4 -l4
[7.478s] DEBUG:colcon.colcon_core.event_handler.log_command:Invoking command in '/home/yahboom/Desktop/dogzillaS2/ros_ws/build/dog_joint_interfaces': CMAKE_PREFIX_PATH=${CMAKE_PREFIX_PATH}:/home/yahboom/Desktop/dogzillaS2/ros_ws/install/webcam:/home/yahboom/Desktop/dogzillaS2/ros_ws/install/dogzilla_joints:/home/yahboom/cartoros2/install/yahboomcar_nav:/home/yahboom/cartoros2/install/yahboomcar_ctrl:/home/yahboom/cartoros2/install/yahboom_visual:/home/yahboom/cartoros2/install/yahboom_dog_joint_state:/home/yahboom/cartoros2/install/yahboom_description:/home/yahboom/cartoros2/install/yahboom_color_identify_server:/home/yahboom/cartoros2/install/yahboom_bringup:/home/yahboom/cartoros2/install/yahboom_base:/home/yahboom/cartoros2/install/yahboom_app_save_map:/home/yahboom/cartoros2/install/update_map:/home/yahboom/cartoros2/install/rosboard:/home/yahboom/cartoros2/install/path_planner_server:/home/yahboom/cartoros2/install/nav2_simple_commander:/home/yahboom/cartoros2/install/nav2_gazebo_spawner:/home/yahboom/cartoros2/install/localization_server:/home/yahboom/cartoros2/install/laserscan_to_point_pulisher:/home/yahboom/yahboomcar_ws/install/yahboom_dog_example:/opt/ros/humble /usr/bin/cmake --install /home/yahboom/Desktop/dogzillaS2/ros_ws/build/dog_joint_interfaces
[7.750s] Level 1:colcon.colcon_core.environment:create_environment_scripts_only(dog_joint_interfaces)
[7.750s] Level 1:colcon.colcon_core.environment:checking '/home/yahboom/Desktop/dogzillaS2/ros_ws/install/dog_joint_interfaces' for CMake module files
[7.752s] DEBUG:colcon.colcon_core.event_handler.log_command:Invoked command in '/home/yahboom/Desktop/dogzillaS2/ros_ws/build/dog_joint_interfaces' returned '0': CMAKE_PREFIX_PATH=${CMAKE_PREFIX_PATH}:/home/yahboom/Desktop/dogzillaS2/ros_ws/install/webcam:/home/yahboom/Desktop/dogzillaS2/ros_ws/install/dogzilla_joints:/home/yahboom/cartoros2/install/yahboomcar_nav:/home/yahboom/cartoros2/install/yahboomcar_ctrl:/home/yahboom/cartoros2/install/yahboom_visual:/home/yahboom/cartoros2/install/yahboom_dog_joint_state:/home/yahboom/cartoros2/install/yahboom_description:/home/yahboom/cartoros2/install/yahboom_color_identify_server:/home/yahboom/cartoros2/install/yahboom_bringup:/home/yahboom/cartoros2/install/yahboom_base:/home/yahboom/cartoros2/install/yahboom_app_save_map:/home/yahboom/cartoros2/install/update_map:/home/yahboom/cartoros2/install/rosboard:/home/yahboom/cartoros2/install/path_planner_server:/home/yahboom/cartoros2/install/nav2_simple_commander:/home/yahboom/cartoros2/install/nav2_gazebo_spawner:/home/yahboom/cartoros2/install/localization_server:/home/yahboom/cartoros2/install/laserscan_to_point_pulisher:/home/yahboom/yahboomcar_ws/install/yahboom_dog_example:/opt/ros/humble /usr/bin/cmake --install /home/yahboom/Desktop/dogzillaS2/ros_ws/build/dog_joint_interfaces
[7.754s] Level 1:colcon.colcon_core.environment:checking '/home/yahboom/Desktop/dogzillaS2/ros_ws/install/dog_joint_interfaces' for CMake config files
[7.756s] Level 1:colcon.colcon_core.shell:create_environment_hook('dog_joint_interfaces', 'cmake_prefix_path')
[7.757s] INFO:colcon.colcon_core.shell:Creating environment hook '/home/yahboom/Desktop/dogzillaS2/ros_ws/install/dog_joint_interfaces/share/dog_joint_interfaces/hook/cmake_prefix_path.ps1'
[7.758s] INFO:colcon.colcon_core.shell:Creating environment descriptor '/home/yahboom/Desktop/dogzillaS2/ros_ws/install/dog_joint_interfaces/share/dog_joint_interfaces/hook/cmake_prefix_path.dsv'
[7.759s] INFO:colcon.colcon_core.shell:Creating environment hook '/home/yahboom/Desktop/dogzillaS2/ros_ws/install/dog_joint_interfaces/share/dog_joint_interfaces/hook/cmake_prefix_path.sh'
[7.761s] Level 1:colcon.colcon_core.environment:checking '/home/yahboom/Desktop/dogzillaS2/ros_ws/install/dog_joint_interfaces/lib'
[7.762s] Level 1:colcon.colcon_core.shell:create_environment_hook('dog_joint_interfaces', 'ld_library_path_lib')
[7.762s] INFO:colcon.colcon_core.shell:Creating environment hook '/home/yahboom/Desktop/dogzillaS2/ros_ws/install/dog_joint_interfaces/share/dog_joint_interfaces/hook/ld_library_path_lib.ps1'
[7.764s] INFO:colcon.colcon_core.shell:Creating environment descriptor '/home/yahboom/Desktop/dogzillaS2/ros_ws/install/dog_joint_interfaces/share/dog_joint_interfaces/hook/ld_library_path_lib.dsv'
[7.765s] INFO:colcon.colcon_core.shell:Creating environment hook '/home/yahboom/Desktop/dogzillaS2/ros_ws/install/dog_joint_interfaces/share/dog_joint_interfaces/hook/ld_library_path_lib.sh'
[7.766s] Level 1:colcon.colcon_core.environment:checking '/home/yahboom/Desktop/dogzillaS2/ros_ws/install/dog_joint_interfaces/bin'
[7.766s] Level 1:colcon.colcon_core.environment:checking '/home/yahboom/Desktop/dogzillaS2/ros_ws/install/dog_joint_interfaces/lib/pkgconfig/dog_joint_interfaces.pc'
[7.767s] Level 1:colcon.colcon_core.environment:checking '/home/yahboom/Desktop/dogzillaS2/ros_ws/install/dog_joint_interfaces/lib/python3.10/site-packages'
[7.767s] Level 1:colcon.colcon_core.environment:checking '/home/yahboom/Desktop/dogzillaS2/ros_ws/install/dog_joint_interfaces/bin'
[7.768s] INFO:colcon.colcon_core.shell:Creating package script '/home/yahboom/Desktop/dogzillaS2/ros_ws/install/dog_joint_interfaces/share/dog_joint_interfaces/package.ps1'
[7.770s] INFO:colcon.colcon_core.shell:Creating package descriptor '/home/yahboom/Desktop/dogzillaS2/ros_ws/install/dog_joint_interfaces/share/dog_joint_interfaces/package.dsv'
[7.772s] INFO:colcon.colcon_core.shell:Creating package script '/home/yahboom/Desktop/dogzillaS2/ros_ws/install/dog_joint_interfaces/share/dog_joint_interfaces/package.sh'
[7.773s] INFO:colcon.colcon_core.shell:Creating package script '/home/yahboom/Desktop/dogzillaS2/ros_ws/install/dog_joint_interfaces/share/dog_joint_interfaces/package.bash'
[7.775s] INFO:colcon.colcon_core.shell:Creating package script '/home/yahboom/Desktop/dogzillaS2/ros_ws/install/dog_joint_interfaces/share/dog_joint_interfaces/package.zsh'
[7.776s] Level 1:colcon.colcon_core.environment:create_file_with_runtime_dependencies(/home/yahboom/Desktop/dogzillaS2/ros_ws/install/dog_joint_interfaces/share/colcon-core/packages/dog_joint_interfaces)
[8.624s] Level 1:colcon.colcon_core.environment:create_environment_scripts_only(dog_joint_interfaces)
[8.625s] Level 1:colcon.colcon_core.environment:checking '/home/yahboom/Desktop/dogzillaS2/ros_ws/install/dog_joint_interfaces' for CMake module files
[8.627s] Level 1:colcon.colcon_core.environment:checking '/home/yahboom/Desktop/dogzillaS2/ros_ws/install/dog_joint_interfaces' for CMake config files
[8.629s] Level 1:colcon.colcon_core.shell:create_environment_hook('dog_joint_interfaces', 'cmake_prefix_path')
[8.630s] INFO:colcon.colcon_core.shell:Creating environment hook '/home/yahboom/Desktop/dogzillaS2/ros_ws/install/dog_joint_interfaces/share/dog_joint_interfaces/hook/cmake_prefix_path.ps1'
[8.631s] INFO:colcon.colcon_core.shell:Creating environment descriptor '/home/yahboom/Desktop/dogzillaS2/ros_ws/install/dog_joint_interfaces/share/dog_joint_interfaces/hook/cmake_prefix_path.dsv'
[8.633s] INFO:colcon.colcon_core.shell:Creating environment hook '/home/yahboom/Desktop/dogzillaS2/ros_ws/install/dog_joint_interfaces/share/dog_joint_interfaces/hook/cmake_prefix_path.sh'
[8.635s] Level 1:colcon.colcon_core.environment:checking '/home/yahboom/Desktop/dogzillaS2/ros_ws/install/dog_joint_interfaces/lib'
[8.635s] Level 1:colcon.colcon_core.shell:create_environment_hook('dog_joint_interfaces', 'ld_library_path_lib')
[8.636s] INFO:colcon.colcon_core.shell:Creating environment hook '/home/yahboom/Desktop/dogzillaS2/ros_ws/install/dog_joint_interfaces/share/dog_joint_interfaces/hook/ld_library_path_lib.ps1'
[8.637s] INFO:colcon.colcon_core.shell:Creating environment descriptor '/home/yahboom/Desktop/dogzillaS2/ros_ws/install/dog_joint_interfaces/share/dog_joint_interfaces/hook/ld_library_path_lib.dsv'
[8.639s] INFO:colcon.colcon_core.shell:Creating environment hook '/home/yahboom/Desktop/dogzillaS2/ros_ws/install/dog_joint_interfaces/share/dog_joint_interfaces/hook/ld_library_path_lib.sh'
[8.640s] Level 1:colcon.colcon_core.environment:checking '/home/yahboom/Desktop/dogzillaS2/ros_ws/install/dog_joint_interfaces/bin'
[8.641s] Level 1:colcon.colcon_core.environment:checking '/home/yahboom/Desktop/dogzillaS2/ros_ws/install/dog_joint_interfaces/lib/pkgconfig/dog_joint_interfaces.pc'
[8.641s] Level 1:colcon.colcon_core.environment:checking '/home/yahboom/Desktop/dogzillaS2/ros_ws/install/dog_joint_interfaces/lib/python3.10/site-packages'
[8.642s] Level 1:colcon.colcon_core.environment:checking '/home/yahboom/Desktop/dogzillaS2/ros_ws/install/dog_joint_interfaces/bin'
[8.643s] INFO:colcon.colcon_core.shell:Creating package script '/home/yahboom/Desktop/dogzillaS2/ros_ws/install/dog_joint_interfaces/share/dog_joint_interfaces/package.ps1'
[8.645s] INFO:colcon.colcon_core.shell:Creating package descriptor '/home/yahboom/Desktop/dogzillaS2/ros_ws/install/dog_joint_interfaces/share/dog_joint_interfaces/package.dsv'
[8.646s] INFO:colcon.colcon_core.shell:Creating package script '/home/yahboom/Desktop/dogzillaS2/ros_ws/install/dog_joint_interfaces/share/dog_joint_interfaces/package.sh'
[8.649s] INFO:colcon.colcon_core.shell:Creating package script '/home/yahboom/Desktop/dogzillaS2/ros_ws/install/dog_joint_interfaces/share/dog_joint_interfaces/package.bash'
[8.650s] INFO:colcon.colcon_core.shell:Creating package script '/home/yahboom/Desktop/dogzillaS2/ros_ws/install/dog_joint_interfaces/share/dog_joint_interfaces/package.zsh'
[8.652s] Level 1:colcon.colcon_core.environment:create_file_with_runtime_dependencies(/home/yahboom/Desktop/dogzillaS2/ros_ws/install/dog_joint_interfaces/share/colcon-core/packages/dog_joint_interfaces)
[8.653s] DEBUG:colcon.colcon_parallel_executor.executor.parallel:closing loop
[8.655s] DEBUG:colcon.colcon_parallel_executor.executor.parallel:loop closed
[8.655s] DEBUG:colcon.colcon_parallel_executor.executor.parallel:run_until_complete finished with '0'
[8.656s] DEBUG:colcon.colcon_core.event_reactor:joining thread
[8.676s] INFO:colcon.colcon_core.plugin_system:Skipping extension 'colcon_notification.desktop_notification.terminal_notifier': Not used on non-Darwin systems
[8.676s] INFO:colcon.colcon_core.plugin_system:Skipping extension 'colcon_notification.desktop_notification.win32': Not used on non-Windows systems
[8.677s] INFO:colcon.colcon_notification.desktop_notification:Sending desktop notification using 'notify2'
[8.707s] DEBUG:colcon.colcon_core.event_reactor:joined thread
[8.707s] INFO:colcon.colcon_core.shell:Creating prefix script '/home/yahboom/Desktop/dogzillaS2/ros_ws/install/local_setup.ps1'
[8.709s] INFO:colcon.colcon_core.shell:Creating prefix util module '/home/yahboom/Desktop/dogzillaS2/ros_ws/install/_local_setup_util_ps1.py'
[8.712s] INFO:colcon.colcon_core.shell:Creating prefix chain script '/home/yahboom/Desktop/dogzillaS2/ros_ws/install/setup.ps1'
[8.729s] INFO:colcon.colcon_core.shell:Creating prefix script '/home/yahboom/Desktop/dogzillaS2/ros_ws/install/local_setup.sh'
[8.731s] INFO:colcon.colcon_core.shell:Creating prefix util module '/home/yahboom/Desktop/dogzillaS2/ros_ws/install/_local_setup_util_sh.py'
[8.733s] INFO:colcon.colcon_core.shell:Creating prefix chain script '/home/yahboom/Desktop/dogzillaS2/ros_ws/install/setup.sh'
[8.744s] INFO:colcon.colcon_core.shell:Creating prefix script '/home/yahboom/Desktop/dogzillaS2/ros_ws/install/local_setup.bash'
[8.746s] INFO:colcon.colcon_core.shell:Creating prefix chain script '/home/yahboom/Desktop/dogzillaS2/ros_ws/install/setup.bash'
[8.757s] INFO:colcon.colcon_core.shell:Creating prefix script '/home/yahboom/Desktop/dogzillaS2/ros_ws/install/local_setup.zsh'
[8.758s] INFO:colcon.colcon_core.shell:Creating prefix chain script '/home/yahboom/Desktop/dogzillaS2/ros_ws/install/setup.zsh'
