-- Found ament_cmake: 1.3.8 (/opt/ros/humble/share/ament_cmake/cmake)
-- Found ament_lint_auto: 0.12.10 (/opt/ros/humble/share/ament_lint_auto/cmake)
-- Found sensor_msgs: 4.2.3 (/opt/ros/humble/share/sensor_msgs/cmake)
-- Found rosidl_generator_c: 3.1.5 (/opt/ros/humble/share/rosidl_generator_c/cmake)
-- Found rosidl_adapter: 3.1.5 (/opt/ros/humble/share/rosidl_adapter/cmake)
-- Found rosidl_generator_cpp: 3.1.5 (/opt/ros/humble/share/rosidl_generator_cpp/cmake)
-- Using all available rosidl_typesupport_c: rosidl_typesupport_fastrtps_c;rosidl_typesupport_introspection_c
-- Using all available rosidl_typesupport_cpp: rosidl_typesupport_fastrtps_cpp;rosidl_typesupport_introspection_cpp
-- Found rosidl_default_generators: 1.2.0 (/opt/ros/humble/share/rosidl_default_generators/cmake)
-- Found ament_cmake_ros: 0.10.0 (/opt/ros/humble/share/ament_cmake_ros/cmake)
-- Using all available rosidl_typesupport_c: rosidl_typesupport_fastrtps_c;rosidl_typesupport_introspection_c
-- Using all available rosidl_typesupport_cpp: rosidl_typesupport_fastrtps_cpp;rosidl_typesupport_introspection_cpp
-- Found python_cmake_module: 0.10.0 (/opt/ros/humble/share/python_cmake_module/cmake)
-- Using PYTHON_EXECUTABLE: /usr/bin/python3
-- Using PYTHON_INCLUDE_DIRS: /usr/include/python3.10
-- Using PYTHON_LIBRARIES: /usr/lib/x86_64-linux-gnu/libpython3.10.so
-- Added test 'lint_cmake' to check CMake code style
-- Added test 'xmllint' to check XML markup files
-- Configuring done
-- Generating done
-- Build files have been written to: /home/yahboom/Desktop/dogzillaS2/ros_ws/build/dog_joint_interfaces
[  2%] [34m[1mGenerating C code for ROS interfaces[0m
[  4%] [34m[1mGenerating C++ code for ROS interfaces[0m
[  4%] Built target ament_cmake_python_copy_dog_joint_interfaces
running egg_info
writing dog_joint_interfaces.egg-info/PKG-INFO
writing dependency_links to dog_joint_interfaces.egg-info/dependency_links.txt
writing top-level names to dog_joint_interfaces.egg-info/top_level.txt
reading manifest file 'dog_joint_interfaces.egg-info/SOURCES.txt'
writing manifest file 'dog_joint_interfaces.egg-info/SOURCES.txt'
[  4%] Built target ament_cmake_python_build_dog_joint_interfaces_egg
[35m[1mConsolidate compiler generated dependencies of target dog_joint_interfaces__rosidl_generator_c[0m
[  6%] [32mBuilding C object CMakeFiles/dog_joint_interfaces__rosidl_generator_c.dir/rosidl_generator_c/dog_joint_interfaces/srv/detail/set_joint_position__functions.c.o[0m
[  8%] [32mBuilding C object CMakeFiles/dog_joint_interfaces__rosidl_generator_c.dir/rosidl_generator_c/dog_joint_interfaces/srv/detail/set_motor_angle__functions.c.o[0m
[ 10%] [32mBuilding C object CMakeFiles/dog_joint_interfaces__rosidl_generator_c.dir/rosidl_generator_c/dog_joint_interfaces/msg/detail/motor_angle__functions.c.o[0m
[ 10%] Built target dog_joint_interfaces__cpp
[ 12%] [34m[1mGenerating C++ type support for eProsima Fast-RTPS[0m
[ 14%] [34m[1mGenerating C++ introspection for ROS interfaces[0m
[ 17%] [32m[1mLinking C shared library libdog_joint_interfaces__rosidl_generator_c.so[0m
[ 19%] [34m[1mGenerating C++ type support dispatch for ROS interfaces[0m
[ 19%] Built target dog_joint_interfaces__rosidl_generator_c
[ 21%] [34m[1mGenerating C introspection for ROS interfaces[0m
[35m[1mConsolidate compiler generated dependencies of target dog_joint_interfaces__rosidl_typesupport_cpp[0m
[ 23%] [32mBuilding CXX object CMakeFiles/dog_joint_interfaces__rosidl_typesupport_cpp.dir/rosidl_typesupport_cpp/dog_joint_interfaces/srv/set_joint_position__type_support.cpp.o[0m
[35m[1mConsolidate compiler generated dependencies of target dog_joint_interfaces__rosidl_typesupport_fastrtps_cpp[0m
[ 25%] [32mBuilding CXX object CMakeFiles/dog_joint_interfaces__rosidl_typesupport_fastrtps_cpp.dir/rosidl_typesupport_fastrtps_cpp/dog_joint_interfaces/srv/detail/dds_fastrtps/set_joint_position__type_support.cpp.o[0m
[35m[1mConsolidate compiler generated dependencies of target dog_joint_interfaces__rosidl_typesupport_introspection_cpp[0m
[ 27%] [32mBuilding CXX object CMakeFiles/dog_joint_interfaces__rosidl_typesupport_introspection_cpp.dir/rosidl_typesupport_introspection_cpp/dog_joint_interfaces/srv/detail/set_joint_position__type_support.cpp.o[0m
[35m[1mConsolidate compiler generated dependencies of target dog_joint_interfaces__rosidl_typesupport_introspection_c[0m
[ 29%] [32mBuilding C object CMakeFiles/dog_joint_interfaces__rosidl_typesupport_introspection_c.dir/rosidl_typesupport_introspection_c/dog_joint_interfaces/srv/detail/set_joint_position__type_support.c.o[0m
[ 31%] [32mBuilding C object CMakeFiles/dog_joint_interfaces__rosidl_typesupport_introspection_c.dir/rosidl_typesupport_introspection_c/dog_joint_interfaces/srv/detail/set_motor_angle__type_support.c.o[0m
[ 34%] [32mBuilding CXX object CMakeFiles/dog_joint_interfaces__rosidl_typesupport_cpp.dir/rosidl_typesupport_cpp/dog_joint_interfaces/srv/set_motor_angle__type_support.cpp.o[0m
[ 36%] [32mBuilding C object CMakeFiles/dog_joint_interfaces__rosidl_typesupport_introspection_c.dir/rosidl_typesupport_introspection_c/dog_joint_interfaces/msg/detail/motor_angle__type_support.c.o[0m
[ 38%] [32m[1mLinking C shared library libdog_joint_interfaces__rosidl_typesupport_introspection_c.so[0m
[ 38%] Built target dog_joint_interfaces__rosidl_typesupport_introspection_c
[ 40%] [32mBuilding CXX object CMakeFiles/dog_joint_interfaces__rosidl_typesupport_cpp.dir/rosidl_typesupport_cpp/dog_joint_interfaces/msg/motor_angle__type_support.cpp.o[0m
[ 42%] [32mBuilding CXX object CMakeFiles/dog_joint_interfaces__rosidl_typesupport_fastrtps_cpp.dir/rosidl_typesupport_fastrtps_cpp/dog_joint_interfaces/srv/detail/dds_fastrtps/set_motor_angle__type_support.cpp.o[0m
[ 44%] [32mBuilding CXX object CMakeFiles/dog_joint_interfaces__rosidl_typesupport_introspection_cpp.dir/rosidl_typesupport_introspection_cpp/dog_joint_interfaces/srv/detail/set_motor_angle__type_support.cpp.o[0m
[ 46%] [32mBuilding CXX object CMakeFiles/dog_joint_interfaces__rosidl_typesupport_fastrtps_cpp.dir/rosidl_typesupport_fastrtps_cpp/dog_joint_interfaces/msg/detail/dds_fastrtps/motor_angle__type_support.cpp.o[0m
[ 48%] [32m[1mLinking CXX shared library libdog_joint_interfaces__rosidl_typesupport_cpp.so[0m
[ 48%] Built target dog_joint_interfaces__rosidl_typesupport_cpp
[ 51%] [32mBuilding CXX object CMakeFiles/dog_joint_interfaces__rosidl_typesupport_introspection_cpp.dir/rosidl_typesupport_introspection_cpp/dog_joint_interfaces/msg/detail/motor_angle__type_support.cpp.o[0m
[ 53%] [34m[1mGenerating C type support dispatch for ROS interfaces[0m
[ 55%] [34m[1mGenerating C type support for eProsima Fast-RTPS[0m
[ 57%] [32m[1mLinking CXX shared library libdog_joint_interfaces__rosidl_typesupport_fastrtps_cpp.so[0m
[ 57%] Built target dog_joint_interfaces__rosidl_typesupport_fastrtps_cpp
[ 59%] [32m[1mLinking CXX shared library libdog_joint_interfaces__rosidl_typesupport_introspection_cpp.so[0m
[35m[1mConsolidate compiler generated dependencies of target dog_joint_interfaces__rosidl_typesupport_c[0m
[ 59%] Built target dog_joint_interfaces__rosidl_typesupport_introspection_cpp
[ 61%] [32mBuilding CXX object CMakeFiles/dog_joint_interfaces__rosidl_typesupport_c.dir/rosidl_typesupport_c/dog_joint_interfaces/srv/set_joint_position__type_support.cpp.o[0m
[ 63%] [32mBuilding CXX object CMakeFiles/dog_joint_interfaces__rosidl_typesupport_c.dir/rosidl_typesupport_c/dog_joint_interfaces/srv/set_motor_angle__type_support.cpp.o[0m
[ 65%] [32mBuilding CXX object CMakeFiles/dog_joint_interfaces__rosidl_typesupport_c.dir/rosidl_typesupport_c/dog_joint_interfaces/msg/motor_angle__type_support.cpp.o[0m
[ 68%] [32m[1mLinking CXX shared library libdog_joint_interfaces__rosidl_typesupport_c.so[0m
[35m[1mConsolidate compiler generated dependencies of target dog_joint_interfaces__rosidl_typesupport_fastrtps_c[0m
[ 70%] [32mBuilding CXX object CMakeFiles/dog_joint_interfaces__rosidl_typesupport_fastrtps_c.dir/rosidl_typesupport_fastrtps_c/dog_joint_interfaces/srv/detail/set_joint_position__type_support_c.cpp.o[0m
[ 72%] [32mBuilding CXX object CMakeFiles/dog_joint_interfaces__rosidl_typesupport_fastrtps_c.dir/rosidl_typesupport_fastrtps_c/dog_joint_interfaces/srv/detail/set_motor_angle__type_support_c.cpp.o[0m
[ 74%] [32mBuilding CXX object CMakeFiles/dog_joint_interfaces__rosidl_typesupport_fastrtps_c.dir/rosidl_typesupport_fastrtps_c/dog_joint_interfaces/msg/detail/motor_angle__type_support_c.cpp.o[0m
[ 74%] Built target dog_joint_interfaces__rosidl_typesupport_c
[ 76%] [32m[1mLinking CXX shared library libdog_joint_interfaces__rosidl_typesupport_fastrtps_c.so[0m
[ 76%] Built target dog_joint_interfaces__rosidl_typesupport_fastrtps_c
[ 76%] Built target dog_joint_interfaces
[ 78%] [34m[1mGenerating Python code for ROS interfaces[0m
[ 78%] Built target dog_joint_interfaces__py
[35m[1mConsolidate compiler generated dependencies of target dog_joint_interfaces__rosidl_generator_py[0m
[ 80%] [32mBuilding C object CMakeFiles/dog_joint_interfaces__rosidl_generator_py.dir/rosidl_generator_py/dog_joint_interfaces/srv/_set_joint_position_s.c.o[0m
[ 82%] [32mBuilding C object CMakeFiles/dog_joint_interfaces__rosidl_generator_py.dir/rosidl_generator_py/dog_joint_interfaces/msg/_motor_angle_s.c.o[0m
[ 85%] [32mBuilding C object CMakeFiles/dog_joint_interfaces__rosidl_generator_py.dir/rosidl_generator_py/dog_joint_interfaces/srv/_set_motor_angle_s.c.o[0m
[ 87%] [32m[1mLinking C shared library rosidl_generator_py/dog_joint_interfaces/libdog_joint_interfaces__rosidl_generator_py.so[0m
[ 87%] Built target dog_joint_interfaces__rosidl_generator_py
[35m[1mConsolidate compiler generated dependencies of target dog_joint_interfaces__rosidl_typesupport_introspection_c__pyext[0m
[35m[1mConsolidate compiler generated dependencies of target dog_joint_interfaces__rosidl_typesupport_fastrtps_c__pyext[0m
[35m[1mConsolidate compiler generated dependencies of target dog_joint_interfaces__rosidl_typesupport_c__pyext[0m
[ 91%] [32mBuilding C object CMakeFiles/dog_joint_interfaces__rosidl_typesupport_fastrtps_c__pyext.dir/rosidl_generator_py/dog_joint_interfaces/_dog_joint_interfaces_s.ep.rosidl_typesupport_fastrtps_c.c.o[0m
[ 91%] [32mBuilding C object CMakeFiles/dog_joint_interfaces__rosidl_typesupport_introspection_c__pyext.dir/rosidl_generator_py/dog_joint_interfaces/_dog_joint_interfaces_s.ep.rosidl_typesupport_introspection_c.c.o[0m
[ 93%] [32mBuilding C object CMakeFiles/dog_joint_interfaces__rosidl_typesupport_c__pyext.dir/rosidl_generator_py/dog_joint_interfaces/_dog_joint_interfaces_s.ep.rosidl_typesupport_c.c.o[0m
[ 95%] [32m[1mLinking C shared library rosidl_generator_py/dog_joint_interfaces/dog_joint_interfaces_s__rosidl_typesupport_fastrtps_c.cpython-310-x86_64-linux-gnu.so[0m
[ 97%] [32m[1mLinking C shared library rosidl_generator_py/dog_joint_interfaces/dog_joint_interfaces_s__rosidl_typesupport_introspection_c.cpython-310-x86_64-linux-gnu.so[0m
[100%] [32m[1mLinking C shared library rosidl_generator_py/dog_joint_interfaces/dog_joint_interfaces_s__rosidl_typesupport_c.cpython-310-x86_64-linux-gnu.so[0m
[100%] Built target dog_joint_interfaces__rosidl_typesupport_fastrtps_c__pyext
[100%] Built target dog_joint_interfaces__rosidl_typesupport_introspection_c__pyext
[100%] Built target dog_joint_interfaces__rosidl_typesupport_c__pyext
-- Install configuration: ""
-- Installing: /home/yahboom/Desktop/dogzillaS2/ros_ws/install/dog_joint_interfaces/share/ament_index/resource_index/rosidl_interfaces/dog_joint_interfaces
-- Up-to-date: /home/yahboom/Desktop/dogzillaS2/ros_ws/install/dog_joint_interfaces/include/dog_joint_interfaces/dog_joint_interfaces
-- Up-to-date: /home/yahboom/Desktop/dogzillaS2/ros_ws/install/dog_joint_interfaces/include/dog_joint_interfaces/dog_joint_interfaces/srv
-- Up-to-date: /home/yahboom/Desktop/dogzillaS2/ros_ws/install/dog_joint_interfaces/include/dog_joint_interfaces/dog_joint_interfaces/srv/detail
-- Installing: /home/yahboom/Desktop/dogzillaS2/ros_ws/install/dog_joint_interfaces/include/dog_joint_interfaces/dog_joint_interfaces/srv/detail/set_motor_angle__functions.h
-- Installing: /home/yahboom/Desktop/dogzillaS2/ros_ws/install/dog_joint_interfaces/include/dog_joint_interfaces/dog_joint_interfaces/srv/detail/set_joint_position__functions.c
-- Installing: /home/yahboom/Desktop/dogzillaS2/ros_ws/install/dog_joint_interfaces/include/dog_joint_interfaces/dog_joint_interfaces/srv/detail/set_motor_angle__type_support.h
-- Installing: /home/yahboom/Desktop/dogzillaS2/ros_ws/install/dog_joint_interfaces/include/dog_joint_interfaces/dog_joint_interfaces/srv/detail/set_joint_position__type_support.h
-- Installing: /home/yahboom/Desktop/dogzillaS2/ros_ws/install/dog_joint_interfaces/include/dog_joint_interfaces/dog_joint_interfaces/srv/detail/set_joint_position__struct.h
-- Installing: /home/yahboom/Desktop/dogzillaS2/ros_ws/install/dog_joint_interfaces/include/dog_joint_interfaces/dog_joint_interfaces/srv/detail/set_joint_position__functions.h
-- Installing: /home/yahboom/Desktop/dogzillaS2/ros_ws/install/dog_joint_interfaces/include/dog_joint_interfaces/dog_joint_interfaces/srv/detail/set_motor_angle__functions.c
-- Installing: /home/yahboom/Desktop/dogzillaS2/ros_ws/install/dog_joint_interfaces/include/dog_joint_interfaces/dog_joint_interfaces/srv/detail/set_motor_angle__struct.h
-- Installing: /home/yahboom/Desktop/dogzillaS2/ros_ws/install/dog_joint_interfaces/include/dog_joint_interfaces/dog_joint_interfaces/srv/set_motor_angle.h
-- Installing: /home/yahboom/Desktop/dogzillaS2/ros_ws/install/dog_joint_interfaces/include/dog_joint_interfaces/dog_joint_interfaces/srv/set_joint_position.h
-- Up-to-date: /home/yahboom/Desktop/dogzillaS2/ros_ws/install/dog_joint_interfaces/include/dog_joint_interfaces/dog_joint_interfaces/msg
-- Up-to-date: /home/yahboom/Desktop/dogzillaS2/ros_ws/install/dog_joint_interfaces/include/dog_joint_interfaces/dog_joint_interfaces/msg/detail
-- Installing: /home/yahboom/Desktop/dogzillaS2/ros_ws/install/dog_joint_interfaces/include/dog_joint_interfaces/dog_joint_interfaces/msg/detail/motor_angle__functions.c
-- Installing: /home/yahboom/Desktop/dogzillaS2/ros_ws/install/dog_joint_interfaces/include/dog_joint_interfaces/dog_joint_interfaces/msg/detail/motor_angle__struct.h
-- Installing: /home/yahboom/Desktop/dogzillaS2/ros_ws/install/dog_joint_interfaces/include/dog_joint_interfaces/dog_joint_interfaces/msg/detail/motor_angle__type_support.h
-- Installing: /home/yahboom/Desktop/dogzillaS2/ros_ws/install/dog_joint_interfaces/include/dog_joint_interfaces/dog_joint_interfaces/msg/detail/motor_angle__functions.h
-- Installing: /home/yahboom/Desktop/dogzillaS2/ros_ws/install/dog_joint_interfaces/include/dog_joint_interfaces/dog_joint_interfaces/msg/motor_angle.h
-- Up-to-date: /home/yahboom/Desktop/dogzillaS2/ros_ws/install/dog_joint_interfaces/include/dog_joint_interfaces/dog_joint_interfaces/msg/rosidl_generator_c__visibility_control.h
-- Up-to-date: /home/yahboom/Desktop/dogzillaS2/ros_ws/install/dog_joint_interfaces/share/dog_joint_interfaces/environment/library_path.sh
-- Installing: /home/yahboom/Desktop/dogzillaS2/ros_ws/install/dog_joint_interfaces/share/dog_joint_interfaces/environment/library_path.dsv
-- Installing: /home/yahboom/Desktop/dogzillaS2/ros_ws/install/dog_joint_interfaces/lib/libdog_joint_interfaces__rosidl_generator_c.so
-- Set runtime path of "/home/yahboom/Desktop/dogzillaS2/ros_ws/install/dog_joint_interfaces/lib/libdog_joint_interfaces__rosidl_generator_c.so" to ""
-- Up-to-date: /home/yahboom/Desktop/dogzillaS2/ros_ws/install/dog_joint_interfaces/include/dog_joint_interfaces/dog_joint_interfaces
-- Up-to-date: /home/yahboom/Desktop/dogzillaS2/ros_ws/install/dog_joint_interfaces/include/dog_joint_interfaces/dog_joint_interfaces/srv
-- Up-to-date: /home/yahboom/Desktop/dogzillaS2/ros_ws/install/dog_joint_interfaces/include/dog_joint_interfaces/dog_joint_interfaces/srv/detail
-- Installing: /home/yahboom/Desktop/dogzillaS2/ros_ws/install/dog_joint_interfaces/include/dog_joint_interfaces/dog_joint_interfaces/srv/detail/set_motor_angle__rosidl_typesupport_fastrtps_c.h
-- Installing: /home/yahboom/Desktop/dogzillaS2/ros_ws/install/dog_joint_interfaces/include/dog_joint_interfaces/dog_joint_interfaces/srv/detail/set_joint_position__rosidl_typesupport_fastrtps_c.h
-- Up-to-date: /home/yahboom/Desktop/dogzillaS2/ros_ws/install/dog_joint_interfaces/include/dog_joint_interfaces/dog_joint_interfaces/msg
-- Up-to-date: /home/yahboom/Desktop/dogzillaS2/ros_ws/install/dog_joint_interfaces/include/dog_joint_interfaces/dog_joint_interfaces/msg/detail
-- Installing: /home/yahboom/Desktop/dogzillaS2/ros_ws/install/dog_joint_interfaces/include/dog_joint_interfaces/dog_joint_interfaces/msg/detail/motor_angle__rosidl_typesupport_fastrtps_c.h
-- Up-to-date: /home/yahboom/Desktop/dogzillaS2/ros_ws/install/dog_joint_interfaces/include/dog_joint_interfaces/dog_joint_interfaces/msg/rosidl_typesupport_fastrtps_c__visibility_control.h
-- Installing: /home/yahboom/Desktop/dogzillaS2/ros_ws/install/dog_joint_interfaces/lib/libdog_joint_interfaces__rosidl_typesupport_fastrtps_c.so
-- Set runtime path of "/home/yahboom/Desktop/dogzillaS2/ros_ws/install/dog_joint_interfaces/lib/libdog_joint_interfaces__rosidl_typesupport_fastrtps_c.so" to ""
-- Up-to-date: /home/yahboom/Desktop/dogzillaS2/ros_ws/install/dog_joint_interfaces/include/dog_joint_interfaces/dog_joint_interfaces
-- Up-to-date: /home/yahboom/Desktop/dogzillaS2/ros_ws/install/dog_joint_interfaces/include/dog_joint_interfaces/dog_joint_interfaces/srv
-- Up-to-date: /home/yahboom/Desktop/dogzillaS2/ros_ws/install/dog_joint_interfaces/include/dog_joint_interfaces/dog_joint_interfaces/srv/detail
-- Installing: /home/yahboom/Desktop/dogzillaS2/ros_ws/install/dog_joint_interfaces/include/dog_joint_interfaces/dog_joint_interfaces/srv/detail/set_joint_position__struct.hpp
-- Installing: /home/yahboom/Desktop/dogzillaS2/ros_ws/install/dog_joint_interfaces/include/dog_joint_interfaces/dog_joint_interfaces/srv/detail/set_joint_position__builder.hpp
-- Installing: /home/yahboom/Desktop/dogzillaS2/ros_ws/install/dog_joint_interfaces/include/dog_joint_interfaces/dog_joint_interfaces/srv/detail/set_joint_position__traits.hpp
-- Installing: /home/yahboom/Desktop/dogzillaS2/ros_ws/install/dog_joint_interfaces/include/dog_joint_interfaces/dog_joint_interfaces/srv/detail/set_motor_angle__traits.hpp
-- Installing: /home/yahboom/Desktop/dogzillaS2/ros_ws/install/dog_joint_interfaces/include/dog_joint_interfaces/dog_joint_interfaces/srv/detail/set_motor_angle__builder.hpp
-- Installing: /home/yahboom/Desktop/dogzillaS2/ros_ws/install/dog_joint_interfaces/include/dog_joint_interfaces/dog_joint_interfaces/srv/detail/set_motor_angle__struct.hpp
-- Installing: /home/yahboom/Desktop/dogzillaS2/ros_ws/install/dog_joint_interfaces/include/dog_joint_interfaces/dog_joint_interfaces/srv/set_joint_position.hpp
-- Installing: /home/yahboom/Desktop/dogzillaS2/ros_ws/install/dog_joint_interfaces/include/dog_joint_interfaces/dog_joint_interfaces/srv/set_motor_angle.hpp
-- Up-to-date: /home/yahboom/Desktop/dogzillaS2/ros_ws/install/dog_joint_interfaces/include/dog_joint_interfaces/dog_joint_interfaces/msg
-- Up-to-date: /home/yahboom/Desktop/dogzillaS2/ros_ws/install/dog_joint_interfaces/include/dog_joint_interfaces/dog_joint_interfaces/msg/detail
-- Installing: /home/yahboom/Desktop/dogzillaS2/ros_ws/install/dog_joint_interfaces/include/dog_joint_interfaces/dog_joint_interfaces/msg/detail/motor_angle__builder.hpp
-- Installing: /home/yahboom/Desktop/dogzillaS2/ros_ws/install/dog_joint_interfaces/include/dog_joint_interfaces/dog_joint_interfaces/msg/detail/motor_angle__traits.hpp
-- Installing: /home/yahboom/Desktop/dogzillaS2/ros_ws/install/dog_joint_interfaces/include/dog_joint_interfaces/dog_joint_interfaces/msg/detail/motor_angle__struct.hpp
-- Installing: /home/yahboom/Desktop/dogzillaS2/ros_ws/install/dog_joint_interfaces/include/dog_joint_interfaces/dog_joint_interfaces/msg/motor_angle.hpp
-- Up-to-date: /home/yahboom/Desktop/dogzillaS2/ros_ws/install/dog_joint_interfaces/include/dog_joint_interfaces/dog_joint_interfaces
-- Up-to-date: /home/yahboom/Desktop/dogzillaS2/ros_ws/install/dog_joint_interfaces/include/dog_joint_interfaces/dog_joint_interfaces/srv
-- Up-to-date: /home/yahboom/Desktop/dogzillaS2/ros_ws/install/dog_joint_interfaces/include/dog_joint_interfaces/dog_joint_interfaces/srv/detail
-- Installing: /home/yahboom/Desktop/dogzillaS2/ros_ws/install/dog_joint_interfaces/include/dog_joint_interfaces/dog_joint_interfaces/srv/detail/set_joint_position__rosidl_typesupport_fastrtps_cpp.hpp
-- Up-to-date: /home/yahboom/Desktop/dogzillaS2/ros_ws/install/dog_joint_interfaces/include/dog_joint_interfaces/dog_joint_interfaces/srv/detail/dds_fastrtps
-- Installing: /home/yahboom/Desktop/dogzillaS2/ros_ws/install/dog_joint_interfaces/include/dog_joint_interfaces/dog_joint_interfaces/srv/detail/set_motor_angle__rosidl_typesupport_fastrtps_cpp.hpp
-- Up-to-date: /home/yahboom/Desktop/dogzillaS2/ros_ws/install/dog_joint_interfaces/include/dog_joint_interfaces/dog_joint_interfaces/msg
-- Up-to-date: /home/yahboom/Desktop/dogzillaS2/ros_ws/install/dog_joint_interfaces/include/dog_joint_interfaces/dog_joint_interfaces/msg/detail
-- Installing: /home/yahboom/Desktop/dogzillaS2/ros_ws/install/dog_joint_interfaces/include/dog_joint_interfaces/dog_joint_interfaces/msg/detail/motor_angle__rosidl_typesupport_fastrtps_cpp.hpp
-- Up-to-date: /home/yahboom/Desktop/dogzillaS2/ros_ws/install/dog_joint_interfaces/include/dog_joint_interfaces/dog_joint_interfaces/msg/detail/dds_fastrtps
-- Up-to-date: /home/yahboom/Desktop/dogzillaS2/ros_ws/install/dog_joint_interfaces/include/dog_joint_interfaces/dog_joint_interfaces/msg/rosidl_typesupport_fastrtps_cpp__visibility_control.h
-- Installing: /home/yahboom/Desktop/dogzillaS2/ros_ws/install/dog_joint_interfaces/lib/libdog_joint_interfaces__rosidl_typesupport_fastrtps_cpp.so
-- Set runtime path of "/home/yahboom/Desktop/dogzillaS2/ros_ws/install/dog_joint_interfaces/lib/libdog_joint_interfaces__rosidl_typesupport_fastrtps_cpp.so" to ""
-- Up-to-date: /home/yahboom/Desktop/dogzillaS2/ros_ws/install/dog_joint_interfaces/include/dog_joint_interfaces/dog_joint_interfaces
-- Up-to-date: /home/yahboom/Desktop/dogzillaS2/ros_ws/install/dog_joint_interfaces/include/dog_joint_interfaces/dog_joint_interfaces/srv
-- Up-to-date: /home/yahboom/Desktop/dogzillaS2/ros_ws/install/dog_joint_interfaces/include/dog_joint_interfaces/dog_joint_interfaces/srv/detail
-- Installing: /home/yahboom/Desktop/dogzillaS2/ros_ws/install/dog_joint_interfaces/include/dog_joint_interfaces/dog_joint_interfaces/srv/detail/set_joint_position__type_support.c
-- Installing: /home/yahboom/Desktop/dogzillaS2/ros_ws/install/dog_joint_interfaces/include/dog_joint_interfaces/dog_joint_interfaces/srv/detail/set_motor_angle__type_support.c
-- Installing: /home/yahboom/Desktop/dogzillaS2/ros_ws/install/dog_joint_interfaces/include/dog_joint_interfaces/dog_joint_interfaces/srv/detail/set_motor_angle__rosidl_typesupport_introspection_c.h
-- Installing: /home/yahboom/Desktop/dogzillaS2/ros_ws/install/dog_joint_interfaces/include/dog_joint_interfaces/dog_joint_interfaces/srv/detail/set_joint_position__rosidl_typesupport_introspection_c.h
-- Up-to-date: /home/yahboom/Desktop/dogzillaS2/ros_ws/install/dog_joint_interfaces/include/dog_joint_interfaces/dog_joint_interfaces/msg
-- Up-to-date: /home/yahboom/Desktop/dogzillaS2/ros_ws/install/dog_joint_interfaces/include/dog_joint_interfaces/dog_joint_interfaces/msg/detail
-- Installing: /home/yahboom/Desktop/dogzillaS2/ros_ws/install/dog_joint_interfaces/include/dog_joint_interfaces/dog_joint_interfaces/msg/detail/motor_angle__type_support.c
-- Installing: /home/yahboom/Desktop/dogzillaS2/ros_ws/install/dog_joint_interfaces/include/dog_joint_interfaces/dog_joint_interfaces/msg/detail/motor_angle__rosidl_typesupport_introspection_c.h
-- Up-to-date: /home/yahboom/Desktop/dogzillaS2/ros_ws/install/dog_joint_interfaces/include/dog_joint_interfaces/dog_joint_interfaces/msg/rosidl_typesupport_introspection_c__visibility_control.h
-- Installing: /home/yahboom/Desktop/dogzillaS2/ros_ws/install/dog_joint_interfaces/lib/libdog_joint_interfaces__rosidl_typesupport_introspection_c.so
-- Set runtime path of "/home/yahboom/Desktop/dogzillaS2/ros_ws/install/dog_joint_interfaces/lib/libdog_joint_interfaces__rosidl_typesupport_introspection_c.so" to ""
-- Installing: /home/yahboom/Desktop/dogzillaS2/ros_ws/install/dog_joint_interfaces/lib/libdog_joint_interfaces__rosidl_typesupport_c.so
-- Set runtime path of "/home/yahboom/Desktop/dogzillaS2/ros_ws/install/dog_joint_interfaces/lib/libdog_joint_interfaces__rosidl_typesupport_c.so" to ""
-- Up-to-date: /home/yahboom/Desktop/dogzillaS2/ros_ws/install/dog_joint_interfaces/include/dog_joint_interfaces/dog_joint_interfaces
-- Up-to-date: /home/yahboom/Desktop/dogzillaS2/ros_ws/install/dog_joint_interfaces/include/dog_joint_interfaces/dog_joint_interfaces/srv
-- Up-to-date: /home/yahboom/Desktop/dogzillaS2/ros_ws/install/dog_joint_interfaces/include/dog_joint_interfaces/dog_joint_interfaces/srv/detail
-- Installing: /home/yahboom/Desktop/dogzillaS2/ros_ws/install/dog_joint_interfaces/include/dog_joint_interfaces/dog_joint_interfaces/srv/detail/set_motor_angle__type_support.cpp
-- Installing: /home/yahboom/Desktop/dogzillaS2/ros_ws/install/dog_joint_interfaces/include/dog_joint_interfaces/dog_joint_interfaces/srv/detail/set_joint_position__type_support.cpp
-- Installing: /home/yahboom/Desktop/dogzillaS2/ros_ws/install/dog_joint_interfaces/include/dog_joint_interfaces/dog_joint_interfaces/srv/detail/set_motor_angle__rosidl_typesupport_introspection_cpp.hpp
-- Installing: /home/yahboom/Desktop/dogzillaS2/ros_ws/install/dog_joint_interfaces/include/dog_joint_interfaces/dog_joint_interfaces/srv/detail/set_joint_position__rosidl_typesupport_introspection_cpp.hpp
-- Up-to-date: /home/yahboom/Desktop/dogzillaS2/ros_ws/install/dog_joint_interfaces/include/dog_joint_interfaces/dog_joint_interfaces/msg
-- Up-to-date: /home/yahboom/Desktop/dogzillaS2/ros_ws/install/dog_joint_interfaces/include/dog_joint_interfaces/dog_joint_interfaces/msg/detail
-- Installing: /home/yahboom/Desktop/dogzillaS2/ros_ws/install/dog_joint_interfaces/include/dog_joint_interfaces/dog_joint_interfaces/msg/detail/motor_angle__rosidl_typesupport_introspection_cpp.hpp
-- Installing: /home/yahboom/Desktop/dogzillaS2/ros_ws/install/dog_joint_interfaces/include/dog_joint_interfaces/dog_joint_interfaces/msg/detail/motor_angle__type_support.cpp
-- Installing: /home/yahboom/Desktop/dogzillaS2/ros_ws/install/dog_joint_interfaces/lib/libdog_joint_interfaces__rosidl_typesupport_introspection_cpp.so
-- Set runtime path of "/home/yahboom/Desktop/dogzillaS2/ros_ws/install/dog_joint_interfaces/lib/libdog_joint_interfaces__rosidl_typesupport_introspection_cpp.so" to ""
-- Installing: /home/yahboom/Desktop/dogzillaS2/ros_ws/install/dog_joint_interfaces/lib/libdog_joint_interfaces__rosidl_typesupport_cpp.so
-- Set runtime path of "/home/yahboom/Desktop/dogzillaS2/ros_ws/install/dog_joint_interfaces/lib/libdog_joint_interfaces__rosidl_typesupport_cpp.so" to ""
-- Up-to-date: /home/yahboom/Desktop/dogzillaS2/ros_ws/install/dog_joint_interfaces/share/dog_joint_interfaces/environment/pythonpath.sh
-- Installing: /home/yahboom/Desktop/dogzillaS2/ros_ws/install/dog_joint_interfaces/share/dog_joint_interfaces/environment/pythonpath.dsv
-- Up-to-date: /home/yahboom/Desktop/dogzillaS2/ros_ws/install/dog_joint_interfaces/local/lib/python3.10/dist-packages/dog_joint_interfaces-0.0.0-py3.10.egg-info
-- Installing: /home/yahboom/Desktop/dogzillaS2/ros_ws/install/dog_joint_interfaces/local/lib/python3.10/dist-packages/dog_joint_interfaces-0.0.0-py3.10.egg-info/top_level.txt
-- Installing: /home/yahboom/Desktop/dogzillaS2/ros_ws/install/dog_joint_interfaces/local/lib/python3.10/dist-packages/dog_joint_interfaces-0.0.0-py3.10.egg-info/PKG-INFO
-- Installing: /home/yahboom/Desktop/dogzillaS2/ros_ws/install/dog_joint_interfaces/local/lib/python3.10/dist-packages/dog_joint_interfaces-0.0.0-py3.10.egg-info/dependency_links.txt
-- Installing: /home/yahboom/Desktop/dogzillaS2/ros_ws/install/dog_joint_interfaces/local/lib/python3.10/dist-packages/dog_joint_interfaces-0.0.0-py3.10.egg-info/SOURCES.txt
-- Up-to-date: /home/yahboom/Desktop/dogzillaS2/ros_ws/install/dog_joint_interfaces/local/lib/python3.10/dist-packages/dog_joint_interfaces
-- Installing: /home/yahboom/Desktop/dogzillaS2/ros_ws/install/dog_joint_interfaces/local/lib/python3.10/dist-packages/dog_joint_interfaces/libdog_joint_interfaces__rosidl_generator_py.so
-- Installing: /home/yahboom/Desktop/dogzillaS2/ros_ws/install/dog_joint_interfaces/local/lib/python3.10/dist-packages/dog_joint_interfaces/_dog_joint_interfaces_s.ep.rosidl_typesupport_c.c
-- Up-to-date: /home/yahboom/Desktop/dogzillaS2/ros_ws/install/dog_joint_interfaces/local/lib/python3.10/dist-packages/dog_joint_interfaces/srv
-- Installing: /home/yahboom/Desktop/dogzillaS2/ros_ws/install/dog_joint_interfaces/local/lib/python3.10/dist-packages/dog_joint_interfaces/srv/_set_motor_angle_s.c
-- Installing: /home/yahboom/Desktop/dogzillaS2/ros_ws/install/dog_joint_interfaces/local/lib/python3.10/dist-packages/dog_joint_interfaces/srv/__init__.py
-- Installing: /home/yahboom/Desktop/dogzillaS2/ros_ws/install/dog_joint_interfaces/local/lib/python3.10/dist-packages/dog_joint_interfaces/srv/_set_motor_angle.py
-- Installing: /home/yahboom/Desktop/dogzillaS2/ros_ws/install/dog_joint_interfaces/local/lib/python3.10/dist-packages/dog_joint_interfaces/srv/_set_joint_position.py
-- Installing: /home/yahboom/Desktop/dogzillaS2/ros_ws/install/dog_joint_interfaces/local/lib/python3.10/dist-packages/dog_joint_interfaces/srv/_set_joint_position_s.c
-- Installing: /home/yahboom/Desktop/dogzillaS2/ros_ws/install/dog_joint_interfaces/local/lib/python3.10/dist-packages/dog_joint_interfaces/dog_joint_interfaces_s__rosidl_typesupport_fastrtps_c.cpython-310-x86_64-linux-gnu.so
-- Installing: /home/yahboom/Desktop/dogzillaS2/ros_ws/install/dog_joint_interfaces/local/lib/python3.10/dist-packages/dog_joint_interfaces/__init__.py
-- Installing: /home/yahboom/Desktop/dogzillaS2/ros_ws/install/dog_joint_interfaces/local/lib/python3.10/dist-packages/dog_joint_interfaces/dog_joint_interfaces_s__rosidl_typesupport_c.cpython-310-x86_64-linux-gnu.so
-- Up-to-date: /home/yahboom/Desktop/dogzillaS2/ros_ws/install/dog_joint_interfaces/local/lib/python3.10/dist-packages/dog_joint_interfaces/msg
-- Installing: /home/yahboom/Desktop/dogzillaS2/ros_ws/install/dog_joint_interfaces/local/lib/python3.10/dist-packages/dog_joint_interfaces/msg/__init__.py
-- Installing: /home/yahboom/Desktop/dogzillaS2/ros_ws/install/dog_joint_interfaces/local/lib/python3.10/dist-packages/dog_joint_interfaces/msg/_motor_angle.py
-- Installing: /home/yahboom/Desktop/dogzillaS2/ros_ws/install/dog_joint_interfaces/local/lib/python3.10/dist-packages/dog_joint_interfaces/msg/_motor_angle_s.c
-- Installing: /home/yahboom/Desktop/dogzillaS2/ros_ws/install/dog_joint_interfaces/local/lib/python3.10/dist-packages/dog_joint_interfaces/_dog_joint_interfaces_s.ep.rosidl_typesupport_introspection_c.c
-- Installing: /home/yahboom/Desktop/dogzillaS2/ros_ws/install/dog_joint_interfaces/local/lib/python3.10/dist-packages/dog_joint_interfaces/_dog_joint_interfaces_s.ep.rosidl_typesupport_fastrtps_c.c
-- Installing: /home/yahboom/Desktop/dogzillaS2/ros_ws/install/dog_joint_interfaces/local/lib/python3.10/dist-packages/dog_joint_interfaces/dog_joint_interfaces_s__rosidl_typesupport_introspection_c.cpython-310-x86_64-linux-gnu.so
Listing '/home/yahboom/Desktop/dogzillaS2/ros_ws/install/dog_joint_interfaces/local/lib/python3.10/dist-packages/dog_joint_interfaces'...
Compiling '/home/yahboom/Desktop/dogzillaS2/ros_ws/install/dog_joint_interfaces/local/lib/python3.10/dist-packages/dog_joint_interfaces/__init__.py'...
Listing '/home/yahboom/Desktop/dogzillaS2/ros_ws/install/dog_joint_interfaces/local/lib/python3.10/dist-packages/dog_joint_interfaces/msg'...
Compiling '/home/yahboom/Desktop/dogzillaS2/ros_ws/install/dog_joint_interfaces/local/lib/python3.10/dist-packages/dog_joint_interfaces/msg/__init__.py'...
Compiling '/home/yahboom/Desktop/dogzillaS2/ros_ws/install/dog_joint_interfaces/local/lib/python3.10/dist-packages/dog_joint_interfaces/msg/_motor_angle.py'...
Listing '/home/yahboom/Desktop/dogzillaS2/ros_ws/install/dog_joint_interfaces/local/lib/python3.10/dist-packages/dog_joint_interfaces/srv'...
Compiling '/home/yahboom/Desktop/dogzillaS2/ros_ws/install/dog_joint_interfaces/local/lib/python3.10/dist-packages/dog_joint_interfaces/srv/__init__.py'...
Compiling '/home/yahboom/Desktop/dogzillaS2/ros_ws/install/dog_joint_interfaces/local/lib/python3.10/dist-packages/dog_joint_interfaces/srv/_set_joint_position.py'...
Compiling '/home/yahboom/Desktop/dogzillaS2/ros_ws/install/dog_joint_interfaces/local/lib/python3.10/dist-packages/dog_joint_interfaces/srv/_set_motor_angle.py'...
-- Installing: /home/yahboom/Desktop/dogzillaS2/ros_ws/install/dog_joint_interfaces/local/lib/python3.10/dist-packages/dog_joint_interfaces/dog_joint_interfaces_s__rosidl_typesupport_fastrtps_c.cpython-310-x86_64-linux-gnu.so
-- Set runtime path of "/home/yahboom/Desktop/dogzillaS2/ros_ws/install/dog_joint_interfaces/local/lib/python3.10/dist-packages/dog_joint_interfaces/dog_joint_interfaces_s__rosidl_typesupport_fastrtps_c.cpython-310-x86_64-linux-gnu.so" to ""
-- Installing: /home/yahboom/Desktop/dogzillaS2/ros_ws/install/dog_joint_interfaces/local/lib/python3.10/dist-packages/dog_joint_interfaces/dog_joint_interfaces_s__rosidl_typesupport_introspection_c.cpython-310-x86_64-linux-gnu.so
-- Set runtime path of "/home/yahboom/Desktop/dogzillaS2/ros_ws/install/dog_joint_interfaces/local/lib/python3.10/dist-packages/dog_joint_interfaces/dog_joint_interfaces_s__rosidl_typesupport_introspection_c.cpython-310-x86_64-linux-gnu.so" to ""
-- Installing: /home/yahboom/Desktop/dogzillaS2/ros_ws/install/dog_joint_interfaces/local/lib/python3.10/dist-packages/dog_joint_interfaces/dog_joint_interfaces_s__rosidl_typesupport_c.cpython-310-x86_64-linux-gnu.so
-- Set runtime path of "/home/yahboom/Desktop/dogzillaS2/ros_ws/install/dog_joint_interfaces/local/lib/python3.10/dist-packages/dog_joint_interfaces/dog_joint_interfaces_s__rosidl_typesupport_c.cpython-310-x86_64-linux-gnu.so" to ""
-- Installing: /home/yahboom/Desktop/dogzillaS2/ros_ws/install/dog_joint_interfaces/lib/libdog_joint_interfaces__rosidl_generator_py.so
-- Set runtime path of "/home/yahboom/Desktop/dogzillaS2/ros_ws/install/dog_joint_interfaces/lib/libdog_joint_interfaces__rosidl_generator_py.so" to ""
-- Up-to-date: /home/yahboom/Desktop/dogzillaS2/ros_ws/install/dog_joint_interfaces/share/dog_joint_interfaces/srv/SetJointPosition.idl
-- Installing: /home/yahboom/Desktop/dogzillaS2/ros_ws/install/dog_joint_interfaces/share/dog_joint_interfaces/srv/SetMotorAngle.idl
-- Up-to-date: /home/yahboom/Desktop/dogzillaS2/ros_ws/install/dog_joint_interfaces/share/dog_joint_interfaces/msg/MotorAngle.idl
-- Up-to-date: /home/yahboom/Desktop/dogzillaS2/ros_ws/install/dog_joint_interfaces/share/dog_joint_interfaces/srv/SetJointPosition.srv
-- Up-to-date: /home/yahboom/Desktop/dogzillaS2/ros_ws/install/dog_joint_interfaces/share/dog_joint_interfaces/srv/SetJointPosition_Request.msg
-- Up-to-date: /home/yahboom/Desktop/dogzillaS2/ros_ws/install/dog_joint_interfaces/share/dog_joint_interfaces/srv/SetJointPosition_Response.msg
-- Installing: /home/yahboom/Desktop/dogzillaS2/ros_ws/install/dog_joint_interfaces/share/dog_joint_interfaces/srv/SetMotorAngle.srv
-- Installing: /home/yahboom/Desktop/dogzillaS2/ros_ws/install/dog_joint_interfaces/share/dog_joint_interfaces/srv/SetMotorAngle_Request.msg
-- Installing: /home/yahboom/Desktop/dogzillaS2/ros_ws/install/dog_joint_interfaces/share/dog_joint_interfaces/srv/SetMotorAngle_Response.msg
-- Up-to-date: /home/yahboom/Desktop/dogzillaS2/ros_ws/install/dog_joint_interfaces/share/dog_joint_interfaces/msg/MotorAngle.msg
-- Up-to-date: /home/yahboom/Desktop/dogzillaS2/ros_ws/install/dog_joint_interfaces/share/ament_index/resource_index/package_run_dependencies/dog_joint_interfaces
-- Up-to-date: /home/yahboom/Desktop/dogzillaS2/ros_ws/install/dog_joint_interfaces/share/ament_index/resource_index/parent_prefix_path/dog_joint_interfaces
-- Up-to-date: /home/yahboom/Desktop/dogzillaS2/ros_ws/install/dog_joint_interfaces/share/dog_joint_interfaces/environment/ament_prefix_path.sh
-- Installing: /home/yahboom/Desktop/dogzillaS2/ros_ws/install/dog_joint_interfaces/share/dog_joint_interfaces/environment/ament_prefix_path.dsv
-- Up-to-date: /home/yahboom/Desktop/dogzillaS2/ros_ws/install/dog_joint_interfaces/share/dog_joint_interfaces/environment/path.sh
-- Installing: /home/yahboom/Desktop/dogzillaS2/ros_ws/install/dog_joint_interfaces/share/dog_joint_interfaces/environment/path.dsv
-- Up-to-date: /home/yahboom/Desktop/dogzillaS2/ros_ws/install/dog_joint_interfaces/share/dog_joint_interfaces/local_setup.bash
-- Up-to-date: /home/yahboom/Desktop/dogzillaS2/ros_ws/install/dog_joint_interfaces/share/dog_joint_interfaces/local_setup.sh
-- Up-to-date: /home/yahboom/Desktop/dogzillaS2/ros_ws/install/dog_joint_interfaces/share/dog_joint_interfaces/local_setup.zsh
-- Installing: /home/yahboom/Desktop/dogzillaS2/ros_ws/install/dog_joint_interfaces/share/dog_joint_interfaces/local_setup.dsv
-- Installing: /home/yahboom/Desktop/dogzillaS2/ros_ws/install/dog_joint_interfaces/share/dog_joint_interfaces/package.dsv
-- Up-to-date: /home/yahboom/Desktop/dogzillaS2/ros_ws/install/dog_joint_interfaces/share/ament_index/resource_index/packages/dog_joint_interfaces
-- Up-to-date: /home/yahboom/Desktop/dogzillaS2/ros_ws/install/dog_joint_interfaces/share/dog_joint_interfaces/cmake/export_dog_joint_interfaces__rosidl_generator_cExport.cmake
-- Up-to-date: /home/yahboom/Desktop/dogzillaS2/ros_ws/install/dog_joint_interfaces/share/dog_joint_interfaces/cmake/export_dog_joint_interfaces__rosidl_generator_cExport-noconfig.cmake
-- Up-to-date: /home/yahboom/Desktop/dogzillaS2/ros_ws/install/dog_joint_interfaces/share/dog_joint_interfaces/cmake/export_dog_joint_interfaces__rosidl_typesupport_fastrtps_cExport.cmake
-- Up-to-date: /home/yahboom/Desktop/dogzillaS2/ros_ws/install/dog_joint_interfaces/share/dog_joint_interfaces/cmake/export_dog_joint_interfaces__rosidl_typesupport_fastrtps_cExport-noconfig.cmake
-- Up-to-date: /home/yahboom/Desktop/dogzillaS2/ros_ws/install/dog_joint_interfaces/share/dog_joint_interfaces/cmake/export_dog_joint_interfaces__rosidl_generator_cppExport.cmake
-- Up-to-date: /home/yahboom/Desktop/dogzillaS2/ros_ws/install/dog_joint_interfaces/share/dog_joint_interfaces/cmake/export_dog_joint_interfaces__rosidl_typesupport_fastrtps_cppExport.cmake
-- Up-to-date: /home/yahboom/Desktop/dogzillaS2/ros_ws/install/dog_joint_interfaces/share/dog_joint_interfaces/cmake/export_dog_joint_interfaces__rosidl_typesupport_fastrtps_cppExport-noconfig.cmake
-- Up-to-date: /home/yahboom/Desktop/dogzillaS2/ros_ws/install/dog_joint_interfaces/share/dog_joint_interfaces/cmake/dog_joint_interfaces__rosidl_typesupport_introspection_cExport.cmake
-- Up-to-date: /home/yahboom/Desktop/dogzillaS2/ros_ws/install/dog_joint_interfaces/share/dog_joint_interfaces/cmake/dog_joint_interfaces__rosidl_typesupport_introspection_cExport-noconfig.cmake
-- Up-to-date: /home/yahboom/Desktop/dogzillaS2/ros_ws/install/dog_joint_interfaces/share/dog_joint_interfaces/cmake/dog_joint_interfaces__rosidl_typesupport_cExport.cmake
-- Up-to-date: /home/yahboom/Desktop/dogzillaS2/ros_ws/install/dog_joint_interfaces/share/dog_joint_interfaces/cmake/dog_joint_interfaces__rosidl_typesupport_cExport-noconfig.cmake
-- Up-to-date: /home/yahboom/Desktop/dogzillaS2/ros_ws/install/dog_joint_interfaces/share/dog_joint_interfaces/cmake/dog_joint_interfaces__rosidl_typesupport_introspection_cppExport.cmake
-- Up-to-date: /home/yahboom/Desktop/dogzillaS2/ros_ws/install/dog_joint_interfaces/share/dog_joint_interfaces/cmake/dog_joint_interfaces__rosidl_typesupport_introspection_cppExport-noconfig.cmake
-- Up-to-date: /home/yahboom/Desktop/dogzillaS2/ros_ws/install/dog_joint_interfaces/share/dog_joint_interfaces/cmake/dog_joint_interfaces__rosidl_typesupport_cppExport.cmake
-- Up-to-date: /home/yahboom/Desktop/dogzillaS2/ros_ws/install/dog_joint_interfaces/share/dog_joint_interfaces/cmake/dog_joint_interfaces__rosidl_typesupport_cppExport-noconfig.cmake
-- Up-to-date: /home/yahboom/Desktop/dogzillaS2/ros_ws/install/dog_joint_interfaces/share/dog_joint_interfaces/cmake/export_dog_joint_interfaces__rosidl_generator_pyExport.cmake
-- Up-to-date: /home/yahboom/Desktop/dogzillaS2/ros_ws/install/dog_joint_interfaces/share/dog_joint_interfaces/cmake/export_dog_joint_interfaces__rosidl_generator_pyExport-noconfig.cmake
-- Installing: /home/yahboom/Desktop/dogzillaS2/ros_ws/install/dog_joint_interfaces/share/dog_joint_interfaces/cmake/rosidl_cmake-extras.cmake
-- Up-to-date: /home/yahboom/Desktop/dogzillaS2/ros_ws/install/dog_joint_interfaces/share/dog_joint_interfaces/cmake/ament_cmake_export_dependencies-extras.cmake
-- Up-to-date: /home/yahboom/Desktop/dogzillaS2/ros_ws/install/dog_joint_interfaces/share/dog_joint_interfaces/cmake/ament_cmake_export_include_directories-extras.cmake
-- Up-to-date: /home/yahboom/Desktop/dogzillaS2/ros_ws/install/dog_joint_interfaces/share/dog_joint_interfaces/cmake/ament_cmake_export_libraries-extras.cmake
-- Up-to-date: /home/yahboom/Desktop/dogzillaS2/ros_ws/install/dog_joint_interfaces/share/dog_joint_interfaces/cmake/ament_cmake_export_targets-extras.cmake
-- Up-to-date: /home/yahboom/Desktop/dogzillaS2/ros_ws/install/dog_joint_interfaces/share/dog_joint_interfaces/cmake/rosidl_cmake_export_typesupport_targets-extras.cmake
-- Up-to-date: /home/yahboom/Desktop/dogzillaS2/ros_ws/install/dog_joint_interfaces/share/dog_joint_interfaces/cmake/rosidl_cmake_export_typesupport_libraries-extras.cmake
-- Up-to-date: /home/yahboom/Desktop/dogzillaS2/ros_ws/install/dog_joint_interfaces/share/dog_joint_interfaces/cmake/dog_joint_interfacesConfig.cmake
-- Up-to-date: /home/yahboom/Desktop/dogzillaS2/ros_ws/install/dog_joint_interfaces/share/dog_joint_interfaces/cmake/dog_joint_interfacesConfig-version.cmake
-- Up-to-date: /home/yahboom/Desktop/dogzillaS2/ros_ws/install/dog_joint_interfaces/share/dog_joint_interfaces/package.xml
