[0.114s] Invoking command in '/home/yahboom/Desktop/dogzillaS2/ros_ws/build/dog_joint_interfaces': CMAKE_PREFIX_PATH=${CMAKE_PREFIX_PATH}:/home/yahboom/Desktop/dogzillaS2/ros_ws/install/webcam:/home/yahboom/Desktop/dogzillaS2/ros_ws/install/dogzilla_joints:/home/yahboom/cartoros2/install/yahboomcar_nav:/home/yahboom/cartoros2/install/yahboomcar_ctrl:/home/yahboom/cartoros2/install/yahboom_visual:/home/yahboom/cartoros2/install/yahboom_dog_joint_state:/home/yahboom/cartoros2/install/yahboom_description:/home/yahboom/cartoros2/install/yahboom_color_identify_server:/home/yahboom/cartoros2/install/yahboom_bringup:/home/yahboom/cartoros2/install/yahboom_base:/home/yahboom/cartoros2/install/yahboom_app_save_map:/home/yahboom/cartoros2/install/update_map:/home/yahboom/cartoros2/install/rosboard:/home/yahboom/cartoros2/install/path_planner_server:/home/yahboom/cartoros2/install/nav2_simple_commander:/home/yahboom/cartoros2/install/nav2_gazebo_spawner:/home/yahboom/cartoros2/install/localization_server:/home/yahboom/cartoros2/install/laserscan_to_point_pulisher:/home/yahboom/yahboomcar_ws/install/yahboom_dog_example:/opt/ros/humble /usr/bin/cmake --build /home/yahboom/Desktop/dogzillaS2/ros_ws/build/dog_joint_interfaces -- -j4 -l4
[0.831s] -- Found ament_cmake: 1.3.8 (/opt/ros/humble/share/ament_cmake/cmake)
[0.831s] -- Found ament_lint_auto: 0.12.10 (/opt/ros/humble/share/ament_lint_auto/cmake)
[0.870s] -- Found sensor_msgs: 4.2.3 (/opt/ros/humble/share/sensor_msgs/cmake)
[0.924s] -- Found rosidl_generator_c: 3.1.5 (/opt/ros/humble/share/rosidl_generator_c/cmake)
[0.931s] -- Found rosidl_adapter: 3.1.5 (/opt/ros/humble/share/rosidl_adapter/cmake)
[0.946s] -- Found rosidl_generator_cpp: 3.1.5 (/opt/ros/humble/share/rosidl_generator_cpp/cmake)
[0.981s] -- Using all available rosidl_typesupport_c: rosidl_typesupport_fastrtps_c;rosidl_typesupport_introspection_c
[1.019s] -- Using all available rosidl_typesupport_cpp: rosidl_typesupport_fastrtps_cpp;rosidl_typesupport_introspection_cpp
[1.441s] -- Found rosidl_default_generators: 1.2.0 (/opt/ros/humble/share/rosidl_default_generators/cmake)
[2.164s] -- Found ament_cmake_ros: 0.10.0 (/opt/ros/humble/share/ament_cmake_ros/cmake)
[3.539s] -- Using all available rosidl_typesupport_c: rosidl_typesupport_fastrtps_c;rosidl_typesupport_introspection_c
[4.057s] -- Using all available rosidl_typesupport_cpp: rosidl_typesupport_fastrtps_cpp;rosidl_typesupport_introspection_cpp
[4.120s] -- Found python_cmake_module: 0.10.0 (/opt/ros/humble/share/python_cmake_module/cmake)
[4.179s] -- Using PYTHON_EXECUTABLE: /usr/bin/python3
[4.179s] -- Using PYTHON_INCLUDE_DIRS: /usr/include/python3.10
[4.179s] -- Using PYTHON_LIBRARIES: /usr/lib/x86_64-linux-gnu/libpython3.10.so
[4.478s] -- Added test 'lint_cmake' to check CMake code style
[4.481s] -- Added test 'xmllint' to check XML markup files
[4.489s] -- Configuring done
[4.610s] -- Generating done
[4.621s] -- Build files have been written to: /home/yahboom/Desktop/dogzillaS2/ros_ws/build/dog_joint_interfaces
[4.736s] [  2%] [34m[1mGenerating C code for ROS interfaces[0m
[4.776s] [  4%] [34m[1mGenerating C++ code for ROS interfaces[0m
[4.840s] [  4%] Built target ament_cmake_python_copy_dog_joint_interfaces
[5.470s] running egg_info
[5.471s] writing dog_joint_interfaces.egg-info/PKG-INFO
[5.471s] writing dependency_links to dog_joint_interfaces.egg-info/dependency_links.txt
[5.472s] writing top-level names to dog_joint_interfaces.egg-info/top_level.txt
[5.479s] reading manifest file 'dog_joint_interfaces.egg-info/SOURCES.txt'
[5.482s] writing manifest file 'dog_joint_interfaces.egg-info/SOURCES.txt'
[5.566s] [  4%] Built target ament_cmake_python_build_dog_joint_interfaces_egg
[5.727s] [35m[1mConsolidate compiler generated dependencies of target dog_joint_interfaces__rosidl_generator_c[0m
[5.778s] [  6%] [32mBuilding C object CMakeFiles/dog_joint_interfaces__rosidl_generator_c.dir/rosidl_generator_c/dog_joint_interfaces/srv/detail/set_joint_position__functions.c.o[0m
[5.788s] [  8%] [32mBuilding C object CMakeFiles/dog_joint_interfaces__rosidl_generator_c.dir/rosidl_generator_c/dog_joint_interfaces/srv/detail/set_motor_angle__functions.c.o[0m
[5.804s] [ 10%] [32mBuilding C object CMakeFiles/dog_joint_interfaces__rosidl_generator_c.dir/rosidl_generator_c/dog_joint_interfaces/msg/detail/motor_angle__functions.c.o[0m
[5.811s] [ 10%] Built target dog_joint_interfaces__cpp
[5.865s] [ 12%] [34m[1mGenerating C++ type support for eProsima Fast-RTPS[0m
[5.934s] [ 14%] [34m[1mGenerating C++ introspection for ROS interfaces[0m
[5.952s] [ 17%] [32m[1mLinking C shared library libdog_joint_interfaces__rosidl_generator_c.so[0m
[5.960s] [ 19%] [34m[1mGenerating C++ type support dispatch for ROS interfaces[0m
[6.117s] [ 19%] Built target dog_joint_interfaces__rosidl_generator_c
[6.167s] [ 21%] [34m[1mGenerating C introspection for ROS interfaces[0m
[6.734s] [35m[1mConsolidate compiler generated dependencies of target dog_joint_interfaces__rosidl_typesupport_cpp[0m
[6.788s] [ 23%] [32mBuilding CXX object CMakeFiles/dog_joint_interfaces__rosidl_typesupport_cpp.dir/rosidl_typesupport_cpp/dog_joint_interfaces/srv/set_joint_position__type_support.cpp.o[0m
[6.835s] [35m[1mConsolidate compiler generated dependencies of target dog_joint_interfaces__rosidl_typesupport_fastrtps_cpp[0m
[6.891s] [ 25%] [32mBuilding CXX object CMakeFiles/dog_joint_interfaces__rosidl_typesupport_fastrtps_cpp.dir/rosidl_typesupport_fastrtps_cpp/dog_joint_interfaces/srv/detail/dds_fastrtps/set_joint_position__type_support.cpp.o[0m
[6.923s] [35m[1mConsolidate compiler generated dependencies of target dog_joint_interfaces__rosidl_typesupport_introspection_cpp[0m
[6.977s] [ 27%] [32mBuilding CXX object CMakeFiles/dog_joint_interfaces__rosidl_typesupport_introspection_cpp.dir/rosidl_typesupport_introspection_cpp/dog_joint_interfaces/srv/detail/set_joint_position__type_support.cpp.o[0m
[7.130s] [35m[1mConsolidate compiler generated dependencies of target dog_joint_interfaces__rosidl_typesupport_introspection_c[0m
[7.176s] [ 29%] [32mBuilding C object CMakeFiles/dog_joint_interfaces__rosidl_typesupport_introspection_c.dir/rosidl_typesupport_introspection_c/dog_joint_interfaces/srv/detail/set_joint_position__type_support.c.o[0m
[7.304s] [ 31%] [32mBuilding C object CMakeFiles/dog_joint_interfaces__rosidl_typesupport_introspection_c.dir/rosidl_typesupport_introspection_c/dog_joint_interfaces/srv/detail/set_motor_angle__type_support.c.o[0m
[7.384s] [ 34%] [32mBuilding CXX object CMakeFiles/dog_joint_interfaces__rosidl_typesupport_cpp.dir/rosidl_typesupport_cpp/dog_joint_interfaces/srv/set_motor_angle__type_support.cpp.o[0m
[7.430s] [ 36%] [32mBuilding C object CMakeFiles/dog_joint_interfaces__rosidl_typesupport_introspection_c.dir/rosidl_typesupport_introspection_c/dog_joint_interfaces/msg/detail/motor_angle__type_support.c.o[0m
[7.555s] [ 38%] [32m[1mLinking C shared library libdog_joint_interfaces__rosidl_typesupport_introspection_c.so[0m
[7.717s] [ 38%] Built target dog_joint_interfaces__rosidl_typesupport_introspection_c
[7.758s] [ 40%] [32mBuilding CXX object CMakeFiles/dog_joint_interfaces__rosidl_typesupport_cpp.dir/rosidl_typesupport_cpp/dog_joint_interfaces/msg/motor_angle__type_support.cpp.o[0m
[7.806s] [ 42%] [32mBuilding CXX object CMakeFiles/dog_joint_interfaces__rosidl_typesupport_fastrtps_cpp.dir/rosidl_typesupport_fastrtps_cpp/dog_joint_interfaces/srv/detail/dds_fastrtps/set_motor_angle__type_support.cpp.o[0m
[7.924s] [ 44%] [32mBuilding CXX object CMakeFiles/dog_joint_interfaces__rosidl_typesupport_introspection_cpp.dir/rosidl_typesupport_introspection_cpp/dog_joint_interfaces/srv/detail/set_motor_angle__type_support.cpp.o[0m
[8.008s] [ 46%] [32mBuilding CXX object CMakeFiles/dog_joint_interfaces__rosidl_typesupport_fastrtps_cpp.dir/rosidl_typesupport_fastrtps_cpp/dog_joint_interfaces/msg/detail/dds_fastrtps/motor_angle__type_support.cpp.o[0m
[8.299s] [ 48%] [32m[1mLinking CXX shared library libdog_joint_interfaces__rosidl_typesupport_cpp.so[0m
[8.438s] [ 48%] Built target dog_joint_interfaces__rosidl_typesupport_cpp
[8.474s] [ 51%] [32mBuilding CXX object CMakeFiles/dog_joint_interfaces__rosidl_typesupport_introspection_cpp.dir/rosidl_typesupport_introspection_cpp/dog_joint_interfaces/msg/detail/motor_angle__type_support.cpp.o[0m
[8.696s] [ 53%] [34m[1mGenerating C type support dispatch for ROS interfaces[0m
[8.739s] [ 55%] [34m[1mGenerating C type support for eProsima Fast-RTPS[0m
[8.833s] [ 57%] [32m[1mLinking CXX shared library libdog_joint_interfaces__rosidl_typesupport_fastrtps_cpp.so[0m
[9.069s] [ 57%] Built target dog_joint_interfaces__rosidl_typesupport_fastrtps_cpp
[9.165s] [ 59%] [32m[1mLinking CXX shared library libdog_joint_interfaces__rosidl_typesupport_introspection_cpp.so[0m
[9.305s] [35m[1mConsolidate compiler generated dependencies of target dog_joint_interfaces__rosidl_typesupport_c[0m
[9.327s] [ 59%] Built target dog_joint_interfaces__rosidl_typesupport_introspection_cpp
[9.342s] [ 61%] [32mBuilding CXX object CMakeFiles/dog_joint_interfaces__rosidl_typesupport_c.dir/rosidl_typesupport_c/dog_joint_interfaces/srv/set_joint_position__type_support.cpp.o[0m
[9.351s] [ 63%] [32mBuilding CXX object CMakeFiles/dog_joint_interfaces__rosidl_typesupport_c.dir/rosidl_typesupport_c/dog_joint_interfaces/srv/set_motor_angle__type_support.cpp.o[0m
[9.360s] [ 65%] [32mBuilding CXX object CMakeFiles/dog_joint_interfaces__rosidl_typesupport_c.dir/rosidl_typesupport_c/dog_joint_interfaces/msg/motor_angle__type_support.cpp.o[0m
[9.440s] [ 68%] [32m[1mLinking CXX shared library libdog_joint_interfaces__rosidl_typesupport_c.so[0m
[9.450s] [35m[1mConsolidate compiler generated dependencies of target dog_joint_interfaces__rosidl_typesupport_fastrtps_c[0m
[9.486s] [ 70%] [32mBuilding CXX object CMakeFiles/dog_joint_interfaces__rosidl_typesupport_fastrtps_c.dir/rosidl_typesupport_fastrtps_c/dog_joint_interfaces/srv/detail/set_joint_position__type_support_c.cpp.o[0m
[9.489s] [ 72%] [32mBuilding CXX object CMakeFiles/dog_joint_interfaces__rosidl_typesupport_fastrtps_c.dir/rosidl_typesupport_fastrtps_c/dog_joint_interfaces/srv/detail/set_motor_angle__type_support_c.cpp.o[0m
[9.492s] [ 74%] [32mBuilding CXX object CMakeFiles/dog_joint_interfaces__rosidl_typesupport_fastrtps_c.dir/rosidl_typesupport_fastrtps_c/dog_joint_interfaces/msg/detail/motor_angle__type_support_c.cpp.o[0m
[9.553s] [ 74%] Built target dog_joint_interfaces__rosidl_typesupport_c
[10.025s] [ 76%] [32m[1mLinking CXX shared library libdog_joint_interfaces__rosidl_typesupport_fastrtps_c.so[0m
[10.163s] [ 76%] Built target dog_joint_interfaces__rosidl_typesupport_fastrtps_c
[10.214s] [ 76%] Built target dog_joint_interfaces
[10.267s] [ 78%] [34m[1mGenerating Python code for ROS interfaces[0m
[10.984s] [ 78%] Built target dog_joint_interfaces__py
[11.012s] [35m[1mConsolidate compiler generated dependencies of target dog_joint_interfaces__rosidl_generator_py[0m
[11.044s] [ 80%] [32mBuilding C object CMakeFiles/dog_joint_interfaces__rosidl_generator_py.dir/rosidl_generator_py/dog_joint_interfaces/srv/_set_joint_position_s.c.o[0m
[11.053s] [ 82%] [32mBuilding C object CMakeFiles/dog_joint_interfaces__rosidl_generator_py.dir/rosidl_generator_py/dog_joint_interfaces/msg/_motor_angle_s.c.o[0m
[11.056s] [ 85%] [32mBuilding C object CMakeFiles/dog_joint_interfaces__rosidl_generator_py.dir/rosidl_generator_py/dog_joint_interfaces/srv/_set_motor_angle_s.c.o[0m
[11.240s] [ 87%] [32m[1mLinking C shared library rosidl_generator_py/dog_joint_interfaces/libdog_joint_interfaces__rosidl_generator_py.so[0m
[11.320s] [ 87%] Built target dog_joint_interfaces__rosidl_generator_py
[11.351s] [35m[1mConsolidate compiler generated dependencies of target dog_joint_interfaces__rosidl_typesupport_introspection_c__pyext[0m
[11.355s] [35m[1mConsolidate compiler generated dependencies of target dog_joint_interfaces__rosidl_typesupport_fastrtps_c__pyext[0m
[11.355s] [35m[1mConsolidate compiler generated dependencies of target dog_joint_interfaces__rosidl_typesupport_c__pyext[0m
[11.383s] [ 91%] [32mBuilding C object CMakeFiles/dog_joint_interfaces__rosidl_typesupport_fastrtps_c__pyext.dir/rosidl_generator_py/dog_joint_interfaces/_dog_joint_interfaces_s.ep.rosidl_typesupport_fastrtps_c.c.o[0m
[11.384s] [ 91%] [32mBuilding C object CMakeFiles/dog_joint_interfaces__rosidl_typesupport_introspection_c__pyext.dir/rosidl_generator_py/dog_joint_interfaces/_dog_joint_interfaces_s.ep.rosidl_typesupport_introspection_c.c.o[0m
[11.389s] [ 93%] [32mBuilding C object CMakeFiles/dog_joint_interfaces__rosidl_typesupport_c__pyext.dir/rosidl_generator_py/dog_joint_interfaces/_dog_joint_interfaces_s.ep.rosidl_typesupport_c.c.o[0m
[11.568s] [ 95%] [32m[1mLinking C shared library rosidl_generator_py/dog_joint_interfaces/dog_joint_interfaces_s__rosidl_typesupport_fastrtps_c.cpython-310-x86_64-linux-gnu.so[0m
[11.585s] [ 97%] [32m[1mLinking C shared library rosidl_generator_py/dog_joint_interfaces/dog_joint_interfaces_s__rosidl_typesupport_introspection_c.cpython-310-x86_64-linux-gnu.so[0m
[11.586s] [100%] [32m[1mLinking C shared library rosidl_generator_py/dog_joint_interfaces/dog_joint_interfaces_s__rosidl_typesupport_c.cpython-310-x86_64-linux-gnu.so[0m
[11.670s] [100%] Built target dog_joint_interfaces__rosidl_typesupport_fastrtps_c__pyext
[11.682s] [100%] Built target dog_joint_interfaces__rosidl_typesupport_introspection_c__pyext
[11.685s] [100%] Built target dog_joint_interfaces__rosidl_typesupport_c__pyext
[11.709s] Invoked command in '/home/yahboom/Desktop/dogzillaS2/ros_ws/build/dog_joint_interfaces' returned '0': CMAKE_PREFIX_PATH=${CMAKE_PREFIX_PATH}:/home/yahboom/Desktop/dogzillaS2/ros_ws/install/webcam:/home/yahboom/Desktop/dogzillaS2/ros_ws/install/dogzilla_joints:/home/yahboom/cartoros2/install/yahboomcar_nav:/home/yahboom/cartoros2/install/yahboomcar_ctrl:/home/yahboom/cartoros2/install/yahboom_visual:/home/yahboom/cartoros2/install/yahboom_dog_joint_state:/home/yahboom/cartoros2/install/yahboom_description:/home/yahboom/cartoros2/install/yahboom_color_identify_server:/home/yahboom/cartoros2/install/yahboom_bringup:/home/yahboom/cartoros2/install/yahboom_base:/home/yahboom/cartoros2/install/yahboom_app_save_map:/home/yahboom/cartoros2/install/update_map:/home/yahboom/cartoros2/install/rosboard:/home/yahboom/cartoros2/install/path_planner_server:/home/yahboom/cartoros2/install/nav2_simple_commander:/home/yahboom/cartoros2/install/nav2_gazebo_spawner:/home/yahboom/cartoros2/install/localization_server:/home/yahboom/cartoros2/install/laserscan_to_point_pulisher:/home/yahboom/yahboomcar_ws/install/yahboom_dog_example:/opt/ros/humble /usr/bin/cmake --build /home/yahboom/Desktop/dogzillaS2/ros_ws/build/dog_joint_interfaces -- -j4 -l4
[12.232s] Invoking command in '/home/yahboom/Desktop/dogzillaS2/ros_ws/build/dog_joint_interfaces': CMAKE_PREFIX_PATH=${CMAKE_PREFIX_PATH}:/home/yahboom/Desktop/dogzillaS2/ros_ws/install/webcam:/home/yahboom/Desktop/dogzillaS2/ros_ws/install/dogzilla_joints:/home/yahboom/cartoros2/install/yahboomcar_nav:/home/yahboom/cartoros2/install/yahboomcar_ctrl:/home/yahboom/cartoros2/install/yahboom_visual:/home/yahboom/cartoros2/install/yahboom_dog_joint_state:/home/yahboom/cartoros2/install/yahboom_description:/home/yahboom/cartoros2/install/yahboom_color_identify_server:/home/yahboom/cartoros2/install/yahboom_bringup:/home/yahboom/cartoros2/install/yahboom_base:/home/yahboom/cartoros2/install/yahboom_app_save_map:/home/yahboom/cartoros2/install/update_map:/home/yahboom/cartoros2/install/rosboard:/home/yahboom/cartoros2/install/path_planner_server:/home/yahboom/cartoros2/install/nav2_simple_commander:/home/yahboom/cartoros2/install/nav2_gazebo_spawner:/home/yahboom/cartoros2/install/localization_server:/home/yahboom/cartoros2/install/laserscan_to_point_pulisher:/home/yahboom/yahboomcar_ws/install/yahboom_dog_example:/opt/ros/humble /usr/bin/cmake --install /home/yahboom/Desktop/dogzillaS2/ros_ws/build/dog_joint_interfaces
[12.280s] -- Install configuration: ""
[12.281s] -- Installing: /home/yahboom/Desktop/dogzillaS2/ros_ws/install/dog_joint_interfaces/share/ament_index/resource_index/rosidl_interfaces/dog_joint_interfaces
[12.281s] -- Up-to-date: /home/yahboom/Desktop/dogzillaS2/ros_ws/install/dog_joint_interfaces/include/dog_joint_interfaces/dog_joint_interfaces
[12.282s] -- Up-to-date: /home/yahboom/Desktop/dogzillaS2/ros_ws/install/dog_joint_interfaces/include/dog_joint_interfaces/dog_joint_interfaces/srv
[12.283s] -- Up-to-date: /home/yahboom/Desktop/dogzillaS2/ros_ws/install/dog_joint_interfaces/include/dog_joint_interfaces/dog_joint_interfaces/srv/detail
[12.283s] -- Installing: /home/yahboom/Desktop/dogzillaS2/ros_ws/install/dog_joint_interfaces/include/dog_joint_interfaces/dog_joint_interfaces/srv/detail/set_motor_angle__functions.h
[12.283s] -- Installing: /home/yahboom/Desktop/dogzillaS2/ros_ws/install/dog_joint_interfaces/include/dog_joint_interfaces/dog_joint_interfaces/srv/detail/set_joint_position__functions.c
[12.284s] -- Installing: /home/yahboom/Desktop/dogzillaS2/ros_ws/install/dog_joint_interfaces/include/dog_joint_interfaces/dog_joint_interfaces/srv/detail/set_motor_angle__type_support.h
[12.285s] -- Installing: /home/yahboom/Desktop/dogzillaS2/ros_ws/install/dog_joint_interfaces/include/dog_joint_interfaces/dog_joint_interfaces/srv/detail/set_joint_position__type_support.h
[12.285s] -- Installing: /home/yahboom/Desktop/dogzillaS2/ros_ws/install/dog_joint_interfaces/include/dog_joint_interfaces/dog_joint_interfaces/srv/detail/set_joint_position__struct.h
[12.285s] -- Installing: /home/yahboom/Desktop/dogzillaS2/ros_ws/install/dog_joint_interfaces/include/dog_joint_interfaces/dog_joint_interfaces/srv/detail/set_joint_position__functions.h
[12.285s] -- Installing: /home/yahboom/Desktop/dogzillaS2/ros_ws/install/dog_joint_interfaces/include/dog_joint_interfaces/dog_joint_interfaces/srv/detail/set_motor_angle__functions.c
[12.286s] -- Installing: /home/yahboom/Desktop/dogzillaS2/ros_ws/install/dog_joint_interfaces/include/dog_joint_interfaces/dog_joint_interfaces/srv/detail/set_motor_angle__struct.h
[12.287s] -- Installing: /home/yahboom/Desktop/dogzillaS2/ros_ws/install/dog_joint_interfaces/include/dog_joint_interfaces/dog_joint_interfaces/srv/set_motor_angle.h
[12.287s] -- Installing: /home/yahboom/Desktop/dogzillaS2/ros_ws/install/dog_joint_interfaces/include/dog_joint_interfaces/dog_joint_interfaces/srv/set_joint_position.h
[12.288s] -- Up-to-date: /home/yahboom/Desktop/dogzillaS2/ros_ws/install/dog_joint_interfaces/include/dog_joint_interfaces/dog_joint_interfaces/msg
[12.288s] -- Up-to-date: /home/yahboom/Desktop/dogzillaS2/ros_ws/install/dog_joint_interfaces/include/dog_joint_interfaces/dog_joint_interfaces/msg/detail
[12.289s] -- Installing: /home/yahboom/Desktop/dogzillaS2/ros_ws/install/dog_joint_interfaces/include/dog_joint_interfaces/dog_joint_interfaces/msg/detail/motor_angle__functions.c
[12.289s] -- Installing: /home/yahboom/Desktop/dogzillaS2/ros_ws/install/dog_joint_interfaces/include/dog_joint_interfaces/dog_joint_interfaces/msg/detail/motor_angle__struct.h
[12.290s] -- Installing: /home/yahboom/Desktop/dogzillaS2/ros_ws/install/dog_joint_interfaces/include/dog_joint_interfaces/dog_joint_interfaces/msg/detail/motor_angle__type_support.h
[12.291s] -- Installing: /home/yahboom/Desktop/dogzillaS2/ros_ws/install/dog_joint_interfaces/include/dog_joint_interfaces/dog_joint_interfaces/msg/detail/motor_angle__functions.h
[12.291s] -- Installing: /home/yahboom/Desktop/dogzillaS2/ros_ws/install/dog_joint_interfaces/include/dog_joint_interfaces/dog_joint_interfaces/msg/motor_angle.h
[12.292s] -- Up-to-date: /home/yahboom/Desktop/dogzillaS2/ros_ws/install/dog_joint_interfaces/include/dog_joint_interfaces/dog_joint_interfaces/msg/rosidl_generator_c__visibility_control.h
[12.292s] -- Up-to-date: /home/yahboom/Desktop/dogzillaS2/ros_ws/install/dog_joint_interfaces/share/dog_joint_interfaces/environment/library_path.sh
[12.292s] -- Installing: /home/yahboom/Desktop/dogzillaS2/ros_ws/install/dog_joint_interfaces/share/dog_joint_interfaces/environment/library_path.dsv
[12.293s] -- Installing: /home/yahboom/Desktop/dogzillaS2/ros_ws/install/dog_joint_interfaces/lib/libdog_joint_interfaces__rosidl_generator_c.so
[12.293s] -- Set runtime path of "/home/yahboom/Desktop/dogzillaS2/ros_ws/install/dog_joint_interfaces/lib/libdog_joint_interfaces__rosidl_generator_c.so" to ""
[12.294s] -- Up-to-date: /home/yahboom/Desktop/dogzillaS2/ros_ws/install/dog_joint_interfaces/include/dog_joint_interfaces/dog_joint_interfaces
[12.294s] -- Up-to-date: /home/yahboom/Desktop/dogzillaS2/ros_ws/install/dog_joint_interfaces/include/dog_joint_interfaces/dog_joint_interfaces/srv
[12.295s] -- Up-to-date: /home/yahboom/Desktop/dogzillaS2/ros_ws/install/dog_joint_interfaces/include/dog_joint_interfaces/dog_joint_interfaces/srv/detail
[12.295s] -- Installing: /home/yahboom/Desktop/dogzillaS2/ros_ws/install/dog_joint_interfaces/include/dog_joint_interfaces/dog_joint_interfaces/srv/detail/set_motor_angle__rosidl_typesupport_fastrtps_c.h
[12.296s] -- Installing: /home/yahboom/Desktop/dogzillaS2/ros_ws/install/dog_joint_interfaces/include/dog_joint_interfaces/dog_joint_interfaces/srv/detail/set_joint_position__rosidl_typesupport_fastrtps_c.h
[12.296s] -- Up-to-date: /home/yahboom/Desktop/dogzillaS2/ros_ws/install/dog_joint_interfaces/include/dog_joint_interfaces/dog_joint_interfaces/msg
[12.296s] -- Up-to-date: /home/yahboom/Desktop/dogzillaS2/ros_ws/install/dog_joint_interfaces/include/dog_joint_interfaces/dog_joint_interfaces/msg/detail
[12.296s] -- Installing: /home/yahboom/Desktop/dogzillaS2/ros_ws/install/dog_joint_interfaces/include/dog_joint_interfaces/dog_joint_interfaces/msg/detail/motor_angle__rosidl_typesupport_fastrtps_c.h
[12.296s] -- Up-to-date: /home/yahboom/Desktop/dogzillaS2/ros_ws/install/dog_joint_interfaces/include/dog_joint_interfaces/dog_joint_interfaces/msg/rosidl_typesupport_fastrtps_c__visibility_control.h
[12.297s] -- Installing: /home/yahboom/Desktop/dogzillaS2/ros_ws/install/dog_joint_interfaces/lib/libdog_joint_interfaces__rosidl_typesupport_fastrtps_c.so
[12.297s] -- Set runtime path of "/home/yahboom/Desktop/dogzillaS2/ros_ws/install/dog_joint_interfaces/lib/libdog_joint_interfaces__rosidl_typesupport_fastrtps_c.so" to ""
[12.297s] -- Up-to-date: /home/yahboom/Desktop/dogzillaS2/ros_ws/install/dog_joint_interfaces/include/dog_joint_interfaces/dog_joint_interfaces
[12.297s] -- Up-to-date: /home/yahboom/Desktop/dogzillaS2/ros_ws/install/dog_joint_interfaces/include/dog_joint_interfaces/dog_joint_interfaces/srv
[12.297s] -- Up-to-date: /home/yahboom/Desktop/dogzillaS2/ros_ws/install/dog_joint_interfaces/include/dog_joint_interfaces/dog_joint_interfaces/srv/detail
[12.298s] -- Installing: /home/yahboom/Desktop/dogzillaS2/ros_ws/install/dog_joint_interfaces/include/dog_joint_interfaces/dog_joint_interfaces/srv/detail/set_joint_position__struct.hpp
[12.299s] -- Installing: /home/yahboom/Desktop/dogzillaS2/ros_ws/install/dog_joint_interfaces/include/dog_joint_interfaces/dog_joint_interfaces/srv/detail/set_joint_position__builder.hpp
[12.299s] -- Installing: /home/yahboom/Desktop/dogzillaS2/ros_ws/install/dog_joint_interfaces/include/dog_joint_interfaces/dog_joint_interfaces/srv/detail/set_joint_position__traits.hpp
[12.300s] -- Installing: /home/yahboom/Desktop/dogzillaS2/ros_ws/install/dog_joint_interfaces/include/dog_joint_interfaces/dog_joint_interfaces/srv/detail/set_motor_angle__traits.hpp
[12.300s] -- Installing: /home/yahboom/Desktop/dogzillaS2/ros_ws/install/dog_joint_interfaces/include/dog_joint_interfaces/dog_joint_interfaces/srv/detail/set_motor_angle__builder.hpp
[12.301s] -- Installing: /home/yahboom/Desktop/dogzillaS2/ros_ws/install/dog_joint_interfaces/include/dog_joint_interfaces/dog_joint_interfaces/srv/detail/set_motor_angle__struct.hpp
[12.301s] -- Installing: /home/yahboom/Desktop/dogzillaS2/ros_ws/install/dog_joint_interfaces/include/dog_joint_interfaces/dog_joint_interfaces/srv/set_joint_position.hpp
[12.301s] -- Installing: /home/yahboom/Desktop/dogzillaS2/ros_ws/install/dog_joint_interfaces/include/dog_joint_interfaces/dog_joint_interfaces/srv/set_motor_angle.hpp
[12.301s] -- Up-to-date: /home/yahboom/Desktop/dogzillaS2/ros_ws/install/dog_joint_interfaces/include/dog_joint_interfaces/dog_joint_interfaces/msg
[12.302s] -- Up-to-date: /home/yahboom/Desktop/dogzillaS2/ros_ws/install/dog_joint_interfaces/include/dog_joint_interfaces/dog_joint_interfaces/msg/detail
[12.302s] -- Installing: /home/yahboom/Desktop/dogzillaS2/ros_ws/install/dog_joint_interfaces/include/dog_joint_interfaces/dog_joint_interfaces/msg/detail/motor_angle__builder.hpp
[12.303s] -- Installing: /home/yahboom/Desktop/dogzillaS2/ros_ws/install/dog_joint_interfaces/include/dog_joint_interfaces/dog_joint_interfaces/msg/detail/motor_angle__traits.hpp
[12.304s] -- Installing: /home/yahboom/Desktop/dogzillaS2/ros_ws/install/dog_joint_interfaces/include/dog_joint_interfaces/dog_joint_interfaces/msg/detail/motor_angle__struct.hpp
[12.304s] -- Installing: /home/yahboom/Desktop/dogzillaS2/ros_ws/install/dog_joint_interfaces/include/dog_joint_interfaces/dog_joint_interfaces/msg/motor_angle.hpp
[12.304s] -- Up-to-date: /home/yahboom/Desktop/dogzillaS2/ros_ws/install/dog_joint_interfaces/include/dog_joint_interfaces/dog_joint_interfaces
[12.304s] -- Up-to-date: /home/yahboom/Desktop/dogzillaS2/ros_ws/install/dog_joint_interfaces/include/dog_joint_interfaces/dog_joint_interfaces/srv
[12.305s] -- Up-to-date: /home/yahboom/Desktop/dogzillaS2/ros_ws/install/dog_joint_interfaces/include/dog_joint_interfaces/dog_joint_interfaces/srv/detail
[12.305s] -- Installing: /home/yahboom/Desktop/dogzillaS2/ros_ws/install/dog_joint_interfaces/include/dog_joint_interfaces/dog_joint_interfaces/srv/detail/set_joint_position__rosidl_typesupport_fastrtps_cpp.hpp
[12.305s] -- Up-to-date: /home/yahboom/Desktop/dogzillaS2/ros_ws/install/dog_joint_interfaces/include/dog_joint_interfaces/dog_joint_interfaces/srv/detail/dds_fastrtps
[12.306s] -- Installing: /home/yahboom/Desktop/dogzillaS2/ros_ws/install/dog_joint_interfaces/include/dog_joint_interfaces/dog_joint_interfaces/srv/detail/set_motor_angle__rosidl_typesupport_fastrtps_cpp.hpp
[12.306s] -- Up-to-date: /home/yahboom/Desktop/dogzillaS2/ros_ws/install/dog_joint_interfaces/include/dog_joint_interfaces/dog_joint_interfaces/msg
[12.307s] -- Up-to-date: /home/yahboom/Desktop/dogzillaS2/ros_ws/install/dog_joint_interfaces/include/dog_joint_interfaces/dog_joint_interfaces/msg/detail
[12.308s] -- Installing: /home/yahboom/Desktop/dogzillaS2/ros_ws/install/dog_joint_interfaces/include/dog_joint_interfaces/dog_joint_interfaces/msg/detail/motor_angle__rosidl_typesupport_fastrtps_cpp.hpp
[12.308s] -- Up-to-date: /home/yahboom/Desktop/dogzillaS2/ros_ws/install/dog_joint_interfaces/include/dog_joint_interfaces/dog_joint_interfaces/msg/detail/dds_fastrtps
[12.308s] -- Up-to-date: /home/yahboom/Desktop/dogzillaS2/ros_ws/install/dog_joint_interfaces/include/dog_joint_interfaces/dog_joint_interfaces/msg/rosidl_typesupport_fastrtps_cpp__visibility_control.h
[12.308s] -- Installing: /home/yahboom/Desktop/dogzillaS2/ros_ws/install/dog_joint_interfaces/lib/libdog_joint_interfaces__rosidl_typesupport_fastrtps_cpp.so
[12.308s] -- Set runtime path of "/home/yahboom/Desktop/dogzillaS2/ros_ws/install/dog_joint_interfaces/lib/libdog_joint_interfaces__rosidl_typesupport_fastrtps_cpp.so" to ""
[12.309s] -- Up-to-date: /home/yahboom/Desktop/dogzillaS2/ros_ws/install/dog_joint_interfaces/include/dog_joint_interfaces/dog_joint_interfaces
[12.309s] -- Up-to-date: /home/yahboom/Desktop/dogzillaS2/ros_ws/install/dog_joint_interfaces/include/dog_joint_interfaces/dog_joint_interfaces/srv
[12.309s] -- Up-to-date: /home/yahboom/Desktop/dogzillaS2/ros_ws/install/dog_joint_interfaces/include/dog_joint_interfaces/dog_joint_interfaces/srv/detail
[12.309s] -- Installing: /home/yahboom/Desktop/dogzillaS2/ros_ws/install/dog_joint_interfaces/include/dog_joint_interfaces/dog_joint_interfaces/srv/detail/set_joint_position__type_support.c
[12.309s] -- Installing: /home/yahboom/Desktop/dogzillaS2/ros_ws/install/dog_joint_interfaces/include/dog_joint_interfaces/dog_joint_interfaces/srv/detail/set_motor_angle__type_support.c
[12.309s] -- Installing: /home/yahboom/Desktop/dogzillaS2/ros_ws/install/dog_joint_interfaces/include/dog_joint_interfaces/dog_joint_interfaces/srv/detail/set_motor_angle__rosidl_typesupport_introspection_c.h
[12.309s] -- Installing: /home/yahboom/Desktop/dogzillaS2/ros_ws/install/dog_joint_interfaces/include/dog_joint_interfaces/dog_joint_interfaces/srv/detail/set_joint_position__rosidl_typesupport_introspection_c.h
[12.309s] -- Up-to-date: /home/yahboom/Desktop/dogzillaS2/ros_ws/install/dog_joint_interfaces/include/dog_joint_interfaces/dog_joint_interfaces/msg
[12.309s] -- Up-to-date: /home/yahboom/Desktop/dogzillaS2/ros_ws/install/dog_joint_interfaces/include/dog_joint_interfaces/dog_joint_interfaces/msg/detail
[12.309s] -- Installing: /home/yahboom/Desktop/dogzillaS2/ros_ws/install/dog_joint_interfaces/include/dog_joint_interfaces/dog_joint_interfaces/msg/detail/motor_angle__type_support.c
[12.309s] -- Installing: /home/yahboom/Desktop/dogzillaS2/ros_ws/install/dog_joint_interfaces/include/dog_joint_interfaces/dog_joint_interfaces/msg/detail/motor_angle__rosidl_typesupport_introspection_c.h
[12.309s] -- Up-to-date: /home/yahboom/Desktop/dogzillaS2/ros_ws/install/dog_joint_interfaces/include/dog_joint_interfaces/dog_joint_interfaces/msg/rosidl_typesupport_introspection_c__visibility_control.h
[12.309s] -- Installing: /home/yahboom/Desktop/dogzillaS2/ros_ws/install/dog_joint_interfaces/lib/libdog_joint_interfaces__rosidl_typesupport_introspection_c.so
[12.309s] -- Set runtime path of "/home/yahboom/Desktop/dogzillaS2/ros_ws/install/dog_joint_interfaces/lib/libdog_joint_interfaces__rosidl_typesupport_introspection_c.so" to ""
[12.309s] -- Installing: /home/yahboom/Desktop/dogzillaS2/ros_ws/install/dog_joint_interfaces/lib/libdog_joint_interfaces__rosidl_typesupport_c.so
[12.309s] -- Set runtime path of "/home/yahboom/Desktop/dogzillaS2/ros_ws/install/dog_joint_interfaces/lib/libdog_joint_interfaces__rosidl_typesupport_c.so" to ""
[12.309s] -- Up-to-date: /home/yahboom/Desktop/dogzillaS2/ros_ws/install/dog_joint_interfaces/include/dog_joint_interfaces/dog_joint_interfaces
[12.310s] -- Up-to-date: /home/yahboom/Desktop/dogzillaS2/ros_ws/install/dog_joint_interfaces/include/dog_joint_interfaces/dog_joint_interfaces/srv
[12.310s] -- Up-to-date: /home/yahboom/Desktop/dogzillaS2/ros_ws/install/dog_joint_interfaces/include/dog_joint_interfaces/dog_joint_interfaces/srv/detail
[12.310s] -- Installing: /home/yahboom/Desktop/dogzillaS2/ros_ws/install/dog_joint_interfaces/include/dog_joint_interfaces/dog_joint_interfaces/srv/detail/set_motor_angle__type_support.cpp
[12.310s] -- Installing: /home/yahboom/Desktop/dogzillaS2/ros_ws/install/dog_joint_interfaces/include/dog_joint_interfaces/dog_joint_interfaces/srv/detail/set_joint_position__type_support.cpp
[12.310s] -- Installing: /home/yahboom/Desktop/dogzillaS2/ros_ws/install/dog_joint_interfaces/include/dog_joint_interfaces/dog_joint_interfaces/srv/detail/set_motor_angle__rosidl_typesupport_introspection_cpp.hpp
[12.310s] -- Installing: /home/yahboom/Desktop/dogzillaS2/ros_ws/install/dog_joint_interfaces/include/dog_joint_interfaces/dog_joint_interfaces/srv/detail/set_joint_position__rosidl_typesupport_introspection_cpp.hpp
[12.310s] -- Up-to-date: /home/yahboom/Desktop/dogzillaS2/ros_ws/install/dog_joint_interfaces/include/dog_joint_interfaces/dog_joint_interfaces/msg
[12.310s] -- Up-to-date: /home/yahboom/Desktop/dogzillaS2/ros_ws/install/dog_joint_interfaces/include/dog_joint_interfaces/dog_joint_interfaces/msg/detail
[12.310s] -- Installing: /home/yahboom/Desktop/dogzillaS2/ros_ws/install/dog_joint_interfaces/include/dog_joint_interfaces/dog_joint_interfaces/msg/detail/motor_angle__rosidl_typesupport_introspection_cpp.hpp
[12.310s] -- Installing: /home/yahboom/Desktop/dogzillaS2/ros_ws/install/dog_joint_interfaces/include/dog_joint_interfaces/dog_joint_interfaces/msg/detail/motor_angle__type_support.cpp
[12.310s] -- Installing: /home/yahboom/Desktop/dogzillaS2/ros_ws/install/dog_joint_interfaces/lib/libdog_joint_interfaces__rosidl_typesupport_introspection_cpp.so
[12.310s] -- Set runtime path of "/home/yahboom/Desktop/dogzillaS2/ros_ws/install/dog_joint_interfaces/lib/libdog_joint_interfaces__rosidl_typesupport_introspection_cpp.so" to ""
[12.310s] -- Installing: /home/yahboom/Desktop/dogzillaS2/ros_ws/install/dog_joint_interfaces/lib/libdog_joint_interfaces__rosidl_typesupport_cpp.so
[12.310s] -- Set runtime path of "/home/yahboom/Desktop/dogzillaS2/ros_ws/install/dog_joint_interfaces/lib/libdog_joint_interfaces__rosidl_typesupport_cpp.so" to ""
[12.310s] -- Up-to-date: /home/yahboom/Desktop/dogzillaS2/ros_ws/install/dog_joint_interfaces/share/dog_joint_interfaces/environment/pythonpath.sh
[12.311s] -- Installing: /home/yahboom/Desktop/dogzillaS2/ros_ws/install/dog_joint_interfaces/share/dog_joint_interfaces/environment/pythonpath.dsv
[12.311s] -- Up-to-date: /home/yahboom/Desktop/dogzillaS2/ros_ws/install/dog_joint_interfaces/local/lib/python3.10/dist-packages/dog_joint_interfaces-0.0.0-py3.10.egg-info
[12.311s] -- Installing: /home/yahboom/Desktop/dogzillaS2/ros_ws/install/dog_joint_interfaces/local/lib/python3.10/dist-packages/dog_joint_interfaces-0.0.0-py3.10.egg-info/top_level.txt
[12.311s] -- Installing: /home/yahboom/Desktop/dogzillaS2/ros_ws/install/dog_joint_interfaces/local/lib/python3.10/dist-packages/dog_joint_interfaces-0.0.0-py3.10.egg-info/PKG-INFO
[12.311s] -- Installing: /home/yahboom/Desktop/dogzillaS2/ros_ws/install/dog_joint_interfaces/local/lib/python3.10/dist-packages/dog_joint_interfaces-0.0.0-py3.10.egg-info/dependency_links.txt
[12.311s] -- Installing: /home/yahboom/Desktop/dogzillaS2/ros_ws/install/dog_joint_interfaces/local/lib/python3.10/dist-packages/dog_joint_interfaces-0.0.0-py3.10.egg-info/SOURCES.txt
[12.311s] -- Up-to-date: /home/yahboom/Desktop/dogzillaS2/ros_ws/install/dog_joint_interfaces/local/lib/python3.10/dist-packages/dog_joint_interfaces
[12.311s] -- Installing: /home/yahboom/Desktop/dogzillaS2/ros_ws/install/dog_joint_interfaces/local/lib/python3.10/dist-packages/dog_joint_interfaces/libdog_joint_interfaces__rosidl_generator_py.so
[12.311s] -- Installing: /home/yahboom/Desktop/dogzillaS2/ros_ws/install/dog_joint_interfaces/local/lib/python3.10/dist-packages/dog_joint_interfaces/_dog_joint_interfaces_s.ep.rosidl_typesupport_c.c
[12.311s] -- Up-to-date: /home/yahboom/Desktop/dogzillaS2/ros_ws/install/dog_joint_interfaces/local/lib/python3.10/dist-packages/dog_joint_interfaces/srv
[12.311s] -- Installing: /home/yahboom/Desktop/dogzillaS2/ros_ws/install/dog_joint_interfaces/local/lib/python3.10/dist-packages/dog_joint_interfaces/srv/_set_motor_angle_s.c
[12.311s] -- Installing: /home/yahboom/Desktop/dogzillaS2/ros_ws/install/dog_joint_interfaces/local/lib/python3.10/dist-packages/dog_joint_interfaces/srv/__init__.py
[12.311s] -- Installing: /home/yahboom/Desktop/dogzillaS2/ros_ws/install/dog_joint_interfaces/local/lib/python3.10/dist-packages/dog_joint_interfaces/srv/_set_motor_angle.py
[12.311s] -- Installing: /home/yahboom/Desktop/dogzillaS2/ros_ws/install/dog_joint_interfaces/local/lib/python3.10/dist-packages/dog_joint_interfaces/srv/_set_joint_position.py
[12.311s] -- Installing: /home/yahboom/Desktop/dogzillaS2/ros_ws/install/dog_joint_interfaces/local/lib/python3.10/dist-packages/dog_joint_interfaces/srv/_set_joint_position_s.c
[12.312s] -- Installing: /home/yahboom/Desktop/dogzillaS2/ros_ws/install/dog_joint_interfaces/local/lib/python3.10/dist-packages/dog_joint_interfaces/dog_joint_interfaces_s__rosidl_typesupport_fastrtps_c.cpython-310-x86_64-linux-gnu.so
[12.312s] -- Installing: /home/yahboom/Desktop/dogzillaS2/ros_ws/install/dog_joint_interfaces/local/lib/python3.10/dist-packages/dog_joint_interfaces/__init__.py
[12.312s] -- Installing: /home/yahboom/Desktop/dogzillaS2/ros_ws/install/dog_joint_interfaces/local/lib/python3.10/dist-packages/dog_joint_interfaces/dog_joint_interfaces_s__rosidl_typesupport_c.cpython-310-x86_64-linux-gnu.so
[12.312s] -- Up-to-date: /home/yahboom/Desktop/dogzillaS2/ros_ws/install/dog_joint_interfaces/local/lib/python3.10/dist-packages/dog_joint_interfaces/msg
[12.312s] -- Installing: /home/yahboom/Desktop/dogzillaS2/ros_ws/install/dog_joint_interfaces/local/lib/python3.10/dist-packages/dog_joint_interfaces/msg/__init__.py
[12.312s] -- Installing: /home/yahboom/Desktop/dogzillaS2/ros_ws/install/dog_joint_interfaces/local/lib/python3.10/dist-packages/dog_joint_interfaces/msg/_motor_angle.py
[12.312s] -- Installing: /home/yahboom/Desktop/dogzillaS2/ros_ws/install/dog_joint_interfaces/local/lib/python3.10/dist-packages/dog_joint_interfaces/msg/_motor_angle_s.c
[12.312s] -- Installing: /home/yahboom/Desktop/dogzillaS2/ros_ws/install/dog_joint_interfaces/local/lib/python3.10/dist-packages/dog_joint_interfaces/_dog_joint_interfaces_s.ep.rosidl_typesupport_introspection_c.c
[12.312s] -- Installing: /home/yahboom/Desktop/dogzillaS2/ros_ws/install/dog_joint_interfaces/local/lib/python3.10/dist-packages/dog_joint_interfaces/_dog_joint_interfaces_s.ep.rosidl_typesupport_fastrtps_c.c
[12.312s] -- Installing: /home/yahboom/Desktop/dogzillaS2/ros_ws/install/dog_joint_interfaces/local/lib/python3.10/dist-packages/dog_joint_interfaces/dog_joint_interfaces_s__rosidl_typesupport_introspection_c.cpython-310-x86_64-linux-gnu.so
[12.374s] Listing '/home/yahboom/Desktop/dogzillaS2/ros_ws/install/dog_joint_interfaces/local/lib/python3.10/dist-packages/dog_joint_interfaces'...
[12.374s] Compiling '/home/yahboom/Desktop/dogzillaS2/ros_ws/install/dog_joint_interfaces/local/lib/python3.10/dist-packages/dog_joint_interfaces/__init__.py'...
[12.374s] Listing '/home/yahboom/Desktop/dogzillaS2/ros_ws/install/dog_joint_interfaces/local/lib/python3.10/dist-packages/dog_joint_interfaces/msg'...
[12.374s] Compiling '/home/yahboom/Desktop/dogzillaS2/ros_ws/install/dog_joint_interfaces/local/lib/python3.10/dist-packages/dog_joint_interfaces/msg/__init__.py'...
[12.374s] Compiling '/home/yahboom/Desktop/dogzillaS2/ros_ws/install/dog_joint_interfaces/local/lib/python3.10/dist-packages/dog_joint_interfaces/msg/_motor_angle.py'...
[12.374s] Listing '/home/yahboom/Desktop/dogzillaS2/ros_ws/install/dog_joint_interfaces/local/lib/python3.10/dist-packages/dog_joint_interfaces/srv'...
[12.374s] Compiling '/home/yahboom/Desktop/dogzillaS2/ros_ws/install/dog_joint_interfaces/local/lib/python3.10/dist-packages/dog_joint_interfaces/srv/__init__.py'...
[12.374s] Compiling '/home/yahboom/Desktop/dogzillaS2/ros_ws/install/dog_joint_interfaces/local/lib/python3.10/dist-packages/dog_joint_interfaces/srv/_set_joint_position.py'...
[12.374s] Compiling '/home/yahboom/Desktop/dogzillaS2/ros_ws/install/dog_joint_interfaces/local/lib/python3.10/dist-packages/dog_joint_interfaces/srv/_set_motor_angle.py'...
[12.379s] -- Installing: /home/yahboom/Desktop/dogzillaS2/ros_ws/install/dog_joint_interfaces/local/lib/python3.10/dist-packages/dog_joint_interfaces/dog_joint_interfaces_s__rosidl_typesupport_fastrtps_c.cpython-310-x86_64-linux-gnu.so
[12.380s] -- Set runtime path of "/home/yahboom/Desktop/dogzillaS2/ros_ws/install/dog_joint_interfaces/local/lib/python3.10/dist-packages/dog_joint_interfaces/dog_joint_interfaces_s__rosidl_typesupport_fastrtps_c.cpython-310-x86_64-linux-gnu.so" to ""
[12.380s] -- Installing: /home/yahboom/Desktop/dogzillaS2/ros_ws/install/dog_joint_interfaces/local/lib/python3.10/dist-packages/dog_joint_interfaces/dog_joint_interfaces_s__rosidl_typesupport_introspection_c.cpython-310-x86_64-linux-gnu.so
[12.381s] -- Set runtime path of "/home/yahboom/Desktop/dogzillaS2/ros_ws/install/dog_joint_interfaces/local/lib/python3.10/dist-packages/dog_joint_interfaces/dog_joint_interfaces_s__rosidl_typesupport_introspection_c.cpython-310-x86_64-linux-gnu.so" to ""
[12.381s] -- Installing: /home/yahboom/Desktop/dogzillaS2/ros_ws/install/dog_joint_interfaces/local/lib/python3.10/dist-packages/dog_joint_interfaces/dog_joint_interfaces_s__rosidl_typesupport_c.cpython-310-x86_64-linux-gnu.so
[12.382s] -- Set runtime path of "/home/yahboom/Desktop/dogzillaS2/ros_ws/install/dog_joint_interfaces/local/lib/python3.10/dist-packages/dog_joint_interfaces/dog_joint_interfaces_s__rosidl_typesupport_c.cpython-310-x86_64-linux-gnu.so" to ""
[12.382s] -- Installing: /home/yahboom/Desktop/dogzillaS2/ros_ws/install/dog_joint_interfaces/lib/libdog_joint_interfaces__rosidl_generator_py.so
[12.382s] -- Set runtime path of "/home/yahboom/Desktop/dogzillaS2/ros_ws/install/dog_joint_interfaces/lib/libdog_joint_interfaces__rosidl_generator_py.so" to ""
[12.383s] -- Up-to-date: /home/yahboom/Desktop/dogzillaS2/ros_ws/install/dog_joint_interfaces/share/dog_joint_interfaces/srv/SetJointPosition.idl
[12.383s] -- Installing: /home/yahboom/Desktop/dogzillaS2/ros_ws/install/dog_joint_interfaces/share/dog_joint_interfaces/srv/SetMotorAngle.idl
[12.383s] -- Up-to-date: /home/yahboom/Desktop/dogzillaS2/ros_ws/install/dog_joint_interfaces/share/dog_joint_interfaces/msg/MotorAngle.idl
[12.383s] -- Up-to-date: /home/yahboom/Desktop/dogzillaS2/ros_ws/install/dog_joint_interfaces/share/dog_joint_interfaces/srv/SetJointPosition.srv
[12.383s] -- Up-to-date: /home/yahboom/Desktop/dogzillaS2/ros_ws/install/dog_joint_interfaces/share/dog_joint_interfaces/srv/SetJointPosition_Request.msg
[12.383s] -- Up-to-date: /home/yahboom/Desktop/dogzillaS2/ros_ws/install/dog_joint_interfaces/share/dog_joint_interfaces/srv/SetJointPosition_Response.msg
[12.384s] -- Installing: /home/yahboom/Desktop/dogzillaS2/ros_ws/install/dog_joint_interfaces/share/dog_joint_interfaces/srv/SetMotorAngle.srv
[12.384s] -- Installing: /home/yahboom/Desktop/dogzillaS2/ros_ws/install/dog_joint_interfaces/share/dog_joint_interfaces/srv/SetMotorAngle_Request.msg
[12.384s] -- Installing: /home/yahboom/Desktop/dogzillaS2/ros_ws/install/dog_joint_interfaces/share/dog_joint_interfaces/srv/SetMotorAngle_Response.msg
[12.384s] -- Up-to-date: /home/yahboom/Desktop/dogzillaS2/ros_ws/install/dog_joint_interfaces/share/dog_joint_interfaces/msg/MotorAngle.msg
[12.385s] -- Up-to-date: /home/yahboom/Desktop/dogzillaS2/ros_ws/install/dog_joint_interfaces/share/ament_index/resource_index/package_run_dependencies/dog_joint_interfaces
[12.385s] -- Up-to-date: /home/yahboom/Desktop/dogzillaS2/ros_ws/install/dog_joint_interfaces/share/ament_index/resource_index/parent_prefix_path/dog_joint_interfaces
[12.385s] -- Up-to-date: /home/yahboom/Desktop/dogzillaS2/ros_ws/install/dog_joint_interfaces/share/dog_joint_interfaces/environment/ament_prefix_path.sh
[12.385s] -- Installing: /home/yahboom/Desktop/dogzillaS2/ros_ws/install/dog_joint_interfaces/share/dog_joint_interfaces/environment/ament_prefix_path.dsv
[12.385s] -- Up-to-date: /home/yahboom/Desktop/dogzillaS2/ros_ws/install/dog_joint_interfaces/share/dog_joint_interfaces/environment/path.sh
[12.385s] -- Installing: /home/yahboom/Desktop/dogzillaS2/ros_ws/install/dog_joint_interfaces/share/dog_joint_interfaces/environment/path.dsv
[12.385s] -- Up-to-date: /home/yahboom/Desktop/dogzillaS2/ros_ws/install/dog_joint_interfaces/share/dog_joint_interfaces/local_setup.bash
[12.386s] -- Up-to-date: /home/yahboom/Desktop/dogzillaS2/ros_ws/install/dog_joint_interfaces/share/dog_joint_interfaces/local_setup.sh
[12.386s] -- Up-to-date: /home/yahboom/Desktop/dogzillaS2/ros_ws/install/dog_joint_interfaces/share/dog_joint_interfaces/local_setup.zsh
[12.386s] -- Installing: /home/yahboom/Desktop/dogzillaS2/ros_ws/install/dog_joint_interfaces/share/dog_joint_interfaces/local_setup.dsv
[12.386s] -- Installing: /home/yahboom/Desktop/dogzillaS2/ros_ws/install/dog_joint_interfaces/share/dog_joint_interfaces/package.dsv
[12.386s] -- Up-to-date: /home/yahboom/Desktop/dogzillaS2/ros_ws/install/dog_joint_interfaces/share/ament_index/resource_index/packages/dog_joint_interfaces
[12.387s] -- Up-to-date: /home/yahboom/Desktop/dogzillaS2/ros_ws/install/dog_joint_interfaces/share/dog_joint_interfaces/cmake/export_dog_joint_interfaces__rosidl_generator_cExport.cmake
[12.387s] -- Up-to-date: /home/yahboom/Desktop/dogzillaS2/ros_ws/install/dog_joint_interfaces/share/dog_joint_interfaces/cmake/export_dog_joint_interfaces__rosidl_generator_cExport-noconfig.cmake
[12.387s] -- Up-to-date: /home/yahboom/Desktop/dogzillaS2/ros_ws/install/dog_joint_interfaces/share/dog_joint_interfaces/cmake/export_dog_joint_interfaces__rosidl_typesupport_fastrtps_cExport.cmake
[12.387s] -- Up-to-date: /home/yahboom/Desktop/dogzillaS2/ros_ws/install/dog_joint_interfaces/share/dog_joint_interfaces/cmake/export_dog_joint_interfaces__rosidl_typesupport_fastrtps_cExport-noconfig.cmake
[12.387s] -- Up-to-date: /home/yahboom/Desktop/dogzillaS2/ros_ws/install/dog_joint_interfaces/share/dog_joint_interfaces/cmake/export_dog_joint_interfaces__rosidl_generator_cppExport.cmake
[12.388s] -- Up-to-date: /home/yahboom/Desktop/dogzillaS2/ros_ws/install/dog_joint_interfaces/share/dog_joint_interfaces/cmake/export_dog_joint_interfaces__rosidl_typesupport_fastrtps_cppExport.cmake
[12.388s] -- Up-to-date: /home/yahboom/Desktop/dogzillaS2/ros_ws/install/dog_joint_interfaces/share/dog_joint_interfaces/cmake/export_dog_joint_interfaces__rosidl_typesupport_fastrtps_cppExport-noconfig.cmake
[12.388s] -- Up-to-date: /home/yahboom/Desktop/dogzillaS2/ros_ws/install/dog_joint_interfaces/share/dog_joint_interfaces/cmake/dog_joint_interfaces__rosidl_typesupport_introspection_cExport.cmake
[12.388s] -- Up-to-date: /home/yahboom/Desktop/dogzillaS2/ros_ws/install/dog_joint_interfaces/share/dog_joint_interfaces/cmake/dog_joint_interfaces__rosidl_typesupport_introspection_cExport-noconfig.cmake
[12.388s] -- Up-to-date: /home/yahboom/Desktop/dogzillaS2/ros_ws/install/dog_joint_interfaces/share/dog_joint_interfaces/cmake/dog_joint_interfaces__rosidl_typesupport_cExport.cmake
[12.388s] -- Up-to-date: /home/yahboom/Desktop/dogzillaS2/ros_ws/install/dog_joint_interfaces/share/dog_joint_interfaces/cmake/dog_joint_interfaces__rosidl_typesupport_cExport-noconfig.cmake
[12.388s] -- Up-to-date: /home/yahboom/Desktop/dogzillaS2/ros_ws/install/dog_joint_interfaces/share/dog_joint_interfaces/cmake/dog_joint_interfaces__rosidl_typesupport_introspection_cppExport.cmake
[12.389s] -- Up-to-date: /home/yahboom/Desktop/dogzillaS2/ros_ws/install/dog_joint_interfaces/share/dog_joint_interfaces/cmake/dog_joint_interfaces__rosidl_typesupport_introspection_cppExport-noconfig.cmake
[12.389s] -- Up-to-date: /home/yahboom/Desktop/dogzillaS2/ros_ws/install/dog_joint_interfaces/share/dog_joint_interfaces/cmake/dog_joint_interfaces__rosidl_typesupport_cppExport.cmake
[12.389s] -- Up-to-date: /home/yahboom/Desktop/dogzillaS2/ros_ws/install/dog_joint_interfaces/share/dog_joint_interfaces/cmake/dog_joint_interfaces__rosidl_typesupport_cppExport-noconfig.cmake
[12.389s] -- Up-to-date: /home/yahboom/Desktop/dogzillaS2/ros_ws/install/dog_joint_interfaces/share/dog_joint_interfaces/cmake/export_dog_joint_interfaces__rosidl_generator_pyExport.cmake
[12.390s] -- Up-to-date: /home/yahboom/Desktop/dogzillaS2/ros_ws/install/dog_joint_interfaces/share/dog_joint_interfaces/cmake/export_dog_joint_interfaces__rosidl_generator_pyExport-noconfig.cmake
[12.390s] -- Installing: /home/yahboom/Desktop/dogzillaS2/ros_ws/install/dog_joint_interfaces/share/dog_joint_interfaces/cmake/rosidl_cmake-extras.cmake
[12.390s] -- Up-to-date: /home/yahboom/Desktop/dogzillaS2/ros_ws/install/dog_joint_interfaces/share/dog_joint_interfaces/cmake/ament_cmake_export_dependencies-extras.cmake
[12.390s] -- Up-to-date: /home/yahboom/Desktop/dogzillaS2/ros_ws/install/dog_joint_interfaces/share/dog_joint_interfaces/cmake/ament_cmake_export_include_directories-extras.cmake
[12.390s] -- Up-to-date: /home/yahboom/Desktop/dogzillaS2/ros_ws/install/dog_joint_interfaces/share/dog_joint_interfaces/cmake/ament_cmake_export_libraries-extras.cmake
[12.390s] -- Up-to-date: /home/yahboom/Desktop/dogzillaS2/ros_ws/install/dog_joint_interfaces/share/dog_joint_interfaces/cmake/ament_cmake_export_targets-extras.cmake
[12.390s] -- Up-to-date: /home/yahboom/Desktop/dogzillaS2/ros_ws/install/dog_joint_interfaces/share/dog_joint_interfaces/cmake/rosidl_cmake_export_typesupport_targets-extras.cmake
[12.390s] -- Up-to-date: /home/yahboom/Desktop/dogzillaS2/ros_ws/install/dog_joint_interfaces/share/dog_joint_interfaces/cmake/rosidl_cmake_export_typesupport_libraries-extras.cmake
[12.390s] -- Up-to-date: /home/yahboom/Desktop/dogzillaS2/ros_ws/install/dog_joint_interfaces/share/dog_joint_interfaces/cmake/dog_joint_interfacesConfig.cmake
[12.390s] -- Up-to-date: /home/yahboom/Desktop/dogzillaS2/ros_ws/install/dog_joint_interfaces/share/dog_joint_interfaces/cmake/dog_joint_interfacesConfig-version.cmake
[12.390s] -- Up-to-date: /home/yahboom/Desktop/dogzillaS2/ros_ws/install/dog_joint_interfaces/share/dog_joint_interfaces/package.xml
[12.394s] Invoked command in '/home/yahboom/Desktop/dogzillaS2/ros_ws/build/dog_joint_interfaces' returned '0': CMAKE_PREFIX_PATH=${CMAKE_PREFIX_PATH}:/home/yahboom/Desktop/dogzillaS2/ros_ws/install/webcam:/home/yahboom/Desktop/dogzillaS2/ros_ws/install/dogzilla_joints:/home/yahboom/cartoros2/install/yahboomcar_nav:/home/yahboom/cartoros2/install/yahboomcar_ctrl:/home/yahboom/cartoros2/install/yahboom_visual:/home/yahboom/cartoros2/install/yahboom_dog_joint_state:/home/yahboom/cartoros2/install/yahboom_description:/home/yahboom/cartoros2/install/yahboom_color_identify_server:/home/yahboom/cartoros2/install/yahboom_bringup:/home/yahboom/cartoros2/install/yahboom_base:/home/yahboom/cartoros2/install/yahboom_app_save_map:/home/yahboom/cartoros2/install/update_map:/home/yahboom/cartoros2/install/rosboard:/home/yahboom/cartoros2/install/path_planner_server:/home/yahboom/cartoros2/install/nav2_simple_commander:/home/yahboom/cartoros2/install/nav2_gazebo_spawner:/home/yahboom/cartoros2/install/localization_server:/home/yahboom/cartoros2/install/laserscan_to_point_pulisher:/home/yahboom/yahboomcar_ws/install/yahboom_dog_example:/opt/ros/humble /usr/bin/cmake --install /home/yahboom/Desktop/dogzillaS2/ros_ws/build/dog_joint_interfaces
