[0.065s] Invoking command in '/home/yahboom/Desktop/dogzillaS2/ros_ws/build/dog_joint_interfaces': CMAKE_PREFIX_PATH=${CMAKE_PREFIX_PATH}:/home/yahboom/cartoros2/install/yahboomcar_nav:/home/yahboom/cartoros2/install/yahboomcar_ctrl:/home/yahboom/cartoros2/install/yahboom_visual:/home/yahboom/cartoros2/install/yahboom_dog_joint_state:/home/yahboom/cartoros2/install/yahboom_description:/home/yahboom/cartoros2/install/yahboom_color_identify_server:/home/yahboom/cartoros2/install/yahboom_bringup:/home/yahboom/cartoros2/install/yahboom_base:/home/yahboom/cartoros2/install/yahboom_app_save_map:/home/yahboom/cartoros2/install/update_map:/home/yahboom/cartoros2/install/rosboard:/home/yahboom/cartoros2/install/path_planner_server:/home/yahboom/cartoros2/install/nav2_simple_commander:/home/yahboom/cartoros2/install/nav2_gazebo_spawner:/home/yahboom/cartoros2/install/localization_server:/home/yahboom/cartoros2/install/laserscan_to_point_pulisher:/home/yahboom/yahboomcar_ws/install/yahboom_dog_example:/opt/ros/humble /usr/bin/cmake /home/yahboom/Desktop/dogzillaS2/ros_ws/src/dog_joint_interfaces -DCMAKE_INSTALL_PREFIX=/home/yahboom/Desktop/dogzillaS2/ros_ws/install/dog_joint_interfaces
[0.477s] -- The C compiler identification is GNU 11.4.0
[0.589s] -- The CXX compiler identification is GNU 11.4.0
[0.609s] -- Detecting C compiler ABI info
[0.768s] -- Detecting C compiler ABI info - done
[0.775s] -- Check for working C compiler: /usr/bin/cc - skipped
[0.776s] -- Detecting C compile features
[0.777s] -- Detecting C compile features - done
[0.782s] -- Detecting CXX compiler ABI info
[0.940s] -- Detecting CXX compiler ABI info - done
[0.947s] -- Check for working CXX compiler: /usr/bin/c++ - skipped
[0.949s] -- Detecting CXX compile features
[0.949s] -- Detecting CXX compile features - done
[0.980s] -- Found ament_cmake: 1.3.8 (/opt/ros/humble/share/ament_cmake/cmake)
[1.285s] -- Found Python3: /usr/bin/python3 (found version "3.10.12") found components: Interpreter 
[1.707s] -- Found ament_lint_auto: 0.12.10 (/opt/ros/humble/share/ament_lint_auto/cmake)
[1.945s] -- Found sensor_msgs: 4.2.3 (/opt/ros/humble/share/sensor_msgs/cmake)
[2.142s] -- Found rosidl_generator_c: 3.1.5 (/opt/ros/humble/share/rosidl_generator_c/cmake)
[2.180s] -- Found rosidl_adapter: 3.1.5 (/opt/ros/humble/share/rosidl_adapter/cmake)
[2.224s] -- Found rosidl_generator_cpp: 3.1.5 (/opt/ros/humble/share/rosidl_generator_cpp/cmake)
[2.287s] -- Using all available rosidl_typesupport_c: rosidl_typesupport_fastrtps_c;rosidl_typesupport_introspection_c
[2.365s] -- Using all available rosidl_typesupport_cpp: rosidl_typesupport_fastrtps_cpp;rosidl_typesupport_introspection_cpp
[2.702s] -- Found rosidl_default_generators: 1.2.0 (/opt/ros/humble/share/rosidl_default_generators/cmake)
[3.097s] -- Found ament_cmake_ros: 0.10.0 (/opt/ros/humble/share/ament_cmake_ros/cmake)
[3.782s] -- Using all available rosidl_typesupport_c: rosidl_typesupport_fastrtps_c;rosidl_typesupport_introspection_c
[4.031s] -- Using all available rosidl_typesupport_cpp: rosidl_typesupport_fastrtps_cpp;rosidl_typesupport_introspection_cpp
[4.072s] -- Found PythonInterp: /usr/bin/python3 (found suitable version "3.10.12", minimum required is "3.6") 
[4.087s] -- Found python_cmake_module: 0.10.0 (/opt/ros/humble/share/python_cmake_module/cmake)
[4.158s] -- Found PythonLibs: /usr/lib/x86_64-linux-gnu/libpython3.10.so (found suitable version "3.10.12", minimum required is "3.5") 
[4.158s] -- Using PYTHON_EXECUTABLE: /usr/bin/python3
[4.158s] -- Using PYTHON_INCLUDE_DIRS: /usr/include/python3.10
[4.158s] -- Using PYTHON_LIBRARIES: /usr/lib/x86_64-linux-gnu/libpython3.10.so
[4.193s] -- Found PythonExtra: .so  
[4.405s] -- Added test 'lint_cmake' to check CMake code style
[4.412s] -- Added test 'xmllint' to check XML markup files
[4.432s] -- Configuring done
[4.484s] -- Generating done
[4.488s] -- Build files have been written to: /home/yahboom/Desktop/dogzillaS2/ros_ws/build/dog_joint_interfaces
[4.500s] Invoked command in '/home/yahboom/Desktop/dogzillaS2/ros_ws/build/dog_joint_interfaces' returned '0': CMAKE_PREFIX_PATH=${CMAKE_PREFIX_PATH}:/home/yahboom/cartoros2/install/yahboomcar_nav:/home/yahboom/cartoros2/install/yahboomcar_ctrl:/home/yahboom/cartoros2/install/yahboom_visual:/home/yahboom/cartoros2/install/yahboom_dog_joint_state:/home/yahboom/cartoros2/install/yahboom_description:/home/yahboom/cartoros2/install/yahboom_color_identify_server:/home/yahboom/cartoros2/install/yahboom_bringup:/home/yahboom/cartoros2/install/yahboom_base:/home/yahboom/cartoros2/install/yahboom_app_save_map:/home/yahboom/cartoros2/install/update_map:/home/yahboom/cartoros2/install/rosboard:/home/yahboom/cartoros2/install/path_planner_server:/home/yahboom/cartoros2/install/nav2_simple_commander:/home/yahboom/cartoros2/install/nav2_gazebo_spawner:/home/yahboom/cartoros2/install/localization_server:/home/yahboom/cartoros2/install/laserscan_to_point_pulisher:/home/yahboom/yahboomcar_ws/install/yahboom_dog_example:/opt/ros/humble /usr/bin/cmake /home/yahboom/Desktop/dogzillaS2/ros_ws/src/dog_joint_interfaces -DCMAKE_INSTALL_PREFIX=/home/yahboom/Desktop/dogzillaS2/ros_ws/install/dog_joint_interfaces
[4.502s] Invoking command in '/home/yahboom/Desktop/dogzillaS2/ros_ws/build/dog_joint_interfaces': CMAKE_PREFIX_PATH=${CMAKE_PREFIX_PATH}:/home/yahboom/cartoros2/install/yahboomcar_nav:/home/yahboom/cartoros2/install/yahboomcar_ctrl:/home/yahboom/cartoros2/install/yahboom_visual:/home/yahboom/cartoros2/install/yahboom_dog_joint_state:/home/yahboom/cartoros2/install/yahboom_description:/home/yahboom/cartoros2/install/yahboom_color_identify_server:/home/yahboom/cartoros2/install/yahboom_bringup:/home/yahboom/cartoros2/install/yahboom_base:/home/yahboom/cartoros2/install/yahboom_app_save_map:/home/yahboom/cartoros2/install/update_map:/home/yahboom/cartoros2/install/rosboard:/home/yahboom/cartoros2/install/path_planner_server:/home/yahboom/cartoros2/install/nav2_simple_commander:/home/yahboom/cartoros2/install/nav2_gazebo_spawner:/home/yahboom/cartoros2/install/localization_server:/home/yahboom/cartoros2/install/laserscan_to_point_pulisher:/home/yahboom/yahboomcar_ws/install/yahboom_dog_example:/opt/ros/humble /usr/bin/cmake --build /home/yahboom/Desktop/dogzillaS2/ros_ws/build/dog_joint_interfaces -- -j4 -l4
[4.603s] [  3%] [34m[1mGenerating C code for ROS interfaces[0m
[4.622s] [  6%] [34m[1mGenerating C++ code for ROS interfaces[0m
[4.640s] [  6%] Built target ament_cmake_python_copy_dog_joint_interfaces
[4.974s] [  6%] Built target dog_joint_interfaces__cpp
[5.002s] [  9%] [34m[1mGenerating C++ type support dispatch for ROS interfaces[0m
[5.002s] running egg_info
[5.002s] creating dog_joint_interfaces.egg-info
[5.002s] writing dog_joint_interfaces.egg-info/PKG-INFO
[5.002s] writing dependency_links to dog_joint_interfaces.egg-info/dependency_links.txt
[5.002s] writing top-level names to dog_joint_interfaces.egg-info/top_level.txt
[5.002s] writing manifest file 'dog_joint_interfaces.egg-info/SOURCES.txt'
[5.008s] [ 12%] [34m[1mGenerating C++ type support for eProsima Fast-RTPS[0m
[5.008s] reading manifest file 'dog_joint_interfaces.egg-info/SOURCES.txt'
[5.008s] writing manifest file 'dog_joint_interfaces.egg-info/SOURCES.txt'
[5.021s] [ 16%] [32mBuilding C object CMakeFiles/dog_joint_interfaces__rosidl_generator_c.dir/rosidl_generator_c/dog_joint_interfaces/srv/detail/set_joint_position__functions.c.o[0m
[5.057s] [ 16%] Built target ament_cmake_python_build_dog_joint_interfaces_egg
[5.084s] [ 19%] [34m[1mGenerating C++ introspection for ROS interfaces[0m
[5.180s] [ 22%] [32m[1mLinking C shared library libdog_joint_interfaces__rosidl_generator_c.so[0m
[5.272s] [ 22%] Built target dog_joint_interfaces__rosidl_generator_c
[5.301s] [ 25%] [34m[1mGenerating C type support for eProsima Fast-RTPS[0m
[5.313s] [ 29%] [32mBuilding CXX object CMakeFiles/dog_joint_interfaces__rosidl_typesupport_cpp.dir/rosidl_typesupport_cpp/dog_joint_interfaces/srv/set_joint_position__type_support.cpp.o[0m
[5.383s] [ 32%] [32mBuilding CXX object CMakeFiles/dog_joint_interfaces__rosidl_typesupport_fastrtps_cpp.dir/rosidl_typesupport_fastrtps_cpp/dog_joint_interfaces/srv/detail/dds_fastrtps/set_joint_position__type_support.cpp.o[0m
[5.450s] [ 35%] [32mBuilding CXX object CMakeFiles/dog_joint_interfaces__rosidl_typesupport_introspection_cpp.dir/rosidl_typesupport_introspection_cpp/dog_joint_interfaces/srv/detail/set_joint_position__type_support.cpp.o[0m
[5.660s] [ 38%] [32mBuilding CXX object CMakeFiles/dog_joint_interfaces__rosidl_typesupport_fastrtps_c.dir/rosidl_typesupport_fastrtps_c/dog_joint_interfaces/srv/detail/set_joint_position__type_support_c.cpp.o[0m
[6.032s] [ 41%] [32m[1mLinking CXX shared library libdog_joint_interfaces__rosidl_typesupport_cpp.so[0m
[6.146s] [ 41%] Built target dog_joint_interfaces__rosidl_typesupport_cpp
[6.175s] [ 45%] [34m[1mGenerating C introspection for ROS interfaces[0m
[6.355s] [ 48%] [32m[1mLinking CXX shared library libdog_joint_interfaces__rosidl_typesupport_fastrtps_cpp.so[0m
[6.374s] [ 51%] [32m[1mLinking CXX shared library libdog_joint_interfaces__rosidl_typesupport_introspection_cpp.so[0m
[6.399s] [ 54%] [32m[1mLinking CXX shared library libdog_joint_interfaces__rosidl_typesupport_fastrtps_c.so[0m
[6.516s] [ 54%] Built target dog_joint_interfaces__rosidl_typesupport_introspection_cpp
[6.520s] [ 54%] Built target dog_joint_interfaces__rosidl_typesupport_fastrtps_cpp
[6.542s] [ 58%] [34m[1mGenerating C type support dispatch for ROS interfaces[0m
[6.560s] [ 58%] Built target dog_joint_interfaces__rosidl_typesupport_fastrtps_c
[6.563s] [ 61%] [32mBuilding C object CMakeFiles/dog_joint_interfaces__rosidl_typesupport_introspection_c.dir/rosidl_typesupport_introspection_c/dog_joint_interfaces/srv/detail/set_joint_position__type_support.c.o[0m
[6.627s] [ 64%] [32m[1mLinking C shared library libdog_joint_interfaces__rosidl_typesupport_introspection_c.so[0m
[6.703s] [ 64%] Built target dog_joint_interfaces__rosidl_typesupport_introspection_c
[6.824s] [ 67%] [32mBuilding CXX object CMakeFiles/dog_joint_interfaces__rosidl_typesupport_c.dir/rosidl_typesupport_c/dog_joint_interfaces/srv/set_joint_position__type_support.cpp.o[0m
[6.885s] [ 70%] [32m[1mLinking CXX shared library libdog_joint_interfaces__rosidl_typesupport_c.so[0m
[6.965s] [ 70%] Built target dog_joint_interfaces__rosidl_typesupport_c
[7.015s] [ 70%] Built target dog_joint_interfaces
[7.067s] [ 74%] [34m[1mGenerating Python code for ROS interfaces[0m
[7.477s] [ 74%] Built target dog_joint_interfaces__py
[7.527s] [ 77%] [32mBuilding C object CMakeFiles/dog_joint_interfaces__rosidl_generator_py.dir/rosidl_generator_py/dog_joint_interfaces/srv/_set_joint_position_s.c.o[0m
[7.733s] [ 80%] [32m[1mLinking C shared library rosidl_generator_py/dog_joint_interfaces/libdog_joint_interfaces__rosidl_generator_py.so[0m
[7.817s] [ 80%] Built target dog_joint_interfaces__rosidl_generator_py
[7.865s] [ 90%] [32mBuilding C object CMakeFiles/dog_joint_interfaces__rosidl_typesupport_introspection_c__pyext.dir/rosidl_generator_py/dog_joint_interfaces/_dog_joint_interfaces_s.ep.rosidl_typesupport_introspection_c.c.o[0m
[7.866s] [ 90%] [32mBuilding C object CMakeFiles/dog_joint_interfaces__rosidl_typesupport_fastrtps_c__pyext.dir/rosidl_generator_py/dog_joint_interfaces/_dog_joint_interfaces_s.ep.rosidl_typesupport_fastrtps_c.c.o[0m
[7.866s] [ 90%] [32mBuilding C object CMakeFiles/dog_joint_interfaces__rosidl_typesupport_c__pyext.dir/rosidl_generator_py/dog_joint_interfaces/_dog_joint_interfaces_s.ep.rosidl_typesupport_c.c.o[0m
[8.002s] [ 93%] [32m[1mLinking C shared library rosidl_generator_py/dog_joint_interfaces/dog_joint_interfaces_s__rosidl_typesupport_c.cpython-310-x86_64-linux-gnu.so[0m
[8.004s] [ 96%] [32m[1mLinking C shared library rosidl_generator_py/dog_joint_interfaces/dog_joint_interfaces_s__rosidl_typesupport_fastrtps_c.cpython-310-x86_64-linux-gnu.so[0m
[8.010s] [100%] [32m[1mLinking C shared library rosidl_generator_py/dog_joint_interfaces/dog_joint_interfaces_s__rosidl_typesupport_introspection_c.cpython-310-x86_64-linux-gnu.so[0m
[8.081s] [100%] Built target dog_joint_interfaces__rosidl_typesupport_c__pyext
[8.081s] [100%] Built target dog_joint_interfaces__rosidl_typesupport_fastrtps_c__pyext
[8.087s] [100%] Built target dog_joint_interfaces__rosidl_typesupport_introspection_c__pyext
[8.113s] Invoked command in '/home/yahboom/Desktop/dogzillaS2/ros_ws/build/dog_joint_interfaces' returned '0': CMAKE_PREFIX_PATH=${CMAKE_PREFIX_PATH}:/home/yahboom/cartoros2/install/yahboomcar_nav:/home/yahboom/cartoros2/install/yahboomcar_ctrl:/home/yahboom/cartoros2/install/yahboom_visual:/home/yahboom/cartoros2/install/yahboom_dog_joint_state:/home/yahboom/cartoros2/install/yahboom_description:/home/yahboom/cartoros2/install/yahboom_color_identify_server:/home/yahboom/cartoros2/install/yahboom_bringup:/home/yahboom/cartoros2/install/yahboom_base:/home/yahboom/cartoros2/install/yahboom_app_save_map:/home/yahboom/cartoros2/install/update_map:/home/yahboom/cartoros2/install/rosboard:/home/yahboom/cartoros2/install/path_planner_server:/home/yahboom/cartoros2/install/nav2_simple_commander:/home/yahboom/cartoros2/install/nav2_gazebo_spawner:/home/yahboom/cartoros2/install/localization_server:/home/yahboom/cartoros2/install/laserscan_to_point_pulisher:/home/yahboom/yahboomcar_ws/install/yahboom_dog_example:/opt/ros/humble /usr/bin/cmake --build /home/yahboom/Desktop/dogzillaS2/ros_ws/build/dog_joint_interfaces -- -j4 -l4
[8.353s] Invoking command in '/home/yahboom/Desktop/dogzillaS2/ros_ws/build/dog_joint_interfaces': CMAKE_PREFIX_PATH=${CMAKE_PREFIX_PATH}:/home/yahboom/cartoros2/install/yahboomcar_nav:/home/yahboom/cartoros2/install/yahboomcar_ctrl:/home/yahboom/cartoros2/install/yahboom_visual:/home/yahboom/cartoros2/install/yahboom_dog_joint_state:/home/yahboom/cartoros2/install/yahboom_description:/home/yahboom/cartoros2/install/yahboom_color_identify_server:/home/yahboom/cartoros2/install/yahboom_bringup:/home/yahboom/cartoros2/install/yahboom_base:/home/yahboom/cartoros2/install/yahboom_app_save_map:/home/yahboom/cartoros2/install/update_map:/home/yahboom/cartoros2/install/rosboard:/home/yahboom/cartoros2/install/path_planner_server:/home/yahboom/cartoros2/install/nav2_simple_commander:/home/yahboom/cartoros2/install/nav2_gazebo_spawner:/home/yahboom/cartoros2/install/localization_server:/home/yahboom/cartoros2/install/laserscan_to_point_pulisher:/home/yahboom/yahboomcar_ws/install/yahboom_dog_example:/opt/ros/humble /usr/bin/cmake --install /home/yahboom/Desktop/dogzillaS2/ros_ws/build/dog_joint_interfaces
[8.370s] -- Install configuration: ""
[8.371s] -- Installing: /home/yahboom/Desktop/dogzillaS2/ros_ws/install/dog_joint_interfaces/share/ament_index/resource_index/rosidl_interfaces/dog_joint_interfaces
[8.371s] -- Installing: /home/yahboom/Desktop/dogzillaS2/ros_ws/install/dog_joint_interfaces/include/dog_joint_interfaces/dog_joint_interfaces
[8.372s] -- Installing: /home/yahboom/Desktop/dogzillaS2/ros_ws/install/dog_joint_interfaces/include/dog_joint_interfaces/dog_joint_interfaces/srv
[8.372s] -- Installing: /home/yahboom/Desktop/dogzillaS2/ros_ws/install/dog_joint_interfaces/include/dog_joint_interfaces/dog_joint_interfaces/srv/detail
[8.372s] -- Installing: /home/yahboom/Desktop/dogzillaS2/ros_ws/install/dog_joint_interfaces/include/dog_joint_interfaces/dog_joint_interfaces/srv/detail/set_joint_position__functions.c
[8.372s] -- Installing: /home/yahboom/Desktop/dogzillaS2/ros_ws/install/dog_joint_interfaces/include/dog_joint_interfaces/dog_joint_interfaces/srv/detail/set_joint_position__type_support.h
[8.372s] -- Installing: /home/yahboom/Desktop/dogzillaS2/ros_ws/install/dog_joint_interfaces/include/dog_joint_interfaces/dog_joint_interfaces/srv/detail/set_joint_position__struct.h
[8.372s] -- Installing: /home/yahboom/Desktop/dogzillaS2/ros_ws/install/dog_joint_interfaces/include/dog_joint_interfaces/dog_joint_interfaces/srv/detail/set_joint_position__functions.h
[8.372s] -- Installing: /home/yahboom/Desktop/dogzillaS2/ros_ws/install/dog_joint_interfaces/include/dog_joint_interfaces/dog_joint_interfaces/srv/set_joint_position.h
[8.372s] -- Installing: /home/yahboom/Desktop/dogzillaS2/ros_ws/install/dog_joint_interfaces/include/dog_joint_interfaces/dog_joint_interfaces/msg
[8.373s] -- Installing: /home/yahboom/Desktop/dogzillaS2/ros_ws/install/dog_joint_interfaces/include/dog_joint_interfaces/dog_joint_interfaces/msg/rosidl_generator_c__visibility_control.h
[8.373s] -- Installing: /home/yahboom/Desktop/dogzillaS2/ros_ws/install/dog_joint_interfaces/share/dog_joint_interfaces/environment/library_path.sh
[8.373s] -- Installing: /home/yahboom/Desktop/dogzillaS2/ros_ws/install/dog_joint_interfaces/share/dog_joint_interfaces/environment/library_path.dsv
[8.373s] -- Installing: /home/yahboom/Desktop/dogzillaS2/ros_ws/install/dog_joint_interfaces/lib/libdog_joint_interfaces__rosidl_generator_c.so
[8.373s] -- Set runtime path of "/home/yahboom/Desktop/dogzillaS2/ros_ws/install/dog_joint_interfaces/lib/libdog_joint_interfaces__rosidl_generator_c.so" to ""
[8.374s] -- Up-to-date: /home/yahboom/Desktop/dogzillaS2/ros_ws/install/dog_joint_interfaces/include/dog_joint_interfaces/dog_joint_interfaces
[8.374s] -- Up-to-date: /home/yahboom/Desktop/dogzillaS2/ros_ws/install/dog_joint_interfaces/include/dog_joint_interfaces/dog_joint_interfaces/srv
[8.374s] -- Up-to-date: /home/yahboom/Desktop/dogzillaS2/ros_ws/install/dog_joint_interfaces/include/dog_joint_interfaces/dog_joint_interfaces/srv/detail
[8.374s] -- Installing: /home/yahboom/Desktop/dogzillaS2/ros_ws/install/dog_joint_interfaces/include/dog_joint_interfaces/dog_joint_interfaces/srv/detail/set_joint_position__rosidl_typesupport_fastrtps_c.h
[8.374s] -- Up-to-date: /home/yahboom/Desktop/dogzillaS2/ros_ws/install/dog_joint_interfaces/include/dog_joint_interfaces/dog_joint_interfaces/msg
[8.375s] -- Installing: /home/yahboom/Desktop/dogzillaS2/ros_ws/install/dog_joint_interfaces/include/dog_joint_interfaces/dog_joint_interfaces/msg/rosidl_typesupport_fastrtps_c__visibility_control.h
[8.375s] -- Installing: /home/yahboom/Desktop/dogzillaS2/ros_ws/install/dog_joint_interfaces/lib/libdog_joint_interfaces__rosidl_typesupport_fastrtps_c.so
[8.375s] -- Set runtime path of "/home/yahboom/Desktop/dogzillaS2/ros_ws/install/dog_joint_interfaces/lib/libdog_joint_interfaces__rosidl_typesupport_fastrtps_c.so" to ""
[8.375s] -- Up-to-date: /home/yahboom/Desktop/dogzillaS2/ros_ws/install/dog_joint_interfaces/include/dog_joint_interfaces/dog_joint_interfaces
[8.376s] -- Up-to-date: /home/yahboom/Desktop/dogzillaS2/ros_ws/install/dog_joint_interfaces/include/dog_joint_interfaces/dog_joint_interfaces/srv
[8.376s] -- Up-to-date: /home/yahboom/Desktop/dogzillaS2/ros_ws/install/dog_joint_interfaces/include/dog_joint_interfaces/dog_joint_interfaces/srv/detail
[8.376s] -- Installing: /home/yahboom/Desktop/dogzillaS2/ros_ws/install/dog_joint_interfaces/include/dog_joint_interfaces/dog_joint_interfaces/srv/detail/set_joint_position__struct.hpp
[8.376s] -- Installing: /home/yahboom/Desktop/dogzillaS2/ros_ws/install/dog_joint_interfaces/include/dog_joint_interfaces/dog_joint_interfaces/srv/detail/set_joint_position__builder.hpp
[8.376s] -- Installing: /home/yahboom/Desktop/dogzillaS2/ros_ws/install/dog_joint_interfaces/include/dog_joint_interfaces/dog_joint_interfaces/srv/detail/set_joint_position__traits.hpp
[8.376s] -- Installing: /home/yahboom/Desktop/dogzillaS2/ros_ws/install/dog_joint_interfaces/include/dog_joint_interfaces/dog_joint_interfaces/srv/set_joint_position.hpp
[8.376s] -- Up-to-date: /home/yahboom/Desktop/dogzillaS2/ros_ws/install/dog_joint_interfaces/include/dog_joint_interfaces/dog_joint_interfaces
[8.376s] -- Up-to-date: /home/yahboom/Desktop/dogzillaS2/ros_ws/install/dog_joint_interfaces/include/dog_joint_interfaces/dog_joint_interfaces/srv
[8.377s] -- Up-to-date: /home/yahboom/Desktop/dogzillaS2/ros_ws/install/dog_joint_interfaces/include/dog_joint_interfaces/dog_joint_interfaces/srv/detail
[8.377s] -- Installing: /home/yahboom/Desktop/dogzillaS2/ros_ws/install/dog_joint_interfaces/include/dog_joint_interfaces/dog_joint_interfaces/srv/detail/set_joint_position__rosidl_typesupport_fastrtps_cpp.hpp
[8.377s] -- Installing: /home/yahboom/Desktop/dogzillaS2/ros_ws/install/dog_joint_interfaces/include/dog_joint_interfaces/dog_joint_interfaces/srv/detail/dds_fastrtps
[8.377s] -- Up-to-date: /home/yahboom/Desktop/dogzillaS2/ros_ws/install/dog_joint_interfaces/include/dog_joint_interfaces/dog_joint_interfaces/msg
[8.377s] -- Installing: /home/yahboom/Desktop/dogzillaS2/ros_ws/install/dog_joint_interfaces/include/dog_joint_interfaces/dog_joint_interfaces/msg/rosidl_typesupport_fastrtps_cpp__visibility_control.h
[8.377s] -- Installing: /home/yahboom/Desktop/dogzillaS2/ros_ws/install/dog_joint_interfaces/lib/libdog_joint_interfaces__rosidl_typesupport_fastrtps_cpp.so
[8.377s] -- Set runtime path of "/home/yahboom/Desktop/dogzillaS2/ros_ws/install/dog_joint_interfaces/lib/libdog_joint_interfaces__rosidl_typesupport_fastrtps_cpp.so" to ""
[8.377s] -- Up-to-date: /home/yahboom/Desktop/dogzillaS2/ros_ws/install/dog_joint_interfaces/include/dog_joint_interfaces/dog_joint_interfaces
[8.377s] -- Up-to-date: /home/yahboom/Desktop/dogzillaS2/ros_ws/install/dog_joint_interfaces/include/dog_joint_interfaces/dog_joint_interfaces/srv
[8.377s] -- Up-to-date: /home/yahboom/Desktop/dogzillaS2/ros_ws/install/dog_joint_interfaces/include/dog_joint_interfaces/dog_joint_interfaces/srv/detail
[8.378s] -- Installing: /home/yahboom/Desktop/dogzillaS2/ros_ws/install/dog_joint_interfaces/include/dog_joint_interfaces/dog_joint_interfaces/srv/detail/set_joint_position__type_support.c
[8.378s] -- Installing: /home/yahboom/Desktop/dogzillaS2/ros_ws/install/dog_joint_interfaces/include/dog_joint_interfaces/dog_joint_interfaces/srv/detail/set_joint_position__rosidl_typesupport_introspection_c.h
[8.378s] -- Up-to-date: /home/yahboom/Desktop/dogzillaS2/ros_ws/install/dog_joint_interfaces/include/dog_joint_interfaces/dog_joint_interfaces/msg
[8.378s] -- Installing: /home/yahboom/Desktop/dogzillaS2/ros_ws/install/dog_joint_interfaces/include/dog_joint_interfaces/dog_joint_interfaces/msg/rosidl_typesupport_introspection_c__visibility_control.h
[8.378s] -- Installing: /home/yahboom/Desktop/dogzillaS2/ros_ws/install/dog_joint_interfaces/lib/libdog_joint_interfaces__rosidl_typesupport_introspection_c.so
[8.378s] -- Set runtime path of "/home/yahboom/Desktop/dogzillaS2/ros_ws/install/dog_joint_interfaces/lib/libdog_joint_interfaces__rosidl_typesupport_introspection_c.so" to ""
[8.378s] -- Installing: /home/yahboom/Desktop/dogzillaS2/ros_ws/install/dog_joint_interfaces/lib/libdog_joint_interfaces__rosidl_typesupport_c.so
[8.379s] -- Set runtime path of "/home/yahboom/Desktop/dogzillaS2/ros_ws/install/dog_joint_interfaces/lib/libdog_joint_interfaces__rosidl_typesupport_c.so" to ""
[8.379s] -- Up-to-date: /home/yahboom/Desktop/dogzillaS2/ros_ws/install/dog_joint_interfaces/include/dog_joint_interfaces/dog_joint_interfaces
[8.379s] -- Up-to-date: /home/yahboom/Desktop/dogzillaS2/ros_ws/install/dog_joint_interfaces/include/dog_joint_interfaces/dog_joint_interfaces/srv
[8.379s] -- Up-to-date: /home/yahboom/Desktop/dogzillaS2/ros_ws/install/dog_joint_interfaces/include/dog_joint_interfaces/dog_joint_interfaces/srv/detail
[8.379s] -- Installing: /home/yahboom/Desktop/dogzillaS2/ros_ws/install/dog_joint_interfaces/include/dog_joint_interfaces/dog_joint_interfaces/srv/detail/set_joint_position__type_support.cpp
[8.379s] -- Installing: /home/yahboom/Desktop/dogzillaS2/ros_ws/install/dog_joint_interfaces/include/dog_joint_interfaces/dog_joint_interfaces/srv/detail/set_joint_position__rosidl_typesupport_introspection_cpp.hpp
[8.379s] -- Installing: /home/yahboom/Desktop/dogzillaS2/ros_ws/install/dog_joint_interfaces/lib/libdog_joint_interfaces__rosidl_typesupport_introspection_cpp.so
[8.381s] -- Set runtime path of "/home/yahboom/Desktop/dogzillaS2/ros_ws/install/dog_joint_interfaces/lib/libdog_joint_interfaces__rosidl_typesupport_introspection_cpp.so" to ""
[8.381s] -- Installing: /home/yahboom/Desktop/dogzillaS2/ros_ws/install/dog_joint_interfaces/lib/libdog_joint_interfaces__rosidl_typesupport_cpp.so
[8.381s] -- Set runtime path of "/home/yahboom/Desktop/dogzillaS2/ros_ws/install/dog_joint_interfaces/lib/libdog_joint_interfaces__rosidl_typesupport_cpp.so" to ""
[8.381s] -- Installing: /home/yahboom/Desktop/dogzillaS2/ros_ws/install/dog_joint_interfaces/share/dog_joint_interfaces/environment/pythonpath.sh
[8.381s] -- Installing: /home/yahboom/Desktop/dogzillaS2/ros_ws/install/dog_joint_interfaces/share/dog_joint_interfaces/environment/pythonpath.dsv
[8.381s] -- Installing: /home/yahboom/Desktop/dogzillaS2/ros_ws/install/dog_joint_interfaces/local/lib/python3.10/dist-packages/dog_joint_interfaces-0.0.0-py3.10.egg-info
[8.382s] -- Installing: /home/yahboom/Desktop/dogzillaS2/ros_ws/install/dog_joint_interfaces/local/lib/python3.10/dist-packages/dog_joint_interfaces-0.0.0-py3.10.egg-info/top_level.txt
[8.382s] -- Installing: /home/yahboom/Desktop/dogzillaS2/ros_ws/install/dog_joint_interfaces/local/lib/python3.10/dist-packages/dog_joint_interfaces-0.0.0-py3.10.egg-info/PKG-INFO
[8.382s] -- Installing: /home/yahboom/Desktop/dogzillaS2/ros_ws/install/dog_joint_interfaces/local/lib/python3.10/dist-packages/dog_joint_interfaces-0.0.0-py3.10.egg-info/dependency_links.txt
[8.382s] -- Installing: /home/yahboom/Desktop/dogzillaS2/ros_ws/install/dog_joint_interfaces/local/lib/python3.10/dist-packages/dog_joint_interfaces-0.0.0-py3.10.egg-info/SOURCES.txt
[8.383s] -- Installing: /home/yahboom/Desktop/dogzillaS2/ros_ws/install/dog_joint_interfaces/local/lib/python3.10/dist-packages/dog_joint_interfaces
[8.383s] -- Installing: /home/yahboom/Desktop/dogzillaS2/ros_ws/install/dog_joint_interfaces/local/lib/python3.10/dist-packages/dog_joint_interfaces/libdog_joint_interfaces__rosidl_generator_py.so
[8.383s] -- Installing: /home/yahboom/Desktop/dogzillaS2/ros_ws/install/dog_joint_interfaces/local/lib/python3.10/dist-packages/dog_joint_interfaces/_dog_joint_interfaces_s.ep.rosidl_typesupport_c.c
[8.383s] -- Installing: /home/yahboom/Desktop/dogzillaS2/ros_ws/install/dog_joint_interfaces/local/lib/python3.10/dist-packages/dog_joint_interfaces/srv
[8.383s] -- Installing: /home/yahboom/Desktop/dogzillaS2/ros_ws/install/dog_joint_interfaces/local/lib/python3.10/dist-packages/dog_joint_interfaces/srv/__init__.py
[8.383s] -- Installing: /home/yahboom/Desktop/dogzillaS2/ros_ws/install/dog_joint_interfaces/local/lib/python3.10/dist-packages/dog_joint_interfaces/srv/_set_joint_position.py
[8.383s] -- Installing: /home/yahboom/Desktop/dogzillaS2/ros_ws/install/dog_joint_interfaces/local/lib/python3.10/dist-packages/dog_joint_interfaces/srv/_set_joint_position_s.c
[8.384s] -- Installing: /home/yahboom/Desktop/dogzillaS2/ros_ws/install/dog_joint_interfaces/local/lib/python3.10/dist-packages/dog_joint_interfaces/dog_joint_interfaces_s__rosidl_typesupport_fastrtps_c.cpython-310-x86_64-linux-gnu.so
[8.384s] -- Installing: /home/yahboom/Desktop/dogzillaS2/ros_ws/install/dog_joint_interfaces/local/lib/python3.10/dist-packages/dog_joint_interfaces/__init__.py
[8.384s] -- Installing: /home/yahboom/Desktop/dogzillaS2/ros_ws/install/dog_joint_interfaces/local/lib/python3.10/dist-packages/dog_joint_interfaces/dog_joint_interfaces_s__rosidl_typesupport_c.cpython-310-x86_64-linux-gnu.so
[8.384s] -- Installing: /home/yahboom/Desktop/dogzillaS2/ros_ws/install/dog_joint_interfaces/local/lib/python3.10/dist-packages/dog_joint_interfaces/_dog_joint_interfaces_s.ep.rosidl_typesupport_introspection_c.c
[8.384s] -- Installing: /home/yahboom/Desktop/dogzillaS2/ros_ws/install/dog_joint_interfaces/local/lib/python3.10/dist-packages/dog_joint_interfaces/_dog_joint_interfaces_s.ep.rosidl_typesupport_fastrtps_c.c
[8.384s] -- Installing: /home/yahboom/Desktop/dogzillaS2/ros_ws/install/dog_joint_interfaces/local/lib/python3.10/dist-packages/dog_joint_interfaces/dog_joint_interfaces_s__rosidl_typesupport_introspection_c.cpython-310-x86_64-linux-gnu.so
[8.457s] Listing '/home/yahboom/Desktop/dogzillaS2/ros_ws/install/dog_joint_interfaces/local/lib/python3.10/dist-packages/dog_joint_interfaces'...
[8.457s] Compiling '/home/yahboom/Desktop/dogzillaS2/ros_ws/install/dog_joint_interfaces/local/lib/python3.10/dist-packages/dog_joint_interfaces/__init__.py'...
[8.457s] Listing '/home/yahboom/Desktop/dogzillaS2/ros_ws/install/dog_joint_interfaces/local/lib/python3.10/dist-packages/dog_joint_interfaces/srv'...
[8.457s] Compiling '/home/yahboom/Desktop/dogzillaS2/ros_ws/install/dog_joint_interfaces/local/lib/python3.10/dist-packages/dog_joint_interfaces/srv/__init__.py'...
[8.457s] Compiling '/home/yahboom/Desktop/dogzillaS2/ros_ws/install/dog_joint_interfaces/local/lib/python3.10/dist-packages/dog_joint_interfaces/srv/_set_joint_position.py'...
[8.463s] -- Installing: /home/yahboom/Desktop/dogzillaS2/ros_ws/install/dog_joint_interfaces/local/lib/python3.10/dist-packages/dog_joint_interfaces/dog_joint_interfaces_s__rosidl_typesupport_fastrtps_c.cpython-310-x86_64-linux-gnu.so
[8.464s] -- Set runtime path of "/home/yahboom/Desktop/dogzillaS2/ros_ws/install/dog_joint_interfaces/local/lib/python3.10/dist-packages/dog_joint_interfaces/dog_joint_interfaces_s__rosidl_typesupport_fastrtps_c.cpython-310-x86_64-linux-gnu.so" to ""
[8.464s] -- Installing: /home/yahboom/Desktop/dogzillaS2/ros_ws/install/dog_joint_interfaces/local/lib/python3.10/dist-packages/dog_joint_interfaces/dog_joint_interfaces_s__rosidl_typesupport_introspection_c.cpython-310-x86_64-linux-gnu.so
[8.465s] -- Set runtime path of "/home/yahboom/Desktop/dogzillaS2/ros_ws/install/dog_joint_interfaces/local/lib/python3.10/dist-packages/dog_joint_interfaces/dog_joint_interfaces_s__rosidl_typesupport_introspection_c.cpython-310-x86_64-linux-gnu.so" to ""
[8.466s] -- Installing: /home/yahboom/Desktop/dogzillaS2/ros_ws/install/dog_joint_interfaces/local/lib/python3.10/dist-packages/dog_joint_interfaces/dog_joint_interfaces_s__rosidl_typesupport_c.cpython-310-x86_64-linux-gnu.so
[8.467s] -- Set runtime path of "/home/yahboom/Desktop/dogzillaS2/ros_ws/install/dog_joint_interfaces/local/lib/python3.10/dist-packages/dog_joint_interfaces/dog_joint_interfaces_s__rosidl_typesupport_c.cpython-310-x86_64-linux-gnu.so" to ""
[8.467s] -- Installing: /home/yahboom/Desktop/dogzillaS2/ros_ws/install/dog_joint_interfaces/lib/libdog_joint_interfaces__rosidl_generator_py.so
[8.468s] -- Set runtime path of "/home/yahboom/Desktop/dogzillaS2/ros_ws/install/dog_joint_interfaces/lib/libdog_joint_interfaces__rosidl_generator_py.so" to ""
[8.468s] -- Installing: /home/yahboom/Desktop/dogzillaS2/ros_ws/install/dog_joint_interfaces/share/dog_joint_interfaces/srv/SetJointPosition.idl
[8.468s] -- Installing: /home/yahboom/Desktop/dogzillaS2/ros_ws/install/dog_joint_interfaces/share/dog_joint_interfaces/srv/SetJointPosition.srv
[8.469s] -- Installing: /home/yahboom/Desktop/dogzillaS2/ros_ws/install/dog_joint_interfaces/share/dog_joint_interfaces/srv/SetJointPosition_Request.msg
[8.469s] -- Installing: /home/yahboom/Desktop/dogzillaS2/ros_ws/install/dog_joint_interfaces/share/dog_joint_interfaces/srv/SetJointPosition_Response.msg
[8.470s] -- Installing: /home/yahboom/Desktop/dogzillaS2/ros_ws/install/dog_joint_interfaces/share/ament_index/resource_index/package_run_dependencies/dog_joint_interfaces
[8.471s] -- Installing: /home/yahboom/Desktop/dogzillaS2/ros_ws/install/dog_joint_interfaces/share/ament_index/resource_index/parent_prefix_path/dog_joint_interfaces
[8.471s] -- Installing: /home/yahboom/Desktop/dogzillaS2/ros_ws/install/dog_joint_interfaces/share/dog_joint_interfaces/environment/ament_prefix_path.sh
[8.471s] -- Installing: /home/yahboom/Desktop/dogzillaS2/ros_ws/install/dog_joint_interfaces/share/dog_joint_interfaces/environment/ament_prefix_path.dsv
[8.472s] -- Installing: /home/yahboom/Desktop/dogzillaS2/ros_ws/install/dog_joint_interfaces/share/dog_joint_interfaces/environment/path.sh
[8.472s] -- Installing: /home/yahboom/Desktop/dogzillaS2/ros_ws/install/dog_joint_interfaces/share/dog_joint_interfaces/environment/path.dsv
[8.473s] -- Installing: /home/yahboom/Desktop/dogzillaS2/ros_ws/install/dog_joint_interfaces/share/dog_joint_interfaces/local_setup.bash
[8.473s] -- Installing: /home/yahboom/Desktop/dogzillaS2/ros_ws/install/dog_joint_interfaces/share/dog_joint_interfaces/local_setup.sh
[8.474s] -- Installing: /home/yahboom/Desktop/dogzillaS2/ros_ws/install/dog_joint_interfaces/share/dog_joint_interfaces/local_setup.zsh
[8.474s] -- Installing: /home/yahboom/Desktop/dogzillaS2/ros_ws/install/dog_joint_interfaces/share/dog_joint_interfaces/local_setup.dsv
[8.474s] -- Installing: /home/yahboom/Desktop/dogzillaS2/ros_ws/install/dog_joint_interfaces/share/dog_joint_interfaces/package.dsv
[8.475s] -- Installing: /home/yahboom/Desktop/dogzillaS2/ros_ws/install/dog_joint_interfaces/share/ament_index/resource_index/packages/dog_joint_interfaces
[8.475s] -- Installing: /home/yahboom/Desktop/dogzillaS2/ros_ws/install/dog_joint_interfaces/share/dog_joint_interfaces/cmake/export_dog_joint_interfaces__rosidl_generator_cExport.cmake
[8.475s] -- Installing: /home/yahboom/Desktop/dogzillaS2/ros_ws/install/dog_joint_interfaces/share/dog_joint_interfaces/cmake/export_dog_joint_interfaces__rosidl_generator_cExport-noconfig.cmake
[8.475s] -- Installing: /home/yahboom/Desktop/dogzillaS2/ros_ws/install/dog_joint_interfaces/share/dog_joint_interfaces/cmake/export_dog_joint_interfaces__rosidl_typesupport_fastrtps_cExport.cmake
[8.476s] -- Installing: /home/yahboom/Desktop/dogzillaS2/ros_ws/install/dog_joint_interfaces/share/dog_joint_interfaces/cmake/export_dog_joint_interfaces__rosidl_typesupport_fastrtps_cExport-noconfig.cmake
[8.476s] -- Installing: /home/yahboom/Desktop/dogzillaS2/ros_ws/install/dog_joint_interfaces/share/dog_joint_interfaces/cmake/export_dog_joint_interfaces__rosidl_generator_cppExport.cmake
[8.476s] -- Installing: /home/yahboom/Desktop/dogzillaS2/ros_ws/install/dog_joint_interfaces/share/dog_joint_interfaces/cmake/export_dog_joint_interfaces__rosidl_typesupport_fastrtps_cppExport.cmake
[8.476s] -- Installing: /home/yahboom/Desktop/dogzillaS2/ros_ws/install/dog_joint_interfaces/share/dog_joint_interfaces/cmake/export_dog_joint_interfaces__rosidl_typesupport_fastrtps_cppExport-noconfig.cmake
[8.477s] -- Installing: /home/yahboom/Desktop/dogzillaS2/ros_ws/install/dog_joint_interfaces/share/dog_joint_interfaces/cmake/dog_joint_interfaces__rosidl_typesupport_introspection_cExport.cmake
[8.477s] -- Installing: /home/yahboom/Desktop/dogzillaS2/ros_ws/install/dog_joint_interfaces/share/dog_joint_interfaces/cmake/dog_joint_interfaces__rosidl_typesupport_introspection_cExport-noconfig.cmake
[8.477s] -- Installing: /home/yahboom/Desktop/dogzillaS2/ros_ws/install/dog_joint_interfaces/share/dog_joint_interfaces/cmake/dog_joint_interfaces__rosidl_typesupport_cExport.cmake
[8.477s] -- Installing: /home/yahboom/Desktop/dogzillaS2/ros_ws/install/dog_joint_interfaces/share/dog_joint_interfaces/cmake/dog_joint_interfaces__rosidl_typesupport_cExport-noconfig.cmake
[8.477s] -- Installing: /home/yahboom/Desktop/dogzillaS2/ros_ws/install/dog_joint_interfaces/share/dog_joint_interfaces/cmake/dog_joint_interfaces__rosidl_typesupport_introspection_cppExport.cmake
[8.478s] -- Installing: /home/yahboom/Desktop/dogzillaS2/ros_ws/install/dog_joint_interfaces/share/dog_joint_interfaces/cmake/dog_joint_interfaces__rosidl_typesupport_introspection_cppExport-noconfig.cmake
[8.478s] -- Installing: /home/yahboom/Desktop/dogzillaS2/ros_ws/install/dog_joint_interfaces/share/dog_joint_interfaces/cmake/dog_joint_interfaces__rosidl_typesupport_cppExport.cmake
[8.478s] -- Installing: /home/yahboom/Desktop/dogzillaS2/ros_ws/install/dog_joint_interfaces/share/dog_joint_interfaces/cmake/dog_joint_interfaces__rosidl_typesupport_cppExport-noconfig.cmake
[8.478s] -- Installing: /home/yahboom/Desktop/dogzillaS2/ros_ws/install/dog_joint_interfaces/share/dog_joint_interfaces/cmake/export_dog_joint_interfaces__rosidl_generator_pyExport.cmake
[8.479s] -- Installing: /home/yahboom/Desktop/dogzillaS2/ros_ws/install/dog_joint_interfaces/share/dog_joint_interfaces/cmake/export_dog_joint_interfaces__rosidl_generator_pyExport-noconfig.cmake
[8.479s] -- Installing: /home/yahboom/Desktop/dogzillaS2/ros_ws/install/dog_joint_interfaces/share/dog_joint_interfaces/cmake/rosidl_cmake-extras.cmake
[8.479s] -- Installing: /home/yahboom/Desktop/dogzillaS2/ros_ws/install/dog_joint_interfaces/share/dog_joint_interfaces/cmake/ament_cmake_export_dependencies-extras.cmake
[8.479s] -- Installing: /home/yahboom/Desktop/dogzillaS2/ros_ws/install/dog_joint_interfaces/share/dog_joint_interfaces/cmake/ament_cmake_export_include_directories-extras.cmake
[8.480s] -- Installing: /home/yahboom/Desktop/dogzillaS2/ros_ws/install/dog_joint_interfaces/share/dog_joint_interfaces/cmake/ament_cmake_export_libraries-extras.cmake
[8.480s] -- Installing: /home/yahboom/Desktop/dogzillaS2/ros_ws/install/dog_joint_interfaces/share/dog_joint_interfaces/cmake/ament_cmake_export_targets-extras.cmake
[8.480s] -- Installing: /home/yahboom/Desktop/dogzillaS2/ros_ws/install/dog_joint_interfaces/share/dog_joint_interfaces/cmake/rosidl_cmake_export_typesupport_targets-extras.cmake
[8.480s] -- Installing: /home/yahboom/Desktop/dogzillaS2/ros_ws/install/dog_joint_interfaces/share/dog_joint_interfaces/cmake/rosidl_cmake_export_typesupport_libraries-extras.cmake
[8.480s] -- Installing: /home/yahboom/Desktop/dogzillaS2/ros_ws/install/dog_joint_interfaces/share/dog_joint_interfaces/cmake/dog_joint_interfacesConfig.cmake
[8.481s] -- Installing: /home/yahboom/Desktop/dogzillaS2/ros_ws/install/dog_joint_interfaces/share/dog_joint_interfaces/cmake/dog_joint_interfacesConfig-version.cmake
[8.481s] -- Installing: /home/yahboom/Desktop/dogzillaS2/ros_ws/install/dog_joint_interfaces/share/dog_joint_interfaces/package.xml
[8.484s] Invoked command in '/home/yahboom/Desktop/dogzillaS2/ros_ws/build/dog_joint_interfaces' returned '0': CMAKE_PREFIX_PATH=${CMAKE_PREFIX_PATH}:/home/yahboom/cartoros2/install/yahboomcar_nav:/home/yahboom/cartoros2/install/yahboomcar_ctrl:/home/yahboom/cartoros2/install/yahboom_visual:/home/yahboom/cartoros2/install/yahboom_dog_joint_state:/home/yahboom/cartoros2/install/yahboom_description:/home/yahboom/cartoros2/install/yahboom_color_identify_server:/home/yahboom/cartoros2/install/yahboom_bringup:/home/yahboom/cartoros2/install/yahboom_base:/home/yahboom/cartoros2/install/yahboom_app_save_map:/home/yahboom/cartoros2/install/update_map:/home/yahboom/cartoros2/install/rosboard:/home/yahboom/cartoros2/install/path_planner_server:/home/yahboom/cartoros2/install/nav2_simple_commander:/home/yahboom/cartoros2/install/nav2_gazebo_spawner:/home/yahboom/cartoros2/install/localization_server:/home/yahboom/cartoros2/install/laserscan_to_point_pulisher:/home/yahboom/yahboomcar_ws/install/yahboom_dog_example:/opt/ros/humble /usr/bin/cmake --install /home/yahboom/Desktop/dogzillaS2/ros_ws/build/dog_joint_interfaces
