[2.322s] Invoking command in '/home/yahboom/Desktop/dogzillaS2/ros_ws/src/dogzilla_joints': PYTHONPATH=/home/yahboom/Desktop/dogzillaS2/ros_ws/build/dogzilla_joints/prefix_override:/home/yahboom/Desktop/dogzillaS2/ros_ws/install/dogzilla_joints/lib/python3.10/site-packages:${PYTHONPATH} /usr/bin/python3 -W ignore:setup.py install is deprecated setup.py egg_info --egg-base ../../build/dogzilla_joints build --build-base /home/yahboom/Desktop/dogzillaS2/ros_ws/build/dogzilla_joints/build install --record /home/yahboom/Desktop/dogzillaS2/ros_ws/build/dogzilla_joints/install.log --single-version-externally-managed install_data
[2.887s] running egg_info
[2.887s] writing ../../build/dogzilla_joints/dogzilla_joints.egg-info/PKG-INFO
[2.887s] writing dependency_links to ../../build/dogzilla_joints/dogzilla_joints.egg-info/dependency_links.txt
[2.887s] writing entry points to ../../build/dogzilla_joints/dogzilla_joints.egg-info/entry_points.txt
[2.888s] writing requirements to ../../build/dogzilla_joints/dogzilla_joints.egg-info/requires.txt
[2.888s] writing top-level names to ../../build/dogzilla_joints/dogzilla_joints.egg-info/top_level.txt
[2.892s] reading manifest file '../../build/dogzilla_joints/dogzilla_joints.egg-info/SOURCES.txt'
[2.894s] writing manifest file '../../build/dogzilla_joints/dogzilla_joints.egg-info/SOURCES.txt'
[2.894s] running build
[2.894s] running build_py
[2.895s] running install
[2.896s] running install_lib
[2.901s] running install_data
[2.901s] running install_egg_info
[2.905s] removing '/home/yahboom/Desktop/dogzillaS2/ros_ws/install/dogzilla_joints/lib/python3.10/site-packages/dogzilla_joints-0.0.0-py3.10.egg-info' (and everything under it)
[2.906s] Copying ../../build/dogzilla_joints/dogzilla_joints.egg-info to /home/yahboom/Desktop/dogzillaS2/ros_ws/install/dogzilla_joints/lib/python3.10/site-packages/dogzilla_joints-0.0.0-py3.10.egg-info
[2.908s] running install_scripts
[2.960s] Installing joints_pub script to /home/yahboom/Desktop/dogzillaS2/ros_ws/install/dogzilla_joints/lib/dogzilla_joints
[2.960s] Installing joints_sub script to /home/yahboom/Desktop/dogzillaS2/ros_ws/install/dogzilla_joints/lib/dogzilla_joints
[2.962s] writing list of installed files to '/home/yahboom/Desktop/dogzillaS2/ros_ws/build/dogzilla_joints/install.log'
[3.019s] Invoked command in '/home/yahboom/Desktop/dogzillaS2/ros_ws/src/dogzilla_joints' returned '0': PYTHONPATH=/home/yahboom/Desktop/dogzillaS2/ros_ws/build/dogzilla_joints/prefix_override:/home/yahboom/Desktop/dogzillaS2/ros_ws/install/dogzilla_joints/lib/python3.10/site-packages:${PYTHONPATH} /usr/bin/python3 -W ignore:setup.py install is deprecated setup.py egg_info --egg-base ../../build/dogzilla_joints build --build-base /home/yahboom/Desktop/dogzillaS2/ros_ws/build/dogzilla_joints/build install --record /home/yahboom/Desktop/dogzillaS2/ros_ws/build/dogzilla_joints/install.log --single-version-externally-managed install_data
