[0.131s] DEBUG:colcon:Command line arguments: ['/usr/bin/colcon', 'build']
[0.131s] DEBUG:colcon:Parsed command line arguments: Namespace(log_base=None, log_level=None, verb_name='build', build_base='build', install_base='install', merge_install=False, symlink_install=False, test_result_base=None, continue_on_error=False, executor='parallel', parallel_workers=4, event_handlers=None, ignore_user_meta=False, metas=['./colcon.meta'], base_paths=['.'], packages_ignore=None, packages_ignore_regex=None, paths=None, packages_up_to=None, packages_up_to_regex=None, packages_above=None, packages_above_and_dependencies=None, packages_above_depth=None, packages_select_by_dep=None, packages_skip_by_dep=None, packages_skip_up_to=None, packages_select_build_failed=False, packages_skip_build_finished=False, packages_select_test_failures=False, packages_skip_test_passed=False, packages_select=None, packages_skip=None, packages_select_regex=None, packages_skip_regex=None, packages_start=None, packages_end=None, allow_overriding=[], cmake_args=None, cmake_target=None, cmake_target_skip_unavailable=False, cmake_clean_cache=False, cmake_clean_first=False, cmake_force_configure=False, ament_cmake_args=None, catkin_cmake_args=None, catkin_skip_building_tests=False, verb_parser=<colcon_defaults.argument_parser.defaults.DefaultArgumentsDecorator object at 0x743a2bc51d50>, verb_extension=<colcon_core.verb.build.BuildVerb object at 0x743a2bc51840>, main=<bound method BuildVerb.main of <colcon_core.verb.build.BuildVerb object at 0x743a2bc51840>>)
[0.331s] Level 1:colcon.colcon_core.package_discovery:discover_packages(colcon_meta) check parameters
[0.332s] Level 1:colcon.colcon_core.package_discovery:discover_packages(recursive) check parameters
[0.332s] Level 1:colcon.colcon_core.package_discovery:discover_packages(ignore) check parameters
[0.332s] Level 1:colcon.colcon_core.package_discovery:discover_packages(path) check parameters
[0.332s] Level 1:colcon.colcon_core.package_discovery:discover_packages(colcon_meta) discover
[0.332s] Level 1:colcon.colcon_core.package_discovery:discover_packages(recursive) discover
[0.332s] INFO:colcon.colcon_core.package_discovery:Crawling recursively for packages in '/home/yahboom/Desktop/dogzillaS2/ros_ws'
[0.332s] Level 1:colcon.colcon_core.package_identification:_identify(.) by extensions ['ignore', 'ignore_ament_install']
[0.332s] Level 1:colcon.colcon_core.package_identification:_identify(.) by extension 'ignore'
[0.332s] Level 1:colcon.colcon_core.package_identification:_identify(.) by extension 'ignore_ament_install'
[0.332s] Level 1:colcon.colcon_core.package_identification:_identify(.) by extensions ['colcon_pkg']
[0.332s] Level 1:colcon.colcon_core.package_identification:_identify(.) by extension 'colcon_pkg'
[0.332s] Level 1:colcon.colcon_core.package_identification:_identify(.) by extensions ['colcon_meta']
[0.332s] Level 1:colcon.colcon_core.package_identification:_identify(.) by extension 'colcon_meta'
[0.332s] Level 1:colcon.colcon_core.package_identification:_identify(.) by extensions ['ros']
[0.332s] Level 1:colcon.colcon_core.package_identification:_identify(.) by extension 'ros'
[0.343s] Level 1:colcon.colcon_core.package_identification:_identify(.) by extensions ['cmake', 'python']
[0.344s] Level 1:colcon.colcon_core.package_identification:_identify(.) by extension 'cmake'
[0.344s] Level 1:colcon.colcon_core.package_identification:_identify(.) by extension 'python'
[0.344s] Level 1:colcon.colcon_core.package_identification:_identify(.) by extensions ['python_setup_py']
[0.344s] Level 1:colcon.colcon_core.package_identification:_identify(.) by extension 'python_setup_py'
[0.344s] Level 1:colcon.colcon_core.package_identification:_identify(build) by extensions ['ignore', 'ignore_ament_install']
[0.344s] Level 1:colcon.colcon_core.package_identification:_identify(build) by extension 'ignore'
[0.344s] Level 1:colcon.colcon_core.package_identification:_identify(build) ignored
[0.344s] Level 1:colcon.colcon_core.package_identification:_identify(install) by extensions ['ignore', 'ignore_ament_install']
[0.344s] Level 1:colcon.colcon_core.package_identification:_identify(install) by extension 'ignore'
[0.344s] Level 1:colcon.colcon_core.package_identification:_identify(install) ignored
[0.344s] Level 1:colcon.colcon_core.package_identification:_identify(log) by extensions ['ignore', 'ignore_ament_install']
[0.344s] Level 1:colcon.colcon_core.package_identification:_identify(log) by extension 'ignore'
[0.344s] Level 1:colcon.colcon_core.package_identification:_identify(log) ignored
[0.344s] Level 1:colcon.colcon_core.package_identification:_identify(src) by extensions ['ignore', 'ignore_ament_install']
[0.345s] Level 1:colcon.colcon_core.package_identification:_identify(src) by extension 'ignore'
[0.345s] Level 1:colcon.colcon_core.package_identification:_identify(src) by extension 'ignore_ament_install'
[0.345s] Level 1:colcon.colcon_core.package_identification:_identify(src) by extensions ['colcon_pkg']
[0.345s] Level 1:colcon.colcon_core.package_identification:_identify(src) by extension 'colcon_pkg'
[0.345s] Level 1:colcon.colcon_core.package_identification:_identify(src) by extensions ['colcon_meta']
[0.345s] Level 1:colcon.colcon_core.package_identification:_identify(src) by extension 'colcon_meta'
[0.345s] Level 1:colcon.colcon_core.package_identification:_identify(src) by extensions ['ros']
[0.345s] Level 1:colcon.colcon_core.package_identification:_identify(src) by extension 'ros'
[0.345s] Level 1:colcon.colcon_core.package_identification:_identify(src) by extensions ['cmake', 'python']
[0.345s] Level 1:colcon.colcon_core.package_identification:_identify(src) by extension 'cmake'
[0.345s] Level 1:colcon.colcon_core.package_identification:_identify(src) by extension 'python'
[0.345s] Level 1:colcon.colcon_core.package_identification:_identify(src) by extensions ['python_setup_py']
[0.345s] Level 1:colcon.colcon_core.package_identification:_identify(src) by extension 'python_setup_py'
[0.345s] Level 1:colcon.colcon_core.package_identification:_identify(src/dog_joint_interfaces) by extensions ['ignore', 'ignore_ament_install']
[0.345s] Level 1:colcon.colcon_core.package_identification:_identify(src/dog_joint_interfaces) by extension 'ignore'
[0.345s] Level 1:colcon.colcon_core.package_identification:_identify(src/dog_joint_interfaces) by extension 'ignore_ament_install'
[0.345s] Level 1:colcon.colcon_core.package_identification:_identify(src/dog_joint_interfaces) by extensions ['colcon_pkg']
[0.345s] Level 1:colcon.colcon_core.package_identification:_identify(src/dog_joint_interfaces) by extension 'colcon_pkg'
[0.345s] Level 1:colcon.colcon_core.package_identification:_identify(src/dog_joint_interfaces) by extensions ['colcon_meta']
[0.345s] Level 1:colcon.colcon_core.package_identification:_identify(src/dog_joint_interfaces) by extension 'colcon_meta'
[0.345s] Level 1:colcon.colcon_core.package_identification:_identify(src/dog_joint_interfaces) by extensions ['ros']
[0.345s] Level 1:colcon.colcon_core.package_identification:_identify(src/dog_joint_interfaces) by extension 'ros'
[0.348s] DEBUG:colcon.colcon_core.package_identification:Package 'src/dog_joint_interfaces' with type 'ros.ament_cmake' and name 'dog_joint_interfaces'
[0.348s] Level 1:colcon.colcon_core.package_identification:_identify(src/dogzilla_joints) by extensions ['ignore', 'ignore_ament_install']
[0.348s] Level 1:colcon.colcon_core.package_identification:_identify(src/dogzilla_joints) by extension 'ignore'
[0.348s] Level 1:colcon.colcon_core.package_identification:_identify(src/dogzilla_joints) by extension 'ignore_ament_install'
[0.348s] Level 1:colcon.colcon_core.package_identification:_identify(src/dogzilla_joints) by extensions ['colcon_pkg']
[0.348s] Level 1:colcon.colcon_core.package_identification:_identify(src/dogzilla_joints) by extension 'colcon_pkg'
[0.348s] Level 1:colcon.colcon_core.package_identification:_identify(src/dogzilla_joints) by extensions ['colcon_meta']
[0.348s] Level 1:colcon.colcon_core.package_identification:_identify(src/dogzilla_joints) by extension 'colcon_meta'
[0.349s] Level 1:colcon.colcon_core.package_identification:_identify(src/dogzilla_joints) by extensions ['ros']
[0.349s] Level 1:colcon.colcon_core.package_identification:_identify(src/dogzilla_joints) by extension 'ros'
[0.349s] DEBUG:colcon.colcon_core.package_identification:Package 'src/dogzilla_joints' with type 'ros.ament_python' and name 'dogzilla_joints'
[0.349s] Level 1:colcon.colcon_core.package_identification:_identify(src/webcam) by extensions ['ignore', 'ignore_ament_install']
[0.349s] Level 1:colcon.colcon_core.package_identification:_identify(src/webcam) by extension 'ignore'
[0.350s] Level 1:colcon.colcon_core.package_identification:_identify(src/webcam) by extension 'ignore_ament_install'
[0.350s] Level 1:colcon.colcon_core.package_identification:_identify(src/webcam) by extensions ['colcon_pkg']
[0.350s] Level 1:colcon.colcon_core.package_identification:_identify(src/webcam) by extension 'colcon_pkg'
[0.350s] Level 1:colcon.colcon_core.package_identification:_identify(src/webcam) by extensions ['colcon_meta']
[0.350s] Level 1:colcon.colcon_core.package_identification:_identify(src/webcam) by extension 'colcon_meta'
[0.350s] Level 1:colcon.colcon_core.package_identification:_identify(src/webcam) by extensions ['ros']
[0.350s] Level 1:colcon.colcon_core.package_identification:_identify(src/webcam) by extension 'ros'
[0.350s] DEBUG:colcon.colcon_core.package_identification:Package 'src/webcam' with type 'ros.ament_python' and name 'webcam'
[0.350s] Level 1:colcon.colcon_core.package_discovery:discover_packages(recursive) using defaults
[0.350s] Level 1:colcon.colcon_core.package_discovery:discover_packages(ignore) discover
[0.350s] Level 1:colcon.colcon_core.package_discovery:discover_packages(ignore) using defaults
[0.350s] Level 1:colcon.colcon_core.package_discovery:discover_packages(path) discover
[0.350s] Level 1:colcon.colcon_core.package_discovery:discover_packages(path) using defaults
[0.390s] Level 1:colcon.colcon_core.package_discovery:discover_packages(prefix_path) check parameters
[0.390s] Level 1:colcon.colcon_core.package_discovery:discover_packages(prefix_path) discover
[0.396s] DEBUG:colcon.colcon_installed_package_information.package_discovery:Found 3 installed packages in /home/yahboom/Desktop/dogzillaS2/ros_ws/install
[0.397s] DEBUG:colcon.colcon_installed_package_information.package_discovery:Found 19 installed packages in /home/yahboom/yahboomcar_ws/install
[0.398s] DEBUG:colcon.colcon_installed_package_information.package_discovery:Found 2 installed packages in /home/yahboom/gmapping_ws/install
[0.400s] DEBUG:colcon.colcon_installed_package_information.package_discovery:Found 76 installed packages in /home/yahboom/cartoros2/install
[0.403s] DEBUG:colcon.colcon_installed_package_information.package_discovery:Found 346 installed packages in /opt/ros/humble
[0.406s] Level 1:colcon.colcon_core.package_discovery:discover_packages(prefix_path) using defaults
[0.455s] Level 5:colcon.colcon_core.verb:set package 'dog_joint_interfaces' build argument 'cmake_args' from command line to 'None'
[0.456s] Level 5:colcon.colcon_core.verb:set package 'dog_joint_interfaces' build argument 'cmake_target' from command line to 'None'
[0.456s] Level 5:colcon.colcon_core.verb:set package 'dog_joint_interfaces' build argument 'cmake_target_skip_unavailable' from command line to 'False'
[0.456s] Level 5:colcon.colcon_core.verb:set package 'dog_joint_interfaces' build argument 'cmake_clean_cache' from command line to 'False'
[0.456s] Level 5:colcon.colcon_core.verb:set package 'dog_joint_interfaces' build argument 'cmake_clean_first' from command line to 'False'
[0.456s] Level 5:colcon.colcon_core.verb:set package 'dog_joint_interfaces' build argument 'cmake_force_configure' from command line to 'False'
[0.456s] Level 5:colcon.colcon_core.verb:set package 'dog_joint_interfaces' build argument 'ament_cmake_args' from command line to 'None'
[0.456s] Level 5:colcon.colcon_core.verb:set package 'dog_joint_interfaces' build argument 'catkin_cmake_args' from command line to 'None'
[0.456s] Level 5:colcon.colcon_core.verb:set package 'dog_joint_interfaces' build argument 'catkin_skip_building_tests' from command line to 'False'
[0.456s] DEBUG:colcon.colcon_core.verb:Building package 'dog_joint_interfaces' with the following arguments: {'ament_cmake_args': None, 'build_base': '/home/yahboom/Desktop/dogzillaS2/ros_ws/build/dog_joint_interfaces', 'catkin_cmake_args': None, 'catkin_skip_building_tests': False, 'cmake_args': None, 'cmake_clean_cache': False, 'cmake_clean_first': False, 'cmake_force_configure': False, 'cmake_target': None, 'cmake_target_skip_unavailable': False, 'install_base': '/home/yahboom/Desktop/dogzillaS2/ros_ws/install/dog_joint_interfaces', 'merge_install': False, 'path': '/home/yahboom/Desktop/dogzillaS2/ros_ws/src/dog_joint_interfaces', 'symlink_install': False, 'test_result_base': None}
[0.456s] Level 5:colcon.colcon_core.verb:set package 'dogzilla_joints' build argument 'cmake_args' from command line to 'None'
[0.456s] Level 5:colcon.colcon_core.verb:set package 'dogzilla_joints' build argument 'cmake_target' from command line to 'None'
[0.456s] Level 5:colcon.colcon_core.verb:set package 'dogzilla_joints' build argument 'cmake_target_skip_unavailable' from command line to 'False'
[0.456s] Level 5:colcon.colcon_core.verb:set package 'dogzilla_joints' build argument 'cmake_clean_cache' from command line to 'False'
[0.456s] Level 5:colcon.colcon_core.verb:set package 'dogzilla_joints' build argument 'cmake_clean_first' from command line to 'False'
[0.456s] Level 5:colcon.colcon_core.verb:set package 'dogzilla_joints' build argument 'cmake_force_configure' from command line to 'False'
[0.456s] Level 5:colcon.colcon_core.verb:set package 'dogzilla_joints' build argument 'ament_cmake_args' from command line to 'None'
[0.456s] Level 5:colcon.colcon_core.verb:set package 'dogzilla_joints' build argument 'catkin_cmake_args' from command line to 'None'
[0.456s] Level 5:colcon.colcon_core.verb:set package 'dogzilla_joints' build argument 'catkin_skip_building_tests' from command line to 'False'
[0.456s] DEBUG:colcon.colcon_core.verb:Building package 'dogzilla_joints' with the following arguments: {'ament_cmake_args': None, 'build_base': '/home/yahboom/Desktop/dogzillaS2/ros_ws/build/dogzilla_joints', 'catkin_cmake_args': None, 'catkin_skip_building_tests': False, 'cmake_args': None, 'cmake_clean_cache': False, 'cmake_clean_first': False, 'cmake_force_configure': False, 'cmake_target': None, 'cmake_target_skip_unavailable': False, 'install_base': '/home/yahboom/Desktop/dogzillaS2/ros_ws/install/dogzilla_joints', 'merge_install': False, 'path': '/home/yahboom/Desktop/dogzillaS2/ros_ws/src/dogzilla_joints', 'symlink_install': False, 'test_result_base': None}
[0.457s] Level 5:colcon.colcon_core.verb:set package 'webcam' build argument 'cmake_args' from command line to 'None'
[0.457s] Level 5:colcon.colcon_core.verb:set package 'webcam' build argument 'cmake_target' from command line to 'None'
[0.457s] Level 5:colcon.colcon_core.verb:set package 'webcam' build argument 'cmake_target_skip_unavailable' from command line to 'False'
[0.457s] Level 5:colcon.colcon_core.verb:set package 'webcam' build argument 'cmake_clean_cache' from command line to 'False'
[0.457s] Level 5:colcon.colcon_core.verb:set package 'webcam' build argument 'cmake_clean_first' from command line to 'False'
[0.457s] Level 5:colcon.colcon_core.verb:set package 'webcam' build argument 'cmake_force_configure' from command line to 'False'
[0.457s] Level 5:colcon.colcon_core.verb:set package 'webcam' build argument 'ament_cmake_args' from command line to 'None'
[0.457s] Level 5:colcon.colcon_core.verb:set package 'webcam' build argument 'catkin_cmake_args' from command line to 'None'
[0.457s] Level 5:colcon.colcon_core.verb:set package 'webcam' build argument 'catkin_skip_building_tests' from command line to 'False'
[0.457s] DEBUG:colcon.colcon_core.verb:Building package 'webcam' with the following arguments: {'ament_cmake_args': None, 'build_base': '/home/yahboom/Desktop/dogzillaS2/ros_ws/build/webcam', 'catkin_cmake_args': None, 'catkin_skip_building_tests': False, 'cmake_args': None, 'cmake_clean_cache': False, 'cmake_clean_first': False, 'cmake_force_configure': False, 'cmake_target': None, 'cmake_target_skip_unavailable': False, 'install_base': '/home/yahboom/Desktop/dogzillaS2/ros_ws/install/webcam', 'merge_install': False, 'path': '/home/yahboom/Desktop/dogzillaS2/ros_ws/src/webcam', 'symlink_install': False, 'test_result_base': None}
[0.457s] INFO:colcon.colcon_core.executor:Executing jobs using 'parallel' executor
[0.458s] DEBUG:colcon.colcon_parallel_executor.executor.parallel:run_until_complete
[0.459s] INFO:colcon.colcon_ros.task.ament_cmake.build:Building ROS package in '/home/yahboom/Desktop/dogzillaS2/ros_ws/src/dog_joint_interfaces' with build type 'ament_cmake'
[0.459s] INFO:colcon.colcon_cmake.task.cmake.build:Building CMake package in '/home/yahboom/Desktop/dogzillaS2/ros_ws/src/dog_joint_interfaces'
[0.462s] INFO:colcon.colcon_core.plugin_system:Skipping extension 'colcon_core.shell.bat': Not used on non-Windows systems
[0.463s] INFO:colcon.colcon_core.shell:Skip shell extension 'powershell' for command environment: Not usable outside of PowerShell
[0.463s] DEBUG:colcon.colcon_core.shell:Skip shell extension 'dsv' for command environment
[0.477s] INFO:colcon.colcon_ros.task.ament_python.build:Building ROS package in '/home/yahboom/Desktop/dogzillaS2/ros_ws/src/dogzilla_joints' with build type 'ament_python'
[0.477s] Level 1:colcon.colcon_core.shell:create_environment_hook('dogzilla_joints', 'ament_prefix_path')
[0.478s] INFO:colcon.colcon_core.shell:Creating environment hook '/home/yahboom/Desktop/dogzillaS2/ros_ws/install/dogzilla_joints/share/dogzilla_joints/hook/ament_prefix_path.ps1'
[0.479s] INFO:colcon.colcon_core.shell:Creating environment descriptor '/home/yahboom/Desktop/dogzillaS2/ros_ws/install/dogzilla_joints/share/dogzilla_joints/hook/ament_prefix_path.dsv'
[0.480s] INFO:colcon.colcon_core.shell:Creating environment hook '/home/yahboom/Desktop/dogzillaS2/ros_ws/install/dogzilla_joints/share/dogzilla_joints/hook/ament_prefix_path.sh'
[0.481s] INFO:colcon.colcon_core.shell:Skip shell extension 'powershell' for command environment: Not usable outside of PowerShell
[0.481s] DEBUG:colcon.colcon_core.shell:Skip shell extension 'dsv' for command environment
[0.494s] INFO:colcon.colcon_ros.task.ament_python.build:Building ROS package in '/home/yahboom/Desktop/dogzillaS2/ros_ws/src/webcam' with build type 'ament_python'
[0.495s] Level 1:colcon.colcon_core.shell:create_environment_hook('webcam', 'ament_prefix_path')
[0.495s] INFO:colcon.colcon_core.shell:Creating environment hook '/home/yahboom/Desktop/dogzillaS2/ros_ws/install/webcam/share/webcam/hook/ament_prefix_path.ps1'
[0.496s] INFO:colcon.colcon_core.shell:Creating environment descriptor '/home/yahboom/Desktop/dogzillaS2/ros_ws/install/webcam/share/webcam/hook/ament_prefix_path.dsv'
[0.496s] INFO:colcon.colcon_core.shell:Creating environment hook '/home/yahboom/Desktop/dogzillaS2/ros_ws/install/webcam/share/webcam/hook/ament_prefix_path.sh'
[0.498s] INFO:colcon.colcon_core.shell:Skip shell extension 'powershell' for command environment: Not usable outside of PowerShell
[0.498s] DEBUG:colcon.colcon_core.shell:Skip shell extension 'dsv' for command environment
[0.519s] DEBUG:colcon.colcon_core.event_handler.log_command:Invoking command in '/home/yahboom/Desktop/dogzillaS2/ros_ws/build/dog_joint_interfaces': CMAKE_PREFIX_PATH=${CMAKE_PREFIX_PATH}:/home/yahboom/Desktop/dogzillaS2/ros_ws/install/webcam:/home/yahboom/Desktop/dogzillaS2/ros_ws/install/dogzilla_joints:/home/yahboom/cartoros2/install/yahboomcar_nav:/home/yahboom/cartoros2/install/yahboomcar_ctrl:/home/yahboom/cartoros2/install/yahboom_visual:/home/yahboom/cartoros2/install/yahboom_dog_joint_state:/home/yahboom/cartoros2/install/yahboom_description:/home/yahboom/cartoros2/install/yahboom_color_identify_server:/home/yahboom/cartoros2/install/yahboom_bringup:/home/yahboom/cartoros2/install/yahboom_base:/home/yahboom/cartoros2/install/yahboom_app_save_map:/home/yahboom/cartoros2/install/update_map:/home/yahboom/cartoros2/install/rosboard:/home/yahboom/cartoros2/install/path_planner_server:/home/yahboom/cartoros2/install/nav2_simple_commander:/home/yahboom/cartoros2/install/nav2_gazebo_spawner:/home/yahboom/cartoros2/install/localization_server:/home/yahboom/cartoros2/install/laserscan_to_point_pulisher:/home/yahboom/yahboomcar_ws/install/yahboom_dog_example:/opt/ros/humble /usr/bin/cmake --build /home/yahboom/Desktop/dogzillaS2/ros_ws/build/dog_joint_interfaces -- -j4 -l4
[0.938s] INFO:colcon.colcon_core.task.python.build:Building Python package in '/home/yahboom/Desktop/dogzillaS2/ros_ws/src/dogzilla_joints'
[0.938s] INFO:colcon.colcon_core.shell:Skip shell extension 'powershell' for command environment: Not usable outside of PowerShell
[0.938s] DEBUG:colcon.colcon_core.shell:Skip shell extension 'dsv' for command environment
[1.327s] INFO:colcon.colcon_core.task.python.build:Building Python package in '/home/yahboom/Desktop/dogzillaS2/ros_ws/src/webcam'
[1.328s] INFO:colcon.colcon_core.shell:Skip shell extension 'powershell' for command environment: Not usable outside of PowerShell
[1.328s] DEBUG:colcon.colcon_core.shell:Skip shell extension 'dsv' for command environment
[1.344s] DEBUG:colcon.colcon_core.event_handler.log_command:Invoked command in '/home/yahboom/Desktop/dogzillaS2/ros_ws/build/dog_joint_interfaces' returned '0': CMAKE_PREFIX_PATH=${CMAKE_PREFIX_PATH}:/home/yahboom/Desktop/dogzillaS2/ros_ws/install/webcam:/home/yahboom/Desktop/dogzillaS2/ros_ws/install/dogzilla_joints:/home/yahboom/cartoros2/install/yahboomcar_nav:/home/yahboom/cartoros2/install/yahboomcar_ctrl:/home/yahboom/cartoros2/install/yahboom_visual:/home/yahboom/cartoros2/install/yahboom_dog_joint_state:/home/yahboom/cartoros2/install/yahboom_description:/home/yahboom/cartoros2/install/yahboom_color_identify_server:/home/yahboom/cartoros2/install/yahboom_bringup:/home/yahboom/cartoros2/install/yahboom_base:/home/yahboom/cartoros2/install/yahboom_app_save_map:/home/yahboom/cartoros2/install/update_map:/home/yahboom/cartoros2/install/rosboard:/home/yahboom/cartoros2/install/path_planner_server:/home/yahboom/cartoros2/install/nav2_simple_commander:/home/yahboom/cartoros2/install/nav2_gazebo_spawner:/home/yahboom/cartoros2/install/localization_server:/home/yahboom/cartoros2/install/laserscan_to_point_pulisher:/home/yahboom/yahboomcar_ws/install/yahboom_dog_example:/opt/ros/humble /usr/bin/cmake --build /home/yahboom/Desktop/dogzillaS2/ros_ws/build/dog_joint_interfaces -- -j4 -l4
[1.787s] DEBUG:colcon.colcon_core.event_handler.log_command:Invoking command in '/home/yahboom/Desktop/dogzillaS2/ros_ws/build/dog_joint_interfaces': CMAKE_PREFIX_PATH=${CMAKE_PREFIX_PATH}:/home/yahboom/Desktop/dogzillaS2/ros_ws/install/webcam:/home/yahboom/Desktop/dogzillaS2/ros_ws/install/dogzilla_joints:/home/yahboom/cartoros2/install/yahboomcar_nav:/home/yahboom/cartoros2/install/yahboomcar_ctrl:/home/yahboom/cartoros2/install/yahboom_visual:/home/yahboom/cartoros2/install/yahboom_dog_joint_state:/home/yahboom/cartoros2/install/yahboom_description:/home/yahboom/cartoros2/install/yahboom_color_identify_server:/home/yahboom/cartoros2/install/yahboom_bringup:/home/yahboom/cartoros2/install/yahboom_base:/home/yahboom/cartoros2/install/yahboom_app_save_map:/home/yahboom/cartoros2/install/update_map:/home/yahboom/cartoros2/install/rosboard:/home/yahboom/cartoros2/install/path_planner_server:/home/yahboom/cartoros2/install/nav2_simple_commander:/home/yahboom/cartoros2/install/nav2_gazebo_spawner:/home/yahboom/cartoros2/install/localization_server:/home/yahboom/cartoros2/install/laserscan_to_point_pulisher:/home/yahboom/yahboomcar_ws/install/yahboom_dog_example:/opt/ros/humble /usr/bin/cmake --install /home/yahboom/Desktop/dogzillaS2/ros_ws/build/dog_joint_interfaces
[1.850s] DEBUG:colcon.colcon_core.event_handler.log_command:Invoking command in '/home/yahboom/Desktop/dogzillaS2/ros_ws/src/webcam': PYTHONPATH=/home/yahboom/Desktop/dogzillaS2/ros_ws/build/webcam/prefix_override:/home/yahboom/Desktop/dogzillaS2/ros_ws/install/webcam/lib/python3.10/site-packages:${PYTHONPATH} /usr/bin/python3 -W ignore:setup.py install is deprecated setup.py egg_info --egg-base ../../build/webcam build --build-base /home/yahboom/Desktop/dogzillaS2/ros_ws/build/webcam/build install --record /home/yahboom/Desktop/dogzillaS2/ros_ws/build/webcam/install.log --single-version-externally-managed install_data
[1.858s] DEBUG:colcon.colcon_core.event_handler.log_command:Invoking command in '/home/yahboom/Desktop/dogzillaS2/ros_ws/src/dogzilla_joints': PYTHONPATH=/home/yahboom/Desktop/dogzillaS2/ros_ws/build/dogzilla_joints/prefix_override:/home/yahboom/Desktop/dogzillaS2/ros_ws/install/dogzilla_joints/lib/python3.10/site-packages:${PYTHONPATH} /usr/bin/python3 -W ignore:setup.py install is deprecated setup.py egg_info --egg-base ../../build/dogzilla_joints build --build-base /home/yahboom/Desktop/dogzillaS2/ros_ws/build/dogzilla_joints/build install --record /home/yahboom/Desktop/dogzillaS2/ros_ws/build/dogzilla_joints/install.log --single-version-externally-managed install_data
[1.925s] Level 1:colcon.colcon_core.environment:create_environment_scripts_only(dog_joint_interfaces)
[1.926s] DEBUG:colcon.colcon_core.event_handler.log_command:Invoked command in '/home/yahboom/Desktop/dogzillaS2/ros_ws/build/dog_joint_interfaces' returned '0': CMAKE_PREFIX_PATH=${CMAKE_PREFIX_PATH}:/home/yahboom/Desktop/dogzillaS2/ros_ws/install/webcam:/home/yahboom/Desktop/dogzillaS2/ros_ws/install/dogzilla_joints:/home/yahboom/cartoros2/install/yahboomcar_nav:/home/yahboom/cartoros2/install/yahboomcar_ctrl:/home/yahboom/cartoros2/install/yahboom_visual:/home/yahboom/cartoros2/install/yahboom_dog_joint_state:/home/yahboom/cartoros2/install/yahboom_description:/home/yahboom/cartoros2/install/yahboom_color_identify_server:/home/yahboom/cartoros2/install/yahboom_bringup:/home/yahboom/cartoros2/install/yahboom_base:/home/yahboom/cartoros2/install/yahboom_app_save_map:/home/yahboom/cartoros2/install/update_map:/home/yahboom/cartoros2/install/rosboard:/home/yahboom/cartoros2/install/path_planner_server:/home/yahboom/cartoros2/install/nav2_simple_commander:/home/yahboom/cartoros2/install/nav2_gazebo_spawner:/home/yahboom/cartoros2/install/localization_server:/home/yahboom/cartoros2/install/laserscan_to_point_pulisher:/home/yahboom/yahboomcar_ws/install/yahboom_dog_example:/opt/ros/humble /usr/bin/cmake --install /home/yahboom/Desktop/dogzillaS2/ros_ws/build/dog_joint_interfaces
[1.929s] Level 1:colcon.colcon_core.environment:checking '/home/yahboom/Desktop/dogzillaS2/ros_ws/install/dog_joint_interfaces' for CMake module files
[1.930s] Level 1:colcon.colcon_core.environment:checking '/home/yahboom/Desktop/dogzillaS2/ros_ws/install/dog_joint_interfaces' for CMake config files
[1.932s] Level 1:colcon.colcon_core.shell:create_environment_hook('dog_joint_interfaces', 'cmake_prefix_path')
[1.932s] INFO:colcon.colcon_core.shell:Creating environment hook '/home/yahboom/Desktop/dogzillaS2/ros_ws/install/dog_joint_interfaces/share/dog_joint_interfaces/hook/cmake_prefix_path.ps1'
[1.933s] INFO:colcon.colcon_core.shell:Creating environment descriptor '/home/yahboom/Desktop/dogzillaS2/ros_ws/install/dog_joint_interfaces/share/dog_joint_interfaces/hook/cmake_prefix_path.dsv'
[1.934s] INFO:colcon.colcon_core.shell:Creating environment hook '/home/yahboom/Desktop/dogzillaS2/ros_ws/install/dog_joint_interfaces/share/dog_joint_interfaces/hook/cmake_prefix_path.sh'
[1.935s] Level 1:colcon.colcon_core.environment:checking '/home/yahboom/Desktop/dogzillaS2/ros_ws/install/dog_joint_interfaces/lib'
[1.936s] Level 1:colcon.colcon_core.shell:create_environment_hook('dog_joint_interfaces', 'ld_library_path_lib')
[1.936s] INFO:colcon.colcon_core.shell:Creating environment hook '/home/yahboom/Desktop/dogzillaS2/ros_ws/install/dog_joint_interfaces/share/dog_joint_interfaces/hook/ld_library_path_lib.ps1'
[1.937s] INFO:colcon.colcon_core.shell:Creating environment descriptor '/home/yahboom/Desktop/dogzillaS2/ros_ws/install/dog_joint_interfaces/share/dog_joint_interfaces/hook/ld_library_path_lib.dsv'
[1.938s] INFO:colcon.colcon_core.shell:Creating environment hook '/home/yahboom/Desktop/dogzillaS2/ros_ws/install/dog_joint_interfaces/share/dog_joint_interfaces/hook/ld_library_path_lib.sh'
[1.939s] Level 1:colcon.colcon_core.environment:checking '/home/yahboom/Desktop/dogzillaS2/ros_ws/install/dog_joint_interfaces/bin'
[1.939s] Level 1:colcon.colcon_core.environment:checking '/home/yahboom/Desktop/dogzillaS2/ros_ws/install/dog_joint_interfaces/lib/pkgconfig/dog_joint_interfaces.pc'
[1.939s] Level 1:colcon.colcon_core.environment:checking '/home/yahboom/Desktop/dogzillaS2/ros_ws/install/dog_joint_interfaces/lib/python3.10/site-packages'
[1.939s] Level 1:colcon.colcon_core.environment:checking '/home/yahboom/Desktop/dogzillaS2/ros_ws/install/dog_joint_interfaces/bin'
[1.940s] INFO:colcon.colcon_core.shell:Creating package script '/home/yahboom/Desktop/dogzillaS2/ros_ws/install/dog_joint_interfaces/share/dog_joint_interfaces/package.ps1'
[1.941s] INFO:colcon.colcon_core.shell:Creating package descriptor '/home/yahboom/Desktop/dogzillaS2/ros_ws/install/dog_joint_interfaces/share/dog_joint_interfaces/package.dsv'
[1.943s] INFO:colcon.colcon_core.shell:Creating package script '/home/yahboom/Desktop/dogzillaS2/ros_ws/install/dog_joint_interfaces/share/dog_joint_interfaces/package.sh'
[1.944s] INFO:colcon.colcon_core.shell:Creating package script '/home/yahboom/Desktop/dogzillaS2/ros_ws/install/dog_joint_interfaces/share/dog_joint_interfaces/package.bash'
[1.946s] INFO:colcon.colcon_core.shell:Creating package script '/home/yahboom/Desktop/dogzillaS2/ros_ws/install/dog_joint_interfaces/share/dog_joint_interfaces/package.zsh'
[1.947s] Level 1:colcon.colcon_core.environment:create_file_with_runtime_dependencies(/home/yahboom/Desktop/dogzillaS2/ros_ws/install/dog_joint_interfaces/share/colcon-core/packages/dog_joint_interfaces)
[2.313s] Level 1:colcon.colcon_core.environment:checking '/home/yahboom/Desktop/dogzillaS2/ros_ws/install/dogzilla_joints' for CMake module files
[2.314s] DEBUG:colcon.colcon_core.event_handler.log_command:Invoked command in '/home/yahboom/Desktop/dogzillaS2/ros_ws/src/dogzilla_joints' returned '0': PYTHONPATH=/home/yahboom/Desktop/dogzillaS2/ros_ws/build/dogzilla_joints/prefix_override:/home/yahboom/Desktop/dogzillaS2/ros_ws/install/dogzilla_joints/lib/python3.10/site-packages:${PYTHONPATH} /usr/bin/python3 -W ignore:setup.py install is deprecated setup.py egg_info --egg-base ../../build/dogzilla_joints build --build-base /home/yahboom/Desktop/dogzillaS2/ros_ws/build/dogzilla_joints/build install --record /home/yahboom/Desktop/dogzillaS2/ros_ws/build/dogzilla_joints/install.log --single-version-externally-managed install_data
[2.314s] Level 1:colcon.colcon_core.environment:checking '/home/yahboom/Desktop/dogzillaS2/ros_ws/install/dogzilla_joints' for CMake config files
[2.315s] Level 1:colcon.colcon_core.environment:checking '/home/yahboom/Desktop/dogzillaS2/ros_ws/install/dogzilla_joints/lib'
[2.315s] Level 1:colcon.colcon_core.environment:checking '/home/yahboom/Desktop/dogzillaS2/ros_ws/install/dogzilla_joints/bin'
[2.315s] Level 1:colcon.colcon_core.environment:checking '/home/yahboom/Desktop/dogzillaS2/ros_ws/install/dogzilla_joints/lib/pkgconfig/dogzilla_joints.pc'
[2.316s] Level 1:colcon.colcon_core.environment:checking '/home/yahboom/Desktop/dogzillaS2/ros_ws/install/dogzilla_joints/lib/python3.10/site-packages'
[2.316s] Level 1:colcon.colcon_core.shell:create_environment_hook('dogzilla_joints', 'pythonpath')
[2.316s] INFO:colcon.colcon_core.shell:Creating environment hook '/home/yahboom/Desktop/dogzillaS2/ros_ws/install/dogzilla_joints/share/dogzilla_joints/hook/pythonpath.ps1'
[2.317s] INFO:colcon.colcon_core.shell:Creating environment descriptor '/home/yahboom/Desktop/dogzillaS2/ros_ws/install/dogzilla_joints/share/dogzilla_joints/hook/pythonpath.dsv'
[2.318s] INFO:colcon.colcon_core.shell:Creating environment hook '/home/yahboom/Desktop/dogzillaS2/ros_ws/install/dogzilla_joints/share/dogzilla_joints/hook/pythonpath.sh'
[2.319s] Level 1:colcon.colcon_core.environment:checking '/home/yahboom/Desktop/dogzillaS2/ros_ws/install/dogzilla_joints/bin'
[2.319s] Level 1:colcon.colcon_core.environment:create_environment_scripts_only(dogzilla_joints)
[2.320s] INFO:colcon.colcon_core.shell:Creating package script '/home/yahboom/Desktop/dogzillaS2/ros_ws/install/dogzilla_joints/share/dogzilla_joints/package.ps1'
[2.321s] INFO:colcon.colcon_core.shell:Creating package descriptor '/home/yahboom/Desktop/dogzillaS2/ros_ws/install/dogzilla_joints/share/dogzilla_joints/package.dsv'
[2.322s] INFO:colcon.colcon_core.shell:Creating package script '/home/yahboom/Desktop/dogzillaS2/ros_ws/install/dogzilla_joints/share/dogzilla_joints/package.sh'
[2.323s] INFO:colcon.colcon_core.shell:Creating package script '/home/yahboom/Desktop/dogzillaS2/ros_ws/install/dogzilla_joints/share/dogzilla_joints/package.bash'
[2.323s] INFO:colcon.colcon_core.shell:Creating package script '/home/yahboom/Desktop/dogzillaS2/ros_ws/install/dogzilla_joints/share/dogzilla_joints/package.zsh'
[2.324s] Level 1:colcon.colcon_core.environment:create_file_with_runtime_dependencies(/home/yahboom/Desktop/dogzillaS2/ros_ws/install/dogzilla_joints/share/colcon-core/packages/dogzilla_joints)
[2.350s] Level 1:colcon.colcon_core.environment:checking '/home/yahboom/Desktop/dogzillaS2/ros_ws/install/webcam' for CMake module files
[2.351s] DEBUG:colcon.colcon_core.event_handler.log_command:Invoked command in '/home/yahboom/Desktop/dogzillaS2/ros_ws/src/webcam' returned '0': PYTHONPATH=/home/yahboom/Desktop/dogzillaS2/ros_ws/build/webcam/prefix_override:/home/yahboom/Desktop/dogzillaS2/ros_ws/install/webcam/lib/python3.10/site-packages:${PYTHONPATH} /usr/bin/python3 -W ignore:setup.py install is deprecated setup.py egg_info --egg-base ../../build/webcam build --build-base /home/yahboom/Desktop/dogzillaS2/ros_ws/build/webcam/build install --record /home/yahboom/Desktop/dogzillaS2/ros_ws/build/webcam/install.log --single-version-externally-managed install_data
[2.351s] Level 1:colcon.colcon_core.environment:checking '/home/yahboom/Desktop/dogzillaS2/ros_ws/install/webcam' for CMake config files
[2.352s] Level 1:colcon.colcon_core.environment:checking '/home/yahboom/Desktop/dogzillaS2/ros_ws/install/webcam/lib'
[2.352s] Level 1:colcon.colcon_core.environment:checking '/home/yahboom/Desktop/dogzillaS2/ros_ws/install/webcam/bin'
[2.352s] Level 1:colcon.colcon_core.environment:checking '/home/yahboom/Desktop/dogzillaS2/ros_ws/install/webcam/lib/pkgconfig/webcam.pc'
[2.352s] Level 1:colcon.colcon_core.environment:checking '/home/yahboom/Desktop/dogzillaS2/ros_ws/install/webcam/lib/python3.10/site-packages'
[2.352s] Level 1:colcon.colcon_core.shell:create_environment_hook('webcam', 'pythonpath')
[2.352s] INFO:colcon.colcon_core.shell:Creating environment hook '/home/yahboom/Desktop/dogzillaS2/ros_ws/install/webcam/share/webcam/hook/pythonpath.ps1'
[2.353s] INFO:colcon.colcon_core.shell:Creating environment descriptor '/home/yahboom/Desktop/dogzillaS2/ros_ws/install/webcam/share/webcam/hook/pythonpath.dsv'
[2.354s] INFO:colcon.colcon_core.shell:Creating environment hook '/home/yahboom/Desktop/dogzillaS2/ros_ws/install/webcam/share/webcam/hook/pythonpath.sh'
[2.355s] Level 1:colcon.colcon_core.environment:checking '/home/yahboom/Desktop/dogzillaS2/ros_ws/install/webcam/bin'
[2.355s] Level 1:colcon.colcon_core.environment:create_environment_scripts_only(webcam)
[2.355s] INFO:colcon.colcon_core.shell:Creating package script '/home/yahboom/Desktop/dogzillaS2/ros_ws/install/webcam/share/webcam/package.ps1'
[2.356s] INFO:colcon.colcon_core.shell:Creating package descriptor '/home/yahboom/Desktop/dogzillaS2/ros_ws/install/webcam/share/webcam/package.dsv'
[2.356s] INFO:colcon.colcon_core.shell:Creating package script '/home/yahboom/Desktop/dogzillaS2/ros_ws/install/webcam/share/webcam/package.sh'
[2.357s] INFO:colcon.colcon_core.shell:Creating package script '/home/yahboom/Desktop/dogzillaS2/ros_ws/install/webcam/share/webcam/package.bash'
[2.358s] INFO:colcon.colcon_core.shell:Creating package script '/home/yahboom/Desktop/dogzillaS2/ros_ws/install/webcam/share/webcam/package.zsh'
[2.358s] Level 1:colcon.colcon_core.environment:create_file_with_runtime_dependencies(/home/yahboom/Desktop/dogzillaS2/ros_ws/install/webcam/share/colcon-core/packages/webcam)
[2.373s] Level 1:colcon.colcon_core.environment:create_environment_scripts_only(dog_joint_interfaces)
[2.374s] Level 1:colcon.colcon_core.environment:checking '/home/yahboom/Desktop/dogzillaS2/ros_ws/install/dog_joint_interfaces' for CMake module files
[2.374s] Level 1:colcon.colcon_core.environment:checking '/home/yahboom/Desktop/dogzillaS2/ros_ws/install/dog_joint_interfaces' for CMake config files
[2.375s] Level 1:colcon.colcon_core.shell:create_environment_hook('dog_joint_interfaces', 'cmake_prefix_path')
[2.375s] INFO:colcon.colcon_core.shell:Creating environment hook '/home/yahboom/Desktop/dogzillaS2/ros_ws/install/dog_joint_interfaces/share/dog_joint_interfaces/hook/cmake_prefix_path.ps1'
[2.376s] INFO:colcon.colcon_core.shell:Creating environment descriptor '/home/yahboom/Desktop/dogzillaS2/ros_ws/install/dog_joint_interfaces/share/dog_joint_interfaces/hook/cmake_prefix_path.dsv'
[2.376s] INFO:colcon.colcon_core.shell:Creating environment hook '/home/yahboom/Desktop/dogzillaS2/ros_ws/install/dog_joint_interfaces/share/dog_joint_interfaces/hook/cmake_prefix_path.sh'
[2.377s] Level 1:colcon.colcon_core.environment:checking '/home/yahboom/Desktop/dogzillaS2/ros_ws/install/dog_joint_interfaces/lib'
[2.377s] Level 1:colcon.colcon_core.shell:create_environment_hook('dog_joint_interfaces', 'ld_library_path_lib')
[2.377s] INFO:colcon.colcon_core.shell:Creating environment hook '/home/yahboom/Desktop/dogzillaS2/ros_ws/install/dog_joint_interfaces/share/dog_joint_interfaces/hook/ld_library_path_lib.ps1'
[2.378s] INFO:colcon.colcon_core.shell:Creating environment descriptor '/home/yahboom/Desktop/dogzillaS2/ros_ws/install/dog_joint_interfaces/share/dog_joint_interfaces/hook/ld_library_path_lib.dsv'
[2.378s] INFO:colcon.colcon_core.shell:Creating environment hook '/home/yahboom/Desktop/dogzillaS2/ros_ws/install/dog_joint_interfaces/share/dog_joint_interfaces/hook/ld_library_path_lib.sh'
[2.379s] Level 1:colcon.colcon_core.environment:checking '/home/yahboom/Desktop/dogzillaS2/ros_ws/install/dog_joint_interfaces/bin'
[2.379s] Level 1:colcon.colcon_core.environment:checking '/home/yahboom/Desktop/dogzillaS2/ros_ws/install/dog_joint_interfaces/lib/pkgconfig/dog_joint_interfaces.pc'
[2.380s] Level 1:colcon.colcon_core.environment:checking '/home/yahboom/Desktop/dogzillaS2/ros_ws/install/dog_joint_interfaces/lib/python3.10/site-packages'
[2.380s] Level 1:colcon.colcon_core.environment:checking '/home/yahboom/Desktop/dogzillaS2/ros_ws/install/dog_joint_interfaces/bin'
[2.381s] INFO:colcon.colcon_core.shell:Creating package script '/home/yahboom/Desktop/dogzillaS2/ros_ws/install/dog_joint_interfaces/share/dog_joint_interfaces/package.ps1'
[2.382s] INFO:colcon.colcon_core.shell:Creating package descriptor '/home/yahboom/Desktop/dogzillaS2/ros_ws/install/dog_joint_interfaces/share/dog_joint_interfaces/package.dsv'
[2.383s] INFO:colcon.colcon_core.shell:Creating package script '/home/yahboom/Desktop/dogzillaS2/ros_ws/install/dog_joint_interfaces/share/dog_joint_interfaces/package.sh'
[2.384s] INFO:colcon.colcon_core.shell:Creating package script '/home/yahboom/Desktop/dogzillaS2/ros_ws/install/dog_joint_interfaces/share/dog_joint_interfaces/package.bash'
[2.384s] INFO:colcon.colcon_core.shell:Creating package script '/home/yahboom/Desktop/dogzillaS2/ros_ws/install/dog_joint_interfaces/share/dog_joint_interfaces/package.zsh'
[2.385s] Level 1:colcon.colcon_core.environment:create_file_with_runtime_dependencies(/home/yahboom/Desktop/dogzillaS2/ros_ws/install/dog_joint_interfaces/share/colcon-core/packages/dog_joint_interfaces)
[2.385s] DEBUG:colcon.colcon_parallel_executor.executor.parallel:closing loop
[2.386s] DEBUG:colcon.colcon_parallel_executor.executor.parallel:loop closed
[2.386s] DEBUG:colcon.colcon_parallel_executor.executor.parallel:run_until_complete finished with '0'
[2.386s] DEBUG:colcon.colcon_core.event_reactor:joining thread
[2.397s] INFO:colcon.colcon_core.plugin_system:Skipping extension 'colcon_notification.desktop_notification.terminal_notifier': Not used on non-Darwin systems
[2.397s] INFO:colcon.colcon_core.plugin_system:Skipping extension 'colcon_notification.desktop_notification.win32': Not used on non-Windows systems
[2.397s] INFO:colcon.colcon_notification.desktop_notification:Sending desktop notification using 'notify2'
[2.413s] DEBUG:colcon.colcon_core.event_reactor:joined thread
[2.413s] INFO:colcon.colcon_core.shell:Creating prefix script '/home/yahboom/Desktop/dogzillaS2/ros_ws/install/local_setup.ps1'
[2.414s] INFO:colcon.colcon_core.shell:Creating prefix util module '/home/yahboom/Desktop/dogzillaS2/ros_ws/install/_local_setup_util_ps1.py'
[2.416s] INFO:colcon.colcon_core.shell:Creating prefix chain script '/home/yahboom/Desktop/dogzillaS2/ros_ws/install/setup.ps1'
[2.423s] INFO:colcon.colcon_core.shell:Creating prefix script '/home/yahboom/Desktop/dogzillaS2/ros_ws/install/local_setup.sh'
[2.424s] INFO:colcon.colcon_core.shell:Creating prefix util module '/home/yahboom/Desktop/dogzillaS2/ros_ws/install/_local_setup_util_sh.py'
[2.425s] INFO:colcon.colcon_core.shell:Creating prefix chain script '/home/yahboom/Desktop/dogzillaS2/ros_ws/install/setup.sh'
[2.430s] INFO:colcon.colcon_core.shell:Creating prefix script '/home/yahboom/Desktop/dogzillaS2/ros_ws/install/local_setup.bash'
[2.431s] INFO:colcon.colcon_core.shell:Creating prefix chain script '/home/yahboom/Desktop/dogzillaS2/ros_ws/install/setup.bash'
[2.436s] INFO:colcon.colcon_core.shell:Creating prefix script '/home/yahboom/Desktop/dogzillaS2/ros_ws/install/local_setup.zsh'
[2.437s] INFO:colcon.colcon_core.shell:Creating prefix chain script '/home/yahboom/Desktop/dogzillaS2/ros_ws/install/setup.zsh'
