[0.108s] Invoking command in '/home/yahboom/Desktop/dogzillaS2/ros_ws/build/dog_joint_interfaces': CMAKE_PREFIX_PATH=${CMAKE_PREFIX_PATH}:/home/yahboom/Desktop/dogzillaS2/ros_ws/install/webcam:/home/yahboom/Desktop/dogzillaS2/ros_ws/install/dogzilla_joints:/home/yahboom/cartoros2/install/yahboomcar_nav:/home/yahboom/cartoros2/install/yahboomcar_ctrl:/home/yahboom/cartoros2/install/yahboom_visual:/home/yahboom/cartoros2/install/yahboom_dog_joint_state:/home/yahboom/cartoros2/install/yahboom_description:/home/yahboom/cartoros2/install/yahboom_color_identify_server:/home/yahboom/cartoros2/install/yahboom_bringup:/home/yahboom/cartoros2/install/yahboom_base:/home/yahboom/cartoros2/install/yahboom_app_save_map:/home/yahboom/cartoros2/install/update_map:/home/yahboom/cartoros2/install/rosboard:/home/yahboom/cartoros2/install/path_planner_server:/home/yahboom/cartoros2/install/nav2_simple_commander:/home/yahboom/cartoros2/install/nav2_gazebo_spawner:/home/yahboom/cartoros2/install/localization_server:/home/yahboom/cartoros2/install/laserscan_to_point_pulisher:/home/yahboom/yahboomcar_ws/install/yahboom_dog_example:/opt/ros/humble /usr/bin/cmake --build /home/yahboom/Desktop/dogzillaS2/ros_ws/build/dog_joint_interfaces -- -j4 -l4
[0.821s] -- Found ament_cmake: 1.3.8 (/opt/ros/humble/share/ament_cmake/cmake)
[0.821s] -- Found ament_lint_auto: 0.12.10 (/opt/ros/humble/share/ament_lint_auto/cmake)
[0.827s] -- Found sensor_msgs: 4.2.3 (/opt/ros/humble/share/sensor_msgs/cmake)
[0.883s] -- Found rosidl_generator_c: 3.1.5 (/opt/ros/humble/share/rosidl_generator_c/cmake)
[0.888s] -- Found rosidl_adapter: 3.1.5 (/opt/ros/humble/share/rosidl_adapter/cmake)
[0.899s] -- Found rosidl_generator_cpp: 3.1.5 (/opt/ros/humble/share/rosidl_generator_cpp/cmake)
[0.926s] -- Using all available rosidl_typesupport_c: rosidl_typesupport_fastrtps_c;rosidl_typesupport_introspection_c
[0.967s] -- Using all available rosidl_typesupport_cpp: rosidl_typesupport_fastrtps_cpp;rosidl_typesupport_introspection_cpp
[1.350s] -- Found rosidl_default_generators: 1.2.0 (/opt/ros/humble/share/rosidl_default_generators/cmake)
[2.047s] -- Found ament_cmake_ros: 0.10.0 (/opt/ros/humble/share/ament_cmake_ros/cmake)
[3.301s] -- Using all available rosidl_typesupport_c: rosidl_typesupport_fastrtps_c;rosidl_typesupport_introspection_c
[3.903s] -- Using all available rosidl_typesupport_cpp: rosidl_typesupport_fastrtps_cpp;rosidl_typesupport_introspection_cpp
[4.001s] -- Found python_cmake_module: 0.10.0 (/opt/ros/humble/share/python_cmake_module/cmake)
[4.063s] -- Using PYTHON_EXECUTABLE: /usr/bin/python3
[4.063s] -- Using PYTHON_INCLUDE_DIRS: /usr/include/python3.10
[4.064s] -- Using PYTHON_LIBRARIES: /usr/lib/x86_64-linux-gnu/libpython3.10.so
[4.381s] -- Added test 'lint_cmake' to check CMake code style
[4.385s] -- Added test 'xmllint' to check XML markup files
[4.396s] -- Configuring done
[4.537s] -- Generating done
[4.556s] -- Build files have been written to: /home/yahboom/Desktop/dogzillaS2/ros_ws/build/dog_joint_interfaces
[4.690s] [35m[1mConsolidate compiler generated dependencies of target dog_joint_interfaces__rosidl_generator_c[0m
[4.730s] [  2%] Built target dog_joint_interfaces__cpp
[4.740s] [ 12%] Built target dog_joint_interfaces__rosidl_generator_c
[4.778s] [35m[1mConsolidate compiler generated dependencies of target dog_joint_interfaces__rosidl_typesupport_fastrtps_cpp[0m
[4.778s] [ 12%] Built target ament_cmake_python_copy_dog_joint_interfaces
[4.782s] [35m[1mConsolidate compiler generated dependencies of target dog_joint_interfaces__rosidl_typesupport_cpp[0m
[4.786s] [35m[1mConsolidate compiler generated dependencies of target dog_joint_interfaces__rosidl_typesupport_introspection_cpp[0m
[4.822s] [35m[1mConsolidate compiler generated dependencies of target dog_joint_interfaces__rosidl_typesupport_fastrtps_c[0m
[4.834s] [ 23%] Built target dog_joint_interfaces__rosidl_typesupport_introspection_cpp
[4.834s] [ 33%] Built target dog_joint_interfaces__rosidl_typesupport_fastrtps_cpp
[4.835s] [ 43%] Built target dog_joint_interfaces__rosidl_typesupport_cpp
[4.874s] [35m[1mConsolidate compiler generated dependencies of target dog_joint_interfaces__rosidl_typesupport_introspection_c[0m
[4.886s] [ 53%] Built target dog_joint_interfaces__rosidl_typesupport_fastrtps_c
[4.887s] [35m[1mConsolidate compiler generated dependencies of target dog_joint_interfaces__rosidl_typesupport_c[0m
[4.930s] [ 64%] Built target dog_joint_interfaces__rosidl_typesupport_introspection_c
[4.932s] [ 74%] Built target dog_joint_interfaces__rosidl_typesupport_c
[5.022s] [ 74%] Built target dog_joint_interfaces
[5.113s] [ 76%] Built target dog_joint_interfaces__py
[5.162s] [35m[1mConsolidate compiler generated dependencies of target dog_joint_interfaces__rosidl_generator_py[0m
[5.219s] [ 84%] Built target dog_joint_interfaces__rosidl_generator_py
[5.269s] [35m[1mConsolidate compiler generated dependencies of target dog_joint_interfaces__rosidl_typesupport_fastrtps_c__pyext[0m
[5.269s] [35m[1mConsolidate compiler generated dependencies of target dog_joint_interfaces__rosidl_typesupport_c__pyext[0m
[5.272s] [35m[1mConsolidate compiler generated dependencies of target dog_joint_interfaces__rosidl_typesupport_introspection_c__pyext[0m
[5.320s] [ 89%] Built target dog_joint_interfaces__rosidl_typesupport_fastrtps_c__pyext
[5.324s] [ 94%] Built target dog_joint_interfaces__rosidl_typesupport_c__pyext
[5.327s] [100%] Built target dog_joint_interfaces__rosidl_typesupport_introspection_c__pyext
[5.447s] running egg_info
[5.448s] writing dog_joint_interfaces.egg-info/PKG-INFO
[5.449s] writing dependency_links to dog_joint_interfaces.egg-info/dependency_links.txt
[5.450s] writing top-level names to dog_joint_interfaces.egg-info/top_level.txt
[5.454s] reading manifest file 'dog_joint_interfaces.egg-info/SOURCES.txt'
[5.455s] writing manifest file 'dog_joint_interfaces.egg-info/SOURCES.txt'
[5.543s] [100%] Built target ament_cmake_python_build_dog_joint_interfaces_egg
[5.609s] Invoked command in '/home/yahboom/Desktop/dogzillaS2/ros_ws/build/dog_joint_interfaces' returned '0': CMAKE_PREFIX_PATH=${CMAKE_PREFIX_PATH}:/home/yahboom/Desktop/dogzillaS2/ros_ws/install/webcam:/home/yahboom/Desktop/dogzillaS2/ros_ws/install/dogzilla_joints:/home/yahboom/cartoros2/install/yahboomcar_nav:/home/yahboom/cartoros2/install/yahboomcar_ctrl:/home/yahboom/cartoros2/install/yahboom_visual:/home/yahboom/cartoros2/install/yahboom_dog_joint_state:/home/yahboom/cartoros2/install/yahboom_description:/home/yahboom/cartoros2/install/yahboom_color_identify_server:/home/yahboom/cartoros2/install/yahboom_bringup:/home/yahboom/cartoros2/install/yahboom_base:/home/yahboom/cartoros2/install/yahboom_app_save_map:/home/yahboom/cartoros2/install/update_map:/home/yahboom/cartoros2/install/rosboard:/home/yahboom/cartoros2/install/path_planner_server:/home/yahboom/cartoros2/install/nav2_simple_commander:/home/yahboom/cartoros2/install/nav2_gazebo_spawner:/home/yahboom/cartoros2/install/localization_server:/home/yahboom/cartoros2/install/laserscan_to_point_pulisher:/home/yahboom/yahboomcar_ws/install/yahboom_dog_example:/opt/ros/humble /usr/bin/cmake --build /home/yahboom/Desktop/dogzillaS2/ros_ws/build/dog_joint_interfaces -- -j4 -l4
[6.491s] Invoking command in '/home/yahboom/Desktop/dogzillaS2/ros_ws/build/dog_joint_interfaces': CMAKE_PREFIX_PATH=${CMAKE_PREFIX_PATH}:/home/yahboom/Desktop/dogzillaS2/ros_ws/install/webcam:/home/yahboom/Desktop/dogzillaS2/ros_ws/install/dogzilla_joints:/home/yahboom/cartoros2/install/yahboomcar_nav:/home/yahboom/cartoros2/install/yahboomcar_ctrl:/home/yahboom/cartoros2/install/yahboom_visual:/home/yahboom/cartoros2/install/yahboom_dog_joint_state:/home/yahboom/cartoros2/install/yahboom_description:/home/yahboom/cartoros2/install/yahboom_color_identify_server:/home/yahboom/cartoros2/install/yahboom_bringup:/home/yahboom/cartoros2/install/yahboom_base:/home/yahboom/cartoros2/install/yahboom_app_save_map:/home/yahboom/cartoros2/install/update_map:/home/yahboom/cartoros2/install/rosboard:/home/yahboom/cartoros2/install/path_planner_server:/home/yahboom/cartoros2/install/nav2_simple_commander:/home/yahboom/cartoros2/install/nav2_gazebo_spawner:/home/yahboom/cartoros2/install/localization_server:/home/yahboom/cartoros2/install/laserscan_to_point_pulisher:/home/yahboom/yahboomcar_ws/install/yahboom_dog_example:/opt/ros/humble /usr/bin/cmake --install /home/yahboom/Desktop/dogzillaS2/ros_ws/build/dog_joint_interfaces
[6.542s] -- Install configuration: ""
[6.543s] -- Up-to-date: /home/yahboom/Desktop/dogzillaS2/ros_ws/install/dog_joint_interfaces/share/ament_index/resource_index/rosidl_interfaces/dog_joint_interfaces
[6.544s] -- Up-to-date: /home/yahboom/Desktop/dogzillaS2/ros_ws/install/dog_joint_interfaces/include/dog_joint_interfaces/dog_joint_interfaces
[6.545s] -- Up-to-date: /home/yahboom/Desktop/dogzillaS2/ros_ws/install/dog_joint_interfaces/include/dog_joint_interfaces/dog_joint_interfaces/srv
[6.545s] -- Up-to-date: /home/yahboom/Desktop/dogzillaS2/ros_ws/install/dog_joint_interfaces/include/dog_joint_interfaces/dog_joint_interfaces/srv/detail
[6.545s] -- Up-to-date: /home/yahboom/Desktop/dogzillaS2/ros_ws/install/dog_joint_interfaces/include/dog_joint_interfaces/dog_joint_interfaces/srv/detail/set_joint_position__functions.c
[6.546s] -- Up-to-date: /home/yahboom/Desktop/dogzillaS2/ros_ws/install/dog_joint_interfaces/include/dog_joint_interfaces/dog_joint_interfaces/srv/detail/set_joint_position__type_support.h
[6.546s] -- Up-to-date: /home/yahboom/Desktop/dogzillaS2/ros_ws/install/dog_joint_interfaces/include/dog_joint_interfaces/dog_joint_interfaces/srv/detail/set_joint_position__struct.h
[6.546s] -- Up-to-date: /home/yahboom/Desktop/dogzillaS2/ros_ws/install/dog_joint_interfaces/include/dog_joint_interfaces/dog_joint_interfaces/srv/detail/set_joint_position__functions.h
[6.547s] -- Up-to-date: /home/yahboom/Desktop/dogzillaS2/ros_ws/install/dog_joint_interfaces/include/dog_joint_interfaces/dog_joint_interfaces/srv/set_joint_position.h
[6.547s] -- Up-to-date: /home/yahboom/Desktop/dogzillaS2/ros_ws/install/dog_joint_interfaces/include/dog_joint_interfaces/dog_joint_interfaces/msg
[6.547s] -- Up-to-date: /home/yahboom/Desktop/dogzillaS2/ros_ws/install/dog_joint_interfaces/include/dog_joint_interfaces/dog_joint_interfaces/msg/detail
[6.547s] -- Up-to-date: /home/yahboom/Desktop/dogzillaS2/ros_ws/install/dog_joint_interfaces/include/dog_joint_interfaces/dog_joint_interfaces/msg/detail/motor_angle__functions.c
[6.547s] -- Up-to-date: /home/yahboom/Desktop/dogzillaS2/ros_ws/install/dog_joint_interfaces/include/dog_joint_interfaces/dog_joint_interfaces/msg/detail/motor_angle__struct.h
[6.548s] -- Up-to-date: /home/yahboom/Desktop/dogzillaS2/ros_ws/install/dog_joint_interfaces/include/dog_joint_interfaces/dog_joint_interfaces/msg/detail/motor_angle__type_support.h
[6.549s] -- Up-to-date: /home/yahboom/Desktop/dogzillaS2/ros_ws/install/dog_joint_interfaces/include/dog_joint_interfaces/dog_joint_interfaces/msg/detail/motor_angle__functions.h
[6.549s] -- Up-to-date: /home/yahboom/Desktop/dogzillaS2/ros_ws/install/dog_joint_interfaces/include/dog_joint_interfaces/dog_joint_interfaces/msg/motor_angle.h
[6.550s] -- Up-to-date: /home/yahboom/Desktop/dogzillaS2/ros_ws/install/dog_joint_interfaces/include/dog_joint_interfaces/dog_joint_interfaces/msg/rosidl_generator_c__visibility_control.h
[6.551s] -- Up-to-date: /home/yahboom/Desktop/dogzillaS2/ros_ws/install/dog_joint_interfaces/share/dog_joint_interfaces/environment/library_path.sh
[6.552s] -- Installing: /home/yahboom/Desktop/dogzillaS2/ros_ws/install/dog_joint_interfaces/share/dog_joint_interfaces/environment/library_path.dsv
[6.553s] -- Up-to-date: /home/yahboom/Desktop/dogzillaS2/ros_ws/install/dog_joint_interfaces/lib/libdog_joint_interfaces__rosidl_generator_c.so
[6.553s] -- Up-to-date: /home/yahboom/Desktop/dogzillaS2/ros_ws/install/dog_joint_interfaces/include/dog_joint_interfaces/dog_joint_interfaces
[6.554s] -- Up-to-date: /home/yahboom/Desktop/dogzillaS2/ros_ws/install/dog_joint_interfaces/include/dog_joint_interfaces/dog_joint_interfaces/srv
[6.555s] -- Up-to-date: /home/yahboom/Desktop/dogzillaS2/ros_ws/install/dog_joint_interfaces/include/dog_joint_interfaces/dog_joint_interfaces/srv/detail
[6.555s] -- Up-to-date: /home/yahboom/Desktop/dogzillaS2/ros_ws/install/dog_joint_interfaces/include/dog_joint_interfaces/dog_joint_interfaces/srv/detail/set_joint_position__rosidl_typesupport_fastrtps_c.h
[6.556s] -- Up-to-date: /home/yahboom/Desktop/dogzillaS2/ros_ws/install/dog_joint_interfaces/include/dog_joint_interfaces/dog_joint_interfaces/msg
[6.557s] -- Up-to-date: /home/yahboom/Desktop/dogzillaS2/ros_ws/install/dog_joint_interfaces/include/dog_joint_interfaces/dog_joint_interfaces/msg/detail
[6.557s] -- Up-to-date: /home/yahboom/Desktop/dogzillaS2/ros_ws/install/dog_joint_interfaces/include/dog_joint_interfaces/dog_joint_interfaces/msg/detail/motor_angle__rosidl_typesupport_fastrtps_c.h
[6.558s] -- Up-to-date: /home/yahboom/Desktop/dogzillaS2/ros_ws/install/dog_joint_interfaces/include/dog_joint_interfaces/dog_joint_interfaces/msg/rosidl_typesupport_fastrtps_c__visibility_control.h
[6.559s] -- Up-to-date: /home/yahboom/Desktop/dogzillaS2/ros_ws/install/dog_joint_interfaces/lib/libdog_joint_interfaces__rosidl_typesupport_fastrtps_c.so
[6.559s] -- Up-to-date: /home/yahboom/Desktop/dogzillaS2/ros_ws/install/dog_joint_interfaces/include/dog_joint_interfaces/dog_joint_interfaces
[6.560s] -- Up-to-date: /home/yahboom/Desktop/dogzillaS2/ros_ws/install/dog_joint_interfaces/include/dog_joint_interfaces/dog_joint_interfaces/srv
[6.560s] -- Up-to-date: /home/yahboom/Desktop/dogzillaS2/ros_ws/install/dog_joint_interfaces/include/dog_joint_interfaces/dog_joint_interfaces/srv/detail
[6.560s] -- Up-to-date: /home/yahboom/Desktop/dogzillaS2/ros_ws/install/dog_joint_interfaces/include/dog_joint_interfaces/dog_joint_interfaces/srv/detail/set_joint_position__struct.hpp
[6.561s] -- Up-to-date: /home/yahboom/Desktop/dogzillaS2/ros_ws/install/dog_joint_interfaces/include/dog_joint_interfaces/dog_joint_interfaces/srv/detail/set_joint_position__builder.hpp
[6.561s] -- Up-to-date: /home/yahboom/Desktop/dogzillaS2/ros_ws/install/dog_joint_interfaces/include/dog_joint_interfaces/dog_joint_interfaces/srv/detail/set_joint_position__traits.hpp
[6.561s] -- Up-to-date: /home/yahboom/Desktop/dogzillaS2/ros_ws/install/dog_joint_interfaces/include/dog_joint_interfaces/dog_joint_interfaces/srv/set_joint_position.hpp
[6.561s] -- Up-to-date: /home/yahboom/Desktop/dogzillaS2/ros_ws/install/dog_joint_interfaces/include/dog_joint_interfaces/dog_joint_interfaces/msg
[6.562s] -- Up-to-date: /home/yahboom/Desktop/dogzillaS2/ros_ws/install/dog_joint_interfaces/include/dog_joint_interfaces/dog_joint_interfaces/msg/detail
[6.562s] -- Up-to-date: /home/yahboom/Desktop/dogzillaS2/ros_ws/install/dog_joint_interfaces/include/dog_joint_interfaces/dog_joint_interfaces/msg/detail/motor_angle__builder.hpp
[6.562s] -- Up-to-date: /home/yahboom/Desktop/dogzillaS2/ros_ws/install/dog_joint_interfaces/include/dog_joint_interfaces/dog_joint_interfaces/msg/detail/motor_angle__traits.hpp
[6.562s] -- Up-to-date: /home/yahboom/Desktop/dogzillaS2/ros_ws/install/dog_joint_interfaces/include/dog_joint_interfaces/dog_joint_interfaces/msg/detail/motor_angle__struct.hpp
[6.563s] -- Up-to-date: /home/yahboom/Desktop/dogzillaS2/ros_ws/install/dog_joint_interfaces/include/dog_joint_interfaces/dog_joint_interfaces/msg/motor_angle.hpp
[6.563s] -- Up-to-date: /home/yahboom/Desktop/dogzillaS2/ros_ws/install/dog_joint_interfaces/include/dog_joint_interfaces/dog_joint_interfaces
[6.563s] -- Up-to-date: /home/yahboom/Desktop/dogzillaS2/ros_ws/install/dog_joint_interfaces/include/dog_joint_interfaces/dog_joint_interfaces/srv
[6.563s] -- Up-to-date: /home/yahboom/Desktop/dogzillaS2/ros_ws/install/dog_joint_interfaces/include/dog_joint_interfaces/dog_joint_interfaces/srv/detail
[6.564s] -- Up-to-date: /home/yahboom/Desktop/dogzillaS2/ros_ws/install/dog_joint_interfaces/include/dog_joint_interfaces/dog_joint_interfaces/srv/detail/set_joint_position__rosidl_typesupport_fastrtps_cpp.hpp
[6.565s] -- Up-to-date: /home/yahboom/Desktop/dogzillaS2/ros_ws/install/dog_joint_interfaces/include/dog_joint_interfaces/dog_joint_interfaces/srv/detail/dds_fastrtps
[6.565s] -- Up-to-date: /home/yahboom/Desktop/dogzillaS2/ros_ws/install/dog_joint_interfaces/include/dog_joint_interfaces/dog_joint_interfaces/msg
[6.566s] -- Up-to-date: /home/yahboom/Desktop/dogzillaS2/ros_ws/install/dog_joint_interfaces/include/dog_joint_interfaces/dog_joint_interfaces/msg/detail
[6.566s] -- Up-to-date: /home/yahboom/Desktop/dogzillaS2/ros_ws/install/dog_joint_interfaces/include/dog_joint_interfaces/dog_joint_interfaces/msg/detail/motor_angle__rosidl_typesupport_fastrtps_cpp.hpp
[6.566s] -- Up-to-date: /home/yahboom/Desktop/dogzillaS2/ros_ws/install/dog_joint_interfaces/include/dog_joint_interfaces/dog_joint_interfaces/msg/detail/dds_fastrtps
[6.567s] -- Up-to-date: /home/yahboom/Desktop/dogzillaS2/ros_ws/install/dog_joint_interfaces/include/dog_joint_interfaces/dog_joint_interfaces/msg/rosidl_typesupport_fastrtps_cpp__visibility_control.h
[6.567s] -- Up-to-date: /home/yahboom/Desktop/dogzillaS2/ros_ws/install/dog_joint_interfaces/lib/libdog_joint_interfaces__rosidl_typesupport_fastrtps_cpp.so
[6.567s] -- Up-to-date: /home/yahboom/Desktop/dogzillaS2/ros_ws/install/dog_joint_interfaces/include/dog_joint_interfaces/dog_joint_interfaces
[6.567s] -- Up-to-date: /home/yahboom/Desktop/dogzillaS2/ros_ws/install/dog_joint_interfaces/include/dog_joint_interfaces/dog_joint_interfaces/srv
[6.568s] -- Up-to-date: /home/yahboom/Desktop/dogzillaS2/ros_ws/install/dog_joint_interfaces/include/dog_joint_interfaces/dog_joint_interfaces/srv/detail
[6.568s] -- Up-to-date: /home/yahboom/Desktop/dogzillaS2/ros_ws/install/dog_joint_interfaces/include/dog_joint_interfaces/dog_joint_interfaces/srv/detail/set_joint_position__type_support.c
[6.568s] -- Up-to-date: /home/yahboom/Desktop/dogzillaS2/ros_ws/install/dog_joint_interfaces/include/dog_joint_interfaces/dog_joint_interfaces/srv/detail/set_joint_position__rosidl_typesupport_introspection_c.h
[6.569s] -- Up-to-date: /home/yahboom/Desktop/dogzillaS2/ros_ws/install/dog_joint_interfaces/include/dog_joint_interfaces/dog_joint_interfaces/msg
[6.569s] -- Up-to-date: /home/yahboom/Desktop/dogzillaS2/ros_ws/install/dog_joint_interfaces/include/dog_joint_interfaces/dog_joint_interfaces/msg/detail
[6.569s] -- Up-to-date: /home/yahboom/Desktop/dogzillaS2/ros_ws/install/dog_joint_interfaces/include/dog_joint_interfaces/dog_joint_interfaces/msg/detail/motor_angle__type_support.c
[6.569s] -- Up-to-date: /home/yahboom/Desktop/dogzillaS2/ros_ws/install/dog_joint_interfaces/include/dog_joint_interfaces/dog_joint_interfaces/msg/detail/motor_angle__rosidl_typesupport_introspection_c.h
[6.569s] -- Up-to-date: /home/yahboom/Desktop/dogzillaS2/ros_ws/install/dog_joint_interfaces/include/dog_joint_interfaces/dog_joint_interfaces/msg/rosidl_typesupport_introspection_c__visibility_control.h
[6.570s] -- Up-to-date: /home/yahboom/Desktop/dogzillaS2/ros_ws/install/dog_joint_interfaces/lib/libdog_joint_interfaces__rosidl_typesupport_introspection_c.so
[6.570s] -- Up-to-date: /home/yahboom/Desktop/dogzillaS2/ros_ws/install/dog_joint_interfaces/lib/libdog_joint_interfaces__rosidl_typesupport_c.so
[6.570s] -- Up-to-date: /home/yahboom/Desktop/dogzillaS2/ros_ws/install/dog_joint_interfaces/include/dog_joint_interfaces/dog_joint_interfaces
[6.570s] -- Up-to-date: /home/yahboom/Desktop/dogzillaS2/ros_ws/install/dog_joint_interfaces/include/dog_joint_interfaces/dog_joint_interfaces/srv
[6.570s] -- Up-to-date: /home/yahboom/Desktop/dogzillaS2/ros_ws/install/dog_joint_interfaces/include/dog_joint_interfaces/dog_joint_interfaces/srv/detail
[6.571s] -- Up-to-date: /home/yahboom/Desktop/dogzillaS2/ros_ws/install/dog_joint_interfaces/include/dog_joint_interfaces/dog_joint_interfaces/srv/detail/set_joint_position__type_support.cpp
[6.571s] -- Up-to-date: /home/yahboom/Desktop/dogzillaS2/ros_ws/install/dog_joint_interfaces/include/dog_joint_interfaces/dog_joint_interfaces/srv/detail/set_joint_position__rosidl_typesupport_introspection_cpp.hpp
[6.572s] -- Up-to-date: /home/yahboom/Desktop/dogzillaS2/ros_ws/install/dog_joint_interfaces/include/dog_joint_interfaces/dog_joint_interfaces/msg
[6.572s] -- Up-to-date: /home/yahboom/Desktop/dogzillaS2/ros_ws/install/dog_joint_interfaces/include/dog_joint_interfaces/dog_joint_interfaces/msg/detail
[6.572s] -- Up-to-date: /home/yahboom/Desktop/dogzillaS2/ros_ws/install/dog_joint_interfaces/include/dog_joint_interfaces/dog_joint_interfaces/msg/detail/motor_angle__rosidl_typesupport_introspection_cpp.hpp
[6.573s] -- Up-to-date: /home/yahboom/Desktop/dogzillaS2/ros_ws/install/dog_joint_interfaces/include/dog_joint_interfaces/dog_joint_interfaces/msg/detail/motor_angle__type_support.cpp
[6.573s] -- Up-to-date: /home/yahboom/Desktop/dogzillaS2/ros_ws/install/dog_joint_interfaces/lib/libdog_joint_interfaces__rosidl_typesupport_introspection_cpp.so
[6.573s] -- Up-to-date: /home/yahboom/Desktop/dogzillaS2/ros_ws/install/dog_joint_interfaces/lib/libdog_joint_interfaces__rosidl_typesupport_cpp.so
[6.574s] -- Up-to-date: /home/yahboom/Desktop/dogzillaS2/ros_ws/install/dog_joint_interfaces/share/dog_joint_interfaces/environment/pythonpath.sh
[6.574s] -- Installing: /home/yahboom/Desktop/dogzillaS2/ros_ws/install/dog_joint_interfaces/share/dog_joint_interfaces/environment/pythonpath.dsv
[6.574s] -- Up-to-date: /home/yahboom/Desktop/dogzillaS2/ros_ws/install/dog_joint_interfaces/local/lib/python3.10/dist-packages/dog_joint_interfaces-0.0.0-py3.10.egg-info
[6.575s] -- Installing: /home/yahboom/Desktop/dogzillaS2/ros_ws/install/dog_joint_interfaces/local/lib/python3.10/dist-packages/dog_joint_interfaces-0.0.0-py3.10.egg-info/top_level.txt
[6.575s] -- Installing: /home/yahboom/Desktop/dogzillaS2/ros_ws/install/dog_joint_interfaces/local/lib/python3.10/dist-packages/dog_joint_interfaces-0.0.0-py3.10.egg-info/PKG-INFO
[6.575s] -- Installing: /home/yahboom/Desktop/dogzillaS2/ros_ws/install/dog_joint_interfaces/local/lib/python3.10/dist-packages/dog_joint_interfaces-0.0.0-py3.10.egg-info/dependency_links.txt
[6.576s] -- Installing: /home/yahboom/Desktop/dogzillaS2/ros_ws/install/dog_joint_interfaces/local/lib/python3.10/dist-packages/dog_joint_interfaces-0.0.0-py3.10.egg-info/SOURCES.txt
[6.576s] -- Up-to-date: /home/yahboom/Desktop/dogzillaS2/ros_ws/install/dog_joint_interfaces/local/lib/python3.10/dist-packages/dog_joint_interfaces
[6.576s] -- Up-to-date: /home/yahboom/Desktop/dogzillaS2/ros_ws/install/dog_joint_interfaces/local/lib/python3.10/dist-packages/dog_joint_interfaces/libdog_joint_interfaces__rosidl_generator_py.so
[6.577s] -- Up-to-date: /home/yahboom/Desktop/dogzillaS2/ros_ws/install/dog_joint_interfaces/local/lib/python3.10/dist-packages/dog_joint_interfaces/_dog_joint_interfaces_s.ep.rosidl_typesupport_c.c
[6.577s] -- Up-to-date: /home/yahboom/Desktop/dogzillaS2/ros_ws/install/dog_joint_interfaces/local/lib/python3.10/dist-packages/dog_joint_interfaces/srv
[6.577s] -- Up-to-date: /home/yahboom/Desktop/dogzillaS2/ros_ws/install/dog_joint_interfaces/local/lib/python3.10/dist-packages/dog_joint_interfaces/srv/__init__.py
[6.577s] -- Up-to-date: /home/yahboom/Desktop/dogzillaS2/ros_ws/install/dog_joint_interfaces/local/lib/python3.10/dist-packages/dog_joint_interfaces/srv/_set_joint_position.py
[6.577s] -- Up-to-date: /home/yahboom/Desktop/dogzillaS2/ros_ws/install/dog_joint_interfaces/local/lib/python3.10/dist-packages/dog_joint_interfaces/srv/_set_joint_position_s.c
[6.578s] -- Up-to-date: /home/yahboom/Desktop/dogzillaS2/ros_ws/install/dog_joint_interfaces/local/lib/python3.10/dist-packages/dog_joint_interfaces/dog_joint_interfaces_s__rosidl_typesupport_fastrtps_c.cpython-310-x86_64-linux-gnu.so
[6.578s] -- Installing: /home/yahboom/Desktop/dogzillaS2/ros_ws/install/dog_joint_interfaces/local/lib/python3.10/dist-packages/dog_joint_interfaces/__init__.py
[6.578s] -- Up-to-date: /home/yahboom/Desktop/dogzillaS2/ros_ws/install/dog_joint_interfaces/local/lib/python3.10/dist-packages/dog_joint_interfaces/dog_joint_interfaces_s__rosidl_typesupport_c.cpython-310-x86_64-linux-gnu.so
[6.578s] -- Up-to-date: /home/yahboom/Desktop/dogzillaS2/ros_ws/install/dog_joint_interfaces/local/lib/python3.10/dist-packages/dog_joint_interfaces/msg
[6.578s] -- Up-to-date: /home/yahboom/Desktop/dogzillaS2/ros_ws/install/dog_joint_interfaces/local/lib/python3.10/dist-packages/dog_joint_interfaces/msg/__init__.py
[6.579s] -- Up-to-date: /home/yahboom/Desktop/dogzillaS2/ros_ws/install/dog_joint_interfaces/local/lib/python3.10/dist-packages/dog_joint_interfaces/msg/_motor_angle.py
[6.579s] -- Up-to-date: /home/yahboom/Desktop/dogzillaS2/ros_ws/install/dog_joint_interfaces/local/lib/python3.10/dist-packages/dog_joint_interfaces/msg/_motor_angle_s.c
[6.579s] -- Up-to-date: /home/yahboom/Desktop/dogzillaS2/ros_ws/install/dog_joint_interfaces/local/lib/python3.10/dist-packages/dog_joint_interfaces/_dog_joint_interfaces_s.ep.rosidl_typesupport_introspection_c.c
[6.579s] -- Up-to-date: /home/yahboom/Desktop/dogzillaS2/ros_ws/install/dog_joint_interfaces/local/lib/python3.10/dist-packages/dog_joint_interfaces/_dog_joint_interfaces_s.ep.rosidl_typesupport_fastrtps_c.c
[6.580s] -- Up-to-date: /home/yahboom/Desktop/dogzillaS2/ros_ws/install/dog_joint_interfaces/local/lib/python3.10/dist-packages/dog_joint_interfaces/dog_joint_interfaces_s__rosidl_typesupport_introspection_c.cpython-310-x86_64-linux-gnu.so
[6.722s] Listing '/home/yahboom/Desktop/dogzillaS2/ros_ws/install/dog_joint_interfaces/local/lib/python3.10/dist-packages/dog_joint_interfaces'...
[6.723s] Compiling '/home/yahboom/Desktop/dogzillaS2/ros_ws/install/dog_joint_interfaces/local/lib/python3.10/dist-packages/dog_joint_interfaces/__init__.py'...
[6.723s] Listing '/home/yahboom/Desktop/dogzillaS2/ros_ws/install/dog_joint_interfaces/local/lib/python3.10/dist-packages/dog_joint_interfaces/msg'...
[6.723s] Listing '/home/yahboom/Desktop/dogzillaS2/ros_ws/install/dog_joint_interfaces/local/lib/python3.10/dist-packages/dog_joint_interfaces/srv'...
[6.735s] -- Up-to-date: /home/yahboom/Desktop/dogzillaS2/ros_ws/install/dog_joint_interfaces/local/lib/python3.10/dist-packages/dog_joint_interfaces/dog_joint_interfaces_s__rosidl_typesupport_fastrtps_c.cpython-310-x86_64-linux-gnu.so
[6.736s] -- Up-to-date: /home/yahboom/Desktop/dogzillaS2/ros_ws/install/dog_joint_interfaces/local/lib/python3.10/dist-packages/dog_joint_interfaces/dog_joint_interfaces_s__rosidl_typesupport_introspection_c.cpython-310-x86_64-linux-gnu.so
[6.737s] -- Up-to-date: /home/yahboom/Desktop/dogzillaS2/ros_ws/install/dog_joint_interfaces/local/lib/python3.10/dist-packages/dog_joint_interfaces/dog_joint_interfaces_s__rosidl_typesupport_c.cpython-310-x86_64-linux-gnu.so
[6.738s] -- Up-to-date: /home/yahboom/Desktop/dogzillaS2/ros_ws/install/dog_joint_interfaces/lib/libdog_joint_interfaces__rosidl_generator_py.so
[6.739s] -- Up-to-date: /home/yahboom/Desktop/dogzillaS2/ros_ws/install/dog_joint_interfaces/share/dog_joint_interfaces/srv/SetJointPosition.idl
[6.739s] -- Up-to-date: /home/yahboom/Desktop/dogzillaS2/ros_ws/install/dog_joint_interfaces/share/dog_joint_interfaces/msg/MotorAngle.idl
[6.740s] -- Up-to-date: /home/yahboom/Desktop/dogzillaS2/ros_ws/install/dog_joint_interfaces/share/dog_joint_interfaces/srv/SetJointPosition.srv
[6.740s] -- Up-to-date: /home/yahboom/Desktop/dogzillaS2/ros_ws/install/dog_joint_interfaces/share/dog_joint_interfaces/srv/SetJointPosition_Request.msg
[6.740s] -- Up-to-date: /home/yahboom/Desktop/dogzillaS2/ros_ws/install/dog_joint_interfaces/share/dog_joint_interfaces/srv/SetJointPosition_Response.msg
[6.741s] -- Installing: /home/yahboom/Desktop/dogzillaS2/ros_ws/install/dog_joint_interfaces/share/dog_joint_interfaces/msg/MotorAngle.msg
[6.741s] -- Up-to-date: /home/yahboom/Desktop/dogzillaS2/ros_ws/install/dog_joint_interfaces/share/ament_index/resource_index/package_run_dependencies/dog_joint_interfaces
[6.741s] -- Installing: /home/yahboom/Desktop/dogzillaS2/ros_ws/install/dog_joint_interfaces/share/ament_index/resource_index/parent_prefix_path/dog_joint_interfaces
[6.742s] -- Up-to-date: /home/yahboom/Desktop/dogzillaS2/ros_ws/install/dog_joint_interfaces/share/dog_joint_interfaces/environment/ament_prefix_path.sh
[6.743s] -- Installing: /home/yahboom/Desktop/dogzillaS2/ros_ws/install/dog_joint_interfaces/share/dog_joint_interfaces/environment/ament_prefix_path.dsv
[6.743s] -- Up-to-date: /home/yahboom/Desktop/dogzillaS2/ros_ws/install/dog_joint_interfaces/share/dog_joint_interfaces/environment/path.sh
[6.743s] -- Installing: /home/yahboom/Desktop/dogzillaS2/ros_ws/install/dog_joint_interfaces/share/dog_joint_interfaces/environment/path.dsv
[6.744s] -- Up-to-date: /home/yahboom/Desktop/dogzillaS2/ros_ws/install/dog_joint_interfaces/share/dog_joint_interfaces/local_setup.bash
[6.745s] -- Up-to-date: /home/yahboom/Desktop/dogzillaS2/ros_ws/install/dog_joint_interfaces/share/dog_joint_interfaces/local_setup.sh
[6.745s] -- Up-to-date: /home/yahboom/Desktop/dogzillaS2/ros_ws/install/dog_joint_interfaces/share/dog_joint_interfaces/local_setup.zsh
[6.745s] -- Installing: /home/yahboom/Desktop/dogzillaS2/ros_ws/install/dog_joint_interfaces/share/dog_joint_interfaces/local_setup.dsv
[6.746s] -- Installing: /home/yahboom/Desktop/dogzillaS2/ros_ws/install/dog_joint_interfaces/share/dog_joint_interfaces/package.dsv
[6.746s] -- Up-to-date: /home/yahboom/Desktop/dogzillaS2/ros_ws/install/dog_joint_interfaces/share/ament_index/resource_index/packages/dog_joint_interfaces
[6.747s] -- Up-to-date: /home/yahboom/Desktop/dogzillaS2/ros_ws/install/dog_joint_interfaces/share/dog_joint_interfaces/cmake/export_dog_joint_interfaces__rosidl_generator_cExport.cmake
[6.748s] -- Up-to-date: /home/yahboom/Desktop/dogzillaS2/ros_ws/install/dog_joint_interfaces/share/dog_joint_interfaces/cmake/export_dog_joint_interfaces__rosidl_generator_cExport-noconfig.cmake
[6.748s] -- Up-to-date: /home/yahboom/Desktop/dogzillaS2/ros_ws/install/dog_joint_interfaces/share/dog_joint_interfaces/cmake/export_dog_joint_interfaces__rosidl_typesupport_fastrtps_cExport.cmake
[6.748s] -- Up-to-date: /home/yahboom/Desktop/dogzillaS2/ros_ws/install/dog_joint_interfaces/share/dog_joint_interfaces/cmake/export_dog_joint_interfaces__rosidl_typesupport_fastrtps_cExport-noconfig.cmake
[6.749s] -- Up-to-date: /home/yahboom/Desktop/dogzillaS2/ros_ws/install/dog_joint_interfaces/share/dog_joint_interfaces/cmake/export_dog_joint_interfaces__rosidl_generator_cppExport.cmake
[6.749s] -- Up-to-date: /home/yahboom/Desktop/dogzillaS2/ros_ws/install/dog_joint_interfaces/share/dog_joint_interfaces/cmake/export_dog_joint_interfaces__rosidl_typesupport_fastrtps_cppExport.cmake
[6.750s] -- Up-to-date: /home/yahboom/Desktop/dogzillaS2/ros_ws/install/dog_joint_interfaces/share/dog_joint_interfaces/cmake/export_dog_joint_interfaces__rosidl_typesupport_fastrtps_cppExport-noconfig.cmake
[6.750s] -- Up-to-date: /home/yahboom/Desktop/dogzillaS2/ros_ws/install/dog_joint_interfaces/share/dog_joint_interfaces/cmake/dog_joint_interfaces__rosidl_typesupport_introspection_cExport.cmake
[6.750s] -- Up-to-date: /home/yahboom/Desktop/dogzillaS2/ros_ws/install/dog_joint_interfaces/share/dog_joint_interfaces/cmake/dog_joint_interfaces__rosidl_typesupport_introspection_cExport-noconfig.cmake
[6.751s] -- Up-to-date: /home/yahboom/Desktop/dogzillaS2/ros_ws/install/dog_joint_interfaces/share/dog_joint_interfaces/cmake/dog_joint_interfaces__rosidl_typesupport_cExport.cmake
[6.752s] -- Up-to-date: /home/yahboom/Desktop/dogzillaS2/ros_ws/install/dog_joint_interfaces/share/dog_joint_interfaces/cmake/dog_joint_interfaces__rosidl_typesupport_cExport-noconfig.cmake
[6.753s] -- Up-to-date: /home/yahboom/Desktop/dogzillaS2/ros_ws/install/dog_joint_interfaces/share/dog_joint_interfaces/cmake/dog_joint_interfaces__rosidl_typesupport_introspection_cppExport.cmake
[6.754s] -- Up-to-date: /home/yahboom/Desktop/dogzillaS2/ros_ws/install/dog_joint_interfaces/share/dog_joint_interfaces/cmake/dog_joint_interfaces__rosidl_typesupport_introspection_cppExport-noconfig.cmake
[6.754s] -- Up-to-date: /home/yahboom/Desktop/dogzillaS2/ros_ws/install/dog_joint_interfaces/share/dog_joint_interfaces/cmake/dog_joint_interfaces__rosidl_typesupport_cppExport.cmake
[6.755s] -- Up-to-date: /home/yahboom/Desktop/dogzillaS2/ros_ws/install/dog_joint_interfaces/share/dog_joint_interfaces/cmake/dog_joint_interfaces__rosidl_typesupport_cppExport-noconfig.cmake
[6.755s] -- Up-to-date: /home/yahboom/Desktop/dogzillaS2/ros_ws/install/dog_joint_interfaces/share/dog_joint_interfaces/cmake/export_dog_joint_interfaces__rosidl_generator_pyExport.cmake
[6.755s] -- Up-to-date: /home/yahboom/Desktop/dogzillaS2/ros_ws/install/dog_joint_interfaces/share/dog_joint_interfaces/cmake/export_dog_joint_interfaces__rosidl_generator_pyExport-noconfig.cmake
[6.756s] -- Up-to-date: /home/yahboom/Desktop/dogzillaS2/ros_ws/install/dog_joint_interfaces/share/dog_joint_interfaces/cmake/rosidl_cmake-extras.cmake
[6.756s] -- Up-to-date: /home/yahboom/Desktop/dogzillaS2/ros_ws/install/dog_joint_interfaces/share/dog_joint_interfaces/cmake/ament_cmake_export_dependencies-extras.cmake
[6.757s] -- Up-to-date: /home/yahboom/Desktop/dogzillaS2/ros_ws/install/dog_joint_interfaces/share/dog_joint_interfaces/cmake/ament_cmake_export_include_directories-extras.cmake
[6.757s] -- Up-to-date: /home/yahboom/Desktop/dogzillaS2/ros_ws/install/dog_joint_interfaces/share/dog_joint_interfaces/cmake/ament_cmake_export_libraries-extras.cmake
[6.757s] -- Up-to-date: /home/yahboom/Desktop/dogzillaS2/ros_ws/install/dog_joint_interfaces/share/dog_joint_interfaces/cmake/ament_cmake_export_targets-extras.cmake
[6.757s] -- Up-to-date: /home/yahboom/Desktop/dogzillaS2/ros_ws/install/dog_joint_interfaces/share/dog_joint_interfaces/cmake/rosidl_cmake_export_typesupport_targets-extras.cmake
[6.757s] -- Up-to-date: /home/yahboom/Desktop/dogzillaS2/ros_ws/install/dog_joint_interfaces/share/dog_joint_interfaces/cmake/rosidl_cmake_export_typesupport_libraries-extras.cmake
[6.758s] -- Up-to-date: /home/yahboom/Desktop/dogzillaS2/ros_ws/install/dog_joint_interfaces/share/dog_joint_interfaces/cmake/dog_joint_interfacesConfig.cmake
[6.758s] -- Up-to-date: /home/yahboom/Desktop/dogzillaS2/ros_ws/install/dog_joint_interfaces/share/dog_joint_interfaces/cmake/dog_joint_interfacesConfig-version.cmake
[6.758s] -- Up-to-date: /home/yahboom/Desktop/dogzillaS2/ros_ws/install/dog_joint_interfaces/share/dog_joint_interfaces/package.xml
[6.765s] Invoked command in '/home/yahboom/Desktop/dogzillaS2/ros_ws/build/dog_joint_interfaces' returned '0': CMAKE_PREFIX_PATH=${CMAKE_PREFIX_PATH}:/home/yahboom/Desktop/dogzillaS2/ros_ws/install/webcam:/home/yahboom/Desktop/dogzillaS2/ros_ws/install/dogzilla_joints:/home/yahboom/cartoros2/install/yahboomcar_nav:/home/yahboom/cartoros2/install/yahboomcar_ctrl:/home/yahboom/cartoros2/install/yahboom_visual:/home/yahboom/cartoros2/install/yahboom_dog_joint_state:/home/yahboom/cartoros2/install/yahboom_description:/home/yahboom/cartoros2/install/yahboom_color_identify_server:/home/yahboom/cartoros2/install/yahboom_bringup:/home/yahboom/cartoros2/install/yahboom_base:/home/yahboom/cartoros2/install/yahboom_app_save_map:/home/yahboom/cartoros2/install/update_map:/home/yahboom/cartoros2/install/rosboard:/home/yahboom/cartoros2/install/path_planner_server:/home/yahboom/cartoros2/install/nav2_simple_commander:/home/yahboom/cartoros2/install/nav2_gazebo_spawner:/home/yahboom/cartoros2/install/localization_server:/home/yahboom/cartoros2/install/laserscan_to_point_pulisher:/home/yahboom/yahboomcar_ws/install/yahboom_dog_example:/opt/ros/humble /usr/bin/cmake --install /home/yahboom/Desktop/dogzillaS2/ros_ws/build/dog_joint_interfaces
