[0.270s] DEBUG:colcon:Command line arguments: ['/usr/bin/colcon', 'build']
[0.270s] DEBUG:colcon:Parsed command line arguments: Namespace(log_base=None, log_level=None, verb_name='build', build_base='build', install_base='install', merge_install=False, symlink_install=False, test_result_base=None, continue_on_error=False, executor='parallel', parallel_workers=4, event_handlers=None, ignore_user_meta=False, metas=['./colcon.meta'], base_paths=['.'], packages_ignore=None, packages_ignore_regex=None, paths=None, packages_up_to=None, packages_up_to_regex=None, packages_above=None, packages_above_and_dependencies=None, packages_above_depth=None, packages_select_by_dep=None, packages_skip_by_dep=None, packages_skip_up_to=None, packages_select_build_failed=False, packages_skip_build_finished=False, packages_select_test_failures=False, packages_skip_test_passed=False, packages_select=None, packages_skip=None, packages_select_regex=None, packages_skip_regex=None, packages_start=None, packages_end=None, allow_overriding=[], cmake_args=None, cmake_target=None, cmake_target_skip_unavailable=False, cmake_clean_cache=False, cmake_clean_first=False, cmake_force_configure=False, ament_cmake_args=None, catkin_cmake_args=None, catkin_skip_building_tests=False, verb_parser=<colcon_defaults.argument_parser.defaults.DefaultArgumentsDecorator object at 0x7beb8a9b5660>, verb_extension=<colcon_core.verb.build.BuildVerb object at 0x7beb8a9b5150>, main=<bound method BuildVerb.main of <colcon_core.verb.build.BuildVerb object at 0x7beb8a9b5150>>)
[0.713s] Level 1:colcon.colcon_core.package_discovery:discover_packages(colcon_meta) check parameters
[0.714s] Level 1:colcon.colcon_core.package_discovery:discover_packages(recursive) check parameters
[0.714s] Level 1:colcon.colcon_core.package_discovery:discover_packages(ignore) check parameters
[0.714s] Level 1:colcon.colcon_core.package_discovery:discover_packages(path) check parameters
[0.714s] Level 1:colcon.colcon_core.package_discovery:discover_packages(colcon_meta) discover
[0.714s] Level 1:colcon.colcon_core.package_discovery:discover_packages(recursive) discover
[0.714s] INFO:colcon.colcon_core.package_discovery:Crawling recursively for packages in '/home/yahboom/Desktop/dogzillaS2/ros_ws'
[0.714s] Level 1:colcon.colcon_core.package_identification:_identify(.) by extensions ['ignore', 'ignore_ament_install']
[0.714s] Level 1:colcon.colcon_core.package_identification:_identify(.) by extension 'ignore'
[0.714s] Level 1:colcon.colcon_core.package_identification:_identify(.) by extension 'ignore_ament_install'
[0.714s] Level 1:colcon.colcon_core.package_identification:_identify(.) by extensions ['colcon_pkg']
[0.714s] Level 1:colcon.colcon_core.package_identification:_identify(.) by extension 'colcon_pkg'
[0.715s] Level 1:colcon.colcon_core.package_identification:_identify(.) by extensions ['colcon_meta']
[0.715s] Level 1:colcon.colcon_core.package_identification:_identify(.) by extension 'colcon_meta'
[0.715s] Level 1:colcon.colcon_core.package_identification:_identify(.) by extensions ['ros']
[0.715s] Level 1:colcon.colcon_core.package_identification:_identify(.) by extension 'ros'
[0.734s] Level 1:colcon.colcon_core.package_identification:_identify(.) by extensions ['cmake', 'python']
[0.734s] Level 1:colcon.colcon_core.package_identification:_identify(.) by extension 'cmake'
[0.734s] Level 1:colcon.colcon_core.package_identification:_identify(.) by extension 'python'
[0.734s] Level 1:colcon.colcon_core.package_identification:_identify(.) by extensions ['python_setup_py']
[0.734s] Level 1:colcon.colcon_core.package_identification:_identify(.) by extension 'python_setup_py'
[0.734s] Level 1:colcon.colcon_core.package_identification:_identify(build) by extensions ['ignore', 'ignore_ament_install']
[0.734s] Level 1:colcon.colcon_core.package_identification:_identify(build) by extension 'ignore'
[0.734s] Level 1:colcon.colcon_core.package_identification:_identify(build) ignored
[0.735s] Level 1:colcon.colcon_core.package_identification:_identify(install) by extensions ['ignore', 'ignore_ament_install']
[0.735s] Level 1:colcon.colcon_core.package_identification:_identify(install) by extension 'ignore'
[0.735s] Level 1:colcon.colcon_core.package_identification:_identify(install) ignored
[0.735s] Level 1:colcon.colcon_core.package_identification:_identify(log) by extensions ['ignore', 'ignore_ament_install']
[0.735s] Level 1:colcon.colcon_core.package_identification:_identify(log) by extension 'ignore'
[0.735s] Level 1:colcon.colcon_core.package_identification:_identify(log) ignored
[0.735s] Level 1:colcon.colcon_core.package_identification:_identify(src) by extensions ['ignore', 'ignore_ament_install']
[0.735s] Level 1:colcon.colcon_core.package_identification:_identify(src) by extension 'ignore'
[0.735s] Level 1:colcon.colcon_core.package_identification:_identify(src) by extension 'ignore_ament_install'
[0.736s] Level 1:colcon.colcon_core.package_identification:_identify(src) by extensions ['colcon_pkg']
[0.736s] Level 1:colcon.colcon_core.package_identification:_identify(src) by extension 'colcon_pkg'
[0.736s] Level 1:colcon.colcon_core.package_identification:_identify(src) by extensions ['colcon_meta']
[0.736s] Level 1:colcon.colcon_core.package_identification:_identify(src) by extension 'colcon_meta'
[0.736s] Level 1:colcon.colcon_core.package_identification:_identify(src) by extensions ['ros']
[0.736s] Level 1:colcon.colcon_core.package_identification:_identify(src) by extension 'ros'
[0.736s] Level 1:colcon.colcon_core.package_identification:_identify(src) by extensions ['cmake', 'python']
[0.736s] Level 1:colcon.colcon_core.package_identification:_identify(src) by extension 'cmake'
[0.736s] Level 1:colcon.colcon_core.package_identification:_identify(src) by extension 'python'
[0.736s] Level 1:colcon.colcon_core.package_identification:_identify(src) by extensions ['python_setup_py']
[0.736s] Level 1:colcon.colcon_core.package_identification:_identify(src) by extension 'python_setup_py'
[0.736s] Level 1:colcon.colcon_core.package_identification:_identify(src/webcam) by extensions ['ignore', 'ignore_ament_install']
[0.736s] Level 1:colcon.colcon_core.package_identification:_identify(src/webcam) by extension 'ignore'
[0.737s] Level 1:colcon.colcon_core.package_identification:_identify(src/webcam) by extension 'ignore_ament_install'
[0.737s] Level 1:colcon.colcon_core.package_identification:_identify(src/webcam) by extensions ['colcon_pkg']
[0.737s] Level 1:colcon.colcon_core.package_identification:_identify(src/webcam) by extension 'colcon_pkg'
[0.737s] Level 1:colcon.colcon_core.package_identification:_identify(src/webcam) by extensions ['colcon_meta']
[0.737s] Level 1:colcon.colcon_core.package_identification:_identify(src/webcam) by extension 'colcon_meta'
[0.737s] Level 1:colcon.colcon_core.package_identification:_identify(src/webcam) by extensions ['ros']
[0.737s] Level 1:colcon.colcon_core.package_identification:_identify(src/webcam) by extension 'ros'
[0.741s] DEBUG:colcon.colcon_core.package_identification:Package 'src/webcam' with type 'ros.ament_python' and name 'webcam'
[0.741s] Level 1:colcon.colcon_core.package_discovery:discover_packages(recursive) using defaults
[0.741s] Level 1:colcon.colcon_core.package_discovery:discover_packages(ignore) discover
[0.741s] Level 1:colcon.colcon_core.package_discovery:discover_packages(ignore) using defaults
[0.741s] Level 1:colcon.colcon_core.package_discovery:discover_packages(path) discover
[0.741s] Level 1:colcon.colcon_core.package_discovery:discover_packages(path) using defaults
[0.824s] Level 1:colcon.colcon_core.package_discovery:discover_packages(prefix_path) check parameters
[0.824s] Level 1:colcon.colcon_core.package_discovery:discover_packages(prefix_path) discover
[0.834s] DEBUG:colcon.colcon_installed_package_information.package_discovery:Found 1 installed packages in /home/yahboom/Desktop/dogzillaS2/ros_ws/install
[0.836s] DEBUG:colcon.colcon_installed_package_information.package_discovery:Found 19 installed packages in /home/yahboom/yahboomcar_ws/install
[0.837s] DEBUG:colcon.colcon_installed_package_information.package_discovery:Found 2 installed packages in /home/yahboom/gmapping_ws/install
[0.841s] DEBUG:colcon.colcon_installed_package_information.package_discovery:Found 76 installed packages in /home/yahboom/cartoros2/install
[0.845s] DEBUG:colcon.colcon_installed_package_information.package_discovery:Found 346 installed packages in /opt/ros/humble
[0.851s] Level 1:colcon.colcon_core.package_discovery:discover_packages(prefix_path) using defaults
[0.942s] Level 5:colcon.colcon_core.verb:set package 'webcam' build argument 'cmake_args' from command line to 'None'
[0.942s] Level 5:colcon.colcon_core.verb:set package 'webcam' build argument 'cmake_target' from command line to 'None'
[0.942s] Level 5:colcon.colcon_core.verb:set package 'webcam' build argument 'cmake_target_skip_unavailable' from command line to 'False'
[0.942s] Level 5:colcon.colcon_core.verb:set package 'webcam' build argument 'cmake_clean_cache' from command line to 'False'
[0.942s] Level 5:colcon.colcon_core.verb:set package 'webcam' build argument 'cmake_clean_first' from command line to 'False'
[0.942s] Level 5:colcon.colcon_core.verb:set package 'webcam' build argument 'cmake_force_configure' from command line to 'False'
[0.942s] Level 5:colcon.colcon_core.verb:set package 'webcam' build argument 'ament_cmake_args' from command line to 'None'
[0.942s] Level 5:colcon.colcon_core.verb:set package 'webcam' build argument 'catkin_cmake_args' from command line to 'None'
[0.943s] Level 5:colcon.colcon_core.verb:set package 'webcam' build argument 'catkin_skip_building_tests' from command line to 'False'
[0.943s] DEBUG:colcon.colcon_core.verb:Building package 'webcam' with the following arguments: {'ament_cmake_args': None, 'build_base': '/home/yahboom/Desktop/dogzillaS2/ros_ws/build/webcam', 'catkin_cmake_args': None, 'catkin_skip_building_tests': False, 'cmake_args': None, 'cmake_clean_cache': False, 'cmake_clean_first': False, 'cmake_force_configure': False, 'cmake_target': None, 'cmake_target_skip_unavailable': False, 'install_base': '/home/yahboom/Desktop/dogzillaS2/ros_ws/install/webcam', 'merge_install': False, 'path': '/home/yahboom/Desktop/dogzillaS2/ros_ws/src/webcam', 'symlink_install': False, 'test_result_base': None}
[0.943s] INFO:colcon.colcon_core.executor:Executing jobs using 'parallel' executor
[0.946s] DEBUG:colcon.colcon_parallel_executor.executor.parallel:run_until_complete
[0.947s] INFO:colcon.colcon_ros.task.ament_python.build:Building ROS package in '/home/yahboom/Desktop/dogzillaS2/ros_ws/src/webcam' with build type 'ament_python'
[0.947s] Level 1:colcon.colcon_core.shell:create_environment_hook('webcam', 'ament_prefix_path')
[0.955s] INFO:colcon.colcon_core.plugin_system:Skipping extension 'colcon_core.shell.bat': Not used on non-Windows systems
[0.956s] INFO:colcon.colcon_core.shell:Creating environment hook '/home/yahboom/Desktop/dogzillaS2/ros_ws/install/webcam/share/webcam/hook/ament_prefix_path.ps1'
[0.958s] INFO:colcon.colcon_core.shell:Creating environment descriptor '/home/yahboom/Desktop/dogzillaS2/ros_ws/install/webcam/share/webcam/hook/ament_prefix_path.dsv'
[0.960s] INFO:colcon.colcon_core.shell:Creating environment hook '/home/yahboom/Desktop/dogzillaS2/ros_ws/install/webcam/share/webcam/hook/ament_prefix_path.sh'
[0.963s] INFO:colcon.colcon_core.shell:Skip shell extension 'powershell' for command environment: Not usable outside of PowerShell
[0.963s] DEBUG:colcon.colcon_core.shell:Skip shell extension 'dsv' for command environment
[1.765s] INFO:colcon.colcon_core.task.python.build:Building Python package in '/home/yahboom/Desktop/dogzillaS2/ros_ws/src/webcam'
[1.766s] INFO:colcon.colcon_core.shell:Skip shell extension 'powershell' for command environment: Not usable outside of PowerShell
[1.766s] DEBUG:colcon.colcon_core.shell:Skip shell extension 'dsv' for command environment
[2.606s] DEBUG:colcon.colcon_core.event_handler.log_command:Invoking command in '/home/yahboom/Desktop/dogzillaS2/ros_ws/src/webcam': PYTHONPATH=/home/yahboom/Desktop/dogzillaS2/ros_ws/build/webcam/prefix_override:/home/yahboom/Desktop/dogzillaS2/ros_ws/install/webcam/lib/python3.10/site-packages:${PYTHONPATH} /usr/bin/python3 -W ignore:setup.py install is deprecated setup.py egg_info --egg-base ../../build/webcam build --build-base /home/yahboom/Desktop/dogzillaS2/ros_ws/build/webcam/build install --record /home/yahboom/Desktop/dogzillaS2/ros_ws/build/webcam/install.log --single-version-externally-managed install_data
[3.353s] DEBUG:colcon.colcon_core.event_handler.log_command:Invoked command in '/home/yahboom/Desktop/dogzillaS2/ros_ws/src/webcam' returned '0': PYTHONPATH=/home/yahboom/Desktop/dogzillaS2/ros_ws/build/webcam/prefix_override:/home/yahboom/Desktop/dogzillaS2/ros_ws/install/webcam/lib/python3.10/site-packages:${PYTHONPATH} /usr/bin/python3 -W ignore:setup.py install is deprecated setup.py egg_info --egg-base ../../build/webcam build --build-base /home/yahboom/Desktop/dogzillaS2/ros_ws/build/webcam/build install --record /home/yahboom/Desktop/dogzillaS2/ros_ws/build/webcam/install.log --single-version-externally-managed install_data
[3.361s] Level 1:colcon.colcon_core.environment:checking '/home/yahboom/Desktop/dogzillaS2/ros_ws/install/webcam' for CMake module files
[3.362s] Level 1:colcon.colcon_core.environment:checking '/home/yahboom/Desktop/dogzillaS2/ros_ws/install/webcam' for CMake config files
[3.364s] Level 1:colcon.colcon_core.environment:checking '/home/yahboom/Desktop/dogzillaS2/ros_ws/install/webcam/lib'
[3.365s] Level 1:colcon.colcon_core.environment:checking '/home/yahboom/Desktop/dogzillaS2/ros_ws/install/webcam/bin'
[3.365s] Level 1:colcon.colcon_core.environment:checking '/home/yahboom/Desktop/dogzillaS2/ros_ws/install/webcam/lib/pkgconfig/webcam.pc'
[3.365s] Level 1:colcon.colcon_core.environment:checking '/home/yahboom/Desktop/dogzillaS2/ros_ws/install/webcam/lib/python3.10/site-packages'
[3.366s] Level 1:colcon.colcon_core.shell:create_environment_hook('webcam', 'pythonpath')
[3.366s] INFO:colcon.colcon_core.shell:Creating environment hook '/home/yahboom/Desktop/dogzillaS2/ros_ws/install/webcam/share/webcam/hook/pythonpath.ps1'
[3.368s] INFO:colcon.colcon_core.shell:Creating environment descriptor '/home/yahboom/Desktop/dogzillaS2/ros_ws/install/webcam/share/webcam/hook/pythonpath.dsv'
[3.369s] INFO:colcon.colcon_core.shell:Creating environment hook '/home/yahboom/Desktop/dogzillaS2/ros_ws/install/webcam/share/webcam/hook/pythonpath.sh'
[3.371s] Level 1:colcon.colcon_core.environment:checking '/home/yahboom/Desktop/dogzillaS2/ros_ws/install/webcam/bin'
[3.371s] Level 1:colcon.colcon_core.environment:create_environment_scripts_only(webcam)
[3.372s] INFO:colcon.colcon_core.shell:Creating package script '/home/yahboom/Desktop/dogzillaS2/ros_ws/install/webcam/share/webcam/package.ps1'
[3.374s] INFO:colcon.colcon_core.shell:Creating package descriptor '/home/yahboom/Desktop/dogzillaS2/ros_ws/install/webcam/share/webcam/package.dsv'
[3.376s] INFO:colcon.colcon_core.shell:Creating package script '/home/yahboom/Desktop/dogzillaS2/ros_ws/install/webcam/share/webcam/package.sh'
[3.378s] INFO:colcon.colcon_core.shell:Creating package script '/home/yahboom/Desktop/dogzillaS2/ros_ws/install/webcam/share/webcam/package.bash'
[3.380s] INFO:colcon.colcon_core.shell:Creating package script '/home/yahboom/Desktop/dogzillaS2/ros_ws/install/webcam/share/webcam/package.zsh'
[3.382s] Level 1:colcon.colcon_core.environment:create_file_with_runtime_dependencies(/home/yahboom/Desktop/dogzillaS2/ros_ws/install/webcam/share/colcon-core/packages/webcam)
[3.383s] DEBUG:colcon.colcon_parallel_executor.executor.parallel:closing loop
[3.384s] DEBUG:colcon.colcon_parallel_executor.executor.parallel:loop closed
[3.385s] DEBUG:colcon.colcon_parallel_executor.executor.parallel:run_until_complete finished with '0'
[3.385s] DEBUG:colcon.colcon_core.event_reactor:joining thread
[3.397s] INFO:colcon.colcon_core.plugin_system:Skipping extension 'colcon_notification.desktop_notification.terminal_notifier': Not used on non-Darwin systems
[3.398s] INFO:colcon.colcon_core.plugin_system:Skipping extension 'colcon_notification.desktop_notification.win32': Not used on non-Windows systems
[3.398s] INFO:colcon.colcon_notification.desktop_notification:Sending desktop notification using 'notify2'
[3.430s] DEBUG:colcon.colcon_core.event_reactor:joined thread
[3.430s] INFO:colcon.colcon_core.shell:Creating prefix script '/home/yahboom/Desktop/dogzillaS2/ros_ws/install/local_setup.ps1'
[3.432s] INFO:colcon.colcon_core.shell:Creating prefix util module '/home/yahboom/Desktop/dogzillaS2/ros_ws/install/_local_setup_util_ps1.py'
[3.436s] INFO:colcon.colcon_core.shell:Creating prefix chain script '/home/yahboom/Desktop/dogzillaS2/ros_ws/install/setup.ps1'
[3.449s] INFO:colcon.colcon_core.shell:Creating prefix script '/home/yahboom/Desktop/dogzillaS2/ros_ws/install/local_setup.sh'
[3.451s] INFO:colcon.colcon_core.shell:Creating prefix util module '/home/yahboom/Desktop/dogzillaS2/ros_ws/install/_local_setup_util_sh.py'
[3.452s] INFO:colcon.colcon_core.shell:Creating prefix chain script '/home/yahboom/Desktop/dogzillaS2/ros_ws/install/setup.sh'
[3.462s] INFO:colcon.colcon_core.shell:Creating prefix script '/home/yahboom/Desktop/dogzillaS2/ros_ws/install/local_setup.bash'
[3.463s] INFO:colcon.colcon_core.shell:Creating prefix chain script '/home/yahboom/Desktop/dogzillaS2/ros_ws/install/setup.bash'
[3.472s] INFO:colcon.colcon_core.shell:Creating prefix script '/home/yahboom/Desktop/dogzillaS2/ros_ws/install/local_setup.zsh'
[3.473s] INFO:colcon.colcon_core.shell:Creating prefix chain script '/home/yahboom/Desktop/dogzillaS2/ros_ws/install/setup.zsh'
