[1.359s] Invoking command in '/home/yahboom/Desktop/dogzillaS2/ros_ws/src/webcam': PYTHONPATH=/home/yahboom/Desktop/dogzillaS2/ros_ws/build/webcam/prefix_override:/home/yahboom/Desktop/dogzillaS2/ros_ws/install/webcam/lib/python3.10/site-packages:${PYTHONPATH} /usr/bin/python3 -W ignore:setup.py install is deprecated setup.py egg_info --egg-base ../../build/webcam build --build-base /home/yahboom/Desktop/dogzillaS2/ros_ws/build/webcam/build install --record /home/yahboom/Desktop/dogzillaS2/ros_ws/build/webcam/install.log --single-version-externally-managed install_data
[1.756s] running egg_info
[1.757s] writing ../../build/webcam/webcam.egg-info/PKG-INFO
[1.757s] writing dependency_links to ../../build/webcam/webcam.egg-info/dependency_links.txt
[1.758s] writing entry points to ../../build/webcam/webcam.egg-info/entry_points.txt
[1.760s] writing requirements to ../../build/webcam/webcam.egg-info/requires.txt
[1.760s] writing top-level names to ../../build/webcam/webcam.egg-info/top_level.txt
[1.761s] reading manifest file '../../build/webcam/webcam.egg-info/SOURCES.txt'
[1.763s] writing manifest file '../../build/webcam/webcam.egg-info/SOURCES.txt'
[1.763s] running build
[1.763s] running build_py
[1.764s] running install
[1.764s] running install_lib
[1.769s] running install_data
[1.769s] running install_egg_info
[1.772s] removing '/home/yahboom/Desktop/dogzillaS2/ros_ws/install/webcam/lib/python3.10/site-packages/webcam-0.0.0-py3.10.egg-info' (and everything under it)
[1.772s] Copying ../../build/webcam/webcam.egg-info to /home/yahboom/Desktop/dogzillaS2/ros_ws/install/webcam/lib/python3.10/site-packages/webcam-0.0.0-py3.10.egg-info
[1.772s] running install_scripts
[1.800s] Installing pub_demo script to /home/yahboom/Desktop/dogzillaS2/ros_ws/install/webcam/lib/webcam
[1.800s] Installing sub_demo script to /home/yahboom/Desktop/dogzillaS2/ros_ws/install/webcam/lib/webcam
[1.804s] writing list of installed files to '/home/yahboom/Desktop/dogzillaS2/ros_ws/build/webcam/install.log'
[1.858s] Invoked command in '/home/yahboom/Desktop/dogzillaS2/ros_ws/src/webcam' returned '0': PYTHONPATH=/home/yahboom/Desktop/dogzillaS2/ros_ws/build/webcam/prefix_override:/home/yahboom/Desktop/dogzillaS2/ros_ws/install/webcam/lib/python3.10/site-packages:${PYTHONPATH} /usr/bin/python3 -W ignore:setup.py install is deprecated setup.py egg_info --egg-base ../../build/webcam build --build-base /home/yahboom/Desktop/dogzillaS2/ros_ws/build/webcam/build install --record /home/yahboom/Desktop/dogzillaS2/ros_ws/build/webcam/install.log --single-version-externally-managed install_data
