[  2%] Built target dog_joint_interfaces__cpp
[ 12%] Built target dog_joint_interfaces__rosidl_generator_c
[ 12%] Built target ament_cmake_python_copy_dog_joint_interfaces
[ 23%] Built target dog_joint_interfaces__rosidl_typesupport_introspection_cpp
[ 34%] Built target dog_joint_interfaces__rosidl_typesupport_fastrtps_c
[ 44%] Built target dog_joint_interfaces__rosidl_typesupport_fastrtps_cpp
[ 55%] Built target dog_joint_interfaces__rosidl_typesupport_cpp
[ 65%] Built target dog_joint_interfaces__rosidl_typesupport_introspection_c
[ 76%] Built target dog_joint_interfaces__rosidl_typesupport_c
[ 76%] Built target dog_joint_interfaces
[ 78%] Built target dog_joint_interfaces__py
[ 87%] Built target dog_joint_interfaces__rosidl_generator_py
[ 93%] Built target dog_joint_interfaces__rosidl_typesupport_c__pyext
[ 95%] Built target dog_joint_interfaces__rosidl_typesupport_fastrtps_c__pyext
[100%] Built target dog_joint_interfaces__rosidl_typesupport_introspection_c__pyext
running egg_info
writing dog_joint_interfaces.egg-info/PKG-INFO
writing dependency_links to dog_joint_interfaces.egg-info/dependency_links.txt
writing top-level names to dog_joint_interfaces.egg-info/top_level.txt
reading manifest file 'dog_joint_interfaces.egg-info/SOURCES.txt'
writing manifest file 'dog_joint_interfaces.egg-info/SOURCES.txt'
[100%] Built target ament_cmake_python_build_dog_joint_interfaces_egg
-- Install configuration: ""
-- Up-to-date: /home/yahboom/Desktop/dogzillaS2/ros_ws/install/dog_joint_interfaces/share/ament_index/resource_index/rosidl_interfaces/dog_joint_interfaces
-- Up-to-date: /home/yahboom/Desktop/dogzillaS2/ros_ws/install/dog_joint_interfaces/include/dog_joint_interfaces/dog_joint_interfaces
-- Up-to-date: /home/yahboom/Desktop/dogzillaS2/ros_ws/install/dog_joint_interfaces/include/dog_joint_interfaces/dog_joint_interfaces/srv
-- Up-to-date: /home/yahboom/Desktop/dogzillaS2/ros_ws/install/dog_joint_interfaces/include/dog_joint_interfaces/dog_joint_interfaces/srv/detail
-- Up-to-date: /home/yahboom/Desktop/dogzillaS2/ros_ws/install/dog_joint_interfaces/include/dog_joint_interfaces/dog_joint_interfaces/srv/detail/set_motor_angle__functions.h
-- Up-to-date: /home/yahboom/Desktop/dogzillaS2/ros_ws/install/dog_joint_interfaces/include/dog_joint_interfaces/dog_joint_interfaces/srv/detail/set_joint_position__functions.c
-- Up-to-date: /home/yahboom/Desktop/dogzillaS2/ros_ws/install/dog_joint_interfaces/include/dog_joint_interfaces/dog_joint_interfaces/srv/detail/set_motor_angle__type_support.h
-- Up-to-date: /home/yahboom/Desktop/dogzillaS2/ros_ws/install/dog_joint_interfaces/include/dog_joint_interfaces/dog_joint_interfaces/srv/detail/set_joint_position__type_support.h
-- Up-to-date: /home/yahboom/Desktop/dogzillaS2/ros_ws/install/dog_joint_interfaces/include/dog_joint_interfaces/dog_joint_interfaces/srv/detail/set_joint_position__struct.h
-- Up-to-date: /home/yahboom/Desktop/dogzillaS2/ros_ws/install/dog_joint_interfaces/include/dog_joint_interfaces/dog_joint_interfaces/srv/detail/set_joint_position__functions.h
-- Up-to-date: /home/yahboom/Desktop/dogzillaS2/ros_ws/install/dog_joint_interfaces/include/dog_joint_interfaces/dog_joint_interfaces/srv/detail/set_motor_angle__functions.c
-- Up-to-date: /home/yahboom/Desktop/dogzillaS2/ros_ws/install/dog_joint_interfaces/include/dog_joint_interfaces/dog_joint_interfaces/srv/detail/set_motor_angle__struct.h
-- Up-to-date: /home/yahboom/Desktop/dogzillaS2/ros_ws/install/dog_joint_interfaces/include/dog_joint_interfaces/dog_joint_interfaces/srv/set_motor_angle.h
-- Up-to-date: /home/yahboom/Desktop/dogzillaS2/ros_ws/install/dog_joint_interfaces/include/dog_joint_interfaces/dog_joint_interfaces/srv/set_joint_position.h
-- Up-to-date: /home/yahboom/Desktop/dogzillaS2/ros_ws/install/dog_joint_interfaces/include/dog_joint_interfaces/dog_joint_interfaces/msg
-- Up-to-date: /home/yahboom/Desktop/dogzillaS2/ros_ws/install/dog_joint_interfaces/include/dog_joint_interfaces/dog_joint_interfaces/msg/detail
-- Up-to-date: /home/yahboom/Desktop/dogzillaS2/ros_ws/install/dog_joint_interfaces/include/dog_joint_interfaces/dog_joint_interfaces/msg/detail/motor_angle__functions.c
-- Up-to-date: /home/yahboom/Desktop/dogzillaS2/ros_ws/install/dog_joint_interfaces/include/dog_joint_interfaces/dog_joint_interfaces/msg/detail/motor_angle__struct.h
-- Up-to-date: /home/yahboom/Desktop/dogzillaS2/ros_ws/install/dog_joint_interfaces/include/dog_joint_interfaces/dog_joint_interfaces/msg/detail/motor_angle__type_support.h
-- Up-to-date: /home/yahboom/Desktop/dogzillaS2/ros_ws/install/dog_joint_interfaces/include/dog_joint_interfaces/dog_joint_interfaces/msg/detail/motor_angle__functions.h
-- Up-to-date: /home/yahboom/Desktop/dogzillaS2/ros_ws/install/dog_joint_interfaces/include/dog_joint_interfaces/dog_joint_interfaces/msg/motor_angle.h
-- Up-to-date: /home/yahboom/Desktop/dogzillaS2/ros_ws/install/dog_joint_interfaces/include/dog_joint_interfaces/dog_joint_interfaces/msg/rosidl_generator_c__visibility_control.h
-- Up-to-date: /home/yahboom/Desktop/dogzillaS2/ros_ws/install/dog_joint_interfaces/share/dog_joint_interfaces/environment/library_path.sh
-- Up-to-date: /home/yahboom/Desktop/dogzillaS2/ros_ws/install/dog_joint_interfaces/share/dog_joint_interfaces/environment/library_path.dsv
-- Up-to-date: /home/yahboom/Desktop/dogzillaS2/ros_ws/install/dog_joint_interfaces/lib/libdog_joint_interfaces__rosidl_generator_c.so
-- Up-to-date: /home/yahboom/Desktop/dogzillaS2/ros_ws/install/dog_joint_interfaces/include/dog_joint_interfaces/dog_joint_interfaces
-- Up-to-date: /home/yahboom/Desktop/dogzillaS2/ros_ws/install/dog_joint_interfaces/include/dog_joint_interfaces/dog_joint_interfaces/srv
-- Up-to-date: /home/yahboom/Desktop/dogzillaS2/ros_ws/install/dog_joint_interfaces/include/dog_joint_interfaces/dog_joint_interfaces/srv/detail
-- Up-to-date: /home/yahboom/Desktop/dogzillaS2/ros_ws/install/dog_joint_interfaces/include/dog_joint_interfaces/dog_joint_interfaces/srv/detail/set_motor_angle__rosidl_typesupport_fastrtps_c.h
-- Up-to-date: /home/yahboom/Desktop/dogzillaS2/ros_ws/install/dog_joint_interfaces/include/dog_joint_interfaces/dog_joint_interfaces/srv/detail/set_joint_position__rosidl_typesupport_fastrtps_c.h
-- Up-to-date: /home/yahboom/Desktop/dogzillaS2/ros_ws/install/dog_joint_interfaces/include/dog_joint_interfaces/dog_joint_interfaces/msg
-- Up-to-date: /home/yahboom/Desktop/dogzillaS2/ros_ws/install/dog_joint_interfaces/include/dog_joint_interfaces/dog_joint_interfaces/msg/detail
-- Up-to-date: /home/yahboom/Desktop/dogzillaS2/ros_ws/install/dog_joint_interfaces/include/dog_joint_interfaces/dog_joint_interfaces/msg/detail/motor_angle__rosidl_typesupport_fastrtps_c.h
-- Up-to-date: /home/yahboom/Desktop/dogzillaS2/ros_ws/install/dog_joint_interfaces/include/dog_joint_interfaces/dog_joint_interfaces/msg/rosidl_typesupport_fastrtps_c__visibility_control.h
-- Up-to-date: /home/yahboom/Desktop/dogzillaS2/ros_ws/install/dog_joint_interfaces/lib/libdog_joint_interfaces__rosidl_typesupport_fastrtps_c.so
-- Up-to-date: /home/yahboom/Desktop/dogzillaS2/ros_ws/install/dog_joint_interfaces/include/dog_joint_interfaces/dog_joint_interfaces
-- Up-to-date: /home/yahboom/Desktop/dogzillaS2/ros_ws/install/dog_joint_interfaces/include/dog_joint_interfaces/dog_joint_interfaces/srv
-- Up-to-date: /home/yahboom/Desktop/dogzillaS2/ros_ws/install/dog_joint_interfaces/include/dog_joint_interfaces/dog_joint_interfaces/srv/detail
-- Up-to-date: /home/yahboom/Desktop/dogzillaS2/ros_ws/install/dog_joint_interfaces/include/dog_joint_interfaces/dog_joint_interfaces/srv/detail/set_joint_position__struct.hpp
-- Up-to-date: /home/yahboom/Desktop/dogzillaS2/ros_ws/install/dog_joint_interfaces/include/dog_joint_interfaces/dog_joint_interfaces/srv/detail/set_joint_position__builder.hpp
-- Up-to-date: /home/yahboom/Desktop/dogzillaS2/ros_ws/install/dog_joint_interfaces/include/dog_joint_interfaces/dog_joint_interfaces/srv/detail/set_joint_position__traits.hpp
-- Up-to-date: /home/yahboom/Desktop/dogzillaS2/ros_ws/install/dog_joint_interfaces/include/dog_joint_interfaces/dog_joint_interfaces/srv/detail/set_motor_angle__traits.hpp
-- Up-to-date: /home/yahboom/Desktop/dogzillaS2/ros_ws/install/dog_joint_interfaces/include/dog_joint_interfaces/dog_joint_interfaces/srv/detail/set_motor_angle__builder.hpp
-- Up-to-date: /home/yahboom/Desktop/dogzillaS2/ros_ws/install/dog_joint_interfaces/include/dog_joint_interfaces/dog_joint_interfaces/srv/detail/set_motor_angle__struct.hpp
-- Up-to-date: /home/yahboom/Desktop/dogzillaS2/ros_ws/install/dog_joint_interfaces/include/dog_joint_interfaces/dog_joint_interfaces/srv/set_joint_position.hpp
-- Up-to-date: /home/yahboom/Desktop/dogzillaS2/ros_ws/install/dog_joint_interfaces/include/dog_joint_interfaces/dog_joint_interfaces/srv/set_motor_angle.hpp
-- Up-to-date: /home/yahboom/Desktop/dogzillaS2/ros_ws/install/dog_joint_interfaces/include/dog_joint_interfaces/dog_joint_interfaces/msg
-- Up-to-date: /home/yahboom/Desktop/dogzillaS2/ros_ws/install/dog_joint_interfaces/include/dog_joint_interfaces/dog_joint_interfaces/msg/detail
-- Up-to-date: /home/yahboom/Desktop/dogzillaS2/ros_ws/install/dog_joint_interfaces/include/dog_joint_interfaces/dog_joint_interfaces/msg/detail/motor_angle__builder.hpp
-- Up-to-date: /home/yahboom/Desktop/dogzillaS2/ros_ws/install/dog_joint_interfaces/include/dog_joint_interfaces/dog_joint_interfaces/msg/detail/motor_angle__traits.hpp
-- Up-to-date: /home/yahboom/Desktop/dogzillaS2/ros_ws/install/dog_joint_interfaces/include/dog_joint_interfaces/dog_joint_interfaces/msg/detail/motor_angle__struct.hpp
-- Up-to-date: /home/yahboom/Desktop/dogzillaS2/ros_ws/install/dog_joint_interfaces/include/dog_joint_interfaces/dog_joint_interfaces/msg/motor_angle.hpp
-- Up-to-date: /home/yahboom/Desktop/dogzillaS2/ros_ws/install/dog_joint_interfaces/include/dog_joint_interfaces/dog_joint_interfaces
-- Up-to-date: /home/yahboom/Desktop/dogzillaS2/ros_ws/install/dog_joint_interfaces/include/dog_joint_interfaces/dog_joint_interfaces/srv
-- Up-to-date: /home/yahboom/Desktop/dogzillaS2/ros_ws/install/dog_joint_interfaces/include/dog_joint_interfaces/dog_joint_interfaces/srv/detail
-- Up-to-date: /home/yahboom/Desktop/dogzillaS2/ros_ws/install/dog_joint_interfaces/include/dog_joint_interfaces/dog_joint_interfaces/srv/detail/set_joint_position__rosidl_typesupport_fastrtps_cpp.hpp
-- Up-to-date: /home/yahboom/Desktop/dogzillaS2/ros_ws/install/dog_joint_interfaces/include/dog_joint_interfaces/dog_joint_interfaces/srv/detail/dds_fastrtps
-- Up-to-date: /home/yahboom/Desktop/dogzillaS2/ros_ws/install/dog_joint_interfaces/include/dog_joint_interfaces/dog_joint_interfaces/srv/detail/set_motor_angle__rosidl_typesupport_fastrtps_cpp.hpp
-- Up-to-date: /home/yahboom/Desktop/dogzillaS2/ros_ws/install/dog_joint_interfaces/include/dog_joint_interfaces/dog_joint_interfaces/msg
-- Up-to-date: /home/yahboom/Desktop/dogzillaS2/ros_ws/install/dog_joint_interfaces/include/dog_joint_interfaces/dog_joint_interfaces/msg/detail
-- Up-to-date: /home/yahboom/Desktop/dogzillaS2/ros_ws/install/dog_joint_interfaces/include/dog_joint_interfaces/dog_joint_interfaces/msg/detail/motor_angle__rosidl_typesupport_fastrtps_cpp.hpp
-- Up-to-date: /home/yahboom/Desktop/dogzillaS2/ros_ws/install/dog_joint_interfaces/include/dog_joint_interfaces/dog_joint_interfaces/msg/detail/dds_fastrtps
-- Up-to-date: /home/yahboom/Desktop/dogzillaS2/ros_ws/install/dog_joint_interfaces/include/dog_joint_interfaces/dog_joint_interfaces/msg/rosidl_typesupport_fastrtps_cpp__visibility_control.h
-- Up-to-date: /home/yahboom/Desktop/dogzillaS2/ros_ws/install/dog_joint_interfaces/lib/libdog_joint_interfaces__rosidl_typesupport_fastrtps_cpp.so
-- Up-to-date: /home/yahboom/Desktop/dogzillaS2/ros_ws/install/dog_joint_interfaces/include/dog_joint_interfaces/dog_joint_interfaces
-- Up-to-date: /home/yahboom/Desktop/dogzillaS2/ros_ws/install/dog_joint_interfaces/include/dog_joint_interfaces/dog_joint_interfaces/srv
-- Up-to-date: /home/yahboom/Desktop/dogzillaS2/ros_ws/install/dog_joint_interfaces/include/dog_joint_interfaces/dog_joint_interfaces/srv/detail
-- Up-to-date: /home/yahboom/Desktop/dogzillaS2/ros_ws/install/dog_joint_interfaces/include/dog_joint_interfaces/dog_joint_interfaces/srv/detail/set_joint_position__type_support.c
-- Up-to-date: /home/yahboom/Desktop/dogzillaS2/ros_ws/install/dog_joint_interfaces/include/dog_joint_interfaces/dog_joint_interfaces/srv/detail/set_motor_angle__type_support.c
-- Up-to-date: /home/yahboom/Desktop/dogzillaS2/ros_ws/install/dog_joint_interfaces/include/dog_joint_interfaces/dog_joint_interfaces/srv/detail/set_motor_angle__rosidl_typesupport_introspection_c.h
-- Up-to-date: /home/yahboom/Desktop/dogzillaS2/ros_ws/install/dog_joint_interfaces/include/dog_joint_interfaces/dog_joint_interfaces/srv/detail/set_joint_position__rosidl_typesupport_introspection_c.h
-- Up-to-date: /home/yahboom/Desktop/dogzillaS2/ros_ws/install/dog_joint_interfaces/include/dog_joint_interfaces/dog_joint_interfaces/msg
-- Up-to-date: /home/yahboom/Desktop/dogzillaS2/ros_ws/install/dog_joint_interfaces/include/dog_joint_interfaces/dog_joint_interfaces/msg/detail
-- Up-to-date: /home/yahboom/Desktop/dogzillaS2/ros_ws/install/dog_joint_interfaces/include/dog_joint_interfaces/dog_joint_interfaces/msg/detail/motor_angle__type_support.c
-- Up-to-date: /home/yahboom/Desktop/dogzillaS2/ros_ws/install/dog_joint_interfaces/include/dog_joint_interfaces/dog_joint_interfaces/msg/detail/motor_angle__rosidl_typesupport_introspection_c.h
-- Up-to-date: /home/yahboom/Desktop/dogzillaS2/ros_ws/install/dog_joint_interfaces/include/dog_joint_interfaces/dog_joint_interfaces/msg/rosidl_typesupport_introspection_c__visibility_control.h
-- Up-to-date: /home/yahboom/Desktop/dogzillaS2/ros_ws/install/dog_joint_interfaces/lib/libdog_joint_interfaces__rosidl_typesupport_introspection_c.so
-- Up-to-date: /home/yahboom/Desktop/dogzillaS2/ros_ws/install/dog_joint_interfaces/lib/libdog_joint_interfaces__rosidl_typesupport_c.so
-- Up-to-date: /home/yahboom/Desktop/dogzillaS2/ros_ws/install/dog_joint_interfaces/include/dog_joint_interfaces/dog_joint_interfaces
-- Up-to-date: /home/yahboom/Desktop/dogzillaS2/ros_ws/install/dog_joint_interfaces/include/dog_joint_interfaces/dog_joint_interfaces/srv
-- Up-to-date: /home/yahboom/Desktop/dogzillaS2/ros_ws/install/dog_joint_interfaces/include/dog_joint_interfaces/dog_joint_interfaces/srv/detail
-- Up-to-date: /home/yahboom/Desktop/dogzillaS2/ros_ws/install/dog_joint_interfaces/include/dog_joint_interfaces/dog_joint_interfaces/srv/detail/set_motor_angle__type_support.cpp
-- Up-to-date: /home/yahboom/Desktop/dogzillaS2/ros_ws/install/dog_joint_interfaces/include/dog_joint_interfaces/dog_joint_interfaces/srv/detail/set_joint_position__type_support.cpp
-- Up-to-date: /home/yahboom/Desktop/dogzillaS2/ros_ws/install/dog_joint_interfaces/include/dog_joint_interfaces/dog_joint_interfaces/srv/detail/set_motor_angle__rosidl_typesupport_introspection_cpp.hpp
-- Up-to-date: /home/yahboom/Desktop/dogzillaS2/ros_ws/install/dog_joint_interfaces/include/dog_joint_interfaces/dog_joint_interfaces/srv/detail/set_joint_position__rosidl_typesupport_introspection_cpp.hpp
-- Up-to-date: /home/yahboom/Desktop/dogzillaS2/ros_ws/install/dog_joint_interfaces/include/dog_joint_interfaces/dog_joint_interfaces/msg
-- Up-to-date: /home/yahboom/Desktop/dogzillaS2/ros_ws/install/dog_joint_interfaces/include/dog_joint_interfaces/dog_joint_interfaces/msg/detail
-- Up-to-date: /home/yahboom/Desktop/dogzillaS2/ros_ws/install/dog_joint_interfaces/include/dog_joint_interfaces/dog_joint_interfaces/msg/detail/motor_angle__rosidl_typesupport_introspection_cpp.hpp
-- Up-to-date: /home/yahboom/Desktop/dogzillaS2/ros_ws/install/dog_joint_interfaces/include/dog_joint_interfaces/dog_joint_interfaces/msg/detail/motor_angle__type_support.cpp
-- Up-to-date: /home/yahboom/Desktop/dogzillaS2/ros_ws/install/dog_joint_interfaces/lib/libdog_joint_interfaces__rosidl_typesupport_introspection_cpp.so
-- Up-to-date: /home/yahboom/Desktop/dogzillaS2/ros_ws/install/dog_joint_interfaces/lib/libdog_joint_interfaces__rosidl_typesupport_cpp.so
-- Up-to-date: /home/yahboom/Desktop/dogzillaS2/ros_ws/install/dog_joint_interfaces/share/dog_joint_interfaces/environment/pythonpath.sh
-- Up-to-date: /home/yahboom/Desktop/dogzillaS2/ros_ws/install/dog_joint_interfaces/share/dog_joint_interfaces/environment/pythonpath.dsv
-- Up-to-date: /home/yahboom/Desktop/dogzillaS2/ros_ws/install/dog_joint_interfaces/local/lib/python3.10/dist-packages/dog_joint_interfaces-0.0.0-py3.10.egg-info
-- Installing: /home/yahboom/Desktop/dogzillaS2/ros_ws/install/dog_joint_interfaces/local/lib/python3.10/dist-packages/dog_joint_interfaces-0.0.0-py3.10.egg-info/top_level.txt
-- Installing: /home/yahboom/Desktop/dogzillaS2/ros_ws/install/dog_joint_interfaces/local/lib/python3.10/dist-packages/dog_joint_interfaces-0.0.0-py3.10.egg-info/PKG-INFO
-- Installing: /home/yahboom/Desktop/dogzillaS2/ros_ws/install/dog_joint_interfaces/local/lib/python3.10/dist-packages/dog_joint_interfaces-0.0.0-py3.10.egg-info/dependency_links.txt
-- Installing: /home/yahboom/Desktop/dogzillaS2/ros_ws/install/dog_joint_interfaces/local/lib/python3.10/dist-packages/dog_joint_interfaces-0.0.0-py3.10.egg-info/SOURCES.txt
-- Up-to-date: /home/yahboom/Desktop/dogzillaS2/ros_ws/install/dog_joint_interfaces/local/lib/python3.10/dist-packages/dog_joint_interfaces
-- Up-to-date: /home/yahboom/Desktop/dogzillaS2/ros_ws/install/dog_joint_interfaces/local/lib/python3.10/dist-packages/dog_joint_interfaces/libdog_joint_interfaces__rosidl_generator_py.so
-- Up-to-date: /home/yahboom/Desktop/dogzillaS2/ros_ws/install/dog_joint_interfaces/local/lib/python3.10/dist-packages/dog_joint_interfaces/_dog_joint_interfaces_s.ep.rosidl_typesupport_c.c
-- Up-to-date: /home/yahboom/Desktop/dogzillaS2/ros_ws/install/dog_joint_interfaces/local/lib/python3.10/dist-packages/dog_joint_interfaces/srv
-- Up-to-date: /home/yahboom/Desktop/dogzillaS2/ros_ws/install/dog_joint_interfaces/local/lib/python3.10/dist-packages/dog_joint_interfaces/srv/_set_motor_angle_s.c
-- Up-to-date: /home/yahboom/Desktop/dogzillaS2/ros_ws/install/dog_joint_interfaces/local/lib/python3.10/dist-packages/dog_joint_interfaces/srv/__init__.py
-- Up-to-date: /home/yahboom/Desktop/dogzillaS2/ros_ws/install/dog_joint_interfaces/local/lib/python3.10/dist-packages/dog_joint_interfaces/srv/_set_motor_angle.py
-- Up-to-date: /home/yahboom/Desktop/dogzillaS2/ros_ws/install/dog_joint_interfaces/local/lib/python3.10/dist-packages/dog_joint_interfaces/srv/_set_joint_position.py
-- Up-to-date: /home/yahboom/Desktop/dogzillaS2/ros_ws/install/dog_joint_interfaces/local/lib/python3.10/dist-packages/dog_joint_interfaces/srv/_set_joint_position_s.c
-- Up-to-date: /home/yahboom/Desktop/dogzillaS2/ros_ws/install/dog_joint_interfaces/local/lib/python3.10/dist-packages/dog_joint_interfaces/dog_joint_interfaces_s__rosidl_typesupport_fastrtps_c.cpython-310-x86_64-linux-gnu.so
-- Up-to-date: /home/yahboom/Desktop/dogzillaS2/ros_ws/install/dog_joint_interfaces/local/lib/python3.10/dist-packages/dog_joint_interfaces/__init__.py
-- Up-to-date: /home/yahboom/Desktop/dogzillaS2/ros_ws/install/dog_joint_interfaces/local/lib/python3.10/dist-packages/dog_joint_interfaces/dog_joint_interfaces_s__rosidl_typesupport_c.cpython-310-x86_64-linux-gnu.so
-- Up-to-date: /home/yahboom/Desktop/dogzillaS2/ros_ws/install/dog_joint_interfaces/local/lib/python3.10/dist-packages/dog_joint_interfaces/msg
-- Up-to-date: /home/yahboom/Desktop/dogzillaS2/ros_ws/install/dog_joint_interfaces/local/lib/python3.10/dist-packages/dog_joint_interfaces/msg/__init__.py
-- Up-to-date: /home/yahboom/Desktop/dogzillaS2/ros_ws/install/dog_joint_interfaces/local/lib/python3.10/dist-packages/dog_joint_interfaces/msg/_motor_angle.py
-- Up-to-date: /home/yahboom/Desktop/dogzillaS2/ros_ws/install/dog_joint_interfaces/local/lib/python3.10/dist-packages/dog_joint_interfaces/msg/_motor_angle_s.c
-- Up-to-date: /home/yahboom/Desktop/dogzillaS2/ros_ws/install/dog_joint_interfaces/local/lib/python3.10/dist-packages/dog_joint_interfaces/_dog_joint_interfaces_s.ep.rosidl_typesupport_introspection_c.c
-- Up-to-date: /home/yahboom/Desktop/dogzillaS2/ros_ws/install/dog_joint_interfaces/local/lib/python3.10/dist-packages/dog_joint_interfaces/_dog_joint_interfaces_s.ep.rosidl_typesupport_fastrtps_c.c
-- Up-to-date: /home/yahboom/Desktop/dogzillaS2/ros_ws/install/dog_joint_interfaces/local/lib/python3.10/dist-packages/dog_joint_interfaces/dog_joint_interfaces_s__rosidl_typesupport_introspection_c.cpython-310-x86_64-linux-gnu.so
Listing '/home/yahboom/Desktop/dogzillaS2/ros_ws/install/dog_joint_interfaces/local/lib/python3.10/dist-packages/dog_joint_interfaces'...
Listing '/home/yahboom/Desktop/dogzillaS2/ros_ws/install/dog_joint_interfaces/local/lib/python3.10/dist-packages/dog_joint_interfaces/msg'...
Listing '/home/yahboom/Desktop/dogzillaS2/ros_ws/install/dog_joint_interfaces/local/lib/python3.10/dist-packages/dog_joint_interfaces/srv'...
-- Up-to-date: /home/yahboom/Desktop/dogzillaS2/ros_ws/install/dog_joint_interfaces/local/lib/python3.10/dist-packages/dog_joint_interfaces/dog_joint_interfaces_s__rosidl_typesupport_fastrtps_c.cpython-310-x86_64-linux-gnu.so
-- Up-to-date: /home/yahboom/Desktop/dogzillaS2/ros_ws/install/dog_joint_interfaces/local/lib/python3.10/dist-packages/dog_joint_interfaces/dog_joint_interfaces_s__rosidl_typesupport_introspection_c.cpython-310-x86_64-linux-gnu.so
-- Up-to-date: /home/yahboom/Desktop/dogzillaS2/ros_ws/install/dog_joint_interfaces/local/lib/python3.10/dist-packages/dog_joint_interfaces/dog_joint_interfaces_s__rosidl_typesupport_c.cpython-310-x86_64-linux-gnu.so
-- Up-to-date: /home/yahboom/Desktop/dogzillaS2/ros_ws/install/dog_joint_interfaces/lib/libdog_joint_interfaces__rosidl_generator_py.so
-- Up-to-date: /home/yahboom/Desktop/dogzillaS2/ros_ws/install/dog_joint_interfaces/share/dog_joint_interfaces/srv/SetJointPosition.idl
-- Up-to-date: /home/yahboom/Desktop/dogzillaS2/ros_ws/install/dog_joint_interfaces/share/dog_joint_interfaces/srv/SetMotorAngle.idl
-- Up-to-date: /home/yahboom/Desktop/dogzillaS2/ros_ws/install/dog_joint_interfaces/share/dog_joint_interfaces/msg/MotorAngle.idl
-- Up-to-date: /home/yahboom/Desktop/dogzillaS2/ros_ws/install/dog_joint_interfaces/share/dog_joint_interfaces/srv/SetJointPosition.srv
-- Up-to-date: /home/yahboom/Desktop/dogzillaS2/ros_ws/install/dog_joint_interfaces/share/dog_joint_interfaces/srv/SetJointPosition_Request.msg
-- Up-to-date: /home/yahboom/Desktop/dogzillaS2/ros_ws/install/dog_joint_interfaces/share/dog_joint_interfaces/srv/SetJointPosition_Response.msg
-- Up-to-date: /home/yahboom/Desktop/dogzillaS2/ros_ws/install/dog_joint_interfaces/share/dog_joint_interfaces/srv/SetMotorAngle.srv
-- Up-to-date: /home/yahboom/Desktop/dogzillaS2/ros_ws/install/dog_joint_interfaces/share/dog_joint_interfaces/srv/SetMotorAngle_Request.msg
-- Up-to-date: /home/yahboom/Desktop/dogzillaS2/ros_ws/install/dog_joint_interfaces/share/dog_joint_interfaces/srv/SetMotorAngle_Response.msg
-- Up-to-date: /home/yahboom/Desktop/dogzillaS2/ros_ws/install/dog_joint_interfaces/share/dog_joint_interfaces/msg/MotorAngle.msg
-- Up-to-date: /home/yahboom/Desktop/dogzillaS2/ros_ws/install/dog_joint_interfaces/share/ament_index/resource_index/package_run_dependencies/dog_joint_interfaces
-- Up-to-date: /home/yahboom/Desktop/dogzillaS2/ros_ws/install/dog_joint_interfaces/share/ament_index/resource_index/parent_prefix_path/dog_joint_interfaces
-- Up-to-date: /home/yahboom/Desktop/dogzillaS2/ros_ws/install/dog_joint_interfaces/share/dog_joint_interfaces/environment/ament_prefix_path.sh
-- Up-to-date: /home/yahboom/Desktop/dogzillaS2/ros_ws/install/dog_joint_interfaces/share/dog_joint_interfaces/environment/ament_prefix_path.dsv
-- Up-to-date: /home/yahboom/Desktop/dogzillaS2/ros_ws/install/dog_joint_interfaces/share/dog_joint_interfaces/environment/path.sh
-- Up-to-date: /home/yahboom/Desktop/dogzillaS2/ros_ws/install/dog_joint_interfaces/share/dog_joint_interfaces/environment/path.dsv
-- Up-to-date: /home/yahboom/Desktop/dogzillaS2/ros_ws/install/dog_joint_interfaces/share/dog_joint_interfaces/local_setup.bash
-- Up-to-date: /home/yahboom/Desktop/dogzillaS2/ros_ws/install/dog_joint_interfaces/share/dog_joint_interfaces/local_setup.sh
-- Up-to-date: /home/yahboom/Desktop/dogzillaS2/ros_ws/install/dog_joint_interfaces/share/dog_joint_interfaces/local_setup.zsh
-- Up-to-date: /home/yahboom/Desktop/dogzillaS2/ros_ws/install/dog_joint_interfaces/share/dog_joint_interfaces/local_setup.dsv
-- Installing: /home/yahboom/Desktop/dogzillaS2/ros_ws/install/dog_joint_interfaces/share/dog_joint_interfaces/package.dsv
-- Up-to-date: /home/yahboom/Desktop/dogzillaS2/ros_ws/install/dog_joint_interfaces/share/ament_index/resource_index/packages/dog_joint_interfaces
-- Up-to-date: /home/yahboom/Desktop/dogzillaS2/ros_ws/install/dog_joint_interfaces/share/dog_joint_interfaces/cmake/export_dog_joint_interfaces__rosidl_generator_cExport.cmake
-- Up-to-date: /home/yahboom/Desktop/dogzillaS2/ros_ws/install/dog_joint_interfaces/share/dog_joint_interfaces/cmake/export_dog_joint_interfaces__rosidl_generator_cExport-noconfig.cmake
-- Up-to-date: /home/yahboom/Desktop/dogzillaS2/ros_ws/install/dog_joint_interfaces/share/dog_joint_interfaces/cmake/export_dog_joint_interfaces__rosidl_typesupport_fastrtps_cExport.cmake
-- Up-to-date: /home/yahboom/Desktop/dogzillaS2/ros_ws/install/dog_joint_interfaces/share/dog_joint_interfaces/cmake/export_dog_joint_interfaces__rosidl_typesupport_fastrtps_cExport-noconfig.cmake
-- Up-to-date: /home/yahboom/Desktop/dogzillaS2/ros_ws/install/dog_joint_interfaces/share/dog_joint_interfaces/cmake/export_dog_joint_interfaces__rosidl_generator_cppExport.cmake
-- Up-to-date: /home/yahboom/Desktop/dogzillaS2/ros_ws/install/dog_joint_interfaces/share/dog_joint_interfaces/cmake/export_dog_joint_interfaces__rosidl_typesupport_fastrtps_cppExport.cmake
-- Up-to-date: /home/yahboom/Desktop/dogzillaS2/ros_ws/install/dog_joint_interfaces/share/dog_joint_interfaces/cmake/export_dog_joint_interfaces__rosidl_typesupport_fastrtps_cppExport-noconfig.cmake
-- Up-to-date: /home/yahboom/Desktop/dogzillaS2/ros_ws/install/dog_joint_interfaces/share/dog_joint_interfaces/cmake/dog_joint_interfaces__rosidl_typesupport_introspection_cExport.cmake
-- Up-to-date: /home/yahboom/Desktop/dogzillaS2/ros_ws/install/dog_joint_interfaces/share/dog_joint_interfaces/cmake/dog_joint_interfaces__rosidl_typesupport_introspection_cExport-noconfig.cmake
-- Up-to-date: /home/yahboom/Desktop/dogzillaS2/ros_ws/install/dog_joint_interfaces/share/dog_joint_interfaces/cmake/dog_joint_interfaces__rosidl_typesupport_cExport.cmake
-- Up-to-date: /home/yahboom/Desktop/dogzillaS2/ros_ws/install/dog_joint_interfaces/share/dog_joint_interfaces/cmake/dog_joint_interfaces__rosidl_typesupport_cExport-noconfig.cmake
-- Up-to-date: /home/yahboom/Desktop/dogzillaS2/ros_ws/install/dog_joint_interfaces/share/dog_joint_interfaces/cmake/dog_joint_interfaces__rosidl_typesupport_introspection_cppExport.cmake
-- Up-to-date: /home/yahboom/Desktop/dogzillaS2/ros_ws/install/dog_joint_interfaces/share/dog_joint_interfaces/cmake/dog_joint_interfaces__rosidl_typesupport_introspection_cppExport-noconfig.cmake
-- Up-to-date: /home/yahboom/Desktop/dogzillaS2/ros_ws/install/dog_joint_interfaces/share/dog_joint_interfaces/cmake/dog_joint_interfaces__rosidl_typesupport_cppExport.cmake
-- Up-to-date: /home/yahboom/Desktop/dogzillaS2/ros_ws/install/dog_joint_interfaces/share/dog_joint_interfaces/cmake/dog_joint_interfaces__rosidl_typesupport_cppExport-noconfig.cmake
-- Up-to-date: /home/yahboom/Desktop/dogzillaS2/ros_ws/install/dog_joint_interfaces/share/dog_joint_interfaces/cmake/export_dog_joint_interfaces__rosidl_generator_pyExport.cmake
-- Up-to-date: /home/yahboom/Desktop/dogzillaS2/ros_ws/install/dog_joint_interfaces/share/dog_joint_interfaces/cmake/export_dog_joint_interfaces__rosidl_generator_pyExport-noconfig.cmake
-- Up-to-date: /home/yahboom/Desktop/dogzillaS2/ros_ws/install/dog_joint_interfaces/share/dog_joint_interfaces/cmake/rosidl_cmake-extras.cmake
-- Up-to-date: /home/yahboom/Desktop/dogzillaS2/ros_ws/install/dog_joint_interfaces/share/dog_joint_interfaces/cmake/ament_cmake_export_dependencies-extras.cmake
-- Up-to-date: /home/yahboom/Desktop/dogzillaS2/ros_ws/install/dog_joint_interfaces/share/dog_joint_interfaces/cmake/ament_cmake_export_include_directories-extras.cmake
-- Up-to-date: /home/yahboom/Desktop/dogzillaS2/ros_ws/install/dog_joint_interfaces/share/dog_joint_interfaces/cmake/ament_cmake_export_libraries-extras.cmake
-- Up-to-date: /home/yahboom/Desktop/dogzillaS2/ros_ws/install/dog_joint_interfaces/share/dog_joint_interfaces/cmake/ament_cmake_export_targets-extras.cmake
-- Up-to-date: /home/yahboom/Desktop/dogzillaS2/ros_ws/install/dog_joint_interfaces/share/dog_joint_interfaces/cmake/rosidl_cmake_export_typesupport_targets-extras.cmake
-- Up-to-date: /home/yahboom/Desktop/dogzillaS2/ros_ws/install/dog_joint_interfaces/share/dog_joint_interfaces/cmake/rosidl_cmake_export_typesupport_libraries-extras.cmake
-- Up-to-date: /home/yahboom/Desktop/dogzillaS2/ros_ws/install/dog_joint_interfaces/share/dog_joint_interfaces/cmake/dog_joint_interfacesConfig.cmake
-- Up-to-date: /home/yahboom/Desktop/dogzillaS2/ros_ws/install/dog_joint_interfaces/share/dog_joint_interfaces/cmake/dog_joint_interfacesConfig-version.cmake
-- Up-to-date: /home/yahboom/Desktop/dogzillaS2/ros_ws/install/dog_joint_interfaces/share/dog_joint_interfaces/package.xml
