[1.657s] Invoking command in '/home/yahboom/Desktop/dogzillaS2/ros_ws/src/webcam': PYTHONPATH=/home/yahboom/Desktop/dogzillaS2/ros_ws/build/webcam/prefix_override:/home/yahboom/Desktop/dogzillaS2/ros_ws/install/webcam/lib/python3.10/site-packages:${PYTHONPATH} /usr/bin/python3 -W ignore:setup.py install is deprecated setup.py egg_info --egg-base ../../build/webcam build --build-base /home/yahboom/Desktop/dogzillaS2/ros_ws/build/webcam/build install --record /home/yahboom/Desktop/dogzillaS2/ros_ws/build/webcam/install.log --single-version-externally-managed install_data
[2.288s] running egg_info
[2.289s] writing ../../build/webcam/webcam.egg-info/PKG-INFO
[2.290s] writing dependency_links to ../../build/webcam/webcam.egg-info/dependency_links.txt
[2.291s] writing entry points to ../../build/webcam/webcam.egg-info/entry_points.txt
[2.292s] writing requirements to ../../build/webcam/webcam.egg-info/requires.txt
[2.292s] writing top-level names to ../../build/webcam/webcam.egg-info/top_level.txt
[2.295s] reading manifest file '../../build/webcam/webcam.egg-info/SOURCES.txt'
[2.298s] writing manifest file '../../build/webcam/webcam.egg-info/SOURCES.txt'
[2.299s] running build
[2.299s] running build_py
[2.300s] copying webcam/sub_demo.py -> /home/yahboom/Desktop/dogzillaS2/ros_ws/build/webcam/build/lib/webcam
[2.301s] running install
[2.301s] running install_lib
[2.303s] copying /home/yahboom/Desktop/dogzillaS2/ros_ws/build/webcam/build/lib/webcam/sub_demo.py -> /home/yahboom/Desktop/dogzillaS2/ros_ws/install/webcam/lib/python3.10/site-packages/webcam
[2.304s] byte-compiling /home/yahboom/Desktop/dogzillaS2/ros_ws/install/webcam/lib/python3.10/site-packages/webcam/sub_demo.py to sub_demo.cpython-310.pyc
[2.305s] running install_data
[2.305s] running install_egg_info
[2.309s] removing '/home/yahboom/Desktop/dogzillaS2/ros_ws/install/webcam/lib/python3.10/site-packages/webcam-0.0.0-py3.10.egg-info' (and everything under it)
[2.309s] Copying ../../build/webcam/webcam.egg-info to /home/yahboom/Desktop/dogzillaS2/ros_ws/install/webcam/lib/python3.10/site-packages/webcam-0.0.0-py3.10.egg-info
[2.311s] running install_scripts
[2.347s] Installing pub_demo script to /home/yahboom/Desktop/dogzillaS2/ros_ws/install/webcam/lib/webcam
[2.347s] Installing sub_demo script to /home/yahboom/Desktop/dogzillaS2/ros_ws/install/webcam/lib/webcam
[2.348s] writing list of installed files to '/home/yahboom/Desktop/dogzillaS2/ros_ws/build/webcam/install.log'
[2.404s] Invoked command in '/home/yahboom/Desktop/dogzillaS2/ros_ws/src/webcam' returned '0': PYTHONPATH=/home/yahboom/Desktop/dogzillaS2/ros_ws/build/webcam/prefix_override:/home/yahboom/Desktop/dogzillaS2/ros_ws/install/webcam/lib/python3.10/site-packages:${PYTHONPATH} /usr/bin/python3 -W ignore:setup.py install is deprecated setup.py egg_info --egg-base ../../build/webcam build --build-base /home/yahboom/Desktop/dogzillaS2/ros_ws/build/webcam/build install --record /home/yahboom/Desktop/dogzillaS2/ros_ws/build/webcam/install.log --single-version-externally-managed install_data
