running egg_info
creating ../../build/dogzilla_joints/dogzilla_joints.egg-info
writing ../../build/dogzilla_joints/dogzilla_joints.egg-info/PKG-INFO
writing dependency_links to ../../build/dogzilla_joints/dogzilla_joints.egg-info/dependency_links.txt
writing entry points to ../../build/dogzilla_joints/dogzilla_joints.egg-info/entry_points.txt
writing requirements to ../../build/dogzilla_joints/dogzilla_joints.egg-info/requires.txt
writing top-level names to ../../build/dogzilla_joints/dogzilla_joints.egg-info/top_level.txt
writing manifest file '../../build/dogzilla_joints/dogzilla_joints.egg-info/SOURCES.txt'
reading manifest file '../../build/dogzilla_joints/dogzilla_joints.egg-info/SOURCES.txt'
writing manifest file '../../build/dogzilla_joints/dogzilla_joints.egg-info/SOURCES.txt'
running build
running build_py
creating /home/yahboom/Desktop/dogzillaS2/ros_ws/build/dogzilla_joints/build
creating /home/yahboom/Desktop/dogzillaS2/ros_ws/build/dogzilla_joints/build/lib
creating /home/yahboom/Desktop/dogzillaS2/ros_ws/build/dogzilla_joints/build/lib/dogzilla_joints
copying dogzilla_joints/joints_sub.py -> /home/yahboom/Desktop/dogzillaS2/ros_ws/build/dogzilla_joints/build/lib/dogzilla_joints
copying dogzilla_joints/__init__.py -> /home/yahboom/Desktop/dogzillaS2/ros_ws/build/dogzilla_joints/build/lib/dogzilla_joints
running install
running install_lib
creating /home/yahboom/Desktop/dogzillaS2/ros_ws/install/dogzilla_joints/lib/python3.10/site-packages/dogzilla_joints
copying /home/yahboom/Desktop/dogzillaS2/ros_ws/build/dogzilla_joints/build/lib/dogzilla_joints/joints_sub.py -> /home/yahboom/Desktop/dogzillaS2/ros_ws/install/dogzilla_joints/lib/python3.10/site-packages/dogzilla_joints
copying /home/yahboom/Desktop/dogzillaS2/ros_ws/build/dogzilla_joints/build/lib/dogzilla_joints/__init__.py -> /home/yahboom/Desktop/dogzillaS2/ros_ws/install/dogzilla_joints/lib/python3.10/site-packages/dogzilla_joints
byte-compiling /home/yahboom/Desktop/dogzillaS2/ros_ws/install/dogzilla_joints/lib/python3.10/site-packages/dogzilla_joints/joints_sub.py to joints_sub.cpython-310.pyc
byte-compiling /home/yahboom/Desktop/dogzillaS2/ros_ws/install/dogzilla_joints/lib/python3.10/site-packages/dogzilla_joints/__init__.py to __init__.cpython-310.pyc
running install_data
creating /home/yahboom/Desktop/dogzillaS2/ros_ws/install/dogzilla_joints/share/ament_index
creating /home/yahboom/Desktop/dogzillaS2/ros_ws/install/dogzilla_joints/share/ament_index/resource_index
creating /home/yahboom/Desktop/dogzillaS2/ros_ws/install/dogzilla_joints/share/ament_index/resource_index/packages
copying resource/dogzilla_joints -> /home/yahboom/Desktop/dogzillaS2/ros_ws/install/dogzilla_joints/share/ament_index/resource_index/packages
copying package.xml -> /home/yahboom/Desktop/dogzillaS2/ros_ws/install/dogzilla_joints/share/dogzilla_joints
running install_egg_info
Copying ../../build/dogzilla_joints/dogzilla_joints.egg-info to /home/yahboom/Desktop/dogzillaS2/ros_ws/install/dogzilla_joints/lib/python3.10/site-packages/dogzilla_joints-0.0.0-py3.10.egg-info
running install_scripts
Installing joints_sub script to /home/yahboom/Desktop/dogzillaS2/ros_ws/install/dogzilla_joints/lib/dogzilla_joints
writing list of installed files to '/home/yahboom/Desktop/dogzillaS2/ros_ws/build/dogzilla_joints/install.log'
