[0.117s] DEBUG:colcon:Command line arguments: ['/usr/bin/colcon', 'build']
[0.117s] DEBUG:colcon:Parsed command line arguments: Namespace(log_base=None, log_level=None, verb_name='build', build_base='build', install_base='install', merge_install=False, symlink_install=False, test_result_base=None, continue_on_error=False, executor='parallel', parallel_workers=4, event_handlers=None, ignore_user_meta=False, metas=['./colcon.meta'], base_paths=['.'], packages_ignore=None, packages_ignore_regex=None, paths=None, packages_up_to=None, packages_up_to_regex=None, packages_above=None, packages_above_and_dependencies=None, packages_above_depth=None, packages_select_by_dep=None, packages_skip_by_dep=None, packages_skip_up_to=None, packages_select_build_failed=False, packages_skip_build_finished=False, packages_select_test_failures=False, packages_skip_test_passed=False, packages_select=None, packages_skip=None, packages_select_regex=None, packages_skip_regex=None, packages_start=None, packages_end=None, allow_overriding=[], cmake_args=None, cmake_target=None, cmake_target_skip_unavailable=False, cmake_clean_cache=False, cmake_clean_first=False, cmake_force_configure=False, ament_cmake_args=None, catkin_cmake_args=None, catkin_skip_building_tests=False, verb_parser=<colcon_defaults.argument_parser.defaults.DefaultArgumentsDecorator object at 0x7bace6b49840>, verb_extension=<colcon_core.verb.build.BuildVerb object at 0x7bace6b49330>, main=<bound method BuildVerb.main of <colcon_core.verb.build.BuildVerb object at 0x7bace6b49330>>)
[0.313s] Level 1:colcon.colcon_core.package_discovery:discover_packages(colcon_meta) check parameters
[0.313s] Level 1:colcon.colcon_core.package_discovery:discover_packages(recursive) check parameters
[0.313s] Level 1:colcon.colcon_core.package_discovery:discover_packages(ignore) check parameters
[0.313s] Level 1:colcon.colcon_core.package_discovery:discover_packages(path) check parameters
[0.313s] Level 1:colcon.colcon_core.package_discovery:discover_packages(colcon_meta) discover
[0.313s] Level 1:colcon.colcon_core.package_discovery:discover_packages(recursive) discover
[0.313s] INFO:colcon.colcon_core.package_discovery:Crawling recursively for packages in '/home/yahboom/Desktop/dogzillaS2/ros_ws'
[0.313s] Level 1:colcon.colcon_core.package_identification:_identify(.) by extensions ['ignore', 'ignore_ament_install']
[0.314s] Level 1:colcon.colcon_core.package_identification:_identify(.) by extension 'ignore'
[0.314s] Level 1:colcon.colcon_core.package_identification:_identify(.) by extension 'ignore_ament_install'
[0.314s] Level 1:colcon.colcon_core.package_identification:_identify(.) by extensions ['colcon_pkg']
[0.314s] Level 1:colcon.colcon_core.package_identification:_identify(.) by extension 'colcon_pkg'
[0.314s] Level 1:colcon.colcon_core.package_identification:_identify(.) by extensions ['colcon_meta']
[0.314s] Level 1:colcon.colcon_core.package_identification:_identify(.) by extension 'colcon_meta'
[0.314s] Level 1:colcon.colcon_core.package_identification:_identify(.) by extensions ['ros']
[0.314s] Level 1:colcon.colcon_core.package_identification:_identify(.) by extension 'ros'
[0.324s] Level 1:colcon.colcon_core.package_identification:_identify(.) by extensions ['cmake', 'python']
[0.324s] Level 1:colcon.colcon_core.package_identification:_identify(.) by extension 'cmake'
[0.324s] Level 1:colcon.colcon_core.package_identification:_identify(.) by extension 'python'
[0.324s] Level 1:colcon.colcon_core.package_identification:_identify(.) by extensions ['python_setup_py']
[0.324s] Level 1:colcon.colcon_core.package_identification:_identify(.) by extension 'python_setup_py'
[0.324s] Level 1:colcon.colcon_core.package_identification:_identify(build) by extensions ['ignore', 'ignore_ament_install']
[0.325s] Level 1:colcon.colcon_core.package_identification:_identify(build) by extension 'ignore'
[0.325s] Level 1:colcon.colcon_core.package_identification:_identify(build) ignored
[0.325s] Level 1:colcon.colcon_core.package_identification:_identify(install) by extensions ['ignore', 'ignore_ament_install']
[0.325s] Level 1:colcon.colcon_core.package_identification:_identify(install) by extension 'ignore'
[0.325s] Level 1:colcon.colcon_core.package_identification:_identify(install) ignored
[0.325s] Level 1:colcon.colcon_core.package_identification:_identify(log) by extensions ['ignore', 'ignore_ament_install']
[0.325s] Level 1:colcon.colcon_core.package_identification:_identify(log) by extension 'ignore'
[0.325s] Level 1:colcon.colcon_core.package_identification:_identify(log) ignored
[0.325s] Level 1:colcon.colcon_core.package_identification:_identify(src) by extensions ['ignore', 'ignore_ament_install']
[0.325s] Level 1:colcon.colcon_core.package_identification:_identify(src) by extension 'ignore'
[0.325s] Level 1:colcon.colcon_core.package_identification:_identify(src) by extension 'ignore_ament_install'
[0.325s] Level 1:colcon.colcon_core.package_identification:_identify(src) by extensions ['colcon_pkg']
[0.325s] Level 1:colcon.colcon_core.package_identification:_identify(src) by extension 'colcon_pkg'
[0.325s] Level 1:colcon.colcon_core.package_identification:_identify(src) by extensions ['colcon_meta']
[0.325s] Level 1:colcon.colcon_core.package_identification:_identify(src) by extension 'colcon_meta'
[0.325s] Level 1:colcon.colcon_core.package_identification:_identify(src) by extensions ['ros']
[0.325s] Level 1:colcon.colcon_core.package_identification:_identify(src) by extension 'ros'
[0.326s] Level 1:colcon.colcon_core.package_identification:_identify(src) by extensions ['cmake', 'python']
[0.326s] Level 1:colcon.colcon_core.package_identification:_identify(src) by extension 'cmake'
[0.326s] Level 1:colcon.colcon_core.package_identification:_identify(src) by extension 'python'
[0.326s] Level 1:colcon.colcon_core.package_identification:_identify(src) by extensions ['python_setup_py']
[0.326s] Level 1:colcon.colcon_core.package_identification:_identify(src) by extension 'python_setup_py'
[0.326s] Level 1:colcon.colcon_core.package_identification:_identify(src/dogzilla_joints) by extensions ['ignore', 'ignore_ament_install']
[0.326s] Level 1:colcon.colcon_core.package_identification:_identify(src/dogzilla_joints) by extension 'ignore'
[0.326s] Level 1:colcon.colcon_core.package_identification:_identify(src/dogzilla_joints) by extension 'ignore_ament_install'
[0.326s] Level 1:colcon.colcon_core.package_identification:_identify(src/dogzilla_joints) by extensions ['colcon_pkg']
[0.326s] Level 1:colcon.colcon_core.package_identification:_identify(src/dogzilla_joints) by extension 'colcon_pkg'
[0.326s] Level 1:colcon.colcon_core.package_identification:_identify(src/dogzilla_joints) by extensions ['colcon_meta']
[0.326s] Level 1:colcon.colcon_core.package_identification:_identify(src/dogzilla_joints) by extension 'colcon_meta'
[0.326s] Level 1:colcon.colcon_core.package_identification:_identify(src/dogzilla_joints) by extensions ['ros']
[0.326s] Level 1:colcon.colcon_core.package_identification:_identify(src/dogzilla_joints) by extension 'ros'
[0.328s] DEBUG:colcon.colcon_core.package_identification:Package 'src/dogzilla_joints' with type 'ros.ament_python' and name 'dogzilla_joints'
[0.328s] Level 1:colcon.colcon_core.package_identification:_identify(src/webcam) by extensions ['ignore', 'ignore_ament_install']
[0.328s] Level 1:colcon.colcon_core.package_identification:_identify(src/webcam) by extension 'ignore'
[0.328s] Level 1:colcon.colcon_core.package_identification:_identify(src/webcam) by extension 'ignore_ament_install'
[0.329s] Level 1:colcon.colcon_core.package_identification:_identify(src/webcam) by extensions ['colcon_pkg']
[0.329s] Level 1:colcon.colcon_core.package_identification:_identify(src/webcam) by extension 'colcon_pkg'
[0.329s] Level 1:colcon.colcon_core.package_identification:_identify(src/webcam) by extensions ['colcon_meta']
[0.329s] Level 1:colcon.colcon_core.package_identification:_identify(src/webcam) by extension 'colcon_meta'
[0.329s] Level 1:colcon.colcon_core.package_identification:_identify(src/webcam) by extensions ['ros']
[0.329s] Level 1:colcon.colcon_core.package_identification:_identify(src/webcam) by extension 'ros'
[0.329s] DEBUG:colcon.colcon_core.package_identification:Package 'src/webcam' with type 'ros.ament_python' and name 'webcam'
[0.329s] Level 1:colcon.colcon_core.package_discovery:discover_packages(recursive) using defaults
[0.329s] Level 1:colcon.colcon_core.package_discovery:discover_packages(ignore) discover
[0.329s] Level 1:colcon.colcon_core.package_discovery:discover_packages(ignore) using defaults
[0.329s] Level 1:colcon.colcon_core.package_discovery:discover_packages(path) discover
[0.329s] Level 1:colcon.colcon_core.package_discovery:discover_packages(path) using defaults
[0.365s] Level 1:colcon.colcon_core.package_discovery:discover_packages(prefix_path) check parameters
[0.365s] Level 1:colcon.colcon_core.package_discovery:discover_packages(prefix_path) discover
[0.371s] DEBUG:colcon.colcon_installed_package_information.package_discovery:Found 2 installed packages in /home/yahboom/Desktop/dogzillaS2/ros_ws/install
[0.372s] DEBUG:colcon.colcon_installed_package_information.package_discovery:Found 19 installed packages in /home/yahboom/yahboomcar_ws/install
[0.372s] DEBUG:colcon.colcon_installed_package_information.package_discovery:Found 2 installed packages in /home/yahboom/gmapping_ws/install
[0.374s] DEBUG:colcon.colcon_installed_package_information.package_discovery:Found 76 installed packages in /home/yahboom/cartoros2/install
[0.377s] DEBUG:colcon.colcon_installed_package_information.package_discovery:Found 346 installed packages in /opt/ros/humble
[0.380s] Level 1:colcon.colcon_core.package_discovery:discover_packages(prefix_path) using defaults
[0.427s] Level 5:colcon.colcon_core.verb:set package 'dogzilla_joints' build argument 'cmake_args' from command line to 'None'
[0.428s] Level 5:colcon.colcon_core.verb:set package 'dogzilla_joints' build argument 'cmake_target' from command line to 'None'
[0.428s] Level 5:colcon.colcon_core.verb:set package 'dogzilla_joints' build argument 'cmake_target_skip_unavailable' from command line to 'False'
[0.428s] Level 5:colcon.colcon_core.verb:set package 'dogzilla_joints' build argument 'cmake_clean_cache' from command line to 'False'
[0.428s] Level 5:colcon.colcon_core.verb:set package 'dogzilla_joints' build argument 'cmake_clean_first' from command line to 'False'
[0.428s] Level 5:colcon.colcon_core.verb:set package 'dogzilla_joints' build argument 'cmake_force_configure' from command line to 'False'
[0.428s] Level 5:colcon.colcon_core.verb:set package 'dogzilla_joints' build argument 'ament_cmake_args' from command line to 'None'
[0.428s] Level 5:colcon.colcon_core.verb:set package 'dogzilla_joints' build argument 'catkin_cmake_args' from command line to 'None'
[0.428s] Level 5:colcon.colcon_core.verb:set package 'dogzilla_joints' build argument 'catkin_skip_building_tests' from command line to 'False'
[0.428s] DEBUG:colcon.colcon_core.verb:Building package 'dogzilla_joints' with the following arguments: {'ament_cmake_args': None, 'build_base': '/home/yahboom/Desktop/dogzillaS2/ros_ws/build/dogzilla_joints', 'catkin_cmake_args': None, 'catkin_skip_building_tests': False, 'cmake_args': None, 'cmake_clean_cache': False, 'cmake_clean_first': False, 'cmake_force_configure': False, 'cmake_target': None, 'cmake_target_skip_unavailable': False, 'install_base': '/home/yahboom/Desktop/dogzillaS2/ros_ws/install/dogzilla_joints', 'merge_install': False, 'path': '/home/yahboom/Desktop/dogzillaS2/ros_ws/src/dogzilla_joints', 'symlink_install': False, 'test_result_base': None}
[0.428s] Level 5:colcon.colcon_core.verb:set package 'webcam' build argument 'cmake_args' from command line to 'None'
[0.428s] Level 5:colcon.colcon_core.verb:set package 'webcam' build argument 'cmake_target' from command line to 'None'
[0.428s] Level 5:colcon.colcon_core.verb:set package 'webcam' build argument 'cmake_target_skip_unavailable' from command line to 'False'
[0.428s] Level 5:colcon.colcon_core.verb:set package 'webcam' build argument 'cmake_clean_cache' from command line to 'False'
[0.428s] Level 5:colcon.colcon_core.verb:set package 'webcam' build argument 'cmake_clean_first' from command line to 'False'
[0.428s] Level 5:colcon.colcon_core.verb:set package 'webcam' build argument 'cmake_force_configure' from command line to 'False'
[0.428s] Level 5:colcon.colcon_core.verb:set package 'webcam' build argument 'ament_cmake_args' from command line to 'None'
[0.428s] Level 5:colcon.colcon_core.verb:set package 'webcam' build argument 'catkin_cmake_args' from command line to 'None'
[0.428s] Level 5:colcon.colcon_core.verb:set package 'webcam' build argument 'catkin_skip_building_tests' from command line to 'False'
[0.428s] DEBUG:colcon.colcon_core.verb:Building package 'webcam' with the following arguments: {'ament_cmake_args': None, 'build_base': '/home/yahboom/Desktop/dogzillaS2/ros_ws/build/webcam', 'catkin_cmake_args': None, 'catkin_skip_building_tests': False, 'cmake_args': None, 'cmake_clean_cache': False, 'cmake_clean_first': False, 'cmake_force_configure': False, 'cmake_target': None, 'cmake_target_skip_unavailable': False, 'install_base': '/home/yahboom/Desktop/dogzillaS2/ros_ws/install/webcam', 'merge_install': False, 'path': '/home/yahboom/Desktop/dogzillaS2/ros_ws/src/webcam', 'symlink_install': False, 'test_result_base': None}
[0.428s] INFO:colcon.colcon_core.executor:Executing jobs using 'parallel' executor
[0.430s] DEBUG:colcon.colcon_parallel_executor.executor.parallel:run_until_complete
[0.430s] INFO:colcon.colcon_ros.task.ament_python.build:Building ROS package in '/home/yahboom/Desktop/dogzillaS2/ros_ws/src/dogzilla_joints' with build type 'ament_python'
[0.430s] Level 1:colcon.colcon_core.shell:create_environment_hook('dogzilla_joints', 'ament_prefix_path')
[0.433s] INFO:colcon.colcon_core.plugin_system:Skipping extension 'colcon_core.shell.bat': Not used on non-Windows systems
[0.433s] INFO:colcon.colcon_core.shell:Creating environment hook '/home/yahboom/Desktop/dogzillaS2/ros_ws/install/dogzilla_joints/share/dogzilla_joints/hook/ament_prefix_path.ps1'
[0.434s] INFO:colcon.colcon_core.shell:Creating environment descriptor '/home/yahboom/Desktop/dogzillaS2/ros_ws/install/dogzilla_joints/share/dogzilla_joints/hook/ament_prefix_path.dsv'
[0.435s] INFO:colcon.colcon_core.shell:Creating environment hook '/home/yahboom/Desktop/dogzillaS2/ros_ws/install/dogzilla_joints/share/dogzilla_joints/hook/ament_prefix_path.sh'
[0.436s] INFO:colcon.colcon_core.shell:Skip shell extension 'powershell' for command environment: Not usable outside of PowerShell
[0.436s] DEBUG:colcon.colcon_core.shell:Skip shell extension 'dsv' for command environment
[0.447s] INFO:colcon.colcon_ros.task.ament_python.build:Building ROS package in '/home/yahboom/Desktop/dogzillaS2/ros_ws/src/webcam' with build type 'ament_python'
[0.447s] Level 1:colcon.colcon_core.shell:create_environment_hook('webcam', 'ament_prefix_path')
[0.447s] INFO:colcon.colcon_core.shell:Creating environment hook '/home/yahboom/Desktop/dogzillaS2/ros_ws/install/webcam/share/webcam/hook/ament_prefix_path.ps1'
[0.448s] INFO:colcon.colcon_core.shell:Creating environment descriptor '/home/yahboom/Desktop/dogzillaS2/ros_ws/install/webcam/share/webcam/hook/ament_prefix_path.dsv'
[0.449s] INFO:colcon.colcon_core.shell:Creating environment hook '/home/yahboom/Desktop/dogzillaS2/ros_ws/install/webcam/share/webcam/hook/ament_prefix_path.sh'
[0.450s] INFO:colcon.colcon_core.shell:Skip shell extension 'powershell' for command environment: Not usable outside of PowerShell
[0.450s] DEBUG:colcon.colcon_core.shell:Skip shell extension 'dsv' for command environment
[0.782s] INFO:colcon.colcon_core.task.python.build:Building Python package in '/home/yahboom/Desktop/dogzillaS2/ros_ws/src/dogzilla_joints'
[0.783s] INFO:colcon.colcon_core.shell:Skip shell extension 'powershell' for command environment: Not usable outside of PowerShell
[0.783s] DEBUG:colcon.colcon_core.shell:Skip shell extension 'dsv' for command environment
[1.107s] INFO:colcon.colcon_core.task.python.build:Building Python package in '/home/yahboom/Desktop/dogzillaS2/ros_ws/src/webcam'
[1.107s] INFO:colcon.colcon_core.shell:Skip shell extension 'powershell' for command environment: Not usable outside of PowerShell
[1.107s] DEBUG:colcon.colcon_core.shell:Skip shell extension 'dsv' for command environment
[1.530s] DEBUG:colcon.colcon_core.event_handler.log_command:Invoking command in '/home/yahboom/Desktop/dogzillaS2/ros_ws/src/dogzilla_joints': PYTHONPATH=/home/yahboom/Desktop/dogzillaS2/ros_ws/build/dogzilla_joints/prefix_override:/home/yahboom/Desktop/dogzillaS2/ros_ws/install/dogzilla_joints/lib/python3.10/site-packages:${PYTHONPATH} /usr/bin/python3 -W ignore:setup.py install is deprecated setup.py egg_info --egg-base ../../build/dogzilla_joints build --build-base /home/yahboom/Desktop/dogzillaS2/ros_ws/build/dogzilla_joints/build install --record /home/yahboom/Desktop/dogzillaS2/ros_ws/build/dogzilla_joints/install.log --single-version-externally-managed install_data
[1.542s] DEBUG:colcon.colcon_core.event_handler.log_command:Invoking command in '/home/yahboom/Desktop/dogzillaS2/ros_ws/src/webcam': PYTHONPATH=/home/yahboom/Desktop/dogzillaS2/ros_ws/build/webcam/prefix_override:/home/yahboom/Desktop/dogzillaS2/ros_ws/install/webcam/lib/python3.10/site-packages:${PYTHONPATH} /usr/bin/python3 -W ignore:setup.py install is deprecated setup.py egg_info --egg-base ../../build/webcam build --build-base /home/yahboom/Desktop/dogzillaS2/ros_ws/build/webcam/build install --record /home/yahboom/Desktop/dogzillaS2/ros_ws/build/webcam/install.log --single-version-externally-managed install_data
[1.890s] DEBUG:colcon.colcon_core.event_handler.log_command:Invoked command in '/home/yahboom/Desktop/dogzillaS2/ros_ws/src/dogzilla_joints' returned '0': PYTHONPATH=/home/yahboom/Desktop/dogzillaS2/ros_ws/build/dogzilla_joints/prefix_override:/home/yahboom/Desktop/dogzillaS2/ros_ws/install/dogzilla_joints/lib/python3.10/site-packages:${PYTHONPATH} /usr/bin/python3 -W ignore:setup.py install is deprecated setup.py egg_info --egg-base ../../build/dogzilla_joints build --build-base /home/yahboom/Desktop/dogzillaS2/ros_ws/build/dogzilla_joints/build install --record /home/yahboom/Desktop/dogzillaS2/ros_ws/build/dogzilla_joints/install.log --single-version-externally-managed install_data
[1.892s] Level 1:colcon.colcon_core.environment:checking '/home/yahboom/Desktop/dogzillaS2/ros_ws/install/dogzilla_joints' for CMake module files
[1.892s] Level 1:colcon.colcon_core.environment:checking '/home/yahboom/Desktop/dogzillaS2/ros_ws/install/dogzilla_joints' for CMake config files
[1.893s] Level 1:colcon.colcon_core.environment:checking '/home/yahboom/Desktop/dogzillaS2/ros_ws/install/dogzilla_joints/lib'
[1.893s] Level 1:colcon.colcon_core.environment:checking '/home/yahboom/Desktop/dogzillaS2/ros_ws/install/dogzilla_joints/bin'
[1.894s] Level 1:colcon.colcon_core.environment:checking '/home/yahboom/Desktop/dogzillaS2/ros_ws/install/dogzilla_joints/lib/pkgconfig/dogzilla_joints.pc'
[1.894s] Level 1:colcon.colcon_core.environment:checking '/home/yahboom/Desktop/dogzillaS2/ros_ws/install/dogzilla_joints/lib/python3.10/site-packages'
[1.894s] Level 1:colcon.colcon_core.shell:create_environment_hook('dogzilla_joints', 'pythonpath')
[1.894s] INFO:colcon.colcon_core.shell:Creating environment hook '/home/yahboom/Desktop/dogzillaS2/ros_ws/install/dogzilla_joints/share/dogzilla_joints/hook/pythonpath.ps1'
[1.895s] INFO:colcon.colcon_core.shell:Creating environment descriptor '/home/yahboom/Desktop/dogzillaS2/ros_ws/install/dogzilla_joints/share/dogzilla_joints/hook/pythonpath.dsv'
[1.895s] INFO:colcon.colcon_core.shell:Creating environment hook '/home/yahboom/Desktop/dogzillaS2/ros_ws/install/dogzilla_joints/share/dogzilla_joints/hook/pythonpath.sh'
[1.896s] Level 1:colcon.colcon_core.environment:checking '/home/yahboom/Desktop/dogzillaS2/ros_ws/install/dogzilla_joints/bin'
[1.897s] Level 1:colcon.colcon_core.environment:create_environment_scripts_only(dogzilla_joints)
[1.897s] INFO:colcon.colcon_core.shell:Creating package script '/home/yahboom/Desktop/dogzillaS2/ros_ws/install/dogzilla_joints/share/dogzilla_joints/package.ps1'
[1.898s] INFO:colcon.colcon_core.shell:Creating package descriptor '/home/yahboom/Desktop/dogzillaS2/ros_ws/install/dogzilla_joints/share/dogzilla_joints/package.dsv'
[1.899s] INFO:colcon.colcon_core.shell:Creating package script '/home/yahboom/Desktop/dogzillaS2/ros_ws/install/dogzilla_joints/share/dogzilla_joints/package.sh'
[1.900s] INFO:colcon.colcon_core.shell:Creating package script '/home/yahboom/Desktop/dogzillaS2/ros_ws/install/dogzilla_joints/share/dogzilla_joints/package.bash'
[1.901s] INFO:colcon.colcon_core.shell:Creating package script '/home/yahboom/Desktop/dogzillaS2/ros_ws/install/dogzilla_joints/share/dogzilla_joints/package.zsh'
[1.902s] Level 1:colcon.colcon_core.environment:create_file_with_runtime_dependencies(/home/yahboom/Desktop/dogzillaS2/ros_ws/install/dogzilla_joints/share/colcon-core/packages/dogzilla_joints)
[1.904s] Level 1:colcon.colcon_core.environment:checking '/home/yahboom/Desktop/dogzillaS2/ros_ws/install/webcam' for CMake module files
[1.905s] DEBUG:colcon.colcon_core.event_handler.log_command:Invoked command in '/home/yahboom/Desktop/dogzillaS2/ros_ws/src/webcam' returned '0': PYTHONPATH=/home/yahboom/Desktop/dogzillaS2/ros_ws/build/webcam/prefix_override:/home/yahboom/Desktop/dogzillaS2/ros_ws/install/webcam/lib/python3.10/site-packages:${PYTHONPATH} /usr/bin/python3 -W ignore:setup.py install is deprecated setup.py egg_info --egg-base ../../build/webcam build --build-base /home/yahboom/Desktop/dogzillaS2/ros_ws/build/webcam/build install --record /home/yahboom/Desktop/dogzillaS2/ros_ws/build/webcam/install.log --single-version-externally-managed install_data
[1.906s] Level 1:colcon.colcon_core.environment:checking '/home/yahboom/Desktop/dogzillaS2/ros_ws/install/webcam' for CMake config files
[1.906s] Level 1:colcon.colcon_core.environment:checking '/home/yahboom/Desktop/dogzillaS2/ros_ws/install/webcam/lib'
[1.906s] Level 1:colcon.colcon_core.environment:checking '/home/yahboom/Desktop/dogzillaS2/ros_ws/install/webcam/bin'
[1.906s] Level 1:colcon.colcon_core.environment:checking '/home/yahboom/Desktop/dogzillaS2/ros_ws/install/webcam/lib/pkgconfig/webcam.pc'
[1.907s] Level 1:colcon.colcon_core.environment:checking '/home/yahboom/Desktop/dogzillaS2/ros_ws/install/webcam/lib/python3.10/site-packages'
[1.907s] Level 1:colcon.colcon_core.shell:create_environment_hook('webcam', 'pythonpath')
[1.907s] INFO:colcon.colcon_core.shell:Creating environment hook '/home/yahboom/Desktop/dogzillaS2/ros_ws/install/webcam/share/webcam/hook/pythonpath.ps1'
[1.907s] INFO:colcon.colcon_core.shell:Creating environment descriptor '/home/yahboom/Desktop/dogzillaS2/ros_ws/install/webcam/share/webcam/hook/pythonpath.dsv'
[1.908s] INFO:colcon.colcon_core.shell:Creating environment hook '/home/yahboom/Desktop/dogzillaS2/ros_ws/install/webcam/share/webcam/hook/pythonpath.sh'
[1.908s] Level 1:colcon.colcon_core.environment:checking '/home/yahboom/Desktop/dogzillaS2/ros_ws/install/webcam/bin'
[1.909s] Level 1:colcon.colcon_core.environment:create_environment_scripts_only(webcam)
[1.909s] INFO:colcon.colcon_core.shell:Creating package script '/home/yahboom/Desktop/dogzillaS2/ros_ws/install/webcam/share/webcam/package.ps1'
[1.910s] INFO:colcon.colcon_core.shell:Creating package descriptor '/home/yahboom/Desktop/dogzillaS2/ros_ws/install/webcam/share/webcam/package.dsv'
[1.910s] INFO:colcon.colcon_core.shell:Creating package script '/home/yahboom/Desktop/dogzillaS2/ros_ws/install/webcam/share/webcam/package.sh'
[1.911s] INFO:colcon.colcon_core.shell:Creating package script '/home/yahboom/Desktop/dogzillaS2/ros_ws/install/webcam/share/webcam/package.bash'
[1.911s] INFO:colcon.colcon_core.shell:Creating package script '/home/yahboom/Desktop/dogzillaS2/ros_ws/install/webcam/share/webcam/package.zsh'
[1.911s] Level 1:colcon.colcon_core.environment:create_file_with_runtime_dependencies(/home/yahboom/Desktop/dogzillaS2/ros_ws/install/webcam/share/colcon-core/packages/webcam)
[1.912s] DEBUG:colcon.colcon_parallel_executor.executor.parallel:closing loop
[1.912s] DEBUG:colcon.colcon_parallel_executor.executor.parallel:loop closed
[1.912s] DEBUG:colcon.colcon_parallel_executor.executor.parallel:run_until_complete finished with '0'
[1.912s] DEBUG:colcon.colcon_core.event_reactor:joining thread
[1.921s] INFO:colcon.colcon_core.plugin_system:Skipping extension 'colcon_notification.desktop_notification.terminal_notifier': Not used on non-Darwin systems
[1.921s] INFO:colcon.colcon_core.plugin_system:Skipping extension 'colcon_notification.desktop_notification.win32': Not used on non-Windows systems
[1.921s] INFO:colcon.colcon_notification.desktop_notification:Sending desktop notification using 'notify2'
[1.937s] DEBUG:colcon.colcon_core.event_reactor:joined thread
[1.938s] INFO:colcon.colcon_core.shell:Creating prefix script '/home/yahboom/Desktop/dogzillaS2/ros_ws/install/local_setup.ps1'
[1.939s] INFO:colcon.colcon_core.shell:Creating prefix util module '/home/yahboom/Desktop/dogzillaS2/ros_ws/install/_local_setup_util_ps1.py'
[1.940s] INFO:colcon.colcon_core.shell:Creating prefix chain script '/home/yahboom/Desktop/dogzillaS2/ros_ws/install/setup.ps1'
[1.945s] INFO:colcon.colcon_core.shell:Creating prefix script '/home/yahboom/Desktop/dogzillaS2/ros_ws/install/local_setup.sh'
[1.946s] INFO:colcon.colcon_core.shell:Creating prefix util module '/home/yahboom/Desktop/dogzillaS2/ros_ws/install/_local_setup_util_sh.py'
[1.947s] INFO:colcon.colcon_core.shell:Creating prefix chain script '/home/yahboom/Desktop/dogzillaS2/ros_ws/install/setup.sh'
[1.953s] INFO:colcon.colcon_core.shell:Creating prefix script '/home/yahboom/Desktop/dogzillaS2/ros_ws/install/local_setup.bash'
[1.954s] INFO:colcon.colcon_core.shell:Creating prefix chain script '/home/yahboom/Desktop/dogzillaS2/ros_ws/install/setup.bash'
[1.959s] INFO:colcon.colcon_core.shell:Creating prefix script '/home/yahboom/Desktop/dogzillaS2/ros_ws/install/local_setup.zsh'
[1.960s] INFO:colcon.colcon_core.shell:Creating prefix chain script '/home/yahboom/Desktop/dogzillaS2/ros_ws/install/setup.zsh'
