[1.406s] Invoking command in '/home/yahboom/Desktop/dogzillaS2/ros_ws/src/dogzilla_joints': PYTHONPATH=/home/yahboom/Desktop/dogzillaS2/ros_ws/build/dogzilla_joints/prefix_override:/home/yahboom/Desktop/dogzillaS2/ros_ws/install/dogzilla_joints/lib/python3.10/site-packages:${PYTHONPATH} /usr/bin/python3 -W ignore:setup.py install is deprecated setup.py egg_info --egg-base ../../build/dogzilla_joints build --build-base /home/yahboom/Desktop/dogzillaS2/ros_ws/build/dogzilla_joints/build install --record /home/yahboom/Desktop/dogzillaS2/ros_ws/build/dogzilla_joints/install.log --single-version-externally-managed install_data
[1.701s] running egg_info
[1.702s] writing ../../build/dogzilla_joints/dogzilla_joints.egg-info/PKG-INFO
[1.703s] writing dependency_links to ../../build/dogzilla_joints/dogzilla_joints.egg-info/dependency_links.txt
[1.704s] writing entry points to ../../build/dogzilla_joints/dogzilla_joints.egg-info/entry_points.txt
[1.705s] writing requirements to ../../build/dogzilla_joints/dogzilla_joints.egg-info/requires.txt
[1.705s] writing top-level names to ../../build/dogzilla_joints/dogzilla_joints.egg-info/top_level.txt
[1.709s] reading manifest file '../../build/dogzilla_joints/dogzilla_joints.egg-info/SOURCES.txt'
[1.711s] writing manifest file '../../build/dogzilla_joints/dogzilla_joints.egg-info/SOURCES.txt'
[1.711s] running build
[1.711s] running build_py
[1.713s] copying dogzilla_joints/joints_sub.py -> /home/yahboom/Desktop/dogzillaS2/ros_ws/build/dogzilla_joints/build/lib/dogzilla_joints
[1.714s] running install
[1.715s] running install_lib
[1.718s] copying /home/yahboom/Desktop/dogzillaS2/ros_ws/build/dogzilla_joints/build/lib/dogzilla_joints/joints_sub.py -> /home/yahboom/Desktop/dogzillaS2/ros_ws/install/dogzilla_joints/lib/python3.10/site-packages/dogzilla_joints
[1.720s] byte-compiling /home/yahboom/Desktop/dogzillaS2/ros_ws/install/dogzilla_joints/lib/python3.10/site-packages/dogzilla_joints/joints_sub.py to joints_sub.cpython-310.pyc
[1.722s] running install_data
[1.724s] running install_egg_info
[1.726s] removing '/home/yahboom/Desktop/dogzillaS2/ros_ws/install/dogzilla_joints/lib/python3.10/site-packages/dogzilla_joints-0.0.0-py3.10.egg-info' (and everything under it)
[1.727s] Copying ../../build/dogzilla_joints/dogzilla_joints.egg-info to /home/yahboom/Desktop/dogzillaS2/ros_ws/install/dogzilla_joints/lib/python3.10/site-packages/dogzilla_joints-0.0.0-py3.10.egg-info
[1.729s] running install_scripts
[1.751s] Installing joints_sub script to /home/yahboom/Desktop/dogzillaS2/ros_ws/install/dogzilla_joints/lib/dogzilla_joints
[1.753s] writing list of installed files to '/home/yahboom/Desktop/dogzillaS2/ros_ws/build/dogzilla_joints/install.log'
[1.788s] Invoked command in '/home/yahboom/Desktop/dogzillaS2/ros_ws/src/dogzilla_joints' returned '0': PYTHONPATH=/home/yahboom/Desktop/dogzillaS2/ros_ws/build/dogzilla_joints/prefix_override:/home/yahboom/Desktop/dogzillaS2/ros_ws/install/dogzilla_joints/lib/python3.10/site-packages:${PYTHONPATH} /usr/bin/python3 -W ignore:setup.py install is deprecated setup.py egg_info --egg-base ../../build/dogzilla_joints build --build-base /home/yahboom/Desktop/dogzillaS2/ros_ws/build/dogzilla_joints/build install --record /home/yahboom/Desktop/dogzillaS2/ros_ws/build/dogzilla_joints/install.log --single-version-externally-managed install_data
